<?xml version="1.0" encoding="utf-8"?>
<TestRun id="e1f35302-80fd-41ef-89b5-71868bd0d806" name="ajaan@BUF-5CG4423FYV 2026-08-17 13:07:44" runUser="COMMON\ajaan" xmlns="http://microsoft.com/schemas/VisualStudio/TeamTest/2010">
  <Times creation="2026-08-17T13:07:44.2373698+02:00" queuing="2026-08-17T13:07:44.2373701+02:00" start="2026-08-17T13:07:43.5998572+02:00" finish="2026-08-17T13:07:44.4734786+02:00" />
  <TestSettings name="default" id="07c81686-5b22-48eb-b03d-b7092d6ee31c">
    <Deployment runDeploymentRoot="ajaan_BUF-5CG4423FYV_2026-08-17_13_07_44" />
  </TestSettings>
  <Results>
    <UnitTestResult executionId="c72bc876-9796-4a74-829b-3e5ee503e8a6" testId="6cd7947a-b896-ee3e-b771-5a4de3c4ff26" testName="BirkNext.Web.Tests.Services.ConstitutionAnalysisServiceTests.NoChangelog_ChangelogCountIsZero" computerName="BUF-5CG4423FYV" duration="00:00:00.0008184" startTime="2026-08-17T13:07:44.2784228+02:00" endTime="2026-08-17T13:07:44.2784229+02:00" testType="13cdc9d9-ddb5-4fa4-a97d-d965ccfc6d4b" outcome="Passed" testListId="8c84fa94-04c1-424b-9868-57a2d4851a1d" relativeResultsDirectory="c72bc876-9796-4a74-829b-3e5ee503e8a6" />
    <UnitTestResult executionId="2439ed6e-e785-4686-b348-df7fb96f10e8" testId="a9d37376-0306-3e30-4575-9703922a2b43" testName="BirkNext.Web.Tests.Services.ConstitutionAnalysisServiceTests.MultiId_PrincipleWithParenthesisIdSearchablePP02" computerName="BUF-5CG4423FYV" duration="00:00:00.0010390" startTime="2026-08-17T13:07:44.2801056+02:00" endTime="2026-08-17T13:07:44.2801057+02:00" testType="13cdc9d9-ddb5-4fa4-a97d-d965ccfc6d4b" outcome="Passed" testListId="8c84fa94-04c1-424b-9868-57a2d4851a1d" relativeResultsDirectory="2439ed6e-e785-4686-b348-df7fb96f10e8" />
    <UnitTestResult executionId="8ec90868-645b-4a30-9673-9c20a2639dd9" testId="9a1ef4f8-9639-7bd7-34c5-1e254e04327c" testName="BirkNext.Web.Tests.Services.ConstitutionAnalysisServiceTests.RuleReferences_AutorisasjonConstitution_ExpandsAllRanges" computerName="BUF-5CG4423FYV" duration="00:00:00.0052486" startTime="2026-08-17T13:07:44.2192697+02:00" endTime="2026-08-17T13:07:44.2192697+02:00" testType="13cdc9d9-ddb5-4fa4-a97d-d965ccfc6d4b" outcome="Passed" testListId="8c84fa94-04c1-424b-9868-57a2d4851a1d" relativeResultsDirectory="8ec90868-645b-4a30-9673-9c20a2639dd9" />
    <UnitTestResult executionId="e8181c4e-2202-452e-8ca1-e6e74f67d675" testId="994b66c3-c41f-a9c6-c2f1-6eec33475756" testName="BirkNext.Web.Tests.Services.ConstitutionAnalysisServiceTests.MultiId_PrincipleWithParenthesisIdSearchablePP04" computerName="BUF-5CG4423FYV" duration="00:00:00.0008056" startTime="2026-08-17T13:07:44.3444269+02:00" endTime="2026-08-17T13:07:44.3444270+02:00" testType="13cdc9d9-ddb5-4fa4-a97d-d965ccfc6d4b" outcome="Passed" testListId="8c84fa94-04c1-424b-9868-57a2d4851a1d" relativeResultsDirectory="e8181c4e-2202-452e-8ca1-e6e74f67d675" />
    <UnitTestResult executionId="95f34567-8711-4c6b-874f-08fa16dcac1c" testId="ad5f80ff-e6c3-579e-42b8-1aef78537deb" testName="BirkNext.Web.Tests.Services.ConstitutionAnalysisServiceTests.RuleReferences_RangeMixedWithSingleIds_HandlesCorrectly" computerName="BUF-5CG4423FYV" duration="00:00:00.0013121" startTime="2026-08-17T13:07:44.2479900+02:00" endTime="2026-08-17T13:07:44.2479901+02:00" testType="13cdc9d9-ddb5-4fa4-a97d-d965ccfc6d4b" outcome="Passed" testListId="8c84fa94-04c1-424b-9868-57a2d4851a1d" relativeResultsDirectory="95f34567-8711-4c6b-874f-08fa16dcac1c" />
    <UnitTestResult executionId="091f0424-fcd6-4e6c-a292-e187631d6884" testId="8a9c5739-0644-3d29-d5c4-2006425d152e" testName="BirkNext.Web.Tests.Services.ConstitutionAnalysisServiceTests.Parse_WithMultiplePrincipalTypes_CategorizesProperly" computerName="BUF-5CG4423FYV" duration="00:00:00.0007881" startTime="2026-08-17T13:07:44.4236272+02:00" endTime="2026-08-17T13:07:44.4236273+02:00" testType="13cdc9d9-ddb5-4fa4-a97d-d965ccfc6d4b" outcome="Passed" testListId="8c84fa94-04c1-424b-9868-57a2d4851a1d" relativeResultsDirectory="091f0424-fcd6-4e6c-a292-e187631d6884" />
    <UnitTestResult executionId="0a879a61-ab48-4667-9921-5e10802a32b6" testId="c1b3ff85-bc48-021f-996f-b0173b50cf2a" testName="BirkNext.Web.Tests.Services.ConstitutionAnalysisServiceTests.MapDiagnostics_GOV001DirectChildrenItemsDuplicate" computerName="BUF-5CG4423FYV" duration="00:00:00.0005421" startTime="2026-08-17T13:07:44.3436887+02:00" endTime="2026-08-17T13:07:44.3436888+02:00" testType="13cdc9d9-ddb5-4fa4-a97d-d965ccfc6d4b" outcome="Passed" testListId="8c84fa94-04c1-424b-9868-57a2d4851a1d" relativeResultsDirectory="0a879a61-ab48-4667-9921-5e10802a32b6" />
    <UnitTestResult executionId="a0d5786c-67d4-401d-9df4-4b11747d854b" testId="8674e201-5c81-4c38-275f-575cb410cb05" testName="BirkNext.Web.Tests.Services.ConstitutionAnalysisServiceTests.Changelog_WithAscendingVersions_LatestVersionDeterminedBySemVerNotPosition" computerName="BUF-5CG4423FYV" duration="00:00:00.0004518" startTime="2026-08-17T13:07:44.3403059+02:00" endTime="2026-08-17T13:07:44.3403060+02:00" testType="13cdc9d9-ddb5-4fa4-a97d-d965ccfc6d4b" outcome="Passed" testListId="8c84fa94-04c1-424b-9868-57a2d4851a1d" relativeResultsDirectory="a0d5786c-67d4-401d-9df4-4b11747d854b" />
    <UnitTestResult executionId="66da9fed-0411-45aa-9783-5f7cdb555be1" testId="a920af63-7d76-f6dc-7d8d-02965c1a6e3f" testName="BirkNext.Web.Tests.Services.ConstitutionAnalysisServiceTests.NoChangelog_TotalRulesStillReflectsParsedItems" computerName="BUF-5CG4423FYV" duration="00:00:00.0005817" startTime="2026-08-17T13:07:44.4315189+02:00" endTime="2026-08-17T13:07:44.4315190+02:00" testType="13cdc9d9-ddb5-4fa4-a97d-d965ccfc6d4b" outcome="Passed" testListId="8c84fa94-04c1-424b-9868-57a2d4851a1d" relativeResultsDirectory="66da9fed-0411-45aa-9783-5f7cdb555be1" />
    <UnitTestResult executionId="750b4dfa-8676-4a7e-b314-39179a00cd46" testId="1d944010-5dbd-9831-e91b-6945a77a63e1" testName="BirkNext.Web.Tests.Services.ConstitutionAnalysisServiceTests.Parse_WithSecurityComplianceSection_ParsingSucceeds" computerName="BUF-5CG4423FYV" duration="00:00:00.0003899" startTime="2026-08-17T13:07:44.4287423+02:00" endTime="2026-08-17T13:07:44.4287424+02:00" testType="13cdc9d9-ddb5-4fa4-a97d-d965ccfc6d4b" outcome="Passed" testListId="8c84fa94-04c1-424b-9868-57a2d4851a1d" relativeResultsDirectory="750b4dfa-8676-4a7e-b314-39179a00cd46" />
    <UnitTestResult executionId="8c1fabb9-a5b8-44bb-8e69-ed9cfc6d85a1" testId="0dd62791-1b7b-ccd8-fec5-16c826f5503d" testName="BirkNext.Web.Tests.Services.ConstitutionAnalysisServiceTests.ResolutionDebug_TraceEachGOV001ReferenceResolution" computerName="BUF-5CG4423FYV" duration="00:00:00.0153723" startTime="2026-08-17T13:07:44.3819380+02:00" endTime="2026-08-17T13:07:44.3819381+02:00" testType="13cdc9d9-ddb5-4fa4-a97d-d965ccfc6d4b" outcome="Passed" testListId="8c84fa94-04c1-424b-9868-57a2d4851a1d" relativeResultsDirectory="8c1fabb9-a5b8-44bb-8e69-ed9cfc6d85a1" />
    <UnitTestResult executionId="2e9b4365-095e-434f-b86b-44cb4cc7f7a3" testId="4cac14d2-f00b-4a3f-5e6c-7e11fef002c9" testName="BirkNext.Web.Tests.Services.ConstitutionAnalysisServiceTests.RuleCatalogInspection_CheckForDuplicateRuleIds" computerName="BUF-5CG4423FYV" duration="00:00:00.0095198" startTime="2026-08-17T13:07:44.4077779+02:00" endTime="2026-08-17T13:07:44.4077781+02:00" testType="13cdc9d9-ddb5-4fa4-a97d-d965ccfc6d4b" outcome="Passed" testListId="8c84fa94-04c1-424b-9868-57a2d4851a1d" relativeResultsDirectory="2e9b4365-095e-434f-b86b-44cb4cc7f7a3" />
    <UnitTestResult executionId="767deb47-4b8d-4702-8502-a33a5b4b0900" testId="5cff2280-a1c6-3486-a4a2-fbc56c15ccd7" testName="BirkNext.Web.Tests.Services.ConstitutionAnalysisServiceTests.Parse_WithDeferredTODOs_ExtractsFromMetadata" computerName="BUF-5CG4423FYV" duration="00:00:00.0001883" startTime="2026-08-17T13:07:44.2192845+02:00" endTime="2026-08-17T13:07:44.2192846+02:00" testType="13cdc9d9-ddb5-4fa4-a97d-d965ccfc6d4b" outcome="Passed" testListId="8c84fa94-04c1-424b-9868-57a2d4851a1d" relativeResultsDirectory="767deb47-4b8d-4702-8502-a33a5b4b0900" />
    <UnitTestResult executionId="0f08923b-2390-43c3-b3c1-4020f2f2470e" testId="b155989d-b595-d531-62d6-1fc27b8f8535" testName="BirkNext.Web.Tests.Services.ConstitutionAnalysisServiceTests.RealConstitution_MapRoots_NoDuplicateChildren" computerName="BUF-5CG4423FYV" duration="00:00:00.0002739" startTime="2026-08-17T13:07:44.2653793+02:00" endTime="2026-08-17T13:07:44.2653793+02:00" testType="13cdc9d9-ddb5-4fa4-a97d-d965ccfc6d4b" outcome="Passed" testListId="8c84fa94-04c1-424b-9868-57a2d4851a1d" relativeResultsDirectory="0f08923b-2390-43c3-b3c1-4020f2f2470e" />
    <UnitTestResult executionId="f9289e93-7d2e-4a39-ad7c-a89b9fff6c7a" testId="1deef7d4-d2c4-84f7-084c-4851839615c5" testName="BirkNext.Web.Tests.Services.ConstitutionAnalysisServiceTests.ItemsWithoutIds_GetSyntheticIds" computerName="BUF-5CG4423FYV" duration="00:00:00.0013610" startTime="2026-08-17T13:07:44.2829897+02:00" endTime="2026-08-17T13:07:44.2829898+02:00" testType="13cdc9d9-ddb5-4fa4-a97d-d965ccfc6d4b" outcome="Passed" testListId="8c84fa94-04c1-424b-9868-57a2d4851a1d" relativeResultsDirectory="f9289e93-7d2e-4a39-ad7c-a89b9fff6c7a" />
    <UnitTestResult executionId="27a9ffdc-459f-4a3a-b09d-6d01d71e8ad3" testId="960078bf-57b1-b321-6af0-f5f8813d3366" testName="BirkNext.Web.Tests.Services.ConstitutionAnalysisServiceTests.MapDiagnostics_CaptureRenderingStructure_GOV001" computerName="BUF-5CG4423FYV" duration="00:00:00.0008508" startTime="2026-08-17T13:07:44.2650679+02:00" endTime="2026-08-17T13:07:44.2650680+02:00" testType="13cdc9d9-ddb5-4fa4-a97d-d965ccfc6d4b" outcome="Passed" testListId="8c84fa94-04c1-424b-9868-57a2d4851a1d" relativeResultsDirectory="27a9ffdc-459f-4a3a-b09d-6d01d71e8ad3" />
    <UnitTestResult executionId="ddef78d3-694b-4115-b615-3bab91827de9" testId="cdd3d52d-b640-b789-b688-1dfe1f0885a8" testName="BirkNext.Web.Tests.Services.ConstitutionAnalysisServiceTests.NoChangelog_ChangelogIndicatorIsWarning" computerName="BUF-5CG4423FYV" duration="00:00:00.0006834" startTime="2026-08-17T13:07:44.3458824+02:00" endTime="2026-08-17T13:07:44.3458825+02:00" testType="13cdc9d9-ddb5-4fa4-a97d-d965ccfc6d4b" outcome="Passed" testListId="8c84fa94-04c1-424b-9868-57a2d4851a1d" relativeResultsDirectory="ddef78d3-694b-4115-b615-3bab91827de9" />
    <UnitTestResult executionId="d42b9071-fab7-4a7c-a01d-3743517316af" testId="f37ee4eb-ba19-362e-d127-5e781d3d1bdb" testName="BirkNext.Web.Tests.Services.ConstitutionAnalysisServiceTests.StandardRawText_PreservesMarkdownTableRows" computerName="BUF-5CG4423FYV" duration="00:00:00.0011915" startTime="2026-08-17T13:07:44.2776268+02:00" endTime="2026-08-17T13:07:44.2776270+02:00" testType="13cdc9d9-ddb5-4fa4-a97d-d965ccfc6d4b" outcome="Passed" testListId="8c84fa94-04c1-424b-9868-57a2d4851a1d" relativeResultsDirectory="d42b9071-fab7-4a7c-a01d-3743517316af" />
    <UnitTestResult executionId="38e95d6c-d83e-4d00-acdf-eee2549b098e" testId="dcd466ea-9780-0509-3100-cd90b5831f05" testName="BirkNext.Web.Tests.Services.ConstitutionAnalysisServiceTests.MapDiagnostics_TraceAllOccurrencesOfRepeatedRules" computerName="BUF-5CG4423FYV" duration="00:00:00.0005798" startTime="2026-08-17T13:07:44.3562938+02:00" endTime="2026-08-17T13:07:44.3562939+02:00" testType="13cdc9d9-ddb5-4fa4-a97d-d965ccfc6d4b" outcome="Passed" testListId="8c84fa94-04c1-424b-9868-57a2d4851a1d" relativeResultsDirectory="38e95d6c-d83e-4d00-acdf-eee2549b098e" />
    <UnitTestResult executionId="5604ff94-fc3c-4e0c-a39f-e9689e70db55" testId="7f4c65bf-f740-2fd5-20ad-c4f6af4c89d2" testName="BirkNext.Web.Tests.Services.ConstitutionAnalysisServiceTests.Changelog_WithoutDeclaredVersionMatch_LatestVersionDeterminedBySemanticVersion" computerName="BUF-5CG4423FYV" duration="00:00:00.0015181" startTime="2026-08-17T13:07:44.1978674+02:00" endTime="2026-08-17T13:07:44.1978677+02:00" testType="13cdc9d9-ddb5-4fa4-a97d-d965ccfc6d4b" outcome="Passed" testListId="8c84fa94-04c1-424b-9868-57a2d4851a1d" relativeResultsDirectory="5604ff94-fc3c-4e0c-a39f-e9689e70db55" />
    <UnitTestResult executionId="00e067dc-8264-478a-bc14-6dfe62275f92" testId="b109a626-7622-81a1-28f4-1c1d89a24830" testName="BirkNext.Web.Tests.Services.ConstitutionAnalysisServiceTests.Constraints_ModuleConstraintsWithoutId_AreNotPlatformWide" computerName="BUF-5CG4423FYV" duration="00:00:00.0007316" startTime="2026-08-17T13:07:44.3592331+02:00" endTime="2026-08-17T13:07:44.3592332+02:00" testType="13cdc9d9-ddb5-4fa4-a97d-d965ccfc6d4b" outcome="Passed" testListId="8c84fa94-04c1-424b-9868-57a2d4851a1d" relativeResultsDirectory="00e067dc-8264-478a-bc14-6dfe62275f92" />
    <UnitTestResult executionId="8cadfe8a-4cbc-4153-aae0-57adb2a4c92d" testId="044e83a5-024e-4ab1-0e44-8792466b28ea" testName="BirkNext.Web.Tests.Services.ConstitutionAnalysisServiceTests.StandardsWithTableAndBullets_PreserveBothInRawText" computerName="BUF-5CG4423FYV" duration="00:00:00.0035745" startTime="2026-08-17T13:07:44.3324293+02:00" endTime="2026-08-17T13:07:44.3324297+02:00" testType="13cdc9d9-ddb5-4fa4-a97d-d965ccfc6d4b" outcome="Passed" testListId="8c84fa94-04c1-424b-9868-57a2d4851a1d" relativeResultsDirectory="8cadfe8a-4cbc-4153-aae0-57adb2a4c92d" />
    <UnitTestResult executionId="244281b0-e61c-406e-baba-adf5b077f278" testId="2772d729-07c9-305b-7fc6-3823153f0d1f" testName="BirkNext.Web.Tests.Services.ConstitutionAnalysisServiceTests.RuleReferences_MultipleRanges_ExpandsEachRange" computerName="BUF-5CG4423FYV" duration="00:00:00.0014549" startTime="2026-08-17T13:07:44.2815810+02:00" endTime="2026-08-17T13:07:44.2815811+02:00" testType="13cdc9d9-ddb5-4fa4-a97d-d965ccfc6d4b" outcome="Passed" testListId="8c84fa94-04c1-424b-9868-57a2d4851a1d" relativeResultsDirectory="244281b0-e61c-406e-baba-adf5b077f278" />
    <UnitTestResult executionId="bae85fbb-69d8-4117-8e3c-fa7f45c275e9" testId="557f4057-1593-c6f7-6527-b114c25f1abc" testName="BirkNext.Web.Tests.Services.ConstitutionAnalysisServiceTests.AuthConstitution_ParsesConstraints" computerName="BUF-5CG4423FYV" duration="00:00:00.0044948" startTime="2026-08-17T13:07:44.3981513+02:00" endTime="2026-08-17T13:07:44.3981515+02:00" testType="13cdc9d9-ddb5-4fa4-a97d-d965ccfc6d4b" outcome="Passed" testListId="8c84fa94-04c1-424b-9868-57a2d4851a1d" relativeResultsDirectory="bae85fbb-69d8-4117-8e3c-fa7f45c275e9" />
    <UnitTestResult executionId="47e7bc4f-c882-4699-9f10-c596cdecec67" testId="d5caa699-2343-e0ea-f19f-aef737c01c9e" testName="BirkNext.Web.Tests.Services.ConstitutionAnalysisServiceTests.RuleCatalog_RealConstitution_NoPrinciplesSelfReference" computerName="BUF-5CG4423FYV" duration="00:00:00.0003300" startTime="2026-08-17T13:07:44.4216964+02:00" endTime="2026-08-17T13:07:44.4216965+02:00" testType="13cdc9d9-ddb5-4fa4-a97d-d965ccfc6d4b" outcome="Passed" testListId="8c84fa94-04c1-424b-9868-57a2d4851a1d" relativeResultsDirectory="47e7bc4f-c882-4699-9f10-c596cdecec67" />
    <UnitTestResult executionId="2147fc3f-fef3-454d-88e8-795cda13cfcd" testId="814e9f43-3107-3fe9-ed38-cc5caba6859f" testName="BirkNext.Web.Tests.Services.ConstitutionAnalysisServiceTests.AuthConstitution_HealthIndicatorShowsCounts" computerName="BUF-5CG4423FYV" duration="00:00:00.0050892" startTime="2026-08-17T13:07:44.2455841+02:00" endTime="2026-08-17T13:07:44.2455842+02:00" testType="13cdc9d9-ddb5-4fa4-a97d-d965ccfc6d4b" outcome="Passed" testListId="8c84fa94-04c1-424b-9868-57a2d4851a1d" relativeResultsDirectory="2147fc3f-fef3-454d-88e8-795cda13cfcd" />
    <UnitTestResult executionId="d426c6aa-9ed6-461e-8e65-cc82da8235fb" testId="497be3a0-a1e9-ae2b-16dd-14681caa4969" testName="BirkNext.Web.Tests.Services.ConstitutionAnalysisServiceTests.Changelog_SyncImpactReportVersion_NotAddedAsChangelogEntry" computerName="BUF-5CG4423FYV" duration="00:00:00.0003422" startTime="2026-08-17T13:07:44.4105918+02:00" endTime="2026-08-17T13:07:44.4105921+02:00" testType="13cdc9d9-ddb5-4fa4-a97d-d965ccfc6d4b" outcome="Passed" testListId="8c84fa94-04c1-424b-9868-57a2d4851a1d" relativeResultsDirectory="d426c6aa-9ed6-461e-8e65-cc82da8235fb" />
    <UnitTestResult executionId="3daa4517-37e1-460e-aa79-c32b7b533dfc" testId="8f6dad0a-363a-3fe9-b201-c5e5200b7014" testName="BirkNext.Web.Tests.Services.ConstitutionAnalysisServiceTests.Parse_WithPlatformPrinciplesTables_ExtractsRows" computerName="BUF-5CG4423FYV" duration="00:00:00.0004876" startTime="2026-08-17T13:07:44.4346058+02:00" endTime="2026-08-17T13:07:44.4346059+02:00" testType="13cdc9d9-ddb5-4fa4-a97d-d965ccfc6d4b" outcome="Passed" testListId="8c84fa94-04c1-424b-9868-57a2d4851a1d" relativeResultsDirectory="3daa4517-37e1-460e-aa79-c32b7b533dfc" />
    <UnitTestResult executionId="67b31ba9-828f-4b0a-a20d-b7c2d6cb8cbe" testId="3bf8a877-f4c6-0a58-0558-836b72b02656" testName="BirkNext.Web.Tests.Services.ConstitutionAnalysisServiceTests.AuthConstitution_ParsesPrinciples" computerName="BUF-5CG4423FYV" duration="00:00:00.0110063" startTime="2026-08-17T13:07:44.2182233+02:00" endTime="2026-08-17T13:07:44.2182233+02:00" testType="13cdc9d9-ddb5-4fa4-a97d-d965ccfc6d4b" outcome="Passed" testListId="8c84fa94-04c1-424b-9868-57a2d4851a1d" relativeResultsDirectory="67b31ba9-828f-4b0a-a20d-b7c2d6cb8cbe" />
    <UnitTestResult executionId="b9eea82b-1db9-45db-9bdf-c4d4702dc759" testId="9c58c818-7448-f6e2-fa82-2a5c90dde1f9" testName="BirkNext.Web.Tests.Services.ConstitutionAnalysisServiceTests.AuthConstitution_ChangelogParsed" computerName="BUF-5CG4423FYV" duration="00:00:00.0137171" startTime="2026-08-17T13:07:44.2405059+02:00" endTime="2026-08-17T13:07:44.2405062+02:00" testType="13cdc9d9-ddb5-4fa4-a97d-d965ccfc6d4b" outcome="Passed" testListId="8c84fa94-04c1-424b-9868-57a2d4851a1d" relativeResultsDirectory="b9eea82b-1db9-45db-9bdf-c4d4702dc759" />
    <UnitTestResult executionId="60282556-87b2-47e1-87b6-b536ee170b65" testId="ec8d510e-43b4-57d0-1f0d-5cd68c810b5d" testName="BirkNext.Web.Tests.Services.ConstitutionAnalysisServiceTests.Parse_WithAlternativeTitleFormat_ExtractsTitle" computerName="BUF-5CG4423FYV" duration="00:00:00.0003471" startTime="2026-08-17T13:07:44.4331267+02:00" endTime="2026-08-17T13:07:44.4331268+02:00" testType="13cdc9d9-ddb5-4fa4-a97d-d965ccfc6d4b" outcome="Passed" testListId="8c84fa94-04c1-424b-9868-57a2d4851a1d" relativeResultsDirectory="60282556-87b2-47e1-87b6-b536ee170b65" />
    <UnitTestResult executionId="782bf6f4-a5cf-405c-99ef-64e5d973cbcd" testId="104ed3a5-f833-f1b9-98f8-47a334a44743" testName="BirkNext.Web.Tests.Services.ConstitutionAnalysisServiceTests.StandardRendering_WithMarkdownTable_ProducesHtmlTable" computerName="BUF-5CG4423FYV" duration="00:00:00.0387387" startTime="2026-08-17T13:07:44.3282947+02:00" endTime="2026-08-17T13:07:44.3282951+02:00" testType="13cdc9d9-ddb5-4fa4-a97d-d965ccfc6d4b" outcome="Passed" testListId="8c84fa94-04c1-424b-9868-57a2d4851a1d" relativeResultsDirectory="782bf6f4-a5cf-405c-99ef-64e5d973cbcd" />
    <UnitTestResult executionId="d0b4f7db-1333-479b-92e2-ab42f98f7ae0" testId="5b2bad2c-b46b-ca27-b126-6a50ea405435" testName="BirkNext.Web.Tests.Services.ConstitutionAnalysisServiceTests.FinalVerification_GOV001MapChildrenAreUniquWithoutDuplicates" computerName="BUF-5CG4423FYV" duration="00:00:00.0004596" startTime="2026-08-17T13:07:44.2182759+02:00" endTime="2026-08-17T13:07:44.2182759+02:00" testType="13cdc9d9-ddb5-4fa4-a97d-d965ccfc6d4b" outcome="Passed" testListId="8c84fa94-04c1-424b-9868-57a2d4851a1d" relativeResultsDirectory="d0b4f7db-1333-479b-92e2-ab42f98f7ae0" />
    <UnitTestResult executionId="ec0a76f7-3c6e-4b0a-8020-fb97a9dea4de" testId="84d2b101-6341-1d4e-8d12-6f5dab372037" testName="BirkNext.Web.Tests.Services.ConstitutionAnalysisServiceTests.AuthConstitution_GovernanceParsed" computerName="BUF-5CG4423FYV" duration="00:00:00.0046748" startTime="2026-08-17T13:07:44.2221216+02:00" endTime="2026-08-17T13:07:44.2221217+02:00" testType="13cdc9d9-ddb5-4fa4-a97d-d965ccfc6d4b" outcome="Passed" testListId="8c84fa94-04c1-424b-9868-57a2d4851a1d" relativeResultsDirectory="ec0a76f7-3c6e-4b0a-8020-fb97a9dea4de" />
    <UnitTestResult executionId="1e7183ed-4775-4d26-8ac1-1bb17273784f" testId="fe3df3c6-aa64-3ed2-4710-76ae6348d8bb" testName="BirkNext.Web.Tests.Services.ConstitutionAnalysisServiceTests.ModelInspection_GOV001ReferencesForDuplicates" computerName="BUF-5CG4423FYV" duration="00:00:00.0101702" startTime="2026-08-17T13:07:44.2582470+02:00" endTime="2026-08-17T13:07:44.2582472+02:00" testType="13cdc9d9-ddb5-4fa4-a97d-d965ccfc6d4b" outcome="Passed" testListId="8c84fa94-04c1-424b-9868-57a2d4851a1d" relativeResultsDirectory="1e7183ed-4775-4d26-8ac1-1bb17273784f" />
    <UnitTestResult executionId="e24f3dc3-3027-4faa-88f5-755e329b4387" testId="833194ec-19c0-5ec7-bf23-3fe72a380f95" testName="BirkNext.Web.Tests.Services.ConstitutionAnalysisServiceTests.RuleReferences_InvalidRange_OnlyExtracts" computerName="BUF-5CG4423FYV" duration="00:00:00.0008023" startTime="2026-08-17T13:07:44.3430142+02:00" endTime="2026-08-17T13:07:44.3430143+02:00" testType="13cdc9d9-ddb5-4fa4-a97d-d965ccfc6d4b" outcome="Passed" testListId="8c84fa94-04c1-424b-9868-57a2d4851a1d" relativeResultsDirectory="e24f3dc3-3027-4faa-88f5-755e329b4387" />
    <UnitTestResult executionId="0319e4f8-89e2-46c5-8f09-9ae48e06f581" testId="d2a26fe6-26f7-95de-444d-10e78f75fafc" testName="BirkNext.Web.Tests.Services.ConstitutionAnalysisServiceTests.Constraints_ExplicitPlatformKeyword_ArePlatformWide" computerName="BUF-5CG4423FYV" duration="00:00:00.0430927" startTime="2026-08-17T13:07:44.1780592+02:00" endTime="2026-08-17T13:07:44.1780794+02:00" testType="13cdc9d9-ddb5-4fa4-a97d-d965ccfc6d4b" outcome="Passed" testListId="8c84fa94-04c1-424b-9868-57a2d4851a1d" relativeResultsDirectory="0319e4f8-89e2-46c5-8f09-9ae48e06f581" />
    <UnitTestResult executionId="b91826ab-1da3-4a4e-9336-fde1be94b6dd" testId="0a51a59f-e22e-dfb0-3ec8-20525e5e3c29" testName="BirkNext.Web.Tests.Services.ConstitutionAnalysisServiceTests.MapTree_WithDeepSharedReferences_ShowsCompleteHierarchy" computerName="BUF-5CG4423FYV" duration="00:00:00.0054029" startTime="2026-08-17T13:07:44.1830554+02:00" endTime="2026-08-17T13:07:44.1830555+02:00" testType="13cdc9d9-ddb5-4fa4-a97d-d965ccfc6d4b" outcome="Passed" testListId="8c84fa94-04c1-424b-9868-57a2d4851a1d" relativeResultsDirectory="b91826ab-1da3-4a4e-9336-fde1be94b6dd" />
    <UnitTestResult executionId="c4020122-c315-44e5-8cf0-85049dc13f18" testId="15f88474-ee5d-0e8c-3456-91f5bab6e742" testName="BirkNext.Web.Tests.Services.ConstitutionAnalysisServiceTests.StandardInvoicesRawTextNotFlattened_AllTableRowsOnSeparateLines" computerName="BUF-5CG4423FYV" duration="00:00:00.0008557" startTime="2026-08-17T13:07:44.4225666+02:00" endTime="2026-08-17T13:07:44.4225667+02:00" testType="13cdc9d9-ddb5-4fa4-a97d-d965ccfc6d4b" outcome="Passed" testListId="8c84fa94-04c1-424b-9868-57a2d4851a1d" relativeResultsDirectory="c4020122-c315-44e5-8cf0-85049dc13f18" />
    <UnitTestResult executionId="fd4c5cc0-2f0b-4041-a03c-06846bd30111" testId="1010b5d2-c24d-e306-dc88-d8bfca81d5a8" testName="BirkNext.Web.Tests.Services.ConstitutionAnalysisServiceTests.RuleCatalog_ReferencedBy_NosDuplicates_AuthConstitution" computerName="BUF-5CG4423FYV" duration="00:00:00.0051769" startTime="2026-08-17T13:07:44.3376223+02:00" endTime="2026-08-17T13:07:44.3376226+02:00" testType="13cdc9d9-ddb5-4fa4-a97d-d965ccfc6d4b" outcome="Passed" testListId="8c84fa94-04c1-424b-9868-57a2d4851a1d" relativeResultsDirectory="fd4c5cc0-2f0b-4041-a03c-06846bd30111" />
    <UnitTestResult executionId="f5aa944c-2b14-4712-8c49-8a37a9625fa5" testId="78114688-2492-8310-e32d-0630fdf63ad5" testName="BirkNext.Web.Tests.Services.ConstitutionMapTreeTests.BuildMapTree_SelfCycle_DoesNotExpandSelfRecursively" computerName="BUF-5CG4423FYV" duration="00:00:00.0005800" startTime="2026-08-17T13:07:44.2182894+02:00" endTime="2026-08-17T13:07:44.2182894+02:00" testType="13cdc9d9-ddb5-4fa4-a97d-d965ccfc6d4b" outcome="Passed" testListId="8c84fa94-04c1-424b-9868-57a2d4851a1d" relativeResultsDirectory="f5aa944c-2b14-4712-8c49-8a37a9625fa5" />
    <UnitTestResult executionId="0bbc48cc-2035-4c19-bdf9-f3768a51eb7d" testId="38ca401c-005d-c27e-2ca8-a494f38a189a" testName="BirkNext.Web.Tests.Services.ConstitutionAnalysisServiceTests.Parse_WithRomanNumeralPrinciples_ExtractsAsAlternativeFormat" computerName="BUF-5CG4423FYV" duration="00:00:00.0005551" startTime="2026-08-17T13:07:44.4293830+02:00" endTime="2026-08-17T13:07:44.4293832+02:00" testType="13cdc9d9-ddb5-4fa4-a97d-d965ccfc6d4b" outcome="Passed" testListId="8c84fa94-04c1-424b-9868-57a2d4851a1d" relativeResultsDirectory="0bbc48cc-2035-4c19-bdf9-f3768a51eb7d" />
    <UnitTestResult executionId="2e2d09db-7735-49b2-ba14-8212716e4cfe" testId="e5653b32-0ef0-7a10-8b44-9326bce90f25" testName="BirkNext.Web.Tests.Services.ConstitutionAnalysisServiceTests.Health_TotalRulesEqualsCatalogCount" computerName="BUF-5CG4423FYV" duration="00:00:00.0042432" startTime="2026-08-17T13:07:44.2879030+02:00" endTime="2026-08-17T13:07:44.2879031+02:00" testType="13cdc9d9-ddb5-4fa4-a97d-d965ccfc6d4b" outcome="Passed" testListId="8c84fa94-04c1-424b-9868-57a2d4851a1d" relativeResultsDirectory="2e2d09db-7735-49b2-ba14-8212716e4cfe" />
    <UnitTestResult executionId="ca9182b4-a4ca-4eae-8ce4-9a6ff7fdc045" testId="c135512f-75f7-7cd5-b608-ddfdb6e604ca" testName="BirkNext.Web.Tests.Services.ConstitutionAnalysisServiceTests.Parse_WithModulePrinciples_ExtractsWithoutError" computerName="BUF-5CG4423FYV" duration="00:00:00.0008520" startTime="2026-08-17T13:07:44.3571837+02:00" endTime="2026-08-17T13:07:44.3571838+02:00" testType="13cdc9d9-ddb5-4fa4-a97d-d965ccfc6d4b" outcome="Passed" testListId="8c84fa94-04c1-424b-9868-57a2d4851a1d" relativeResultsDirectory="ca9182b4-a4ca-4eae-8ce4-9a6ff7fdc045" />
    <UnitTestResult executionId="8ec00d93-b1c2-43d1-ba7a-c26b89216afb" testId="1dc371d6-a933-c65d-e28a-69c1e684c40b" testName="BirkNext.Web.Tests.Services.ConstitutionAnalysisServiceTests.OrphanRules_OutgoingReferencesPreventOrphanStatus" computerName="BUF-5CG4423FYV" duration="00:00:00.0006683" startTime="2026-08-17T13:07:44.3842003+02:00" endTime="2026-08-17T13:07:44.3842004+02:00" testType="13cdc9d9-ddb5-4fa4-a97d-d965ccfc6d4b" outcome="Passed" testListId="8c84fa94-04c1-424b-9868-57a2d4851a1d" relativeResultsDirectory="8ec00d93-b1c2-43d1-ba7a-c26b89216afb" />
    <UnitTestResult executionId="dea9eac4-34af-4bf2-970b-4716a8a4745a" testId="60a39904-9a1f-a86f-7eae-88b5631fe7b5" testName="BirkNext.Web.Tests.Services.ConstitutionAnalysisServiceTests.DOMInspection_PrintAllDuplicateRules" computerName="BUF-5CG4423FYV" duration="00:00:00.0093748" startTime="2026-08-17T13:07:44.3935761+02:00" endTime="2026-08-17T13:07:44.3935763+02:00" testType="13cdc9d9-ddb5-4fa4-a97d-d965ccfc6d4b" outcome="Passed" testListId="8c84fa94-04c1-424b-9868-57a2d4851a1d" relativeResultsDirectory="dea9eac4-34af-4bf2-970b-4716a8a4745a" />
    <UnitTestResult executionId="3fda8a26-6596-43a7-b371-4673c7024aaa" testId="f246ad96-bd61-287f-8681-5c898f055870" testName="BirkNext.Web.Tests.Services.ConstitutionAnalysisServiceTests.RealConstitution_MapGOV001_DirectChildrenNoDuplicates" computerName="BUF-5CG4423FYV" duration="00:00:00.0003728" startTime="2026-08-17T13:07:44.3410891+02:00" endTime="2026-08-17T13:07:44.3410892+02:00" testType="13cdc9d9-ddb5-4fa4-a97d-d965ccfc6d4b" outcome="Passed" testListId="8c84fa94-04c1-424b-9868-57a2d4851a1d" relativeResultsDirectory="3fda8a26-6596-43a7-b371-4673c7024aaa" />
    <UnitTestResult executionId="4252978c-3629-45c6-84ed-da2b2cd1d182" testId="ef27646b-0d0c-da2b-8526-03cfc8ee0858" testName="BirkNext.Web.Tests.Services.ConstitutionAnalysisServiceTests.DiagnosticRoot_CheckIfMultipleGOV001RulesExist" computerName="BUF-5CG4423FYV" duration="00:00:00.0109019" startTime="2026-08-17T13:07:44.2763887+02:00" endTime="2026-08-17T13:07:44.2763889+02:00" testType="13cdc9d9-ddb5-4fa4-a97d-d965ccfc6d4b" outcome="Passed" testListId="8c84fa94-04c1-424b-9868-57a2d4851a1d" relativeResultsDirectory="4252978c-3629-45c6-84ed-da2b2cd1d182" />
    <UnitTestResult executionId="f8fc8f05-f5de-411c-a8a8-736ab1fbf06e" testId="c5410cd4-df22-fdcc-a561-5c11c5158582" testName="BirkNext.Web.Tests.Services.ConstitutionAnalysisServiceTests.OrphanRules_IncomingReferencesPreventOrphanStatus" computerName="BUF-5CG4423FYV" duration="00:00:00.0008694" startTime="2026-08-17T13:07:44.2192460+02:00" endTime="2026-08-17T13:07:44.2192461+02:00" testType="13cdc9d9-ddb5-4fa4-a97d-d965ccfc6d4b" outcome="Passed" testListId="8c84fa94-04c1-424b-9868-57a2d4851a1d" relativeResultsDirectory="f8fc8f05-f5de-411c-a8a8-736ab1fbf06e" />
    <UnitTestResult executionId="f6f28def-1b14-4891-944d-831c4bb1eb0e" testId="eaf93810-2295-5146-23a3-0495813bb25d" testName="BirkNext.Web.Tests.Services.ConstitutionAnalysisServiceTests.MapDiagnostics_DetailedGOV001Hierarchy" computerName="BUF-5CG4423FYV" duration="00:00:00.0005747" startTime="2026-08-17T13:07:44.3382989+02:00" endTime="2026-08-17T13:07:44.3382991+02:00" testType="13cdc9d9-ddb5-4fa4-a97d-d965ccfc6d4b" outcome="Passed" testListId="8c84fa94-04c1-424b-9868-57a2d4851a1d" relativeResultsDirectory="f6f28def-1b14-4891-944d-831c4bb1eb0e" />
    <UnitTestResult executionId="712ebcab-b7c1-4bab-9a96-66369028881b" testId="a0928e83-5a72-9706-3383-d6be35695193" testName="BirkNext.Web.Tests.Services.ConstitutionAnalysisServiceTests.OrphanRules_BothRefsAndRefByZero_AreOrphaned" computerName="BUF-5CG4423FYV" duration="00:00:00.0017690" startTime="2026-08-17T13:07:44.1933305+02:00" endTime="2026-08-17T13:07:44.1933306+02:00" testType="13cdc9d9-ddb5-4fa4-a97d-d965ccfc6d4b" outcome="Passed" testListId="8c84fa94-04c1-424b-9868-57a2d4851a1d" relativeResultsDirectory="712ebcab-b7c1-4bab-9a96-66369028881b" />
    <UnitTestResult executionId="d7962ad9-7813-4909-929b-c619f226eccc" testId="06d46aa3-29fc-6da4-d752-71cbe1c2f4b2" testName="BirkNext.Web.Tests.Services.ConstitutionAnalysisServiceTests.RuleCatalog_NoSelfReferencesFromHeading" computerName="BUF-5CG4423FYV" duration="00:00:00.0012680" startTime="2026-08-17T13:07:44.4327204+02:00" endTime="2026-08-17T13:07:44.4327205+02:00" testType="13cdc9d9-ddb5-4fa4-a97d-d965ccfc6d4b" outcome="Passed" testListId="8c84fa94-04c1-424b-9868-57a2d4851a1d" relativeResultsDirectory="d7962ad9-7813-4909-929b-c619f226eccc" />
    <UnitTestResult executionId="8a0d91c4-b1d9-415d-9dd8-ff2cea554fff" testId="e5d54874-40ce-bb84-19e7-3cb304657ae7" testName="BirkNext.Web.Tests.Services.ConstitutionAnalysisServiceTests.Changelog_WithMarkdownTable_ParsesVersionsCorrectly" computerName="BUF-5CG4423FYV" duration="00:00:00.0019391" startTime="2026-08-17T13:07:44.4097630+02:00" endTime="2026-08-17T13:07:44.4097632+02:00" testType="13cdc9d9-ddb5-4fa4-a97d-d965ccfc6d4b" outcome="Passed" testListId="8c84fa94-04c1-424b-9868-57a2d4851a1d" relativeResultsDirectory="8a0d91c4-b1d9-415d-9dd8-ff2cea554fff" />
    <UnitTestResult executionId="2d2ececd-e5d2-4f08-9cd6-af815fc37fde" testId="a023c93f-3854-963c-22d8-38244aaa450c" testName="BirkNext.Web.Tests.Services.ConstitutionAnalysisServiceTests.MultiId_BothPP02AndPP04MapToSameRule" computerName="BUF-5CG4423FYV" duration="00:00:00.0009235" startTime="2026-08-17T13:07:44.4341228+02:00" endTime="2026-08-17T13:07:44.4341231+02:00" testType="13cdc9d9-ddb5-4fa4-a97d-d965ccfc6d4b" outcome="Passed" testListId="8c84fa94-04c1-424b-9868-57a2d4851a1d" relativeResultsDirectory="2d2ececd-e5d2-4f08-9cd6-af815fc37fde" />
    <UnitTestResult executionId="194c73bf-e7ff-403e-899d-dc779d994919" testId="9de662c4-73d5-327c-528b-62851fc727b3" testName="BirkNext.Web.Tests.Services.ConstitutionAnalysisServiceTests.MultiId_GL28ExtractedFromParenthesis" computerName="BUF-5CG4423FYV" duration="00:00:00.0018553" startTime="2026-08-17T13:07:44.1952383+02:00" endTime="2026-08-17T13:07:44.1952384+02:00" testType="13cdc9d9-ddb5-4fa4-a97d-d965ccfc6d4b" outcome="Passed" testListId="8c84fa94-04c1-424b-9868-57a2d4851a1d" relativeResultsDirectory="194c73bf-e7ff-403e-899d-dc779d994919" />
    <UnitTestResult executionId="33706ce4-3595-47a4-97bc-3836e398dfb7" testId="b2033019-1f4e-40f7-89c1-f358d93aabc4" testName="BirkNext.Web.Tests.Services.ConstitutionAnalysisServiceTests.BrokenReferences_CountedCorrectly" computerName="BUF-5CG4423FYV" duration="00:00:00.0005638" startTime="2026-08-17T13:07:44.3834907+02:00" endTime="2026-08-17T13:07:44.3834909+02:00" testType="13cdc9d9-ddb5-4fa4-a97d-d965ccfc6d4b" outcome="Passed" testListId="8c84fa94-04c1-424b-9868-57a2d4851a1d" relativeResultsDirectory="33706ce4-3595-47a4-97bc-3836e398dfb7" />
    <UnitTestResult executionId="ec0f0f1f-4819-4e1e-9379-c5344060d5c9" testId="feec3437-7ebd-100a-10f8-f47d80308294" testName="BirkNext.Web.Tests.Services.ConstitutionAnalysisServiceTests.RuleCatalog_RangeExpansion_WorksWithoutDuplicates" computerName="BUF-5CG4423FYV" duration="00:00:00.0006186" startTime="2026-08-17T13:07:44.3450455+02:00" endTime="2026-08-17T13:07:44.3450455+02:00" testType="13cdc9d9-ddb5-4fa4-a97d-d965ccfc6d4b" outcome="Passed" testListId="8c84fa94-04c1-424b-9868-57a2d4851a1d" relativeResultsDirectory="ec0f0f1f-4819-4e1e-9379-c5344060d5c9" />
    <UnitTestResult executionId="378a831b-01c7-413c-944a-e8b00cb34280" testId="da9fd775-2fc1-db39-7125-f4b30712a29b" testName="BirkNext.Web.Tests.Services.ConstitutionAnalysisServiceTests.MapRendering_GOV001Node_HasUniqueChildren" computerName="BUF-5CG4423FYV" duration="00:00:00.0005056" startTime="2026-08-17T13:07:44.1914325+02:00" endTime="2026-08-17T13:07:44.1914326+02:00" testType="13cdc9d9-ddb5-4fa4-a97d-d965ccfc6d4b" outcome="Passed" testListId="8c84fa94-04c1-424b-9868-57a2d4851a1d" relativeResultsDirectory="378a831b-01c7-413c-944a-e8b00cb34280" />
    <UnitTestResult executionId="96354022-6d31-47ba-84b9-cef06e3efc1c" testId="fac74a82-a8a6-3fc1-36c8-51e19e43ec66" testName="BirkNext.Web.Tests.Services.ConstitutionAnalysisServiceTests.AuthConstitution_TotalRulesIsNotZero" computerName="BUF-5CG4423FYV" duration="00:00:00.0044509" startTime="2026-08-17T13:07:44.3555923+02:00" endTime="2026-08-17T13:07:44.3555924+02:00" testType="13cdc9d9-ddb5-4fa4-a97d-d965ccfc6d4b" outcome="Passed" testListId="8c84fa94-04c1-424b-9868-57a2d4851a1d" relativeResultsDirectory="96354022-6d31-47ba-84b9-cef06e3efc1c" />
    <UnitTestResult executionId="0ab66070-c4b0-4288-b843-cea8209b4888" testId="3270f500-b79a-83de-1f03-36bf677275ce" testName="BirkNext.Web.Tests.Services.ConstitutionAnalysisServiceTests.RuleReferences_RangeWithEnDash_ExpandsAllIntermediateIds" computerName="BUF-5CG4423FYV" duration="00:00:00.0010434" startTime="2026-08-17T13:07:44.3582715+02:00" endTime="2026-08-17T13:07:44.3582716+02:00" testType="13cdc9d9-ddb5-4fa4-a97d-d965ccfc6d4b" outcome="Passed" testListId="8c84fa94-04c1-424b-9868-57a2d4851a1d" relativeResultsDirectory="0ab66070-c4b0-4288-b843-cea8209b4888" />
    <UnitTestResult executionId="dcf6eb2c-88a4-4b1b-9f76-e0b861916bd7" testId="ee3f0d68-e40a-0598-21cc-1ef96f7b54d2" testName="BirkNext.Web.Tests.Services.ConstitutionMapTreeTests.BuildMapTree_SimpleCycle_StopsAtCurrentPath" computerName="BUF-5CG4423FYV" duration="00:00:00.0009928" startTime="2026-08-17T13:07:44.2182617+02:00" endTime="2026-08-17T13:07:44.2182617+02:00" testType="13cdc9d9-ddb5-4fa4-a97d-d965ccfc6d4b" outcome="Passed" testListId="8c84fa94-04c1-424b-9868-57a2d4851a1d" relativeResultsDirectory="dcf6eb2c-88a4-4b1b-9f76-e0b861916bd7" />
    <UnitTestResult executionId="db5d3fef-b40d-4926-bfad-3e69ccc4acbc" testId="775588e8-8f2f-0399-9503-80284eaa1fff" testName="BirkNext.Web.Tests.Services.ConstitutionAnalysisServiceTests.Changelog_WithNonSequentialVersions_LatestVersionUsesSemanticOrdering" computerName="BUF-5CG4423FYV" duration="00:00:00.0004116" startTime="2026-08-17T13:07:44.4102121+02:00" endTime="2026-08-17T13:07:44.4102122+02:00" testType="13cdc9d9-ddb5-4fa4-a97d-d965ccfc6d4b" outcome="Passed" testListId="8c84fa94-04c1-424b-9868-57a2d4851a1d" relativeResultsDirectory="db5d3fef-b40d-4926-bfad-3e69ccc4acbc" />
    <UnitTestResult executionId="81f9c56b-9a82-4121-8ccc-ad2d81dd9fdb" testId="3456f6c3-6103-5c38-0bc9-bcb9c50b530f" testName="BirkNext.Web.Tests.Services.ConstitutionAnalysisServiceTests.AuthConstitution_ParsesStandards" computerName="BUF-5CG4423FYV" duration="00:00:00.0043625" startTime="2026-08-17T13:07:44.4279710+02:00" endTime="2026-08-17T13:07:44.4279711+02:00" testType="13cdc9d9-ddb5-4fa4-a97d-d965ccfc6d4b" outcome="Passed" testListId="8c84fa94-04c1-424b-9868-57a2d4851a1d" relativeResultsDirectory="81f9c56b-9a82-4121-8ccc-ad2d81dd9fdb" />
    <UnitTestResult executionId="f5b9c031-cbc3-4672-aa11-53dfd034e20f" testId="ee0ccdc2-ba30-7a13-33b6-f969588b8045" testName="BirkNext.Web.Tests.Services.ConstitutionAnalysisServiceTests.AuthConstitution_TotalRulesMatchesSectionCounts" computerName="BUF-5CG4423FYV" duration="00:00:00.0059057" startTime="2026-08-17T13:07:44.2642707+02:00" endTime="2026-08-17T13:07:44.2642709+02:00" testType="13cdc9d9-ddb5-4fa4-a97d-d965ccfc6d4b" outcome="Passed" testListId="8c84fa94-04c1-424b-9868-57a2d4851a1d" relativeResultsDirectory="f5b9c031-cbc3-4672-aa11-53dfd034e20f" />
    <UnitTestResult executionId="fec8d4db-fb97-445e-b543-c4579ae0224c" testId="bfe79a5d-446f-1c0a-dd5d-9af6d9e29397" testName="BirkNext.Web.Tests.Services.ConstitutionAnalysisServiceTests.BuildMapTreeDiagnostics_CheckGOV001RulesBeforeAndAfterMapping" computerName="BUF-5CG4423FYV" duration="00:00:00.0106573" startTime="2026-08-17T13:07:44.4212251+02:00" endTime="2026-08-17T13:07:44.4212253+02:00" testType="13cdc9d9-ddb5-4fa4-a97d-d965ccfc6d4b" outcome="Passed" testListId="8c84fa94-04c1-424b-9868-57a2d4851a1d" relativeResultsDirectory="fec8d4db-fb97-445e-b543-c4579ae0224c" />
    <UnitTestResult executionId="80e948e6-04d0-4fbe-92da-99b1fcbc1ec2" testId="b9aaf447-e6f9-0d4a-52bc-50c7a85e52bd" testName="BirkNext.Web.Tests.Services.ConstitutionAnalysisServiceTests.RuleCatalog_References_NoDuplicates_AuthConstitution" computerName="BUF-5CG4423FYV" duration="00:00:00.0045373" startTime="2026-08-17T13:07:44.2266198+02:00" endTime="2026-08-17T13:07:44.2266199+02:00" testType="13cdc9d9-ddb5-4fa4-a97d-d965ccfc6d4b" outcome="Passed" testListId="8c84fa94-04c1-424b-9868-57a2d4851a1d" relativeResultsDirectory="80e948e6-04d0-4fbe-92da-99b1fcbc1ec2" />
    <UnitTestResult executionId="2c5f9773-ac85-4d81-90d6-19804a8f2fcc" testId="1f44e410-9ab9-7a33-f1ad-a928ecdbce97" testName="BirkNext.Web.Tests.Services.ConstitutionAnalysisServiceTests.RuleCatalog_RomanNumeralWithParentheses_NoSelfReference" computerName="BUF-5CG4423FYV" duration="00:00:00.0010446" startTime="2026-08-17T13:07:44.2466429+02:00" endTime="2026-08-17T13:07:44.2466430+02:00" testType="13cdc9d9-ddb5-4fa4-a97d-d965ccfc6d4b" outcome="Passed" testListId="8c84fa94-04c1-424b-9868-57a2d4851a1d" relativeResultsDirectory="2c5f9773-ac85-4d81-90d6-19804a8f2fcc" />
    <UnitTestResult executionId="9ad0026e-1d2c-4016-9296-1151ecf542c2" testId="5b3357b9-a4f9-d31c-2fb5-d4bdf9aa75ca" testName="BirkNext.Web.Tests.Services.ConstitutionAnalysisServiceTests.MapRendering_AllRoots_UniqueAndNoHiddenDuplicates" computerName="BUF-5CG4423FYV" duration="00:00:00.0004148" startTime="2026-08-17T13:07:44.4308948+02:00" endTime="2026-08-17T13:07:44.4308949+02:00" testType="13cdc9d9-ddb5-4fa4-a97d-d965ccfc6d4b" outcome="Passed" testListId="8c84fa94-04c1-424b-9868-57a2d4851a1d" relativeResultsDirectory="9ad0026e-1d2c-4016-9296-1151ecf542c2" />
    <UnitTestResult executionId="06731cca-fe50-4b3e-a731-a728f9b96cb6" testId="d25b3e36-b343-a8b0-f7f6-caa8d308d2bb" testName="BirkNext.Web.Tests.Services.ConstitutionAnalysisServiceTests.SearchRules_FindsByAlias" computerName="BUF-5CG4423FYV" duration="00:00:00.0009430" startTime="2026-08-17T13:07:44.2889192+02:00" endTime="2026-08-17T13:07:44.2889194+02:00" testType="13cdc9d9-ddb5-4fa4-a97d-d965ccfc6d4b" outcome="Passed" testListId="8c84fa94-04c1-424b-9868-57a2d4851a1d" relativeResultsDirectory="06731cca-fe50-4b3e-a731-a728f9b96cb6" />
    <UnitTestResult executionId="c199c617-cca2-4be6-b5d7-87118fc62ebe" testId="7e5300b2-4574-1d67-3840-d71c5e264cb9" testName="BirkNext.Web.Tests.Services.ConstitutionAnalysisServiceTests.OrphanRules_CountMatches_HealthMetric" computerName="BUF-5CG4423FYV" duration="00:00:00.0012437" startTime="2026-08-17T13:07:44.2183138+02:00" endTime="2026-08-17T13:07:44.2183139+02:00" testType="13cdc9d9-ddb5-4fa4-a97d-d965ccfc6d4b" outcome="Passed" testListId="8c84fa94-04c1-424b-9868-57a2d4851a1d" relativeResultsDirectory="c199c617-cca2-4be6-b5d7-87118fc62ebe" />
    <UnitTestResult executionId="759b646e-cac6-47f2-91d3-7ce9f2de886c" testId="f4458b22-e522-da97-fe91-c31613267403" testName="BirkNext.Web.Tests.Services.ConstitutionAnalysisServiceTests.RealConstitution_GOV001_ReferencesNoDuplicates" computerName="BUF-5CG4423FYV" duration="00:00:00.0010747" startTime="2026-08-17T13:07:44.1962912+02:00" endTime="2026-08-17T13:07:44.1962913+02:00" testType="13cdc9d9-ddb5-4fa4-a97d-d965ccfc6d4b" outcome="Passed" testListId="8c84fa94-04c1-424b-9868-57a2d4851a1d" relativeResultsDirectory="759b646e-cac6-47f2-91d3-7ce9f2de886c" />
    <UnitTestResult executionId="957f9ae6-18d1-4952-b586-1e24e65776b0" testId="bdc17c2e-8cfa-6e5b-2782-4ea737780cd2" testName="BirkNext.Web.Tests.Services.ConstitutionAnalysisServiceTests.Parse_WithServicePrinciples_RecognizesHNotation" computerName="BUF-5CG4423FYV" duration="00:00:00.0006512" startTime="2026-08-17T13:07:44.2836458+02:00" endTime="2026-08-17T13:07:44.2836461+02:00" testType="13cdc9d9-ddb5-4fa4-a97d-d965ccfc6d4b" outcome="Passed" testListId="8c84fa94-04c1-424b-9868-57a2d4851a1d" relativeResultsDirectory="957f9ae6-18d1-4952-b586-1e24e65776b0" />
    <UnitTestResult executionId="f1ce00b1-3f43-4283-b755-cce5afe13114" testId="cd1495c8-274f-1375-342a-e754c1c04b21" testName="BirkNext.Web.Tests.Services.ConstitutionAnalysisServiceTests.RuleReferences_RangeWithThrough_ExpandsAllIntermediateIds" computerName="BUF-5CG4423FYV" duration="00:00:00.0015159" startTime="2026-08-17T13:07:44.3619040+02:00" endTime="2026-08-17T13:07:44.3619041+02:00" testType="13cdc9d9-ddb5-4fa4-a97d-d965ccfc6d4b" outcome="Passed" testListId="8c84fa94-04c1-424b-9868-57a2d4851a1d" relativeResultsDirectory="f1ce00b1-3f43-4283-b755-cce5afe13114" />
    <UnitTestResult executionId="a1bbe110-4902-4dda-86db-d1d358a9bf83" testId="c8fac6bd-d925-9056-7ba1-3003d6d32acc" testName="BirkNext.Web.Tests.Services.ConstitutionMapTreeTests.BuildMapTree_SharedChildUnderTwoParents_RendersBothEdges" computerName="BUF-5CG4423FYV" duration="00:00:00.0012333" startTime="2026-08-17T13:07:44.2181910+02:00" endTime="2026-08-17T13:07:44.2181910+02:00" testType="13cdc9d9-ddb5-4fa4-a97d-d965ccfc6d4b" outcome="Passed" testListId="8c84fa94-04c1-424b-9868-57a2d4851a1d" relativeResultsDirectory="a1bbe110-4902-4dda-86db-d1d358a9bf83" />
    <UnitTestResult executionId="ae99bca0-239d-4f08-ba60-a43037fe6803" testId="8e33dd20-2fa8-d8bd-640e-aaf4f19595ca" testName="BirkNext.Web.Tests.Services.ConstitutionAnalysisServiceTests.MultiId_StandardWithParenthesisIdSearchablePS08" computerName="BUF-5CG4423FYV" duration="00:00:00.0008671" startTime="2026-08-17T13:07:44.3828318+02:00" endTime="2026-08-17T13:07:44.3828319+02:00" testType="13cdc9d9-ddb5-4fa4-a97d-d965ccfc6d4b" outcome="Passed" testListId="8c84fa94-04c1-424b-9868-57a2d4851a1d" relativeResultsDirectory="ae99bca0-239d-4f08-ba60-a43037fe6803" />
    <UnitTestResult executionId="e15f7c3f-18ee-4e37-b636-7f40978498cf" testId="c709c9d4-6ad5-b43f-6044-641bec91c510" testName="BirkNext.Web.Tests.Services.ConstitutionAnalysisServiceTests.RealConstitution_SourceCodeLanguage_TableLinesAreNotFlattened" computerName="BUF-5CG4423FYV" duration="00:00:00.0002705" startTime="2026-08-17T13:07:44.3586073+02:00" endTime="2026-08-17T13:07:44.3586073+02:00" testType="13cdc9d9-ddb5-4fa4-a97d-d965ccfc6d4b" outcome="Passed" testListId="8c84fa94-04c1-424b-9868-57a2d4851a1d" relativeResultsDirectory="e15f7c3f-18ee-4e37-b636-7f40978498cf" />
    <UnitTestResult executionId="0f0a97f0-cce8-4ff7-be29-462ecff45ee4" testId="a71c6816-9b8f-1b09-0ca2-3b9aad80a0eb" testName="BirkNext.Web.Tests.Services.ConstitutionAnalysisServiceTests.RuleCatalog_HeadingWithoutExplicitId_ExtractsFromParentheses" computerName="BUF-5CG4423FYV" duration="00:00:00.0006986" startTime="2026-08-17T13:07:44.3421424+02:00" endTime="2026-08-17T13:07:44.3421425+02:00" testType="13cdc9d9-ddb5-4fa4-a97d-d965ccfc6d4b" outcome="Passed" testListId="8c84fa94-04c1-424b-9868-57a2d4851a1d" relativeResultsDirectory="0f0a97f0-cce8-4ff7-be29-462ecff45ee4" />
    <UnitTestResult executionId="1a33126e-4917-4432-bd6b-9663a1c89212" testId="60bf8be7-f95d-b8e9-f4bf-8323dbb7f66d" testName="BirkNext.Web.Tests.Services.ConstitutionAnalysisServiceTests.AuthConstitution_PP02IsSearchable" computerName="BUF-5CG4423FYV" duration="00:00:00.0046112" startTime="2026-08-17T13:07:44.3665145+02:00" endTime="2026-08-17T13:07:44.3665146+02:00" testType="13cdc9d9-ddb5-4fa4-a97d-d965ccfc6d4b" outcome="Passed" testListId="8c84fa94-04c1-424b-9868-57a2d4851a1d" relativeResultsDirectory="1a33126e-4917-4432-bd6b-9663a1c89212" />
    <UnitTestResult executionId="3d9c1af4-1b82-468d-90b8-3188c5f5ba00" testId="84af18f1-11d8-2cab-5bbe-7873a31d96fc" testName="BirkNext.Web.Tests.Services.ConstitutionAnalysisServiceTests.MapTree_AutorisasjonRegression_GovernanceShowsAllReferences" computerName="BUF-5CG4423FYV" duration="00:00:00.0077642" startTime="2026-08-17T13:07:44.1909284+02:00" endTime="2026-08-17T13:07:44.1909286+02:00" testType="13cdc9d9-ddb5-4fa4-a97d-d965ccfc6d4b" outcome="Passed" testListId="8c84fa94-04c1-424b-9868-57a2d4851a1d" relativeResultsDirectory="3d9c1af4-1b82-468d-90b8-3188c5f5ba00" />
    <UnitTestResult executionId="54e0991d-4830-4fcf-b2fe-884bff954e4c" testId="70c443e6-14bd-291f-ab76-f21cddbf5227" testName="BirkNext.Web.Tests.Services.ConstitutionAnalysisServiceTests.Parse_WithMandatoryKeywords_FlagsAsBindingRules" computerName="BUF-5CG4423FYV" duration="00:00:00.0004453" startTime="2026-08-17T13:07:44.3287562+02:00" endTime="2026-08-17T13:07:44.3287562+02:00" testType="13cdc9d9-ddb5-4fa4-a97d-d965ccfc6d4b" outcome="Passed" testListId="8c84fa94-04c1-424b-9868-57a2d4851a1d" relativeResultsDirectory="54e0991d-4830-4fcf-b2fe-884bff954e4c" />
    <UnitTestResult executionId="2aeef690-e16e-457c-865c-541467a5eb02" testId="fcb4a82c-68f4-e06d-32ca-2c97bee9cab9" testName="BirkNext.Web.Tests.Services.ConstitutionAnalysisServiceTests.MapDiagnostics_CheckPP02DepthUnderGOV001" computerName="BUF-5CG4423FYV" duration="00:00:00.0005508" startTime="2026-08-17T13:07:44.2894982+02:00" endTime="2026-08-17T13:07:44.2894982+02:00" testType="13cdc9d9-ddb5-4fa4-a97d-d965ccfc6d4b" outcome="Passed" testListId="8c84fa94-04c1-424b-9868-57a2d4851a1d" relativeResultsDirectory="2aeef690-e16e-457c-865c-541467a5eb02" />
    <UnitTestResult executionId="2cf7784a-e562-460d-af3b-eb923128831b" testId="7dc58539-c762-757c-a4ed-bd37481fcf10" testName="BirkNext.Web.Tests.Services.ConstitutionAnalysisServiceTests.Changelog_TableWithoutLevelThreeHeadings_ParsesAllRows" computerName="BUF-5CG4423FYV" duration="00:00:00.0010215" startTime="2026-08-17T13:07:44.4304464+02:00" endTime="2026-08-17T13:07:44.4304465+02:00" testType="13cdc9d9-ddb5-4fa4-a97d-d965ccfc6d4b" outcome="Passed" testListId="8c84fa94-04c1-424b-9868-57a2d4851a1d" relativeResultsDirectory="2cf7784a-e562-460d-af3b-eb923128831b" />
    <UnitTestResult executionId="b9ff23be-af00-4a53-94e9-0ca554e75149" testId="18ffc505-6c2a-a78c-ff18-95c3cd7c1963" testName="BirkNext.Web.Tests.Services.ConstitutionAnalysisServiceTests.MapTree_WithSharedReferences_ShowsRuleUnderMultipleParents" computerName="BUF-5CG4423FYV" duration="00:00:00.0015523" startTime="2026-08-17T13:07:44.3398208+02:00" endTime="2026-08-17T13:07:44.3398209+02:00" testType="13cdc9d9-ddb5-4fa4-a97d-d965ccfc6d4b" outcome="Passed" testListId="8c84fa94-04c1-424b-9868-57a2d4851a1d" relativeResultsDirectory="b9ff23be-af00-4a53-94e9-0ca554e75149" />
    <UnitTestResult executionId="ea7dac38-e7f8-4202-a22f-a37ec8370dd0" testId="8e7420aa-78ff-7d9f-2876-a1b1f7886ec7" testName="BirkNext.Web.Tests.Services.ConstitutionAnalysisServiceTests.Parse_WithNorwegianContent_DoesNotBreakParsing" computerName="BUF-5CG4423FYV" duration="00:00:00.0003784" startTime="2026-08-17T13:07:44.3415189+02:00" endTime="2026-08-17T13:07:44.3415190+02:00" testType="13cdc9d9-ddb5-4fa4-a97d-d965ccfc6d4b" outcome="Passed" testListId="8c84fa94-04c1-424b-9868-57a2d4851a1d" relativeResultsDirectory="ea7dac38-e7f8-4202-a22f-a37ec8370dd0" />
    <UnitTestResult executionId="a5ad6f2f-a4df-4456-89af-f334b72832b3" testId="7a139d93-fcf9-17fd-a5da-bcf01e3a236b" testName="BirkNext.Web.Tests.Services.ConstitutionAnalysisServiceTests.Parse_WithSyncImpactReport_ParsesMetadata" computerName="BUF-5CG4423FYV" duration="00:00:00.0002683" startTime="2026-08-17T13:07:44.2182463+02:00" endTime="2026-08-17T13:07:44.2182464+02:00" testType="13cdc9d9-ddb5-4fa4-a97d-d965ccfc6d4b" outcome="Passed" testListId="8c84fa94-04c1-424b-9868-57a2d4851a1d" relativeResultsDirectory="a5ad6f2f-a4df-4456-89af-f334b72832b3" />
    <UnitTestResult executionId="35b30cf1-a0ec-48d5-9a43-248abf9331dd" testId="c67af53b-e008-9cde-94c6-807e8b9ef4fa" testName="BirkNext.Web.Tests.Services.ConstitutionAnalysisServiceTests.RealConstitution_SourceCodeLanguage_PreservesTable" computerName="BUF-5CG4423FYV" duration="00:00:00.0002829" startTime="2026-08-17T13:07:44.4282802+02:00" endTime="2026-08-17T13:07:44.4282802+02:00" testType="13cdc9d9-ddb5-4fa4-a97d-d965ccfc6d4b" outcome="Passed" testListId="8c84fa94-04c1-424b-9868-57a2d4851a1d" relativeResultsDirectory="35b30cf1-a0ec-48d5-9a43-248abf9331dd" />
    <UnitTestResult executionId="6ae1e88e-b95a-42f7-a8c7-032f05cf619d" testId="8fc3b3cb-58f9-1e89-2844-2c11a223373f" testName="BirkNext.Web.Tests.Services.ConstitutionAnalysisServiceTests.MapLabelFormat_SingularAndPluralForLinkedRules" computerName="BUF-5CG4423FYV" duration="00:00:00.0002591" startTime="2026-08-17T13:07:44.3406849+02:00" endTime="2026-08-17T13:07:44.3406850+02:00" testType="13cdc9d9-ddb5-4fa4-a97d-d965ccfc6d4b" outcome="Passed" testListId="8c84fa94-04c1-424b-9868-57a2d4851a1d" relativeResultsDirectory="6ae1e88e-b95a-42f7-a8c7-032f05cf619d" />
    <UnitTestResult executionId="955d2f8b-f8d4-4765-ae2c-2df41f97c107" testId="95787c70-f9f4-297c-ca51-e01d35cc65d6" testName="BirkNext.Web.Tests.Services.ConstitutionMapTreeTests.BuildMapTree_AutorisasjonGovernance_RendersAllResolvedDirectReferences" computerName="BUF-5CG4423FYV" duration="00:00:00.0703074" startTime="2026-08-17T13:07:44.2180607+02:00" endTime="2026-08-17T13:07:44.2180607+02:00" testType="13cdc9d9-ddb5-4fa4-a97d-d965ccfc6d4b" outcome="Passed" testListId="8c84fa94-04c1-424b-9868-57a2d4851a1d" relativeResultsDirectory="955d2f8b-f8d4-4765-ae2c-2df41f97c107" />
    <UnitTestResult executionId="5c4fbdd5-f5fd-48e5-981d-fb90c61dfbdc" testId="87a2e336-4eae-ec82-bf12-6bb654b17709" testName="BirkNext.Web.Tests.Services.ConstitutionAnalysisServiceTests.RealConstitution_PP02_NotMultiplied_AsDirectChild" computerName="BUF-5CG4423FYV" duration="00:00:00.0002512" startTime="2026-08-17T13:07:44.4229457+02:00" endTime="2026-08-17T13:07:44.4229457+02:00" testType="13cdc9d9-ddb5-4fa4-a97d-d965ccfc6d4b" outcome="Passed" testListId="8c84fa94-04c1-424b-9868-57a2d4851a1d" relativeResultsDirectory="5c4fbdd5-f5fd-48e5-981d-fb90c61dfbdc" />
    <UnitTestResult executionId="488725ea-657b-409c-8b87-05ddf9823d24" testId="4f0d3673-b101-cb53-c7ed-472be71020f1" testName="BirkNext.Web.Tests.Services.ConstitutionAnalysisServiceTests.MapRendering_GOV001DirectChildrenNoRenderedDuplicates" computerName="BUF-5CG4423FYV" duration="00:00:00.0004776" startTime="2026-08-17T13:07:44.2791345+02:00" endTime="2026-08-17T13:07:44.2791346+02:00" testType="13cdc9d9-ddb5-4fa4-a97d-d965ccfc6d4b" outcome="Passed" testListId="8c84fa94-04c1-424b-9868-57a2d4851a1d" relativeResultsDirectory="488725ea-657b-409c-8b87-05ddf9823d24" />
    <UnitTestResult executionId="c15da0ce-0f87-48ee-b086-1df7962f7123" testId="d8f22977-8c2c-f589-3035-c711d565589a" testName="BirkNext.Web.Tests.Services.ConstitutionAnalysisServiceTests.CatalogRuleTypes_MatchParsedSections" computerName="BUF-5CG4423FYV" duration="00:00:00.0052423" startTime="2026-08-17T13:07:44.3511616+02:00" endTime="2026-08-17T13:07:44.3511617+02:00" testType="13cdc9d9-ddb5-4fa4-a97d-d965ccfc6d4b" outcome="Passed" testListId="8c84fa94-04c1-424b-9868-57a2d4851a1d" relativeResultsDirectory="c15da0ce-0f87-48ee-b086-1df7962f7123" />
    <UnitTestResult executionId="090fc901-c081-45a1-ad53-e798d269ee1f" testId="e29c954c-622b-9b23-3f58-67af7f13efc5" testName="BirkNext.Web.Tests.Services.ConstitutionAnalysisServiceTests.MapTree_WithCycle_PreventsCycles" computerName="BUF-5CG4423FYV" duration="00:00:00.0009920" startTime="2026-08-17T13:07:44.3602819+02:00" endTime="2026-08-17T13:07:44.3602820+02:00" testType="13cdc9d9-ddb5-4fa4-a97d-d965ccfc6d4b" outcome="Passed" testListId="8c84fa94-04c1-424b-9868-57a2d4851a1d" relativeResultsDirectory="090fc901-c081-45a1-ad53-e798d269ee1f" />
    <UnitTestResult executionId="b23cb01b-976b-44ae-9084-47ad10286e72" testId="4a07f83e-057f-c903-fb89-ab9d76be7bda" testName="BirkNext.Web.Tests.Services.ConstitutionMapTreeTests.BuildMapTree_DeeperSharedBranch_RendersCompleteBranchUnderEachParent" computerName="BUF-5CG4423FYV" duration="00:00:00.0039431" startTime="2026-08-17T13:07:44.2182091+02:00" endTime="2026-08-17T13:07:44.2182091+02:00" testType="13cdc9d9-ddb5-4fa4-a97d-d965ccfc6d4b" outcome="Passed" testListId="8c84fa94-04c1-424b-9868-57a2d4851a1d" relativeResultsDirectory="b23cb01b-976b-44ae-9084-47ad10286e72" />
  </Results>
  <TestDefinitions>
    <UnitTest name="BirkNext.Web.Tests.Services.ConstitutionAnalysisServiceTests.RuleCatalogInspection_CheckForDuplicateRuleIds" storage="c:\users\ajaan\source\sdd-repos\birknext\aiassisted\frontend\birknext.web.tests\bin\debug\net8.0\birknext.web.tests.dll" id="4cac14d2-f00b-4a3f-5e6c-7e11fef002c9">
      <Execution id="2e9b4365-095e-434f-b86b-44cb4cc7f7a3" />
      <TestMethod codeBase="C:\Users\ajaan\source\sdd-repos\BirkNext\AIAssisted\frontend\BirkNext.Web.Tests\bin\Debug\net8.0\BirkNext.Web.Tests.dll" adapterTypeName="executor://xunit/VsTestRunner2/netcoreapp" className="BirkNext.Web.Tests.Services.ConstitutionAnalysisServiceTests" name="RuleCatalogInspection_CheckForDuplicateRuleIds" />
    </UnitTest>
    <UnitTest name="BirkNext.Web.Tests.Services.ConstitutionAnalysisServiceTests.Health_TotalRulesEqualsCatalogCount" storage="c:\users\ajaan\source\sdd-repos\birknext\aiassisted\frontend\birknext.web.tests\bin\debug\net8.0\birknext.web.tests.dll" id="e5653b32-0ef0-7a10-8b44-9326bce90f25">
      <Execution id="2e2d09db-7735-49b2-ba14-8212716e4cfe" />
      <TestMethod codeBase="C:\Users\ajaan\source\sdd-repos\BirkNext\AIAssisted\frontend\BirkNext.Web.Tests\bin\Debug\net8.0\BirkNext.Web.Tests.dll" adapterTypeName="executor://xunit/VsTestRunner2/netcoreapp" className="BirkNext.Web.Tests.Services.ConstitutionAnalysisServiceTests" name="Health_TotalRulesEqualsCatalogCount" />
    </UnitTest>
    <UnitTest name="BirkNext.Web.Tests.Services.ConstitutionAnalysisServiceTests.RuleCatalog_ReferencedBy_NosDuplicates_AuthConstitution" storage="c:\users\ajaan\source\sdd-repos\birknext\aiassisted\frontend\birknext.web.tests\bin\debug\net8.0\birknext.web.tests.dll" id="1010b5d2-c24d-e306-dc88-d8bfca81d5a8">
      <Execution id="fd4c5cc0-2f0b-4041-a03c-06846bd30111" />
      <TestMethod codeBase="C:\Users\ajaan\source\sdd-repos\BirkNext\AIAssisted\frontend\BirkNext.Web.Tests\bin\Debug\net8.0\BirkNext.Web.Tests.dll" adapterTypeName="executor://xunit/VsTestRunner2/netcoreapp" className="BirkNext.Web.Tests.Services.ConstitutionAnalysisServiceTests" name="RuleCatalog_ReferencedBy_NosDuplicates_AuthConstitution" />
    </UnitTest>
    <UnitTest name="BirkNext.Web.Tests.Services.ConstitutionMapTreeTests.BuildMapTree_DeeperSharedBranch_RendersCompleteBranchUnderEachParent" storage="c:\users\ajaan\source\sdd-repos\birknext\aiassisted\frontend\birknext.web.tests\bin\debug\net8.0\birknext.web.tests.dll" id="4a07f83e-057f-c903-fb89-ab9d76be7bda">
      <Execution id="b23cb01b-976b-44ae-9084-47ad10286e72" />
      <TestMethod codeBase="C:\Users\ajaan\source\sdd-repos\BirkNext\AIAssisted\frontend\BirkNext.Web.Tests\bin\Debug\net8.0\BirkNext.Web.Tests.dll" adapterTypeName="executor://xunit/VsTestRunner2/netcoreapp" className="BirkNext.Web.Tests.Services.ConstitutionMapTreeTests" name="BuildMapTree_DeeperSharedBranch_RendersCompleteBranchUnderEachParent" />
    </UnitTest>
    <UnitTest name="BirkNext.Web.Tests.Services.ConstitutionAnalysisServiceTests.ModelInspection_GOV001ReferencesForDuplicates" storage="c:\users\ajaan\source\sdd-repos\birknext\aiassisted\frontend\birknext.web.tests\bin\debug\net8.0\birknext.web.tests.dll" id="fe3df3c6-aa64-3ed2-4710-76ae6348d8bb">
      <Execution id="1e7183ed-4775-4d26-8ac1-1bb17273784f" />
      <TestMethod codeBase="C:\Users\ajaan\source\sdd-repos\BirkNext\AIAssisted\frontend\BirkNext.Web.Tests\bin\Debug\net8.0\BirkNext.Web.Tests.dll" adapterTypeName="executor://xunit/VsTestRunner2/netcoreapp" className="BirkNext.Web.Tests.Services.ConstitutionAnalysisServiceTests" name="ModelInspection_GOV001ReferencesForDuplicates" />
    </UnitTest>
    <UnitTest name="BirkNext.Web.Tests.Services.ConstitutionAnalysisServiceTests.OrphanRules_CountMatches_HealthMetric" storage="c:\users\ajaan\source\sdd-repos\birknext\aiassisted\frontend\birknext.web.tests\bin\debug\net8.0\birknext.web.tests.dll" id="7e5300b2-4574-1d67-3840-d71c5e264cb9">
      <Execution id="c199c617-cca2-4be6-b5d7-87118fc62ebe" />
      <TestMethod codeBase="C:\Users\ajaan\source\sdd-repos\BirkNext\AIAssisted\frontend\BirkNext.Web.Tests\bin\Debug\net8.0\BirkNext.Web.Tests.dll" adapterTypeName="executor://xunit/VsTestRunner2/netcoreapp" className="BirkNext.Web.Tests.Services.ConstitutionAnalysisServiceTests" name="OrphanRules_CountMatches_HealthMetric" />
    </UnitTest>
    <UnitTest name="BirkNext.Web.Tests.Services.ConstitutionAnalysisServiceTests.StandardRawText_PreservesMarkdownTableRows" storage="c:\users\ajaan\source\sdd-repos\birknext\aiassisted\frontend\birknext.web.tests\bin\debug\net8.0\birknext.web.tests.dll" id="f37ee4eb-ba19-362e-d127-5e781d3d1bdb">
      <Execution id="d42b9071-fab7-4a7c-a01d-3743517316af" />
      <TestMethod codeBase="C:\Users\ajaan\source\sdd-repos\BirkNext\AIAssisted\frontend\BirkNext.Web.Tests\bin\Debug\net8.0\BirkNext.Web.Tests.dll" adapterTypeName="executor://xunit/VsTestRunner2/netcoreapp" className="BirkNext.Web.Tests.Services.ConstitutionAnalysisServiceTests" name="StandardRawText_PreservesMarkdownTableRows" />
    </UnitTest>
    <UnitTest name="BirkNext.Web.Tests.Services.ConstitutionAnalysisServiceTests.Parse_WithSecurityComplianceSection_ParsingSucceeds" storage="c:\users\ajaan\source\sdd-repos\birknext\aiassisted\frontend\birknext.web.tests\bin\debug\net8.0\birknext.web.tests.dll" id="1d944010-5dbd-9831-e91b-6945a77a63e1">
      <Execution id="750b4dfa-8676-4a7e-b314-39179a00cd46" />
      <TestMethod codeBase="C:\Users\ajaan\source\sdd-repos\BirkNext\AIAssisted\frontend\BirkNext.Web.Tests\bin\Debug\net8.0\BirkNext.Web.Tests.dll" adapterTypeName="executor://xunit/VsTestRunner2/netcoreapp" className="BirkNext.Web.Tests.Services.ConstitutionAnalysisServiceTests" name="Parse_WithSecurityComplianceSection_ParsingSucceeds" />
    </UnitTest>
    <UnitTest name="BirkNext.Web.Tests.Services.ConstitutionAnalysisServiceTests.RealConstitution_MapGOV001_DirectChildrenNoDuplicates" storage="c:\users\ajaan\source\sdd-repos\birknext\aiassisted\frontend\birknext.web.tests\bin\debug\net8.0\birknext.web.tests.dll" id="f246ad96-bd61-287f-8681-5c898f055870">
      <Execution id="3fda8a26-6596-43a7-b371-4673c7024aaa" />
      <TestMethod codeBase="C:\Users\ajaan\source\sdd-repos\BirkNext\AIAssisted\frontend\BirkNext.Web.Tests\bin\Debug\net8.0\BirkNext.Web.Tests.dll" adapterTypeName="executor://xunit/VsTestRunner2/netcoreapp" className="BirkNext.Web.Tests.Services.ConstitutionAnalysisServiceTests" name="RealConstitution_MapGOV001_DirectChildrenNoDuplicates" />
    </UnitTest>
    <UnitTest name="BirkNext.Web.Tests.Services.ConstitutionAnalysisServiceTests.DOMInspection_PrintAllDuplicateRules" storage="c:\users\ajaan\source\sdd-repos\birknext\aiassisted\frontend\birknext.web.tests\bin\debug\net8.0\birknext.web.tests.dll" id="60a39904-9a1f-a86f-7eae-88b5631fe7b5">
      <Execution id="dea9eac4-34af-4bf2-970b-4716a8a4745a" />
      <TestMethod codeBase="C:\Users\ajaan\source\sdd-repos\BirkNext\AIAssisted\frontend\BirkNext.Web.Tests\bin\Debug\net8.0\BirkNext.Web.Tests.dll" adapterTypeName="executor://xunit/VsTestRunner2/netcoreapp" className="BirkNext.Web.Tests.Services.ConstitutionAnalysisServiceTests" name="DOMInspection_PrintAllDuplicateRules" />
    </UnitTest>
    <UnitTest name="BirkNext.Web.Tests.Services.ConstitutionAnalysisServiceTests.MultiId_PrincipleWithParenthesisIdSearchablePP02" storage="c:\users\ajaan\source\sdd-repos\birknext\aiassisted\frontend\birknext.web.tests\bin\debug\net8.0\birknext.web.tests.dll" id="a9d37376-0306-3e30-4575-9703922a2b43">
      <Execution id="2439ed6e-e785-4686-b348-df7fb96f10e8" />
      <TestMethod codeBase="C:\Users\ajaan\source\sdd-repos\BirkNext\AIAssisted\frontend\BirkNext.Web.Tests\bin\Debug\net8.0\BirkNext.Web.Tests.dll" adapterTypeName="executor://xunit/VsTestRunner2/netcoreapp" className="BirkNext.Web.Tests.Services.ConstitutionAnalysisServiceTests" name="MultiId_PrincipleWithParenthesisIdSearchablePP02" />
    </UnitTest>
    <UnitTest name="BirkNext.Web.Tests.Services.ConstitutionAnalysisServiceTests.StandardInvoicesRawTextNotFlattened_AllTableRowsOnSeparateLines" storage="c:\users\ajaan\source\sdd-repos\birknext\aiassisted\frontend\birknext.web.tests\bin\debug\net8.0\birknext.web.tests.dll" id="15f88474-ee5d-0e8c-3456-91f5bab6e742">
      <Execution id="c4020122-c315-44e5-8cf0-85049dc13f18" />
      <TestMethod codeBase="C:\Users\ajaan\source\sdd-repos\BirkNext\AIAssisted\frontend\BirkNext.Web.Tests\bin\Debug\net8.0\BirkNext.Web.Tests.dll" adapterTypeName="executor://xunit/VsTestRunner2/netcoreapp" className="BirkNext.Web.Tests.Services.ConstitutionAnalysisServiceTests" name="StandardInvoicesRawTextNotFlattened_AllTableRowsOnSeparateLines" />
    </UnitTest>
    <UnitTest name="BirkNext.Web.Tests.Services.ConstitutionAnalysisServiceTests.RealConstitution_SourceCodeLanguage_TableLinesAreNotFlattened" storage="c:\users\ajaan\source\sdd-repos\birknext\aiassisted\frontend\birknext.web.tests\bin\debug\net8.0\birknext.web.tests.dll" id="c709c9d4-6ad5-b43f-6044-641bec91c510">
      <Execution id="e15f7c3f-18ee-4e37-b636-7f40978498cf" />
      <TestMethod codeBase="C:\Users\ajaan\source\sdd-repos\BirkNext\AIAssisted\frontend\BirkNext.Web.Tests\bin\Debug\net8.0\BirkNext.Web.Tests.dll" adapterTypeName="executor://xunit/VsTestRunner2/netcoreapp" className="BirkNext.Web.Tests.Services.ConstitutionAnalysisServiceTests" name="RealConstitution_SourceCodeLanguage_TableLinesAreNotFlattened" />
    </UnitTest>
    <UnitTest name="BirkNext.Web.Tests.Services.ConstitutionAnalysisServiceTests.Parse_WithMandatoryKeywords_FlagsAsBindingRules" storage="c:\users\ajaan\source\sdd-repos\birknext\aiassisted\frontend\birknext.web.tests\bin\debug\net8.0\birknext.web.tests.dll" id="70c443e6-14bd-291f-ab76-f21cddbf5227">
      <Execution id="54e0991d-4830-4fcf-b2fe-884bff954e4c" />
      <TestMethod codeBase="C:\Users\ajaan\source\sdd-repos\BirkNext\AIAssisted\frontend\BirkNext.Web.Tests\bin\Debug\net8.0\BirkNext.Web.Tests.dll" adapterTypeName="executor://xunit/VsTestRunner2/netcoreapp" className="BirkNext.Web.Tests.Services.ConstitutionAnalysisServiceTests" name="Parse_WithMandatoryKeywords_FlagsAsBindingRules" />
    </UnitTest>
    <UnitTest name="BirkNext.Web.Tests.Services.ConstitutionAnalysisServiceTests.Parse_WithServicePrinciples_RecognizesHNotation" storage="c:\users\ajaan\source\sdd-repos\birknext\aiassisted\frontend\birknext.web.tests\bin\debug\net8.0\birknext.web.tests.dll" id="bdc17c2e-8cfa-6e5b-2782-4ea737780cd2">
      <Execution id="957f9ae6-18d1-4952-b586-1e24e65776b0" />
      <TestMethod codeBase="C:\Users\ajaan\source\sdd-repos\BirkNext\AIAssisted\frontend\BirkNext.Web.Tests\bin\Debug\net8.0\BirkNext.Web.Tests.dll" adapterTypeName="executor://xunit/VsTestRunner2/netcoreapp" className="BirkNext.Web.Tests.Services.ConstitutionAnalysisServiceTests" name="Parse_WithServicePrinciples_RecognizesHNotation" />
    </UnitTest>
    <UnitTest name="BirkNext.Web.Tests.Services.ConstitutionAnalysisServiceTests.OrphanRules_IncomingReferencesPreventOrphanStatus" storage="c:\users\ajaan\source\sdd-repos\birknext\aiassisted\frontend\birknext.web.tests\bin\debug\net8.0\birknext.web.tests.dll" id="c5410cd4-df22-fdcc-a561-5c11c5158582">
      <Execution id="f8fc8f05-f5de-411c-a8a8-736ab1fbf06e" />
      <TestMethod codeBase="C:\Users\ajaan\source\sdd-repos\BirkNext\AIAssisted\frontend\BirkNext.Web.Tests\bin\Debug\net8.0\BirkNext.Web.Tests.dll" adapterTypeName="executor://xunit/VsTestRunner2/netcoreapp" className="BirkNext.Web.Tests.Services.ConstitutionAnalysisServiceTests" name="OrphanRules_IncomingReferencesPreventOrphanStatus" />
    </UnitTest>
    <UnitTest name="BirkNext.Web.Tests.Services.ConstitutionAnalysisServiceTests.RuleCatalog_RomanNumeralWithParentheses_NoSelfReference" storage="c:\users\ajaan\source\sdd-repos\birknext\aiassisted\frontend\birknext.web.tests\bin\debug\net8.0\birknext.web.tests.dll" id="1f44e410-9ab9-7a33-f1ad-a928ecdbce97">
      <Execution id="2c5f9773-ac85-4d81-90d6-19804a8f2fcc" />
      <TestMethod codeBase="C:\Users\ajaan\source\sdd-repos\BirkNext\AIAssisted\frontend\BirkNext.Web.Tests\bin\Debug\net8.0\BirkNext.Web.Tests.dll" adapterTypeName="executor://xunit/VsTestRunner2/netcoreapp" className="BirkNext.Web.Tests.Services.ConstitutionAnalysisServiceTests" name="RuleCatalog_RomanNumeralWithParentheses_NoSelfReference" />
    </UnitTest>
    <UnitTest name="BirkNext.Web.Tests.Services.ConstitutionAnalysisServiceTests.MapRendering_GOV001DirectChildrenNoRenderedDuplicates" storage="c:\users\ajaan\source\sdd-repos\birknext\aiassisted\frontend\birknext.web.tests\bin\debug\net8.0\birknext.web.tests.dll" id="4f0d3673-b101-cb53-c7ed-472be71020f1">
      <Execution id="488725ea-657b-409c-8b87-05ddf9823d24" />
      <TestMethod codeBase="C:\Users\ajaan\source\sdd-repos\BirkNext\AIAssisted\frontend\BirkNext.Web.Tests\bin\Debug\net8.0\BirkNext.Web.Tests.dll" adapterTypeName="executor://xunit/VsTestRunner2/netcoreapp" className="BirkNext.Web.Tests.Services.ConstitutionAnalysisServiceTests" name="MapRendering_GOV001DirectChildrenNoRenderedDuplicates" />
    </UnitTest>
    <UnitTest name="BirkNext.Web.Tests.Services.ConstitutionAnalysisServiceTests.MapDiagnostics_CheckPP02DepthUnderGOV001" storage="c:\users\ajaan\source\sdd-repos\birknext\aiassisted\frontend\birknext.web.tests\bin\debug\net8.0\birknext.web.tests.dll" id="fcb4a82c-68f4-e06d-32ca-2c97bee9cab9">
      <Execution id="2aeef690-e16e-457c-865c-541467a5eb02" />
      <TestMethod codeBase="C:\Users\ajaan\source\sdd-repos\BirkNext\AIAssisted\frontend\BirkNext.Web.Tests\bin\Debug\net8.0\BirkNext.Web.Tests.dll" adapterTypeName="executor://xunit/VsTestRunner2/netcoreapp" className="BirkNext.Web.Tests.Services.ConstitutionAnalysisServiceTests" name="MapDiagnostics_CheckPP02DepthUnderGOV001" />
    </UnitTest>
    <UnitTest name="BirkNext.Web.Tests.Services.ConstitutionAnalysisServiceTests.Constraints_ModuleConstraintsWithoutId_AreNotPlatformWide" storage="c:\users\ajaan\source\sdd-repos\birknext\aiassisted\frontend\birknext.web.tests\bin\debug\net8.0\birknext.web.tests.dll" id="b109a626-7622-81a1-28f4-1c1d89a24830">
      <Execution id="00e067dc-8264-478a-bc14-6dfe62275f92" />
      <TestMethod codeBase="C:\Users\ajaan\source\sdd-repos\BirkNext\AIAssisted\frontend\BirkNext.Web.Tests\bin\Debug\net8.0\BirkNext.Web.Tests.dll" adapterTypeName="executor://xunit/VsTestRunner2/netcoreapp" className="BirkNext.Web.Tests.Services.ConstitutionAnalysisServiceTests" name="Constraints_ModuleConstraintsWithoutId_AreNotPlatformWide" />
    </UnitTest>
    <UnitTest name="BirkNext.Web.Tests.Services.ConstitutionAnalysisServiceTests.RuleReferences_AutorisasjonConstitution_ExpandsAllRanges" storage="c:\users\ajaan\source\sdd-repos\birknext\aiassisted\frontend\birknext.web.tests\bin\debug\net8.0\birknext.web.tests.dll" id="9a1ef4f8-9639-7bd7-34c5-1e254e04327c">
      <Execution id="8ec90868-645b-4a30-9673-9c20a2639dd9" />
      <TestMethod codeBase="C:\Users\ajaan\source\sdd-repos\BirkNext\AIAssisted\frontend\BirkNext.Web.Tests\bin\Debug\net8.0\BirkNext.Web.Tests.dll" adapterTypeName="executor://xunit/VsTestRunner2/netcoreapp" className="BirkNext.Web.Tests.Services.ConstitutionAnalysisServiceTests" name="RuleReferences_AutorisasjonConstitution_ExpandsAllRanges" />
    </UnitTest>
    <UnitTest name="BirkNext.Web.Tests.Services.ConstitutionAnalysisServiceTests.RuleCatalog_RangeExpansion_WorksWithoutDuplicates" storage="c:\users\ajaan\source\sdd-repos\birknext\aiassisted\frontend\birknext.web.tests\bin\debug\net8.0\birknext.web.tests.dll" id="feec3437-7ebd-100a-10f8-f47d80308294">
      <Execution id="ec0f0f1f-4819-4e1e-9379-c5344060d5c9" />
      <TestMethod codeBase="C:\Users\ajaan\source\sdd-repos\BirkNext\AIAssisted\frontend\BirkNext.Web.Tests\bin\Debug\net8.0\BirkNext.Web.Tests.dll" adapterTypeName="executor://xunit/VsTestRunner2/netcoreapp" className="BirkNext.Web.Tests.Services.ConstitutionAnalysisServiceTests" name="RuleCatalog_RangeExpansion_WorksWithoutDuplicates" />
    </UnitTest>
    <UnitTest name="BirkNext.Web.Tests.Services.ConstitutionAnalysisServiceTests.AuthConstitution_ParsesStandards" storage="c:\users\ajaan\source\sdd-repos\birknext\aiassisted\frontend\birknext.web.tests\bin\debug\net8.0\birknext.web.tests.dll" id="3456f6c3-6103-5c38-0bc9-bcb9c50b530f">
      <Execution id="81f9c56b-9a82-4121-8ccc-ad2d81dd9fdb" />
      <TestMethod codeBase="C:\Users\ajaan\source\sdd-repos\BirkNext\AIAssisted\frontend\BirkNext.Web.Tests\bin\Debug\net8.0\BirkNext.Web.Tests.dll" adapterTypeName="executor://xunit/VsTestRunner2/netcoreapp" className="BirkNext.Web.Tests.Services.ConstitutionAnalysisServiceTests" name="AuthConstitution_ParsesStandards" />
    </UnitTest>
    <UnitTest name="BirkNext.Web.Tests.Services.ConstitutionAnalysisServiceTests.RuleCatalog_HeadingWithoutExplicitId_ExtractsFromParentheses" storage="c:\users\ajaan\source\sdd-repos\birknext\aiassisted\frontend\birknext.web.tests\bin\debug\net8.0\birknext.web.tests.dll" id="a71c6816-9b8f-1b09-0ca2-3b9aad80a0eb">
      <Execution id="0f0a97f0-cce8-4ff7-be29-462ecff45ee4" />
      <TestMethod codeBase="C:\Users\ajaan\source\sdd-repos\BirkNext\AIAssisted\frontend\BirkNext.Web.Tests\bin\Debug\net8.0\BirkNext.Web.Tests.dll" adapterTypeName="executor://xunit/VsTestRunner2/netcoreapp" className="BirkNext.Web.Tests.Services.ConstitutionAnalysisServiceTests" name="RuleCatalog_HeadingWithoutExplicitId_ExtractsFromParentheses" />
    </UnitTest>
    <UnitTest name="BirkNext.Web.Tests.Services.ConstitutionAnalysisServiceTests.MultiId_GL28ExtractedFromParenthesis" storage="c:\users\ajaan\source\sdd-repos\birknext\aiassisted\frontend\birknext.web.tests\bin\debug\net8.0\birknext.web.tests.dll" id="9de662c4-73d5-327c-528b-62851fc727b3">
      <Execution id="194c73bf-e7ff-403e-899d-dc779d994919" />
      <TestMethod codeBase="C:\Users\ajaan\source\sdd-repos\BirkNext\AIAssisted\frontend\BirkNext.Web.Tests\bin\Debug\net8.0\BirkNext.Web.Tests.dll" adapterTypeName="executor://xunit/VsTestRunner2/netcoreapp" className="BirkNext.Web.Tests.Services.ConstitutionAnalysisServiceTests" name="MultiId_GL28ExtractedFromParenthesis" />
    </UnitTest>
    <UnitTest name="BirkNext.Web.Tests.Services.ConstitutionMapTreeTests.BuildMapTree_SelfCycle_DoesNotExpandSelfRecursively" storage="c:\users\ajaan\source\sdd-repos\birknext\aiassisted\frontend\birknext.web.tests\bin\debug\net8.0\birknext.web.tests.dll" id="78114688-2492-8310-e32d-0630fdf63ad5">
      <Execution id="f5aa944c-2b14-4712-8c49-8a37a9625fa5" />
      <TestMethod codeBase="C:\Users\ajaan\source\sdd-repos\BirkNext\AIAssisted\frontend\BirkNext.Web.Tests\bin\Debug\net8.0\BirkNext.Web.Tests.dll" adapterTypeName="executor://xunit/VsTestRunner2/netcoreapp" className="BirkNext.Web.Tests.Services.ConstitutionMapTreeTests" name="BuildMapTree_SelfCycle_DoesNotExpandSelfRecursively" />
    </UnitTest>
    <UnitTest name="BirkNext.Web.Tests.Services.ConstitutionAnalysisServiceTests.RuleCatalog_RealConstitution_NoPrinciplesSelfReference" storage="c:\users\ajaan\source\sdd-repos\birknext\aiassisted\frontend\birknext.web.tests\bin\debug\net8.0\birknext.web.tests.dll" id="d5caa699-2343-e0ea-f19f-aef737c01c9e">
      <Execution id="47e7bc4f-c882-4699-9f10-c596cdecec67" />
      <TestMethod codeBase="C:\Users\ajaan\source\sdd-repos\BirkNext\AIAssisted\frontend\BirkNext.Web.Tests\bin\Debug\net8.0\BirkNext.Web.Tests.dll" adapterTypeName="executor://xunit/VsTestRunner2/netcoreapp" className="BirkNext.Web.Tests.Services.ConstitutionAnalysisServiceTests" name="RuleCatalog_RealConstitution_NoPrinciplesSelfReference" />
    </UnitTest>
    <UnitTest name="BirkNext.Web.Tests.Services.ConstitutionAnalysisServiceTests.MapDiagnostics_CaptureRenderingStructure_GOV001" storage="c:\users\ajaan\source\sdd-repos\birknext\aiassisted\frontend\birknext.web.tests\bin\debug\net8.0\birknext.web.tests.dll" id="960078bf-57b1-b321-6af0-f5f8813d3366">
      <Execution id="27a9ffdc-459f-4a3a-b09d-6d01d71e8ad3" />
      <TestMethod codeBase="C:\Users\ajaan\source\sdd-repos\BirkNext\AIAssisted\frontend\BirkNext.Web.Tests\bin\Debug\net8.0\BirkNext.Web.Tests.dll" adapterTypeName="executor://xunit/VsTestRunner2/netcoreapp" className="BirkNext.Web.Tests.Services.ConstitutionAnalysisServiceTests" name="MapDiagnostics_CaptureRenderingStructure_GOV001" />
    </UnitTest>
    <UnitTest name="BirkNext.Web.Tests.Services.ConstitutionAnalysisServiceTests.RealConstitution_GOV001_ReferencesNoDuplicates" storage="c:\users\ajaan\source\sdd-repos\birknext\aiassisted\frontend\birknext.web.tests\bin\debug\net8.0\birknext.web.tests.dll" id="f4458b22-e522-da97-fe91-c31613267403">
      <Execution id="759b646e-cac6-47f2-91d3-7ce9f2de886c" />
      <TestMethod codeBase="C:\Users\ajaan\source\sdd-repos\BirkNext\AIAssisted\frontend\BirkNext.Web.Tests\bin\Debug\net8.0\BirkNext.Web.Tests.dll" adapterTypeName="executor://xunit/VsTestRunner2/netcoreapp" className="BirkNext.Web.Tests.Services.ConstitutionAnalysisServiceTests" name="RealConstitution_GOV001_ReferencesNoDuplicates" />
    </UnitTest>
    <UnitTest name="BirkNext.Web.Tests.Services.ConstitutionAnalysisServiceTests.StandardsWithTableAndBullets_PreserveBothInRawText" storage="c:\users\ajaan\source\sdd-repos\birknext\aiassisted\frontend\birknext.web.tests\bin\debug\net8.0\birknext.web.tests.dll" id="044e83a5-024e-4ab1-0e44-8792466b28ea">
      <Execution id="8cadfe8a-4cbc-4153-aae0-57adb2a4c92d" />
      <TestMethod codeBase="C:\Users\ajaan\source\sdd-repos\BirkNext\AIAssisted\frontend\BirkNext.Web.Tests\bin\Debug\net8.0\BirkNext.Web.Tests.dll" adapterTypeName="executor://xunit/VsTestRunner2/netcoreapp" className="BirkNext.Web.Tests.Services.ConstitutionAnalysisServiceTests" name="StandardsWithTableAndBullets_PreserveBothInRawText" />
    </UnitTest>
    <UnitTest name="BirkNext.Web.Tests.Services.ConstitutionAnalysisServiceTests.AuthConstitution_ChangelogParsed" storage="c:\users\ajaan\source\sdd-repos\birknext\aiassisted\frontend\birknext.web.tests\bin\debug\net8.0\birknext.web.tests.dll" id="9c58c818-7448-f6e2-fa82-2a5c90dde1f9">
      <Execution id="b9eea82b-1db9-45db-9bdf-c4d4702dc759" />
      <TestMethod codeBase="C:\Users\ajaan\source\sdd-repos\BirkNext\AIAssisted\frontend\BirkNext.Web.Tests\bin\Debug\net8.0\BirkNext.Web.Tests.dll" adapterTypeName="executor://xunit/VsTestRunner2/netcoreapp" className="BirkNext.Web.Tests.Services.ConstitutionAnalysisServiceTests" name="AuthConstitution_ChangelogParsed" />
    </UnitTest>
    <UnitTest name="BirkNext.Web.Tests.Services.ConstitutionAnalysisServiceTests.Parse_WithModulePrinciples_ExtractsWithoutError" storage="c:\users\ajaan\source\sdd-repos\birknext\aiassisted\frontend\birknext.web.tests\bin\debug\net8.0\birknext.web.tests.dll" id="c135512f-75f7-7cd5-b608-ddfdb6e604ca">
      <Execution id="ca9182b4-a4ca-4eae-8ce4-9a6ff7fdc045" />
      <TestMethod codeBase="C:\Users\ajaan\source\sdd-repos\BirkNext\AIAssisted\frontend\BirkNext.Web.Tests\bin\Debug\net8.0\BirkNext.Web.Tests.dll" adapterTypeName="executor://xunit/VsTestRunner2/netcoreapp" className="BirkNext.Web.Tests.Services.ConstitutionAnalysisServiceTests" name="Parse_WithModulePrinciples_ExtractsWithoutError" />
    </UnitTest>
    <UnitTest name="BirkNext.Web.Tests.Services.ConstitutionMapTreeTests.BuildMapTree_SharedChildUnderTwoParents_RendersBothEdges" storage="c:\users\ajaan\source\sdd-repos\birknext\aiassisted\frontend\birknext.web.tests\bin\debug\net8.0\birknext.web.tests.dll" id="c8fac6bd-d925-9056-7ba1-3003d6d32acc">
      <Execution id="a1bbe110-4902-4dda-86db-d1d358a9bf83" />
      <TestMethod codeBase="C:\Users\ajaan\source\sdd-repos\BirkNext\AIAssisted\frontend\BirkNext.Web.Tests\bin\Debug\net8.0\BirkNext.Web.Tests.dll" adapterTypeName="executor://xunit/VsTestRunner2/netcoreapp" className="BirkNext.Web.Tests.Services.ConstitutionMapTreeTests" name="BuildMapTree_SharedChildUnderTwoParents_RendersBothEdges" />
    </UnitTest>
    <UnitTest name="BirkNext.Web.Tests.Services.ConstitutionAnalysisServiceTests.AuthConstitution_TotalRulesMatchesSectionCounts" storage="c:\users\ajaan\source\sdd-repos\birknext\aiassisted\frontend\birknext.web.tests\bin\debug\net8.0\birknext.web.tests.dll" id="ee0ccdc2-ba30-7a13-33b6-f969588b8045">
      <Execution id="f5b9c031-cbc3-4672-aa11-53dfd034e20f" />
      <TestMethod codeBase="C:\Users\ajaan\source\sdd-repos\BirkNext\AIAssisted\frontend\BirkNext.Web.Tests\bin\Debug\net8.0\BirkNext.Web.Tests.dll" adapterTypeName="executor://xunit/VsTestRunner2/netcoreapp" className="BirkNext.Web.Tests.Services.ConstitutionAnalysisServiceTests" name="AuthConstitution_TotalRulesMatchesSectionCounts" />
    </UnitTest>
    <UnitTest name="BirkNext.Web.Tests.Services.ConstitutionAnalysisServiceTests.RealConstitution_MapRoots_NoDuplicateChildren" storage="c:\users\ajaan\source\sdd-repos\birknext\aiassisted\frontend\birknext.web.tests\bin\debug\net8.0\birknext.web.tests.dll" id="b155989d-b595-d531-62d6-1fc27b8f8535">
      <Execution id="0f08923b-2390-43c3-b3c1-4020f2f2470e" />
      <TestMethod codeBase="C:\Users\ajaan\source\sdd-repos\BirkNext\AIAssisted\frontend\BirkNext.Web.Tests\bin\Debug\net8.0\BirkNext.Web.Tests.dll" adapterTypeName="executor://xunit/VsTestRunner2/netcoreapp" className="BirkNext.Web.Tests.Services.ConstitutionAnalysisServiceTests" name="RealConstitution_MapRoots_NoDuplicateChildren" />
    </UnitTest>
    <UnitTest name="BirkNext.Web.Tests.Services.ConstitutionAnalysisServiceTests.MultiId_PrincipleWithParenthesisIdSearchablePP04" storage="c:\users\ajaan\source\sdd-repos\birknext\aiassisted\frontend\birknext.web.tests\bin\debug\net8.0\birknext.web.tests.dll" id="994b66c3-c41f-a9c6-c2f1-6eec33475756">
      <Execution id="e8181c4e-2202-452e-8ca1-e6e74f67d675" />
      <TestMethod codeBase="C:\Users\ajaan\source\sdd-repos\BirkNext\AIAssisted\frontend\BirkNext.Web.Tests\bin\Debug\net8.0\BirkNext.Web.Tests.dll" adapterTypeName="executor://xunit/VsTestRunner2/netcoreapp" className="BirkNext.Web.Tests.Services.ConstitutionAnalysisServiceTests" name="MultiId_PrincipleWithParenthesisIdSearchablePP04" />
    </UnitTest>
    <UnitTest name="BirkNext.Web.Tests.Services.ConstitutionAnalysisServiceTests.AuthConstitution_GovernanceParsed" storage="c:\users\ajaan\source\sdd-repos\birknext\aiassisted\frontend\birknext.web.tests\bin\debug\net8.0\birknext.web.tests.dll" id="84d2b101-6341-1d4e-8d12-6f5dab372037">
      <Execution id="ec0a76f7-3c6e-4b0a-8020-fb97a9dea4de" />
[...]
      <Execution id="782bf6f4-a5cf-405c-99ef-64e5d973cbcd" />
      <TestMethod codeBase="C:\Users\ajaan\source\sdd-repos\BirkNext\AIAssisted\frontend\BirkNext.Web.Tests\bin\Debug\net8.0\BirkNext.Web.Tests.dll" adapterTypeName="executor://xunit/VsTestRunner2/netcoreapp" className="BirkNext.Web.Tests.Services.ConstitutionAnalysisServiceTests" name="StandardRendering_WithMarkdownTable_ProducesHtmlTable" />
    </UnitTest>
    <UnitTest name="BirkNext.Web.Tests.Services.ConstitutionAnalysisServiceTests.RealConstitution_PP02_NotMultiplied_AsDirectChild" storage="c:\users\ajaan\source\sdd-repos\birknext\aiassisted\frontend\birknext.web.tests\bin\debug\net8.0\birknext.web.tests.dll" id="87a2e336-4eae-ec82-bf12-6bb654b17709">
      <Execution id="5c4fbdd5-f5fd-48e5-981d-fb90c61dfbdc" />
      <TestMethod codeBase="C:\Users\ajaan\source\sdd-repos\BirkNext\AIAssisted\frontend\BirkNext.Web.Tests\bin\Debug\net8.0\BirkNext.Web.Tests.dll" adapterTypeName="executor://xunit/VsTestRunner2/netcoreapp" className="BirkNext.Web.Tests.Services.ConstitutionAnalysisServiceTests" name="RealConstitution_PP02_NotMultiplied_AsDirectChild" />
    </UnitTest>
    <UnitTest name="BirkNext.Web.Tests.Services.ConstitutionAnalysisServiceTests.RealConstitution_SourceCodeLanguage_PreservesTable" storage="c:\users\ajaan\source\sdd-repos\birknext\aiassisted\frontend\birknext.web.tests\bin\debug\net8.0\birknext.web.tests.dll" id="c67af53b-e008-9cde-94c6-807e8b9ef4fa">
      <Execution id="35b30cf1-a0ec-48d5-9a43-248abf9331dd" />
      <TestMethod codeBase="C:\Users\ajaan\source\sdd-repos\BirkNext\AIAssisted\frontend\BirkNext.Web.Tests\bin\Debug\net8.0\BirkNext.Web.Tests.dll" adapterTypeName="executor://xunit/VsTestRunner2/netcoreapp" className="BirkNext.Web.Tests.Services.ConstitutionAnalysisServiceTests" name="RealConstitution_SourceCodeLanguage_PreservesTable" />
    </UnitTest>
    <UnitTest name="BirkNext.Web.Tests.Services.ConstitutionAnalysisServiceTests.Changelog_WithAscendingVersions_LatestVersionDeterminedBySemVerNotPosition" storage="c:\users\ajaan\source\sdd-repos\birknext\aiassisted\frontend\birknext.web.tests\bin\debug\net8.0\birknext.web.tests.dll" id="8674e201-5c81-4c38-275f-575cb410cb05">
      <Execution id="a0d5786c-67d4-401d-9df4-4b11747d854b" />
      <TestMethod codeBase="C:\Users\ajaan\source\sdd-repos\BirkNext\AIAssisted\frontend\BirkNext.Web.Tests\bin\Debug\net8.0\BirkNext.Web.Tests.dll" adapterTypeName="executor://xunit/VsTestRunner2/netcoreapp" className="BirkNext.Web.Tests.Services.ConstitutionAnalysisServiceTests" name="Changelog_WithAscendingVersions_LatestVersionDeterminedBySemVerNotPosition" />
    </UnitTest>
  </TestDefinitions>
  <TestEntries>
    <TestEntry testId="6cd7947a-b896-ee3e-b771-5a4de3c4ff26" executionId="c72bc876-9796-4a74-829b-3e5ee503e8a6" testListId="8c84fa94-04c1-424b-9868-57a2d4851a1d" />
    <TestEntry testId="a9d37376-0306-3e30-4575-9703922a2b43" executionId="2439ed6e-e785-4686-b348-df7fb96f10e8" testListId="8c84fa94-04c1-424b-9868-57a2d4851a1d" />
    <TestEntry testId="9a1ef4f8-9639-7bd7-34c5-1e254e04327c" executionId="8ec90868-645b-4a30-9673-9c20a2639dd9" testListId="8c84fa94-04c1-424b-9868-57a2d4851a1d" />
    <TestEntry testId="994b66c3-c41f-a9c6-c2f1-6eec33475756" executionId="e8181c4e-2202-452e-8ca1-e6e74f67d675" testListId="8c84fa94-04c1-424b-9868-57a2d4851a1d" />
    <TestEntry testId="ad5f80ff-e6c3-579e-42b8-1aef78537deb" executionId="95f34567-8711-4c6b-874f-08fa16dcac1c" testListId="8c84fa94-04c1-424b-9868-57a2d4851a1d" />
    <TestEntry testId="8a9c5739-0644-3d29-d5c4-2006425d152e" executionId="091f0424-fcd6-4e6c-a292-e187631d6884" testListId="8c84fa94-04c1-424b-9868-57a2d4851a1d" />
    <TestEntry testId="c1b3ff85-bc48-021f-996f-b0173b50cf2a" executionId="0a879a61-ab48-4667-9921-5e10802a32b6" testListId="8c84fa94-04c1-424b-9868-57a2d4851a1d" />
    <TestEntry testId="8674e201-5c81-4c38-275f-575cb410cb05" executionId="a0d5786c-67d4-401d-9df4-4b11747d854b" testListId="8c84fa94-04c1-424b-9868-57a2d4851a1d" />
    <TestEntry testId="a920af63-7d76-f6dc-7d8d-02965c1a6e3f" executionId="66da9fed-0411-45aa-9783-5f7cdb555be1" testListId="8c84fa94-04c1-424b-9868-57a2d4851a1d" />
    <TestEntry testId="1d944010-5dbd-9831-e91b-6945a77a63e1" executionId="750b4dfa-8676-4a7e-b314-39179a00cd46" testListId="8c84fa94-04c1-424b-9868-57a2d4851a1d" />
    <TestEntry testId="0dd62791-1b7b-ccd8-fec5-16c826f5503d" executionId="8c1fabb9-a5b8-44bb-8e69-ed9cfc6d85a1" testListId="8c84fa94-04c1-424b-9868-57a2d4851a1d" />
    <TestEntry testId="4cac14d2-f00b-4a3f-5e6c-7e11fef002c9" executionId="2e9b4365-095e-434f-b86b-44cb4cc7f7a3" testListId="8c84fa94-04c1-424b-9868-57a2d4851a1d" />
    <TestEntry testId="5cff2280-a1c6-3486-a4a2-fbc56c15ccd7" executionId="767deb47-4b8d-4702-8502-a33a5b4b0900" testListId="8c84fa94-04c1-424b-9868-57a2d4851a1d" />
    <TestEntry testId="b155989d-b595-d531-62d6-1fc27b8f8535" executionId="0f08923b-2390-43c3-b3c1-4020f2f2470e" testListId="8c84fa94-04c1-424b-9868-57a2d4851a1d" />
    <TestEntry testId="1deef7d4-d2c4-84f7-084c-4851839615c5" executionId="f9289e93-7d2e-4a39-ad7c-a89b9fff6c7a" testListId="8c84fa94-04c1-424b-9868-57a2d4851a1d" />
    <TestEntry testId="960078bf-57b1-b321-6af0-f5f8813d3366" executionId="27a9ffdc-459f-4a3a-b09d-6d01d71e8ad3" testListId="8c84fa94-04c1-424b-9868-57a2d4851a1d" />
    <TestEntry testId="cdd3d52d-b640-b789-b688-1dfe1f0885a8" executionId="ddef78d3-694b-4115-b615-3bab91827de9" testListId="8c84fa94-04c1-424b-9868-57a2d4851a1d" />
    <TestEntry testId="f37ee4eb-ba19-362e-d127-5e781d3d1bdb" executionId="d42b9071-fab7-4a7c-a01d-3743517316af" testListId="8c84fa94-04c1-424b-9868-57a2d4851a1d" />
    <TestEntry testId="dcd466ea-9780-0509-3100-cd90b5831f05" executionId="38e95d6c-d83e-4d00-acdf-eee2549b098e" testListId="8c84fa94-04c1-424b-9868-57a2d4851a1d" />
    <TestEntry testId="7f4c65bf-f740-2fd5-20ad-c4f6af4c89d2" executionId="5604ff94-fc3c-4e0c-a39f-e9689e70db55" testListId="8c84fa94-04c1-424b-9868-57a2d4851a1d" />
    <TestEntry testId="b109a626-7622-81a1-28f4-1c1d89a24830" executionId="00e067dc-8264-478a-bc14-6dfe62275f92" testListId="8c84fa94-04c1-424b-9868-57a2d4851a1d" />
    <TestEntry testId="044e83a5-024e-4ab1-0e44-8792466b28ea" executionId="8cadfe8a-4cbc-4153-aae0-57adb2a4c92d" testListId="8c84fa94-04c1-424b-9868-57a2d4851a1d" />
    <TestEntry testId="2772d729-07c9-305b-7fc6-3823153f0d1f" executionId="244281b0-e61c-406e-baba-adf5b077f278" testListId="8c84fa94-04c1-424b-9868-57a2d4851a1d" />
    <TestEntry testId="557f4057-1593-c6f7-6527-b114c25f1abc" executionId="bae85fbb-69d8-4117-8e3c-fa7f45c275e9" testListId="8c84fa94-04c1-424b-9868-57a2d4851a1d" />
    <TestEntry testId="d5caa699-2343-e0ea-f19f-aef737c01c9e" executionId="47e7bc4f-c882-4699-9f10-c596cdecec67" testListId="8c84fa94-04c1-424b-9868-57a2d4851a1d" />
    <TestEntry testId="814e9f43-3107-3fe9-ed38-cc5caba6859f" executionId="2147fc3f-fef3-454d-88e8-795cda13cfcd" testListId="8c84fa94-04c1-424b-9868-57a2d4851a1d" />
    <TestEntry testId="497be3a0-a1e9-ae2b-16dd-14681caa4969" executionId="d426c6aa-9ed6-461e-8e65-cc82da8235fb" testListId="8c84fa94-04c1-424b-9868-57a2d4851a1d" />
    <TestEntry testId="8f6dad0a-363a-3fe9-b201-c5e5200b7014" executionId="3daa4517-37e1-460e-aa79-c32b7b533dfc" testListId="8c84fa94-04c1-424b-9868-57a2d4851a1d" />
    <TestEntry testId="3bf8a877-f4c6-0a58-0558-836b72b02656" executionId="67b31ba9-828f-4b0a-a20d-b7c2d6cb8cbe" testListId="8c84fa94-04c1-424b-9868-57a2d4851a1d" />
    <TestEntry testId="9c58c818-7448-f6e2-fa82-2a5c90dde1f9" executionId="b9eea82b-1db9-45db-9bdf-c4d4702dc759" testListId="8c84fa94-04c1-424b-9868-57a2d4851a1d" />
    <TestEntry testId="ec8d510e-43b4-57d0-1f0d-5cd68c810b5d" executionId="60282556-87b2-47e1-87b6-b536ee170b65" testListId="8c84fa94-04c1-424b-9868-57a2d4851a1d" />
    <TestEntry testId="104ed3a5-f833-f1b9-98f8-47a334a44743" executionId="782bf6f4-a5cf-405c-99ef-64e5d973cbcd" testListId="8c84fa94-04c1-424b-9868-57a2d4851a1d" />
    <TestEntry testId="5b2bad2c-b46b-ca27-b126-6a50ea405435" executionId="d0b4f7db-1333-479b-92e2-ab42f98f7ae0" testListId="8c84fa94-04c1-424b-9868-57a2d4851a1d" />
    <TestEntry testId="84d2b101-6341-1d4e-8d12-6f5dab372037" executionId="ec0a76f7-3c6e-4b0a-8020-fb97a9dea4de" testListId="8c84fa94-04c1-424b-9868-57a2d4851a1d" />
    <TestEntry testId="fe3df3c6-aa64-3ed2-4710-76ae6348d8bb" executionId="1e7183ed-4775-4d26-8ac1-1bb17273784f" testListId="8c84fa94-04c1-424b-9868-57a2d4851a1d" />
    <TestEntry testId="833194ec-19c0-5ec7-bf23-3fe72a380f95" executionId="e24f3dc3-3027-4faa-88f5-755e329b4387" testListId="8c84fa94-04c1-424b-9868-57a2d4851a1d" />
    <TestEntry testId="d2a26fe6-26f7-95de-444d-10e78f75fafc" executionId="0319e4f8-89e2-46c5-8f09-9ae48e06f581" testListId="8c84fa94-04c1-424b-9868-57a2d4851a1d" />
    <TestEntry testId="0a51a59f-e22e-dfb0-3ec8-20525e5e3c29" executionId="b91826ab-1da3-4a4e-9336-fde1be94b6dd" testListId="8c84fa94-04c1-424b-9868-57a2d4851a1d" />
    <TestEntry testId="15f88474-ee5d-0e8c-3456-91f5bab6e742" executionId="c4020122-c315-44e5-8cf0-85049dc13f18" testListId="8c84fa94-04c1-424b-9868-57a2d4851a1d" />
    <TestEntry testId="1010b5d2-c24d-e306-dc88-d8bfca81d5a8" executionId="fd4c5cc0-2f0b-4041-a03c-06846bd30111" testListId="8c84fa94-04c1-424b-9868-57a2d4851a1d" />
    <TestEntry testId="78114688-2492-8310-e32d-0630fdf63ad5" executionId="f5aa944c-2b14-4712-8c49-8a37a9625fa5" testListId="8c84fa94-04c1-424b-9868-57a2d4851a1d" />
    <TestEntry testId="38ca401c-005d-c27e-2ca8-a494f38a189a" executionId="0bbc48cc-2035-4c19-bdf9-f3768a51eb7d" testListId="8c84fa94-04c1-424b-9868-57a2d4851a1d" />
    <TestEntry testId="e5653b32-0ef0-7a10-8b44-9326bce90f25" executionId="2e2d09db-7735-49b2-ba14-8212716e4cfe" testListId="8c84fa94-04c1-424b-9868-57a2d4851a1d" />
    <TestEntry testId="c135512f-75f7-7cd5-b608-ddfdb6e604ca" executionId="ca9182b4-a4ca-4eae-8ce4-9a6ff7fdc045" testListId="8c84fa94-04c1-424b-9868-57a2d4851a1d" />
    <TestEntry testId="1dc371d6-a933-c65d-e28a-69c1e684c40b" executionId="8ec00d93-b1c2-43d1-ba7a-c26b89216afb" testListId="8c84fa94-04c1-424b-9868-57a2d4851a1d" />
    <TestEntry testId="60a39904-9a1f-a86f-7eae-88b5631fe7b5" executionId="dea9eac4-34af-4bf2-970b-4716a8a4745a" testListId="8c84fa94-04c1-424b-9868-57a2d4851a1d" />
    <TestEntry testId="f246ad96-bd61-287f-8681-5c898f055870" executionId="3fda8a26-6596-43a7-b371-4673c7024aaa" testListId="8c84fa94-04c1-424b-9868-57a2d4851a1d" />
    <TestEntry testId="ef27646b-0d0c-da2b-8526-03cfc8ee0858" executionId="4252978c-3629-45c6-84ed-da2b2cd1d182" testListId="8c84fa94-04c1-424b-9868-57a2d4851a1d" />
    <TestEntry testId="c5410cd4-df22-fdcc-a561-5c11c5158582" executionId="f8fc8f05-f5de-411c-a8a8-736ab1fbf06e" testListId="8c84fa94-04c1-424b-9868-57a2d4851a1d" />
    <TestEntry testId="eaf93810-2295-5146-23a3-0495813bb25d" executionId="f6f28def-1b14-4891-944d-831c4bb1eb0e" testListId="8c84fa94-04c1-424b-9868-57a2d4851a1d" />
    <TestEntry testId="a0928e83-5a72-9706-3383-d6be35695193" executionId="712ebcab-b7c1-4bab-9a96-66369028881b" testListId="8c84fa94-04c1-424b-9868-57a2d4851a1d" />
    <TestEntry testId="06d46aa3-29fc-6da4-d752-71cbe1c2f4b2" executionId="d7962ad9-7813-4909-929b-c619f226eccc" testListId="8c84fa94-04c1-424b-9868-57a2d4851a1d" />
    <TestEntry testId="e5d54874-40ce-bb84-19e7-3cb304657ae7" executionId="8a0d91c4-b1d9-415d-9dd8-ff2cea554fff" testListId="8c84fa94-04c1-424b-9868-57a2d4851a1d" />
    <TestEntry testId="a023c93f-3854-963c-22d8-38244aaa450c" executionId="2d2ececd-e5d2-4f08-9cd6-af815fc37fde" testListId="8c84fa94-04c1-424b-9868-57a2d4851a1d" />
    <TestEntry testId="9de662c4-73d5-327c-528b-62851fc727b3" executionId="194c73bf-e7ff-403e-899d-dc779d994919" testListId="8c84fa94-04c1-424b-9868-57a2d4851a1d" />
    <TestEntry testId="b2033019-1f4e-40f7-89c1-f358d93aabc4" executionId="33706ce4-3595-47a4-97bc-3836e398dfb7" testListId="8c84fa94-04c1-424b-9868-57a2d4851a1d" />
    <TestEntry testId="feec3437-7ebd-100a-10f8-f47d80308294" executionId="ec0f0f1f-4819-4e1e-9379-c5344060d5c9" testListId="8c84fa94-04c1-424b-9868-57a2d4851a1d" />
    <TestEntry testId="da9fd775-2fc1-db39-7125-f4b30712a29b" executionId="378a831b-01c7-413c-944a-e8b00cb34280" testListId="8c84fa94-04c1-424b-9868-57a2d4851a1d" />
    <TestEntry testId="fac74a82-a8a6-3fc1-36c8-51e19e43ec66" executionId="96354022-6d31-47ba-84b9-cef06e3efc1c" testListId="8c84fa94-04c1-424b-9868-57a2d4851a1d" />
    <TestEntry testId="3270f500-b79a-83de-1f03-36bf677275ce" executionId="0ab66070-c4b0-4288-b843-cea8209b4888" testListId="8c84fa94-04c1-424b-9868-57a2d4851a1d" />
    <TestEntry testId="ee3f0d68-e40a-0598-21cc-1ef96f7b54d2" executionId="dcf6eb2c-88a4-4b1b-9f76-e0b861916bd7" testListId="8c84fa94-04c1-424b-9868-57a2d4851a1d" />
    <TestEntry testId="775588e8-8f2f-0399-9503-80284eaa1fff" executionId="db5d3fef-b40d-4926-bfad-3e69ccc4acbc" testListId="8c84fa94-04c1-424b-9868-57a2d4851a1d" />
    <TestEntry testId="3456f6c3-6103-5c38-0bc9-bcb9c50b530f" executionId="81f9c56b-9a82-4121-8ccc-ad2d81dd9fdb" testListId="8c84fa94-04c1-424b-9868-57a2d4851a1d" />
    <TestEntry testId="ee0ccdc2-ba30-7a13-33b6-f969588b8045" executionId="f5b9c031-cbc3-4672-aa11-53dfd034e20f" testListId="8c84fa94-04c1-424b-9868-57a2d4851a1d" />
    <TestEntry testId="bfe79a5d-446f-1c0a-dd5d-9af6d9e29397" executionId="fec8d4db-fb97-445e-b543-c4579ae0224c" testListId="8c84fa94-04c1-424b-9868-57a2d4851a1d" />
    <TestEntry testId="b9aaf447-e6f9-0d4a-52bc-50c7a85e52bd" executionId="80e948e6-04d0-4fbe-92da-99b1fcbc1ec2" testListId="8c84fa94-04c1-424b-9868-57a2d4851a1d" />
    <TestEntry testId="1f44e410-9ab9-7a33-f1ad-a928ecdbce97" executionId="2c5f9773-ac85-4d81-90d6-19804a8f2fcc" testListId="8c84fa94-04c1-424b-9868-57a2d4851a1d" />
    <TestEntry testId="5b3357b9-a4f9-d31c-2fb5-d4bdf9aa75ca" executionId="9ad0026e-1d2c-4016-9296-1151ecf542c2" testListId="8c84fa94-04c1-424b-9868-57a2d4851a1d" />
    <TestEntry testId="d25b3e36-b343-a8b0-f7f6-caa8d308d2bb" executionId="06731cca-fe50-4b3e-a731-a728f9b96cb6" testListId="8c84fa94-04c1-424b-9868-57a2d4851a1d" />
    <TestEntry testId="7e5300b2-4574-1d67-3840-d71c5e264cb9" executionId="c199c617-cca2-4be6-b5d7-87118fc62ebe" testListId="8c84fa94-04c1-424b-9868-57a2d4851a1d" />
    <TestEntry testId="f4458b22-e522-da97-fe91-c31613267403" executionId="759b646e-cac6-47f2-91d3-7ce9f2de886c" testListId="8c84fa94-04c1-424b-9868-57a2d4851a1d" />
    <TestEntry testId="bdc17c2e-8cfa-6e5b-2782-4ea737780cd2" executionId="957f9ae6-18d1-4952-b586-1e24e65776b0" testListId="8c84fa94-04c1-424b-9868-57a2d4851a1d" />
    <TestEntry testId="cd1495c8-274f-1375-342a-e754c1c04b21" executionId="f1ce00b1-3f43-4283-b755-cce5afe13114" testListId="8c84fa94-04c1-424b-9868-57a2d4851a1d" />
    <TestEntry testId="c8fac6bd-d925-9056-7ba1-3003d6d32acc" executionId="a1bbe110-4902-4dda-86db-d1d358a9bf83" testListId="8c84fa94-04c1-424b-9868-57a2d4851a1d" />
    <TestEntry testId="8e33dd20-2fa8-d8bd-640e-aaf4f19595ca" executionId="ae99bca0-239d-4f08-ba60-a43037fe6803" testListId="8c84fa94-04c1-424b-9868-57a2d4851a1d" />
    <TestEntry testId="c709c9d4-6ad5-b43f-6044-641bec91c510" executionId="e15f7c3f-18ee-4e37-b636-7f40978498cf" testListId="8c84fa94-04c1-424b-9868-57a2d4851a1d" />
    <TestEntry testId="a71c6816-9b8f-1b09-0ca2-3b9aad80a0eb" executionId="0f0a97f0-cce8-4ff7-be29-462ecff45ee4" testListId="8c84fa94-04c1-424b-9868-57a2d4851a1d" />
    <TestEntry testId="60bf8be7-f95d-b8e9-f4bf-8323dbb7f66d" executionId="1a33126e-4917-4432-bd6b-9663a1c89212" testListId="8c84fa94-04c1-424b-9868-57a2d4851a1d" />
    <TestEntry testId="84af18f1-11d8-2cab-5bbe-7873a31d96fc" executionId="3d9c1af4-1b82-468d-90b8-3188c5f5ba00" testListId="8c84fa94-04c1-424b-9868-57a2d4851a1d" />
    <TestEntry testId="70c443e6-14bd-291f-ab76-f21cddbf5227" executionId="54e0991d-4830-4fcf-b2fe-884bff954e4c" testListId="8c84fa94-04c1-424b-9868-57a2d4851a1d" />
    <TestEntry testId="fcb4a82c-68f4-e06d-32ca-2c97bee9cab9" executionId="2aeef690-e16e-457c-865c-541467a5eb02" testListId="8c84fa94-04c1-424b-9868-57a2d4851a1d" />
    <TestEntry testId="7dc58539-c762-757c-a4ed-bd37481fcf10" executionId="2cf7784a-e562-460d-af3b-eb923128831b" testListId="8c84fa94-04c1-424b-9868-57a2d4851a1d" />
    <TestEntry testId="18ffc505-6c2a-a78c-ff18-95c3cd7c1963" executionId="b9ff23be-af00-4a53-94e9-0ca554e75149" testListId="8c84fa94-04c1-424b-9868-57a2d4851a1d" />
    <TestEntry testId="8e7420aa-78ff-7d9f-2876-a1b1f7886ec7" executionId="ea7dac38-e7f8-4202-a22f-a37ec8370dd0" testListId="8c84fa94-04c1-424b-9868-57a2d4851a1d" />
    <TestEntry testId="7a139d93-fcf9-17fd-a5da-bcf01e3a236b" executionId="a5ad6f2f-a4df-4456-89af-f334b72832b3" testListId="8c84fa94-04c1-424b-9868-57a2d4851a1d" />
    <TestEntry testId="c67af53b-e008-9cde-94c6-807e8b9ef4fa" executionId="35b30cf1-a0ec-48d5-9a43-248abf9331dd" testListId="8c84fa94-04c1-424b-9868-57a2d4851a1d" />
    <TestEntry testId="8fc3b3cb-58f9-1e89-2844-2c11a223373f" executionId="6ae1e88e-b95a-42f7-a8c7-032f05cf619d" testListId="8c84fa94-04c1-424b-9868-57a2d4851a1d" />
    <TestEntry testId="95787c70-f9f4-297c-ca51-e01d35cc65d6" executionId="955d2f8b-f8d4-4765-ae2c-2df41f97c107" testListId="8c84fa94-04c1-424b-9868-57a2d4851a1d" />
    <TestEntry testId="87a2e336-4eae-ec82-bf12-6bb654b17709" executionId="5c4fbdd5-f5fd-48e5-981d-fb90c61dfbdc" testListId="8c84fa94-04c1-424b-9868-57a2d4851a1d" />
    <TestEntry testId="4f0d3673-b101-cb53-c7ed-472be71020f1" executionId="488725ea-657b-409c-8b87-05ddf9823d24" testListId="8c84fa94-04c1-424b-9868-57a2d4851a1d" />
    <TestEntry testId="d8f22977-8c2c-f589-3035-c711d565589a" executionId="c15da0ce-0f87-48ee-b086-1df7962f7123" testListId="8c84fa94-04c1-424b-9868-57a2d4851a1d" />
    <TestEntry testId="e29c954c-622b-9b23-3f58-67af7f13efc5" executionId="090fc901-c081-45a1-ad53-e798d269ee1f" testListId="8c84fa94-04c1-424b-9868-57a2d4851a1d" />
    <TestEntry testId="4a07f83e-057f-c903-fb89-ab9d76be7bda" executionId="b23cb01b-976b-44ae-9084-47ad10286e72" testListId="8c84fa94-04c1-424b-9868-57a2d4851a1d" />
  </TestEntries>
  <TestLists>
    <TestList name="Results Not in a List" id="8c84fa94-04c1-424b-9868-57a2d4851a1d" />
    <TestList name="All Loaded Results" id="19431567-8539-422a-85d7-44ee4e166bda" />
  </TestLists>
  <ResultSummary outcome="Completed">
    <Counters total="93" executed="93" passed="93" failed="0" error="0" timeout="0" aborted="0" inconclusive="0" passedButRunAborted="0" notRunnable="0" notExecuted="0" disconnected="0" warning="0" completed="0" inProgress="0" pending="0" />
    <Output>
      <StdOut>[xUnit.net 00:00:00.00] xUnit.net VSTest Adapter v2.5.3.1+6b60a9e56a (64-bit .NET 8.0.16)&#xD;
[xUnit.net 00:00:00.07]   Discovering: BirkNext.Web.Tests&#xD;
[xUnit.net 00:00:00.18]   Discovered:  BirkNext.Web.Tests&#xD;
[xUnit.net 00:00:00.19]   Starting:    BirkNext.Web.Tests&#xD;
     Warning:&#xD;
     The component "Fluent Assertions" is governed by the rules defined in the Xceed License Agreement and&#xD;
     the Xceed Fluent Assertions Community License. You may use Fluent Assertions free of charge for&#xD;
     non-commercial use only. An active subscription is required to use Fluent Assertions for commercial use.&#xD;
     Please contact Xceed Sales mailto:sales@xceed.com to acquire a subscription at a very low cost.&#xD;
     A paid commercial license supports the development and continued increasing support of&#xD;
     Fluent Assertions users under both commercial and community licenses. Help us&#xD;
     keep Fluent Assertions at the forefront of unit testing.&#xD;
     For more information, visit https://xceed.com/products/unit-testing/fluent-assertions/&#xD;
[xUnit.net 00:00:00.51]   Finished:    BirkNext.Web.Tests&#xD;
</StdOut>
    </Output>
  </ResultSummary>
</TestRun>