<?xml version="1.0" encoding="utf-8"?>
<TestRun id="6acb5839-0ed6-4bbd-a36d-65413eac3788" name="ajaan@BUF-5CG4423FYV 2026-08-17 13:12:06" runUser="COMMON\ajaan" xmlns="http://microsoft.com/schemas/VisualStudio/TeamTest/2010">
  <Times creation="2026-08-17T13:12:06.1380985+02:00" queuing="2026-08-17T13:12:06.1380990+02:00" start="2026-08-17T13:12:03.9108574+02:00" finish="2026-08-17T13:12:06.1421405+02:00" />
  <TestSettings name="default" id="2cdf30db-0da9-4e25-ae34-7e8f3b8b5e0e">
    <Deployment runDeploymentRoot="ajaan_BUF-5CG4423FYV_2026-08-17_13_12_06" />
  </TestSettings>
  <Results>
    <UnitTestResult executionId="dfb83bdc-ffe2-47aa-a743-1b6e27b1d3dd" testId="843c14d6-5cf9-e982-5511-849f094bc8a1" testName="BirkNext.Web.Tests.Services.FrontendAnalysisSettingsServiceTests.ValidateProfile_RejectsInvalidUrl" computerName="BUF-5CG4423FYV" duration="00:00:00.0130509" startTime="2026-08-17T13:12:05.9890422+02:00" endTime="2026-08-17T13:12:05.9890543+02:00" testType="13cdc9d9-ddb5-4fa4-a97d-d965ccfc6d4b" outcome="Passed" testListId="8c84fa94-04c1-424b-9868-57a2d4851a1d" relativeResultsDirectory="dfb83bdc-ffe2-47aa-a743-1b6e27b1d3dd" />
    <UnitTestResult executionId="71025603-83a7-4ec1-b827-9c519b8805cd" testId="6bbd255a-4eb9-89ad-8927-27d8bfb067ee" testName="BirkNext.Web.Tests.Services.FrontendAnalysisContextFactoryTests.GetActiveContextAsync_DiagnosticsDoNotExposeSecrets" computerName="BUF-5CG4423FYV" duration="00:00:00.1049364" startTime="2026-08-17T13:12:06.0786186+02:00" endTime="2026-08-17T13:12:06.0786190+02:00" testType="13cdc9d9-ddb5-4fa4-a97d-d965ccfc6d4b" outcome="Passed" testListId="8c84fa94-04c1-424b-9868-57a2d4851a1d" relativeResultsDirectory="71025603-83a7-4ec1-b827-9c519b8805cd" />
  </Results>
  <TestDefinitions>
    <UnitTest name="BirkNext.Web.Tests.Services.FrontendAnalysisContextFactoryTests.GetActiveContextAsync_DiagnosticsDoNotExposeSecrets" storage="c:\users\ajaan\source\sdd-repos\birknext\aiassisted\frontend\birknext.web.tests\bin\debug\net8.0\birknext.web.tests.dll" id="6bbd255a-4eb9-89ad-8927-27d8bfb067ee">
      <Execution id="71025603-83a7-4ec1-b827-9c519b8805cd" />
      <TestMethod codeBase="C:\Users\ajaan\source\sdd-repos\BirkNext\AIAssisted\frontend\BirkNext.Web.Tests\bin\Debug\net8.0\BirkNext.Web.Tests.dll" adapterTypeName="executor://xunit/VsTestRunner2/netcoreapp" className="BirkNext.Web.Tests.Services.FrontendAnalysisContextFactoryTests" name="GetActiveContextAsync_DiagnosticsDoNotExposeSecrets" />
    </UnitTest>
    <UnitTest name="BirkNext.Web.Tests.Services.FrontendAnalysisSettingsServiceTests.ValidateProfile_RejectsInvalidUrl" storage="c:\users\ajaan\source\sdd-repos\birknext\aiassisted\frontend\birknext.web.tests\bin\debug\net8.0\birknext.web.tests.dll" id="843c14d6-5cf9-e982-5511-849f094bc8a1">
      <Execution id="dfb83bdc-ffe2-47aa-a743-1b6e27b1d3dd" />
      <TestMethod codeBase="C:\Users\ajaan\source\sdd-repos\BirkNext\AIAssisted\frontend\BirkNext.Web.Tests\bin\Debug\net8.0\BirkNext.Web.Tests.dll" adapterTypeName="executor://xunit/VsTestRunner2/netcoreapp" className="BirkNext.Web.Tests.Services.FrontendAnalysisSettingsServiceTests" name="ValidateProfile_RejectsInvalidUrl" />
    </UnitTest>
  </TestDefinitions>
  <TestEntries>
    <TestEntry testId="843c14d6-5cf9-e982-5511-849f094bc8a1" executionId="dfb83bdc-ffe2-47aa-a743-1b6e27b1d3dd" testListId="8c84fa94-04c1-424b-9868-57a2d4851a1d" />
    <TestEntry testId="6bbd255a-4eb9-89ad-8927-27d8bfb067ee" executionId="71025603-83a7-4ec1-b827-9c519b8805cd" testListId="8c84fa94-04c1-424b-9868-57a2d4851a1d" />
  </TestEntries>
  <TestLists>
    <TestList name="Results Not in a List" id="8c84fa94-04c1-424b-9868-57a2d4851a1d" />
    <TestList name="All Loaded Results" id="19431567-8539-422a-85d7-44ee4e166bda" />
  </TestLists>
  <ResultSummary outcome="Completed">
    <Counters total="2" executed="2" passed="2" failed="0" error="0" timeout="0" aborted="0" inconclusive="0" passedButRunAborted="0" notRunnable="0" notExecuted="0" disconnected="0" warning="0" completed="0" inProgress="0" pending="0" />
    <Output>
      <StdOut>[xUnit.net 00:00:00.00] xUnit.net VSTest Adapter v2.5.3.1+6b60a9e56a (64-bit .NET 8.0.16)&#xD;
[xUnit.net 00:00:01.45]   Discovering: BirkNext.Web.Tests&#xD;
[xUnit.net 00:00:01.57]   Discovered:  BirkNext.Web.Tests&#xD;
[xUnit.net 00:00:01.58]   Starting:    BirkNext.Web.Tests&#xD;
     Warning:&#xD;
     The component "Fluent Assertions" is governed by the rules defined in the Xceed License Agreement and&#xD;
     the Xceed Fluent Assertions Community License. You may use Fluent Assertions free of charge for&#xD;
     non-commercial use only. An active subscription is required to use Fluent Assertions for commercial use.&#xD;
     Please contact Xceed Sales mailto:sales@xceed.com to acquire a subscription at a very low cost.&#xD;
     A paid commercial license supports the development and continued increasing support of&#xD;
     Fluent Assertions users under both commercial and community licenses. Help us&#xD;
     keep Fluent Assertions at the forefront of unit testing.&#xD;
     For more information, visit https://xceed.com/products/unit-testing/fluent-assertions/&#xD;
[xUnit.net 00:00:01.71]   Finished:    BirkNext.Web.Tests&#xD;
</StdOut>
    </Output>
  </ResultSummary>
</TestRun>