<?xml version="1.0" encoding="utf-8"?>
<TestRun id="7e4f082d-60d7-4621-8c8b-3f1a344c756a" name="ajaan@BUF-5CG4423FYV 2026-08-17 12:32:01" runUser="COMMON\ajaan" xmlns="http://microsoft.com/schemas/VisualStudio/TeamTest/2010">
  <Times creation="2026-08-17T12:32:01.5635653+02:00" queuing="2026-08-17T12:32:01.5635659+02:00" start="2026-08-17T12:32:00.6239798+02:00" finish="2026-08-17T12:32:01.5886301+02:00" />
  <TestSettings name="default" id="db11e36b-a18e-4460-9697-7fdec866832f">
    <Deployment runDeploymentRoot="ajaan_BUF-5CG4423FYV_2026-08-17_12_32_01" />
  </TestSettings>
  <Results>
    <UnitTestResult executionId="1c1e6372-d852-40b4-ad13-22fe2e726363" testId="0bf0d2a4-4138-91c1-6877-c3dc112c4976" testName="BirkNext.Web.Tests.Pages.QualityReviewSampleProjectTests.PackAvailability_ReactsToProjectSwitch" computerName="BUF-5CG4423FYV" duration="00:00:00.0073345" startTime="2026-08-17T12:32:01.5055898+02:00" endTime="2026-08-17T12:32:01.5055899+02:00" testType="13cdc9d9-ddb5-4fa4-a97d-d965ccfc6d4b" outcome="Passed" testListId="8c84fa94-04c1-424b-9868-57a2d4851a1d" relativeResultsDirectory="1c1e6372-d852-40b4-ad13-22fe2e726363" />
    <UnitTestResult executionId="eb4353c0-521e-43a2-9655-8c0ca4ede55a" testId="f73e6b4f-4bb1-6e43-6f4f-235189e6100a" testName="BirkNext.Web.Tests.Pages.QualityReviewSampleProjectTests.ProjectSwitch_ReloadsArtifactsAndRecalculatesPackAvailability" computerName="BUF-5CG4423FYV" duration="00:00:00.0056395" startTime="2026-08-17T12:32:01.5182921+02:00" endTime="2026-08-17T12:32:01.5182922+02:00" testType="13cdc9d9-ddb5-4fa4-a97d-d965ccfc6d4b" outcome="Passed" testListId="8c84fa94-04c1-424b-9868-57a2d4851a1d" relativeResultsDirectory="eb4353c0-521e-43a2-9655-8c0ca4ede55a" />
    <UnitTestResult executionId="be740019-c55e-45a8-9704-dd390d53eac1" testId="52a3998d-ed6d-8d33-b589-27da48f3e696" testName="BirkNext.Web.Tests.Pages.QualityReviewSampleProjectTests.NoProjectSelected_ShowsNoProjectStateWithoutManualFallback" computerName="BUF-5CG4423FYV" duration="00:00:00.2324963" startTime="2026-08-17T12:32:01.3863417+02:00" endTime="2026-08-17T12:32:01.3863534+02:00" testType="13cdc9d9-ddb5-4fa4-a97d-d965ccfc6d4b" outcome="Passed" testListId="8c84fa94-04c1-424b-9868-57a2d4851a1d" relativeResultsDirectory="be740019-c55e-45a8-9704-dd390d53eac1" />
    <UnitTestResult executionId="e5cf2f5b-9895-4ed6-a696-2d1ffefd7996" testId="44093f5b-d751-59a6-abe1-02a444e5b309" testName="BirkNext.Web.Tests.Pages.QualityReviewSampleProjectTests.MissingDataModel_MarksOnlyDataModelMissingAndDisablesDataModelPack" computerName="BUF-5CG4423FYV" duration="00:00:00.0035168" startTime="2026-08-17T12:32:01.5091916+02:00" endTime="2026-08-17T12:32:01.5091917+02:00" testType="13cdc9d9-ddb5-4fa4-a97d-d965ccfc6d4b" outcome="Passed" testListId="8c84fa94-04c1-424b-9868-57a2d4851a1d" relativeResultsDirectory="e5cf2f5b-9895-4ed6-a696-2d1ffefd7996" />
    <UnitTestResult executionId="5c8c9fba-834d-41d8-99af-725b7c1f907b" testId="5ecabe3c-0550-8df9-605e-bfc616bc164f" testName="BirkNext.Web.Tests.Pages.QualityReviewSampleProjectTests.InitialLoad_ReadsAllArtifactsFromSelectedSampleProject" computerName="BUF-5CG4423FYV" duration="00:00:00.0584113" startTime="2026-08-17T12:32:01.4444984+02:00" endTime="2026-08-17T12:32:01.4444986+02:00" testType="13cdc9d9-ddb5-4fa4-a97d-d965ccfc6d4b" outcome="Passed" testListId="8c84fa94-04c1-424b-9868-57a2d4851a1d" relativeResultsDirectory="5c8c9fba-834d-41d8-99af-725b7c1f907b" />
    <UnitTestResult executionId="580d9d1f-1879-4782-9f5d-860e1d29f604" testId="e844553d-0fd1-272b-6dce-0431f353c02c" testName="BirkNext.Web.Tests.Pages.QualityReviewSampleProjectTests.RunQualityReview_UsesResolvedSampleProjectSnapshot" computerName="BUF-5CG4423FYV" duration="00:00:00.0408269" startTime="2026-08-17T12:32:01.4915408+02:00" endTime="2026-08-17T12:32:01.4915410+02:00" testType="13cdc9d9-ddb5-4fa4-a97d-d965ccfc6d4b" outcome="Passed" testListId="8c84fa94-04c1-424b-9868-57a2d4851a1d" relativeResultsDirectory="580d9d1f-1879-4782-9f5d-860e1d29f604" />
    <UnitTestResult executionId="bdd26aa7-8ad9-4331-a033-197fb231e72f" testId="8ee72ccf-7ec0-cb5c-e745-fcc2d24ae319" testName="BirkNext.Web.Tests.Pages.QualityReviewSampleProjectTests.WorkspaceArtifactCannotOverrideSampleProjectResolvedArtifact" computerName="BUF-5CG4423FYV" duration="00:00:00.0038451" startTime="2026-08-17T12:32:01.5412871+02:00" endTime="2026-08-17T12:32:01.5412872+02:00" testType="13cdc9d9-ddb5-4fa4-a97d-d965ccfc6d4b" outcome="Passed" testListId="8c84fa94-04c1-424b-9868-57a2d4851a1d" relativeResultsDirectory="bdd26aa7-8ad9-4331-a033-197fb231e72f" />
    <UnitTestResult executionId="810ef53a-153f-420b-8158-c0377c3de59b" testId="c3a8e25e-8a26-2f0e-2520-5f1ce47f6b7b" testName="BirkNext.Web.Tests.Pages.QualityReviewSampleProjectTests.SameProjectRerender_DoesNotResolveArtifactsAgain" computerName="BUF-5CG4423FYV" duration="00:00:00.0032979" startTime="2026-08-17T12:32:01.5126192+02:00" endTime="2026-08-17T12:32:01.5126193+02:00" testType="13cdc9d9-ddb5-4fa4-a97d-d965ccfc6d4b" outcome="Passed" testListId="8c84fa94-04c1-424b-9868-57a2d4851a1d" relativeResultsDirectory="810ef53a-153f-420b-8158-c0377c3de59b" />
    <UnitTestResult executionId="da363d3b-c05e-4f32-ace9-ad0e59009851" testId="5f0a8bc9-3d9c-b0e7-7d93-526e8ec20020" testName="BirkNext.Web.Tests.Pages.QualityReviewSampleProjectTests.DeselectProject_ClearsArtifactsReportAndRunState" computerName="BUF-5CG4423FYV" duration="00:00:00.0109485" startTime="2026-08-17T12:32:01.5414142+02:00" endTime="2026-08-17T12:32:01.5414143+02:00" testType="13cdc9d9-ddb5-4fa4-a97d-d965ccfc6d4b" outcome="Passed" testListId="8c84fa94-04c1-424b-9868-57a2d4851a1d" relativeResultsDirectory="da363d3b-c05e-4f32-ace9-ad0e59009851" />
    <UnitTestResult executionId="a728f51f-b5b2-4303-a3eb-084f8261b55f" testId="bb9cdcff-38ca-caea-df5c-1fb6e04c27fb" testName="BirkNext.Web.Tests.Pages.QualityReviewSampleProjectTests.ProjectSwitch_ClearsReportFromPreviousProject" computerName="BUF-5CG4423FYV" duration="00:00:00.0065255" startTime="2026-08-17T12:32:01.4981485+02:00" endTime="2026-08-17T12:32:01.4981486+02:00" testType="13cdc9d9-ddb5-4fa4-a97d-d965ccfc6d4b" outcome="Passed" testListId="8c84fa94-04c1-424b-9868-57a2d4851a1d" relativeResultsDirectory="a728f51f-b5b2-4303-a3eb-084f8261b55f" />
    <UnitTestResult executionId="87951025-1c3f-4e5f-b121-4cb1218d351e" testId="d9b18078-0ad8-3b7e-0e14-36254772124b" testName="BirkNext.Web.Tests.Pages.QualityReviewSampleProjectTests.ReadOnlyUi_DoesNotRenderManualArtifactInputControls" computerName="BUF-5CG4423FYV" duration="00:00:00.0061567" startTime="2026-08-17T12:32:01.4506964+02:00" endTime="2026-08-17T12:32:01.4506965+02:00" testType="13cdc9d9-ddb5-4fa4-a97d-d965ccfc6d4b" outcome="Passed" testListId="8c84fa94-04c1-424b-9868-57a2d4851a1d" relativeResultsDirectory="87951025-1c3f-4e5f-b121-4cb1218d351e" />
  </Results>
  <TestDefinitions>
    <UnitTest name="BirkNext.Web.Tests.Pages.QualityReviewSampleProjectTests.NoProjectSelected_ShowsNoProjectStateWithoutManualFallback" storage="c:\users\ajaan\source\sdd-repos\birknext\aiassisted\frontend\birknext.web.tests\bin\debug\net8.0\birknext.web.tests.dll" id="52a3998d-ed6d-8d33-b589-27da48f3e696">
      <Execution id="be740019-c55e-45a8-9704-dd390d53eac1" />
      <TestMethod codeBase="C:\Users\ajaan\source\sdd-repos\BirkNext\AIAssisted\frontend\BirkNext.Web.Tests\bin\Debug\net8.0\BirkNext.Web.Tests.dll" adapterTypeName="executor://xunit/VsTestRunner2/netcoreapp" className="BirkNext.Web.Tests.Pages.QualityReviewSampleProjectTests" name="NoProjectSelected_ShowsNoProjectStateWithoutManualFallback" />
    </UnitTest>
    <UnitTest name="BirkNext.Web.Tests.Pages.QualityReviewSampleProjectTests.ReadOnlyUi_DoesNotRenderManualArtifactInputControls" storage="c:\users\ajaan\source\sdd-repos\birknext\aiassisted\frontend\birknext.web.tests\bin\debug\net8.0\birknext.web.tests.dll" id="d9b18078-0ad8-3b7e-0e14-36254772124b">
      <Execution id="87951025-1c3f-4e5f-b121-4cb1218d351e" />
      <TestMethod codeBase="C:\Users\ajaan\source\sdd-repos\BirkNext\AIAssisted\frontend\BirkNext.Web.Tests\bin\Debug\net8.0\BirkNext.Web.Tests.dll" adapterTypeName="executor://xunit/VsTestRunner2/netcoreapp" className="BirkNext.Web.Tests.Pages.QualityReviewSampleProjectTests" name="ReadOnlyUi_DoesNotRenderManualArtifactInputControls" />
    </UnitTest>
    <UnitTest name="BirkNext.Web.Tests.Pages.QualityReviewSampleProjectTests.InitialLoad_ReadsAllArtifactsFromSelectedSampleProject" storage="c:\users\ajaan\source\sdd-repos\birknext\aiassisted\frontend\birknext.web.tests\bin\debug\net8.0\birknext.web.tests.dll" id="5ecabe3c-0550-8df9-605e-bfc616bc164f">
      <Execution id="5c8c9fba-834d-41d8-99af-725b7c1f907b" />
      <TestMethod codeBase="C:\Users\ajaan\source\sdd-repos\BirkNext\AIAssisted\frontend\BirkNext.Web.Tests\bin\Debug\net8.0\BirkNext.Web.Tests.dll" adapterTypeName="executor://xunit/VsTestRunner2/netcoreapp" className="BirkNext.Web.Tests.Pages.QualityReviewSampleProjectTests" name="InitialLoad_ReadsAllArtifactsFromSelectedSampleProject" />
    </UnitTest>
    <UnitTest name="BirkNext.Web.Tests.Pages.QualityReviewSampleProjectTests.RunQualityReview_UsesResolvedSampleProjectSnapshot" storage="c:\users\ajaan\source\sdd-repos\birknext\aiassisted\frontend\birknext.web.tests\bin\debug\net8.0\birknext.web.tests.dll" id="e844553d-0fd1-272b-6dce-0431f353c02c">
      <Execution id="580d9d1f-1879-4782-9f5d-860e1d29f604" />
      <TestMethod codeBase="C:\Users\ajaan\source\sdd-repos\BirkNext\AIAssisted\frontend\BirkNext.Web.Tests\bin\Debug\net8.0\BirkNext.Web.Tests.dll" adapterTypeName="executor://xunit/VsTestRunner2/netcoreapp" className="BirkNext.Web.Tests.Pages.QualityReviewSampleProjectTests" name="RunQualityReview_UsesResolvedSampleProjectSnapshot" />
    </UnitTest>
    <UnitTest name="BirkNext.Web.Tests.Pages.QualityReviewSampleProjectTests.PackAvailability_ReactsToProjectSwitch" storage="c:\users\ajaan\source\sdd-repos\birknext\aiassisted\frontend\birknext.web.tests\bin\debug\net8.0\birknext.web.tests.dll" id="0bf0d2a4-4138-91c1-6877-c3dc112c4976">
      <Execution id="1c1e6372-d852-40b4-ad13-22fe2e726363" />
      <TestMethod codeBase="C:\Users\ajaan\source\sdd-repos\BirkNext\AIAssisted\frontend\BirkNext.Web.Tests\bin\Debug\net8.0\BirkNext.Web.Tests.dll" adapterTypeName="executor://xunit/VsTestRunner2/netcoreapp" className="BirkNext.Web.Tests.Pages.QualityReviewSampleProjectTests" name="PackAvailability_ReactsToProjectSwitch" />
    </UnitTest>
    <UnitTest name="BirkNext.Web.Tests.Pages.QualityReviewSampleProjectTests.WorkspaceArtifactCannotOverrideSampleProjectResolvedArtifact" storage="c:\users\ajaan\source\sdd-repos\birknext\aiassisted\frontend\birknext.web.tests\bin\debug\net8.0\birknext.web.tests.dll" id="8ee72ccf-7ec0-cb5c-e745-fcc2d24ae319">
      <Execution id="bdd26aa7-8ad9-4331-a033-197fb231e72f" />
      <TestMethod codeBase="C:\Users\ajaan\source\sdd-repos\BirkNext\AIAssisted\frontend\BirkNext.Web.Tests\bin\Debug\net8.0\BirkNext.Web.Tests.dll" adapterTypeName="executor://xunit/VsTestRunner2/netcoreapp" className="BirkNext.Web.Tests.Pages.QualityReviewSampleProjectTests" name="WorkspaceArtifactCannotOverrideSampleProjectResolvedArtifact" />
    </UnitTest>
    <UnitTest name="BirkNext.Web.Tests.Pages.QualityReviewSampleProjectTests.SameProjectRerender_DoesNotResolveArtifactsAgain" storage="c:\users\ajaan\source\sdd-repos\birknext\aiassisted\frontend\birknext.web.tests\bin\debug\net8.0\birknext.web.tests.dll" id="c3a8e25e-8a26-2f0e-2520-5f1ce47f6b7b">
      <Execution id="810ef53a-153f-420b-8158-c0377c3de59b" />
      <TestMethod codeBase="C:\Users\ajaan\source\sdd-repos\BirkNext\AIAssisted\frontend\BirkNext.Web.Tests\bin\Debug\net8.0\BirkNext.Web.Tests.dll" adapterTypeName="executor://xunit/VsTestRunner2/netcoreapp" className="BirkNext.Web.Tests.Pages.QualityReviewSampleProjectTests" name="SameProjectRerender_DoesNotResolveArtifactsAgain" />
    </UnitTest>
    <UnitTest name="BirkNext.Web.Tests.Pages.QualityReviewSampleProjectTests.ProjectSwitch_ClearsReportFromPreviousProject" storage="c:\users\ajaan\source\sdd-repos\birknext\aiassisted\frontend\birknext.web.tests\bin\debug\net8.0\birknext.web.tests.dll" id="bb9cdcff-38ca-caea-df5c-1fb6e04c27fb">
      <Execution id="a728f51f-b5b2-4303-a3eb-084f8261b55f" />
      <TestMethod codeBase="C:\Users\ajaan\source\sdd-repos\BirkNext\AIAssisted\frontend\BirkNext.Web.Tests\bin\Debug\net8.0\BirkNext.Web.Tests.dll" adapterTypeName="executor://xunit/VsTestRunner2/netcoreapp" className="BirkNext.Web.Tests.Pages.QualityReviewSampleProjectTests" name="ProjectSwitch_ClearsReportFromPreviousProject" />
    </UnitTest>
    <UnitTest name="BirkNext.Web.Tests.Pages.QualityReviewSampleProjectTests.DeselectProject_ClearsArtifactsReportAndRunState" storage="c:\users\ajaan\source\sdd-repos\birknext\aiassisted\frontend\birknext.web.tests\bin\debug\net8.0\birknext.web.tests.dll" id="5f0a8bc9-3d9c-b0e7-7d93-526e8ec20020">
      <Execution id="da363d3b-c05e-4f32-ace9-ad0e59009851" />
      <TestMethod codeBase="C:\Users\ajaan\source\sdd-repos\BirkNext\AIAssisted\frontend\BirkNext.Web.Tests\bin\Debug\net8.0\BirkNext.Web.Tests.dll" adapterTypeName="executor://xunit/VsTestRunner2/netcoreapp" className="BirkNext.Web.Tests.Pages.QualityReviewSampleProjectTests" name="DeselectProject_ClearsArtifactsReportAndRunState" />
    </UnitTest>
    <UnitTest name="BirkNext.Web.Tests.Pages.QualityReviewSampleProjectTests.MissingDataModel_MarksOnlyDataModelMissingAndDisablesDataModelPack" storage="c:\users\ajaan\source\sdd-repos\birknext\aiassisted\frontend\birknext.web.tests\bin\debug\net8.0\birknext.web.tests.dll" id="44093f5b-d751-59a6-abe1-02a444e5b309">
      <Execution id="e5cf2f5b-9895-4ed6-a696-2d1ffefd7996" />
      <TestMethod codeBase="C:\Users\ajaan\source\sdd-repos\BirkNext\AIAssisted\frontend\BirkNext.Web.Tests\bin\Debug\net8.0\BirkNext.Web.Tests.dll" adapterTypeName="executor://xunit/VsTestRunner2/netcoreapp" className="BirkNext.Web.Tests.Pages.QualityReviewSampleProjectTests" name="MissingDataModel_MarksOnlyDataModelMissingAndDisablesDataModelPack" />
    </UnitTest>
    <UnitTest name="BirkNext.Web.Tests.Pages.QualityReviewSampleProjectTests.ProjectSwitch_ReloadsArtifactsAndRecalculatesPackAvailability" storage="c:\users\ajaan\source\sdd-repos\birknext\aiassisted\frontend\birknext.web.tests\bin\debug\net8.0\birknext.web.tests.dll" id="f73e6b4f-4bb1-6e43-6f4f-235189e6100a">
      <Execution id="eb4353c0-521e-43a2-9655-8c0ca4ede55a" />
      <TestMethod codeBase="C:\Users\ajaan\source\sdd-repos\BirkNext\AIAssisted\frontend\BirkNext.Web.Tests\bin\Debug\net8.0\BirkNext.Web.Tests.dll" adapterTypeName="executor://xunit/VsTestRunner2/netcoreapp" className="BirkNext.Web.Tests.Pages.QualityReviewSampleProjectTests" name="ProjectSwitch_ReloadsArtifactsAndRecalculatesPackAvailability" />
    </UnitTest>
  </TestDefinitions>
  <TestEntries>
    <TestEntry testId="0bf0d2a4-4138-91c1-6877-c3dc112c4976" executionId="1c1e6372-d852-40b4-ad13-22fe2e726363" testListId="8c84fa94-04c1-424b-9868-57a2d4851a1d" />
    <TestEntry testId="f73e6b4f-4bb1-6e43-6f4f-235189e6100a" executionId="eb4353c0-521e-43a2-9655-8c0ca4ede55a" testListId="8c84fa94-04c1-424b-9868-57a2d4851a1d" />
    <TestEntry testId="52a3998d-ed6d-8d33-b589-27da48f3e696" executionId="be740019-c55e-45a8-9704-dd390d53eac1" testListId="8c84fa94-04c1-424b-9868-57a2d4851a1d" />
    <TestEntry testId="44093f5b-d751-59a6-abe1-02a444e5b309" executionId="e5cf2f5b-9895-4ed6-a696-2d1ffefd7996" testListId="8c84fa94-04c1-424b-9868-57a2d4851a1d" />
    <TestEntry testId="5ecabe3c-0550-8df9-605e-bfc616bc164f" executionId="5c8c9fba-834d-41d8-99af-725b7c1f907b" testListId="8c84fa94-04c1-424b-9868-57a2d4851a1d" />
    <TestEntry testId="e844553d-0fd1-272b-6dce-0431f353c02c" executionId="580d9d1f-1879-4782-9f5d-860e1d29f604" testListId="8c84fa94-04c1-424b-9868-57a2d4851a1d" />
    <TestEntry testId="8ee72ccf-7ec0-cb5c-e745-fcc2d24ae319" executionId="bdd26aa7-8ad9-4331-a033-197fb231e72f" testListId="8c84fa94-04c1-424b-9868-57a2d4851a1d" />
    <TestEntry testId="c3a8e25e-8a26-2f0e-2520-5f1ce47f6b7b" executionId="810ef53a-153f-420b-8158-c0377c3de59b" testListId="8c84fa94-04c1-424b-9868-57a2d4851a1d" />
    <TestEntry testId="5f0a8bc9-3d9c-b0e7-7d93-526e8ec20020" executionId="da363d3b-c05e-4f32-ace9-ad0e59009851" testListId="8c84fa94-04c1-424b-9868-57a2d4851a1d" />
    <TestEntry testId="bb9cdcff-38ca-caea-df5c-1fb6e04c27fb" executionId="a728f51f-b5b2-4303-a3eb-084f8261b55f" testListId="8c84fa94-04c1-424b-9868-57a2d4851a1d" />
    <TestEntry testId="d9b18078-0ad8-3b7e-0e14-36254772124b" executionId="87951025-1c3f-4e5f-b121-4cb1218d351e" testListId="8c84fa94-04c1-424b-9868-57a2d4851a1d" />
  </TestEntries>
  <TestLists>
    <TestList name="Results Not in a List" id="8c84fa94-04c1-424b-9868-57a2d4851a1d" />
    <TestList name="All Loaded Results" id="19431567-8539-422a-85d7-44ee4e166bda" />
  </TestLists>
  <ResultSummary outcome="Completed">
    <Counters total="11" executed="11" passed="11" failed="0" error="0" timeout="0" aborted="0" inconclusive="0" passedButRunAborted="0" notRunnable="0" notExecuted="0" disconnected="0" warning="0" completed="0" inProgress="0" pending="0" />
    <Output>
      <StdOut>[xUnit.net 00:00:00.00] xUnit.net VSTest Adapter v2.5.3.1+6b60a9e56a (64-bit .NET 8.0.16)&#xD;
[xUnit.net 00:00:00.07]   Discovering: BirkNext.Web.Tests&#xD;
[xUnit.net 00:00:00.18]   Discovered:  BirkNext.Web.Tests&#xD;
[xUnit.net 00:00:00.18]   Starting:    BirkNext.Web.Tests&#xD;
     Warning:&#xD;
     The component "Fluent Assertions" is governed by the rules defined in the Xceed License Agreement and&#xD;
     the Xceed Fluent Assertions Community License. You may use Fluent Assertions free of charge for&#xD;
     non-commercial use only. An active subscription is required to use Fluent Assertions for commercial use.&#xD;
     Please contact Xceed Sales mailto:sales@xceed.com to acquire a subscription at a very low cost.&#xD;
     A paid commercial license supports the development and continued increasing support of&#xD;
     Fluent Assertions users under both commercial and community licenses. Help us&#xD;
     keep Fluent Assertions at the forefront of unit testing.&#xD;
     For more information, visit https://xceed.com/products/unit-testing/fluent-assertions/&#xD;
[xUnit.net 00:00:00.60]   Finished:    BirkNext.Web.Tests&#xD;
</StdOut>
    </Output>
  </ResultSummary>
</TestRun>