<?xml version="1.0" encoding="utf-8"?>
<TestRun id="f5cd4b9a-ca78-46f0-b344-568957458ce8" name="ajaan@BUF-5CG4423FYV 2026-08-17 12:32:10" runUser="COMMON\ajaan" xmlns="http://microsoft.com/schemas/VisualStudio/TeamTest/2010">
  <Times creation="2026-08-17T12:32:10.5277485+02:00" queuing="2026-08-17T12:32:10.5277489+02:00" start="2026-08-17T12:32:09.8528439+02:00" finish="2026-08-17T12:32:10.8170744+02:00" />
  <TestSettings name="default" id="dd145bc4-cbe9-49ab-8e78-414fb8d12ef7">
    <Deployment runDeploymentRoot="ajaan_BUF-5CG4423FYV_2026-08-17_12_32_10" />
  </TestSettings>
  <Results>
    <UnitTestResult executionId="5af80cd5-7f58-42ff-9813-fdcd413f359f" testId="0a4d6b64-3ec5-0804-bb1d-ad3cf97d6653" testName="BirkNext.Web.Tests.Pages.PlanExplorerSampleProjectTests.PlanExplorer_ClearsProjectHeaderOnProjectDeselection" computerName="BUF-5CG4423FYV" duration="00:00:00.0022171" startTime="2026-08-17T12:32:10.6486031+02:00" endTime="2026-08-17T12:32:10.6486036+02:00" testType="13cdc9d9-ddb5-4fa4-a97d-d965ccfc6d4b" outcome="Passed" testListId="8c84fa94-04c1-424b-9868-57a2d4851a1d" relativeResultsDirectory="5af80cd5-7f58-42ff-9813-fdcd413f359f" />
    <UnitTestResult executionId="0e25e374-984d-4081-87d4-7cafc3e626b6" testId="8f00e84b-4dad-f948-eac0-34b2255a3a21" testName="BirkNext.Web.Tests.Pages.SampleProjectsNavigationTests.ReviewerLinksLoadSelectedProjectBeforeNavigating(reviewerName: &quot;Task Explorer&quot;, expectedRoute: &quot;/task-explorer&quot;, expectedKind: Tasks, expectedText: &quot;PERSON tasks.md&quot;)" computerName="BUF-5CG4423FYV" duration="00:00:00.0053790" startTime="2026-08-17T12:32:10.7164079+02:00" endTime="2026-08-17T12:32:10.7164080+02:00" testType="13cdc9d9-ddb5-4fa4-a97d-d965ccfc6d4b" outcome="Passed" testListId="8c84fa94-04c1-424b-9868-57a2d4851a1d" relativeResultsDirectory="0e25e374-984d-4081-87d4-7cafc3e626b6" />
    <UnitTestResult executionId="123c4d44-5788-4740-acb7-6566f7d96bcb" testId="c0330d5a-9aa3-5902-d854-34ef809951c9" testName="BirkNext.Web.Tests.Pages.ExplorerPageSourceOfTruthTests.ConstitutionExplorer_UsesSampleProjectBeforeWorkspaceAndStandaloneStorage" computerName="BUF-5CG4423FYV" duration="00:00:00.0256752" startTime="2026-08-17T12:32:10.6948585+02:00" endTime="2026-08-17T12:32:10.6948588+02:00" testType="13cdc9d9-ddb5-4fa4-a97d-d965ccfc6d4b" outcome="Passed" testListId="8c84fa94-04c1-424b-9868-57a2d4851a1d" relativeResultsDirectory="123c4d44-5788-4740-acb7-6566f7d96bcb" />
    <UnitTestResult executionId="6e232f66-deeb-4596-9354-138f1575aac5" testId="5c3c67e4-75c1-0363-ba13-68db69f9ef5f" testName="BirkNext.Web.Tests.Pages.SampleProjectsNavigationTests.FailedReviewerLoadDoesNotNavigateAndClearsStaleWorkspace" computerName="BUF-5CG4423FYV" duration="00:00:00.0065632" startTime="2026-08-17T12:32:10.7662758+02:00" endTime="2026-08-17T12:32:10.7662759+02:00" testType="13cdc9d9-ddb5-4fa4-a97d-d965ccfc6d4b" outcome="Passed" testListId="8c84fa94-04c1-424b-9868-57a2d4851a1d" relativeResultsDirectory="6e232f66-deeb-4596-9354-138f1575aac5" />
    <UnitTestResult executionId="ac7a93d7-eed2-4bf1-9a79-4b25d9452f5e" testId="31ffab3f-3d8b-a8d7-0147-c12629662658" testName="BirkNext.Web.Tests.Pages.DataModelExplorerSampleProjectTests.DataModelExplorer_DifferentDataModelsDoNotLeakBetweenProjects" computerName="BUF-5CG4423FYV" duration="00:00:00.2578524" startTime="2026-08-17T12:32:10.6542662+02:00" endTime="2026-08-17T12:32:10.6542664+02:00" testType="13cdc9d9-ddb5-4fa4-a97d-d965ccfc6d4b" outcome="Passed" testListId="8c84fa94-04c1-424b-9868-57a2d4851a1d" relativeResultsDirectory="ac7a93d7-eed2-4bf1-9a79-4b25d9452f5e" />
    <UnitTestResult executionId="cac86a4b-d922-4695-ada8-570c7b323559" testId="f431a49d-ede1-daa5-a835-253630a6b4a6" testName="BirkNext.Web.Tests.Pages.TaskExplorerSampleProjectTests.TaskExplorer_DoesNotUseWorkspaceAsAutomaticSource" computerName="BUF-5CG4423FYV" duration="00:00:00.2577294" startTime="2026-08-17T12:32:10.6541400+02:00" endTime="2026-08-17T12:32:10.6541402+02:00" testType="13cdc9d9-ddb5-4fa4-a97d-d965ccfc6d4b" outcome="Passed" testListId="8c84fa94-04c1-424b-9868-57a2d4851a1d" relativeResultsDirectory="cac86a4b-d922-4695-ada8-570c7b323559" />
    <UnitTestResult executionId="6745247c-54e6-4e51-844f-fd7662d7d63a" testId="9dc270a1-be65-185d-ec4a-acf87eab7425" testName="BirkNext.Web.Tests.Pages.DataModelExplorerSampleProjectTests.DataModelExplorer_ReloadsSameProjectWithoutDuplication" computerName="BUF-5CG4423FYV" duration="00:00:00.0123024" startTime="2026-08-17T12:32:10.6686649+02:00" endTime="2026-08-17T12:32:10.6686649+02:00" testType="13cdc9d9-ddb5-4fa4-a97d-d965ccfc6d4b" outcome="Passed" testListId="8c84fa94-04c1-424b-9868-57a2d4851a1d" relativeResultsDirectory="6745247c-54e6-4e51-844f-fd7662d7d63a" />
    <UnitTestResult executionId="d366ef38-1efa-471b-a872-a0382d8b3c75" testId="4dc64b36-df70-577e-a208-c27c7d897ca0" testName="BirkNext.Web.Tests.Services.ConstitutionSampleProjectResolverTests.GetAvailableProjectsAsync_ReturnsOnlySampleDataProjects" computerName="BUF-5CG4423FYV" duration="00:00:00.0028461" startTime="2026-08-17T12:32:10.5074223+02:00" endTime="2026-08-17T12:32:10.5074224+02:00" testType="13cdc9d9-ddb5-4fa4-a97d-d965ccfc6d4b" outcome="Passed" testListId="8c84fa94-04c1-424b-9868-57a2d4851a1d" relativeResultsDirectory="d366ef38-1efa-471b-a872-a0382d8b3c75" />
    <UnitTestResult executionId="8855d34f-028f-4d4a-8d0b-6d49b0ab44eb" testId="aa5841b6-9f68-7b8a-4f0d-ff5c4c9ae13a" testName="BirkNext.Web.Tests.Pages.SampleProjectsNavigationTests.ReviewerLinksLoadSelectedProjectBeforeNavigating(reviewerName: &quot;Plan Explorer&quot;, expectedRoute: &quot;/plan-explorer&quot;, expectedKind: Plan, expectedText: &quot;PERSON plan.md&quot;)" computerName="BUF-5CG4423FYV" duration="00:00:00.0046257" startTime="2026-08-17T12:32:10.7210658+02:00" endTime="2026-08-17T12:32:10.7210659+02:00" testType="13cdc9d9-ddb5-4fa4-a97d-d965ccfc6d4b" outcome="Passed" testListId="8c84fa94-04c1-424b-9868-57a2d4851a1d" relativeResultsDirectory="8855d34f-028f-4d4a-8d0b-6d49b0ab44eb" />
    <UnitTestResult executionId="48e30d94-e8d0-4588-9995-7062b07fdf75" testId="210a0a54-cc52-8377-c39c-b079d2a02e0c" testName="BirkNext.Web.Tests.Pages.SampleProjectsNavigationTests.ReviewerClickFetchesEachSupportedFileOnlyOnce" computerName="BUF-5CG4423FYV" duration="00:00:00.3145226" startTime="2026-08-17T12:32:10.7109258+02:00" endTime="2026-08-17T12:32:10.7109260+02:00" testType="13cdc9d9-ddb5-4fa4-a97d-d965ccfc6d4b" outcome="Passed" testListId="8c84fa94-04c1-424b-9868-57a2d4851a1d" relativeResultsDirectory="48e30d94-e8d0-4588-9995-7062b07fdf75" />
    <UnitTestResult executionId="252e6f05-7162-4a8f-bbff-0563eee0c694" testId="da3f82c4-3f5a-3ce6-c628-3622499f8417" testName="BirkNext.Web.Tests.Pages.SpecificationExplorerSampleProjectTests.SpecificationExplorer_LoadsFromSelectedSampleProject" computerName="BUF-5CG4423FYV" duration="00:00:00.0138546" startTime="2026-08-17T12:32:10.6825986+02:00" endTime="2026-08-17T12:32:10.6825988+02:00" testType="13cdc9d9-ddb5-4fa4-a97d-d965ccfc6d4b" outcome="Passed" testListId="8c84fa94-04c1-424b-9868-57a2d4851a1d" relativeResultsDirectory="252e6f05-7162-4a8f-bbff-0563eee0c694" />
    <UnitTestResult executionId="e7e1a4d1-5936-432e-be90-fa4592d3e014" testId="af29c175-8d65-4ec5-1060-8fd2ce3c4950" testName="BirkNext.Web.Tests.Pages.TaskExplorerSampleProjectTests.TaskExplorer_ReloadsSameProjectWithoutDuplication" computerName="BUF-5CG4423FYV" duration="00:00:00.0027590" startTime="2026-08-17T12:32:10.7080876+02:00" endTime="2026-08-17T12:32:10.7080879+02:00" testType="13cdc9d9-ddb5-4fa4-a97d-d965ccfc6d4b" outcome="Passed" testListId="8c84fa94-04c1-424b-9868-57a2d4851a1d" relativeResultsDirectory="e7e1a4d1-5936-432e-be90-fa4592d3e014" />
    <UnitTestResult executionId="3cc17ebf-95f5-43ad-a1e5-32bd8677d330" testId="6b4ca3d7-8a60-225a-1fd5-cda22794b3bc" testName="BirkNext.Web.Tests.Pages.SpecificationExplorerSampleProjectTests.SpecificationExplorer_ClearsProjectHeaderOnProjectDeselection" computerName="BUF-5CG4423FYV" duration="00:00:00.2597577" startTime="2026-08-17T12:32:10.6561971+02:00" endTime="2026-08-17T12:32:10.6561973+02:00" testType="13cdc9d9-ddb5-4fa4-a97d-d965ccfc6d4b" outcome="Passed" testListId="8c84fa94-04c1-424b-9868-57a2d4851a1d" relativeResultsDirectory="3cc17ebf-95f5-43ad-a1e5-32bd8677d330" />
    <UnitTestResult executionId="fa60b7be-bb69-4355-b069-da379517ae3d" testId="86a2de7f-f961-bf03-d8df-0e0feaaab9f1" testName="BirkNext.Web.Tests.Pages.SpecificationExplorerSampleProjectTests.SpecificationExplorer_HandlesEmptySelectedProject" computerName="BUF-5CG4423FYV" duration="00:00:00.0123416" startTime="2026-08-17T12:32:10.6686360+02:00" endTime="2026-08-17T12:32:10.6686361+02:00" testType="13cdc9d9-ddb5-4fa4-a97d-d965ccfc6d4b" outcome="Passed" testListId="8c84fa94-04c1-424b-9868-57a2d4851a1d" relativeResultsDirectory="fa60b7be-bb69-4355-b069-da379517ae3d" />
    <UnitTestResult executionId="e2c4f74a-e572-465b-836a-11040bf18545" testId="44dedde2-76e5-5ca4-7218-eb44e8b008dd" testName="BirkNext.Web.Tests.Pages.ExplorerPageSourceOfTruthTests.ConstitutionExplorer_UsesStandaloneScratchWhenWorkspaceIsEmpty" computerName="BUF-5CG4423FYV" duration="00:00:00.0021020" startTime="2026-08-17T12:32:10.6997398+02:00" endTime="2026-08-17T12:32:10.6997401+02:00" testType="13cdc9d9-ddb5-4fa4-a97d-d965ccfc6d4b" outcome="Passed" testListId="8c84fa94-04c1-424b-9868-57a2d4851a1d" relativeResultsDirectory="e2c4f74a-e572-465b-836a-11040bf18545" />
    <UnitTestResult executionId="53a83251-51f4-4251-8c5a-e9041223ccca" testId="de7b7f6f-ee56-7c22-3c30-ae59500068f4" testName="BirkNext.Web.Tests.Pages.ExplorerPageSourceOfTruthTests.PlanExplorer_DoesNotRequireProjectDocumentApiFallback" computerName="BUF-5CG4423FYV" duration="00:00:00.2413758" startTime="2026-08-17T12:32:10.6380766+02:00" endTime="2026-08-17T12:32:10.6380769+02:00" testType="13cdc9d9-ddb5-4fa4-a97d-d965ccfc6d4b" outcome="Passed" testListId="8c84fa94-04c1-424b-9868-57a2d4851a1d" relativeResultsDirectory="53a83251-51f4-4251-8c5a-e9041223ccca" />
    <UnitTestResult executionId="bb024b1f-b466-4e55-95ff-3a44fc92fd67" testId="c90edb55-07b9-1fca-bb4a-871e9064928e" testName="BirkNext.Web.Tests.Services.ConstitutionSampleProjectResolverTests.SetSelectedProject_UpdatesContext" computerName="BUF-5CG4423FYV" duration="00:00:00.0111872" startTime="2026-08-17T12:32:10.4894276+02:00" endTime="2026-08-17T12:32:10.4894280+02:00" testType="13cdc9d9-ddb5-4fa4-a97d-d965ccfc6d4b" outcome="Passed" testListId="8c84fa94-04c1-424b-9868-57a2d4851a1d" relativeResultsDirectory="bb024b1f-b466-4e55-95ff-3a44fc92fd67" />
    <UnitTestResult executionId="007579f4-0ff5-47b6-afd2-f9d8dab2699c" testId="d3ae7e0e-185a-47a8-b3bf-d341692dfc80" testName="BirkNext.Web.Tests.Pages.DataModelExplorerSampleProjectTests.DataModelExplorer_ClearsProjectHeaderOnProjectDeselection" computerName="BUF-5CG4423FYV" duration="00:00:00.0017068" startTime="2026-08-17T12:32:10.6704206+02:00" endTime="2026-08-17T12:32:10.6704207+02:00" testType="13cdc9d9-ddb5-4fa4-a97d-d965ccfc6d4b" outcome="Passed" testListId="8c84fa94-04c1-424b-9868-57a2d4851a1d" relativeResultsDirectory="007579f4-0ff5-47b6-afd2-f9d8dab2699c" />
    <UnitTestResult executionId="519a52b0-3c62-4938-bc78-27f358c6a70e" testId="d9d2d2c2-8f06-f6f8-3199-a330e46f746f" testName="BirkNext.Web.Tests.Pages.PlanExplorerSampleProjectTests.PlanExplorer_HandlesEmptySelectedProject" computerName="BUF-5CG4423FYV" duration="00:00:00.0024577" startTime="2026-08-17T12:32:10.6533242+02:00" endTime="2026-08-17T12:32:10.6533245+02:00" testType="13cdc9d9-ddb5-4fa4-a97d-d965ccfc6d4b" outcome="Passed" testListId="8c84fa94-04c1-424b-9868-57a2d4851a1d" relativeResultsDirectory="519a52b0-3c62-4938-bc78-27f358c6a70e" />
    <UnitTestResult executionId="bd7796b4-405d-4ce6-ad53-613bd8a88564" testId="3fe1ae01-e415-f82b-ed7d-ff059eaf1f48" testName="BirkNext.Web.Tests.Pages.ExplorerPageSourceOfTruthTests.ExplorerPages_UseStandaloneScratchWhenWorkspaceIsEmpty(storageKey: &quot;dme-standalone-datamodel&quot;, kind: DataModel, text: &quot;# Standalone Data Model&quot;)" computerName="BUF-5CG4423FYV" duration="00:00:00.0017123" startTime="2026-08-17T12:32:10.6691656+02:00" endTime="2026-08-17T12:32:10.6691657+02:00" testType="13cdc9d9-ddb5-4fa4-a97d-d965ccfc6d4b" outcome="Passed" testListId="8c84fa94-04c1-424b-9868-57a2d4851a1d" relativeResultsDirectory="bd7796b4-405d-4ce6-ad53-613bd8a88564" />
    <UnitTestResult executionId="0818a565-a31c-420c-a0b0-120be600e321" testId="d8249221-1eb5-2d07-b8ed-c5a903842fc4" testName="BirkNext.Web.Tests.Pages.ExplorerPageSourceOfTruthTests.TaskExplorer_DoesNotRequireProjectDocumentApiFallback" computerName="BUF-5CG4423FYV" duration="00:00:00.0013140" startTime="2026-08-17T12:32:10.6962560+02:00" endTime="2026-08-17T12:32:10.6962561+02:00" testType="13cdc9d9-ddb5-4fa4-a97d-d965ccfc6d4b" outcome="Passed" testListId="8c84fa94-04c1-424b-9868-57a2d4851a1d" relativeResultsDirectory="0818a565-a31c-420c-a0b0-120be600e321" />
    <UnitTestResult executionId="589aa8d4-bd10-47b8-a683-3cc4f6e2eaa2" testId="c35ab415-83bc-20b2-a92c-df1979a35f02" testName="BirkNext.Web.Tests.Pages.TaskExplorerSampleProjectTests.TaskExplorer_ShowsMissingStateWhenTasksNotFound" computerName="BUF-5CG4423FYV" duration="00:00:00.0012054" startTime="2026-08-17T12:32:10.6553862+02:00" endTime="2026-08-17T12:32:10.6553863+02:00" testType="13cdc9d9-ddb5-4fa4-a97d-d965ccfc6d4b" outcome="Passed" testListId="8c84fa94-04c1-424b-9868-57a2d4851a1d" relativeResultsDirectory="589aa8d4-bd10-47b8-a683-3cc4f6e2eaa2" />
    <UnitTestResult executionId="dc2c3fc1-e391-4d32-be2e-69c2cd1bbf4c" testId="ac1ac52e-e7eb-adad-58b4-c99b214e77b8" testName="BirkNext.Web.Tests.Pages.TaskExplorerSampleProjectTests.TaskExplorer_HandlesEmptySelectedProject" computerName="BUF-5CG4423FYV" duration="00:00:00.0011512" startTime="2026-08-17T12:32:10.7092828+02:00" endTime="2026-08-17T12:32:10.7092829+02:00" testType="13cdc9d9-ddb5-4fa4-a97d-d965ccfc6d4b" outcome="Passed" testListId="8c84fa94-04c1-424b-9868-57a2d4851a1d" relativeResultsDirectory="dc2c3fc1-e391-4d32-be2e-69c2cd1bbf4c" />
    <UnitTestResult executionId="2c3bb4d1-47dc-4c8f-a449-d61697deb370" testId="6664db61-527e-d74c-bb53-bded492adedd" testName="BirkNext.Web.Tests.Services.ConstitutionSampleProjectResolverTests.ResolveAsync_SwitchProjects_ClearsOldContent" computerName="BUF-5CG4423FYV" duration="00:00:00.0009510" startTime="2026-08-17T12:32:10.5075919+02:00" endTime="2026-08-17T12:32:10.5075919+02:00" testType="13cdc9d9-ddb5-4fa4-a97d-d965ccfc6d4b" outcome="Passed" testListId="8c84fa94-04c1-424b-9868-57a2d4851a1d" relativeResultsDirectory="2c3bb4d1-47dc-4c8f-a449-d61697deb370" />
    <UnitTestResult executionId="4334d24e-b738-4939-bced-77d99f989e20" testId="b6c2c4fe-31df-1c6f-ec94-0ab141847c62" testName="BirkNext.Web.Tests.Pages.SampleProjectsNavigationTests.ReviewerLinksLoadSelectedProjectBeforeNavigating(reviewerName: &quot;Specification Review&quot;, expectedRoute: &quot;/extract&quot;, expectedKind: Specification, expectedText: &quot;PERSON spec.md&quot;)" computerName="BUF-5CG4423FYV" duration="00:00:00.0037969" startTime="2026-08-17T12:32:10.7249591+02:00" endTime="2026-08-17T12:32:10.7249592+02:00" testType="13cdc9d9-ddb5-4fa4-a97d-d965ccfc6d4b" outcome="Passed" testListId="8c84fa94-04c1-424b-9868-57a2d4851a1d" relativeResultsDirectory="4334d24e-b738-4939-bced-77d99f989e20" />
    <UnitTestResult executionId="b933f22b-2c7d-446b-933b-3e6ce834908b" testId="e7db4ed3-cc9d-cc70-87ed-17664c9c575e" testName="BirkNext.Web.Tests.Services.ConstitutionSampleProjectResolverTests.ResolveAsync_Constitution_ReturnsSelectedProjectFile" computerName="BUF-5CG4423FYV" duration="00:00:00.0764531" startTime="2026-08-17T12:32:10.4767173+02:00" endTime="2026-08-17T12:32:10.4767296+02:00" testType="13cdc9d9-ddb5-4fa4-a97d-d965ccfc6d4b" outcome="Passed" testListId="8c84fa94-04c1-424b-9868-57a2d4851a1d" relativeResultsDirectory="b933f22b-2c7d-446b-933b-3e6ce834908b" />
    <UnitTestResult executionId="3cd8728d-fbb1-4b5e-aee6-9abbbe74ee74" testId="6de0d571-848a-ecb0-ab60-525436eee8c3" testName="BirkNext.Web.Tests.Pages.SampleProjectsNavigationTests.ReviewerLinksLoadSelectedProjectBeforeNavigating(reviewerName: &quot;Data Model Explorer&quot;, expectedRoute: &quot;/data-model-explorer&quot;, expectedKind: DataModel, expectedText: &quot;PERSON data-model.md&quot;)" computerName="BUF-5CG4423FYV" duration="00:00:00.0230546" startTime="2026-08-17T12:32:10.7529555+02:00" endTime="2026-08-17T12:32:10.7529557+02:00" testType="13cdc9d9-ddb5-4fa4-a97d-d965ccfc6d4b" outcome="Passed" testListId="8c84fa94-04c1-424b-9868-57a2d4851a1d" relativeResultsDirectory="3cd8728d-fbb1-4b5e-aee6-9abbbe74ee74" />
    <UnitTestResult executionId="de57f318-1686-4d9b-96bc-883394c3915f" testId="24c241a0-e179-101a-b5c8-31bc312ac61d" testName="BirkNext.Web.Tests.Pages.DataModelExplorerSampleProjectTests.DataModelExplorer_SwitchesProjects" computerName="BUF-5CG4423FYV" duration="00:00:00.0016969" startTime="2026-08-17T12:32:10.6721955+02:00" endTime="2026-08-17T12:32:10.6721956+02:00" testType="13cdc9d9-ddb5-4fa4-a97d-d965ccfc6d4b" outcome="Passed" testListId="8c84fa94-04c1-424b-9868-57a2d4851a1d" relativeResultsDirectory="de57f318-1686-4d9b-96bc-883394c3915f" />
    <UnitTestResult executionId="bf4dc8f9-6462-4515-b979-76096c681c16" testId="8c7a33d3-0135-dbcf-86fc-2bae288cf064" testName="BirkNext.Web.Tests.Pages.PlanExplorerSampleProjectTests.PlanExplorer_DoesNotUseWorkspaceAsAutomaticSource" computerName="BUF-5CG4423FYV" duration="00:00:00.0021779" startTime="2026-08-17T12:32:10.6508269+02:00" endTime="2026-08-17T12:32:10.6508270+02:00" testType="13cdc9d9-ddb5-4fa4-a97d-d965ccfc6d4b" outcome="Passed" testListId="8c84fa94-04c1-424b-9868-57a2d4851a1d" relativeResultsDirectory="bf4dc8f9-6462-4515-b979-76096c681c16" />
    <UnitTestResult executionId="fd3ff647-8e6e-4521-8115-430d6d5530c7" testId="0b7ce24a-8b43-b28f-8855-601482aeeafe" testName="BirkNext.Web.Tests.Pages.ExplorerPageSourceOfTruthTests.ConstitutionExplorer_StaysEmptyWhenWorkspaceAndStandaloneScratchAreEmpty" computerName="BUF-5CG4423FYV" duration="00:00:00.0009844" startTime="2026-08-17T12:32:10.7007260+02:00" endTime="2026-08-17T12:32:10.7007261+02:00" testType="13cdc9d9-ddb5-4fa4-a97d-d965ccfc6d4b" outcome="Passed" testListId="8c84fa94-04c1-424b-9868-57a2d4851a1d" relativeResultsDirectory="fd3ff647-8e6e-4521-8115-430d6d5530c7" />
    <UnitTestResult executionId="f8a09a6d-36c3-4fa0-9898-46ff38edf569" testId="285468a1-255d-a8c0-9516-b54e7d8a61af" testName="BirkNext.Web.Tests.Pages.SpecificationExplorerSampleProjectTests.SpecificationExplorer_ReloadsSameProjectWithoutDuplication" computerName="BUF-5CG4423FYV" duration="00:00:00.0034824" startTime="2026-08-17T12:32:10.6915802+02:00" endTime="2026-08-17T12:32:10.6915804+02:00" testType="13cdc9d9-ddb5-4fa4-a97d-d965ccfc6d4b" outcome="Passed" testListId="8c84fa94-04c1-424b-9868-57a2d4851a1d" relativeResultsDirectory="f8a09a6d-36c3-4fa0-9898-46ff38edf569" />
    <UnitTestResult executionId="0402f788-3aa4-45a2-aded-70a8075a3280" testId="a5dd1463-501f-4b2b-6e11-7b1056736328" testName="BirkNext.Web.Tests.Pages.DataModelExplorerSampleProjectTests.DataModelExplorer_LoadsFromSelectedSampleProject" computerName="BUF-5CG4423FYV" duration="00:00:00.0020083" startTime="2026-08-17T12:32:10.6563030+02:00" endTime="2026-08-17T12:32:10.6563031+02:00" testType="13cdc9d9-ddb5-4fa4-a97d-d965ccfc6d4b" outcome="Passed" testListId="8c84fa94-04c1-424b-9868-57a2d4851a1d" relativeResultsDirectory="0402f788-3aa4-45a2-aded-70a8075a3280" />
    <UnitTestResult executionId="e951ddb1-c0af-41d9-8ca7-db274e38a82b" testId="15cd6928-1add-eb11-822d-3e560fe58255" testName="BirkNext.Web.Tests.Pages.ExplorerPageSourceOfTruthTests.ExplorerPages_UseStandaloneScratchWhenWorkspaceIsEmpty(storageKey: &quot;pe-standalone-plan&quot;, kind: Plan, text: &quot;# Standalone Plan&quot;)" computerName="BUF-5CG4423FYV" duration="00:00:00.0073691" startTime="2026-08-17T12:32:10.6455222+02:00" endTime="2026-08-17T12:32:10.6455224+02:00" testType="13cdc9d9-ddb5-4fa4-a97d-d965ccfc6d4b" outcome="Passed" testListId="8c84fa94-04c1-424b-9868-57a2d4851a1d" relativeResultsDirectory="e951ddb1-c0af-41d9-8ca7-db274e38a82b" />
    <UnitTestResult executionId="98bd9dc5-41da-4410-85a1-2ea5bb32c824" testId="3f7c9673-fb34-3ebc-3549-71605be8ddc3" testName="BirkNext.Web.Tests.Pages.SampleProjectsNavigationTests.ManualLoadSupportedArtifactsStillLoadsWorkspace" computerName="BUF-5CG4423FYV" duration="00:00:00.0057373" startTime="2026-08-17T12:32:10.7721669+02:00" endTime="2026-08-17T12:32:10.7721671+02:00" testType="13cdc9d9-ddb5-4fa4-a97d-d965ccfc6d4b" outcome="Passed" testListId="8c84fa94-04c1-424b-9868-57a2d4851a1d" relativeResultsDirectory="98bd9dc5-41da-4410-85a1-2ea5bb32c824" />
    <UnitTestResult executionId="237d3af2-3f23-474b-9ac1-2e775e8dbe0e" testId="f145a492-2976-4d4a-b5ce-57eb5e1ef727" testName="BirkNext.Web.Tests.Services.ConstitutionSampleProjectResolverTests.ResolveAsync_MissingDocument_ReturnsNotFoundNotFallback" computerName="BUF-5CG4423FYV" duration="00:00:00.0006165" startTime="2026-08-17T12:32:10.5075768+02:00" endTime="2026-08-17T12:32:10.5075768+02:00" testType="13cdc9d9-ddb5-4fa4-a97d-d965ccfc6d4b" outcome="Passed" testListId="8c84fa94-04c1-424b-9868-57a2d4851a1d" relativeResultsDirectory="237d3af2-3f23-474b-9ac1-2e775e8dbe0e" />
    <UnitTestResult executionId="74e92786-06e2-43bf-930a-dd489e54740e" testId="67831d69-4acb-1b28-4813-e4bcfe01c753" testName="BirkNext.Web.Tests.Pages.SampleProjectsNavigationTests.ReviewerLinksLoadSelectedProjectBeforeNavigating(reviewerName: &quot;Constitution Explorer&quot;, expectedRoute: &quot;/constitution-explorer&quot;, expectedKind: Constitution, expectedText: &quot;PERSON constitution.md&quot;)" computerName="BUF-5CG4423FYV" duration="00:00:00.0048445" startTime="2026-08-17T12:32:10.7298672+02:00" endTime="2026-08-17T12:32:10.7298674+02:00" testType="13cdc9d9-ddb5-4fa4-a97d-d965ccfc6d4b" outcome="Passed" testListId="8c84fa94-04c1-424b-9868-57a2d4851a1d" relativeResultsDirectory="74e92786-06e2-43bf-930a-dd489e54740e" />
    <UnitTestResult executionId="b20e54e4-d2ee-4893-b60b-a13f6bed08ea" testId="6d79443a-1b89-96ae-8f2f-89168be6dd6c" testName="BirkNext.Web.Tests.Pages.PlanExplorerSampleProjectTests.PlanExplorer_SwitchesProjects" computerName="BUF-5CG4423FYV" duration="00:00:00.0022057" startTime="2026-08-17T12:32:10.6558258+02:00" endTime="2026-08-17T12:32:10.6558259+02:00" testType="13cdc9d9-ddb5-4fa4-a97d-d965ccfc6d4b" outcome="Passed" testListId="8c84fa94-04c1-424b-9868-57a2d4851a1d" relativeResultsDirectory="b20e54e4-d2ee-4893-b60b-a13f6bed08ea" />
    <UnitTestResult executionId="3f487be3-a221-4e23-acb5-56e0e79158ce" testId="98f5c6b4-9483-7f80-0586-8f1d8565e4cd" testName="BirkNext.Web.Tests.Pages.SpecificationExplorerSampleProjectTests.SpecificationExplorer_DoesNotUseWorkspaceAsAutomaticSource" computerName="BUF-5CG4423FYV" duration="00:00:00.0018000" startTime="2026-08-17T12:32:10.6856019+02:00" endTime="2026-08-17T12:32:10.6856020+02:00" testType="13cdc9d9-ddb5-4fa4-a97d-d965ccfc6d4b" outcome="Passed" testListId="8c84fa94-04c1-424b-9868-57a2d4851a1d" relativeResultsDirectory="3f487be3-a221-4e23-acb5-56e0e79158ce" />
    <UnitTestResult executionId="43cefa14-4bc3-4b16-9ea3-631832ddaee6" testId="52cf2472-99ae-5b57-c080-cfa737263999" testName="BirkNext.Web.Tests.Pages.DataModelExplorerSampleProjectTests.DataModelExplorer_ShowsMissingStateWhenDataModelNotFound" computerName="BUF-5CG4423FYV" duration="00:00:00.0010208" startTime="2026-08-17T12:32:10.6785725+02:00" endTime="2026-08-17T12:32:10.6785726+02:00" testType="13cdc9d9-ddb5-4fa4-a97d-d965ccfc6d4b" outcome="Passed" testListId="8c84fa94-04c1-424b-9868-57a2d4851a1d" relativeResultsDirectory="43cefa14-4bc3-4b16-9ea3-631832ddaee6" />
    <UnitTestResult executionId="2f0d28ea-29a8-479b-a707-d71e1bca12d7" testId="0ae1576b-e762-21a4-2222-3fdc03eb3b42" testName="BirkNext.Web.Tests.Pages.SpecificationExplorerSampleProjectTests.SpecificationExplorer_ShowsMissingStateWhenSpecNotFound" computerName="BUF-5CG4423FYV" duration="00:00:00.0010659" startTime="2026-08-17T12:32:10.6836986+02:00" endTime="2026-08-17T12:32:10.6836987+02:00" testType="13cdc9d9-ddb5-4fa4-a97d-d965ccfc6d4b" outcome="Passed" testListId="8c84fa94-04c1-424b-9868-57a2d4851a1d" relativeResultsDirectory="2f0d28ea-29a8-479b-a707-d71e1bca12d7" />
    <UnitTestResult executionId="a2003fb9-677e-4c6b-b5dd-39dc51ebeb35" testId="c68c50ce-25fd-8602-4f14-05b23856e6d4" testName="BirkNext.Web.Tests.Pages.PlanExplorerSampleProjectTests.PlanExplorer_ShowsMissingStateWhenPlanNotFound" computerName="BUF-5CG4423FYV" duration="00:00:00.0016652" startTime="2026-08-17T12:32:10.6469397+02:00" endTime="2026-08-17T12:32:10.6469398+02:00" testType="13cdc9d9-ddb5-4fa4-a97d-d965ccfc6d4b" outcome="Passed" testListId="8c84fa94-04c1-424b-9868-57a2d4851a1d" relativeResultsDirectory="a2003fb9-677e-4c6b-b5dd-39dc51ebeb35" />
    <UnitTestResult executionId="ac078876-7048-4bda-838d-bb43fc16ff6b" testId="a7269637-39b5-7aab-6f72-76469ab2d538" testName="BirkNext.Web.Tests.Pages.PlanExplorerSampleProjectTests.PlanExplorer_ReloadsSameProjectWithoutDuplication" computerName="BUF-5CG4423FYV" duration="00:00:00.0056670" startTime="2026-08-17T12:32:10.6444909+02:00" endTime="2026-08-17T12:32:10.6444911+02:00" testType="13cdc9d9-ddb5-4fa4-a97d-d965ccfc6d4b" outcome="Passed" testListId="8c84fa94-04c1-424b-9868-57a2d4851a1d" relativeResultsDirectory="ac078876-7048-4bda-838d-bb43fc16ff6b" />
    <UnitTestResult executionId="684a6612-cf93-451f-9062-5baec9d3598b" testId="361d28a4-5784-5d97-d94e-cae21b8f6c51" testName="BirkNext.Web.Tests.Pages.PlanExplorerSampleProjectTests.PlanExplorer_LoadsFromSelectedSampleProject" computerName="BUF-5CG4423FYV" duration="00:00:00.2423427" startTime="2026-08-17T12:32:10.6388912+02:00" endTime="2026-08-17T12:32:10.6388914+02:00" testType="13cdc9d9-ddb5-4fa4-a97d-d965ccfc6d4b" outcome="Passed" testListId="8c84fa94-04c1-424b-9868-57a2d4851a1d" relativeResultsDirectory="684a6612-cf93-451f-9062-5baec9d3598b" />
    <UnitTestResult executionId="7891dc53-fa87-4265-a223-5de5c65a03dc" testId="e9d08b8c-5fee-a912-b302-12d5a96562cc" testName="BirkNext.Web.Tests.Pages.ExplorerPageSourceOfTruthTests.ExplorerPages_UseStandaloneScratchWhenWorkspaceIsEmpty(storageKey: &quot;te-standalone-tasks&quot;, kind: Tasks, text: &quot;# Standalone Tasks&quot;)" computerName="BUF-5CG4423FYV" duration="00:00:00.0217341" startTime="2026-08-17T12:32:10.6674828+02:00" endTime="2026-08-17T12:32:10.6674830+02:00" testType="13cdc9d9-ddb5-4fa4-a97d-d965ccfc6d4b" outcome="Passed" testListId="8c84fa94-04c1-424b-9868-57a2d4851a1d" relativeResultsDirectory="7891dc53-fa87-4265-a223-5de5c65a03dc" />
    <UnitTestResult executionId="f282eca7-4a29-4406-934a-283599a93238" testId="d95a531c-3e7d-063e-7bf7-6be34dc86b11" testName="BirkNext.Web.Tests.Pages.SpecificationExplorerSampleProjectTests.SpecificationExplorer_SwitchesProjects" computerName="BUF-5CG4423FYV" duration="00:00:00.0023659" startTime="2026-08-17T12:32:10.6880308+02:00" endTime="2026-08-17T12:32:10.6880311+02:00" testType="13cdc9d9-ddb5-4fa4-a97d-d965ccfc6d4b" outcome="Passed" testListId="8c84fa94-04c1-424b-9868-57a2d4851a1d" relativeResultsDirectory="f282eca7-4a29-4406-934a-283599a93238" />
    <UnitTestResult executionId="52551e00-8a34-4f80-b52d-58412c692be9" testId="47a95918-18ba-a459-fdc1-db35919eab54" testName="BirkNext.Web.Tests.Services.ConstitutionSampleProjectResolverTests.ResolveAsync_InvalidProject_ReturnsError" computerName="BUF-5CG4423FYV" duration="00:00:00.0018595" startTime="2026-08-17T12:32:10.4788283+02:00" endTime="2026-08-17T12:32:10.4788283+02:00" testType="13cdc9d9-ddb5-4fa4-a97d-d965ccfc6d4b" outcome="Passed" testListId="8c84fa94-04c1-424b-9868-57a2d4851a1d" relativeResultsDirectory="52551e00-8a34-4f80-b52d-58412c692be9" />
    <UnitTestResult executionId="a324a599-07b4-403c-8028-22f7e2592876" testId="fddf3bb8-b4cf-bba8-7c93-5d1fad41ba51" testName="BirkNext.Web.Tests.Pages.ExplorerPageSourceOfTruthTests.DataModelExplorer_DoesNotRequireProjectDocumentApiFallback" computerName="BUF-5CG4423FYV" duration="00:00:00.0012607" startTime="2026-08-17T12:32:10.6975886+02:00" endTime="2026-08-17T12:32:10.6975887+02:00" testType="13cdc9d9-ddb5-4fa4-a97d-d965ccfc6d4b" outcome="Passed" testListId="8c84fa94-04c1-424b-9868-57a2d4851a1d" relativeResultsDirectory="a324a599-07b4-403c-8028-22f7e2592876" />
    <UnitTestResult executionId="da93a1b1-13ba-4839-8b17-9b7dd7525273" testId="d423bedd-f4cc-c836-de95-67a83cd9df10" testName="BirkNext.Web.Tests.Pages.TaskExplorerSampleProjectTests.TaskExplorer_DifferentTaskIDsDoNotLeakBetweenProjects" computerName="BUF-5CG4423FYV" duration="00:00:00.0023077" startTime="2026-08-17T12:32:10.7116319+02:00" endTime="2026-08-17T12:32:10.7116320+02:00" testType="13cdc9d9-ddb5-4fa4-a97d-d965ccfc6d4b" outcome="Passed" testListId="8c84fa94-04c1-424b-9868-57a2d4851a1d" relativeResultsDirectory="da93a1b1-13ba-4839-8b17-9b7dd7525273" />
    <UnitTestResult executionId="81f83c7a-eed1-4a37-b9dd-ad42ebba90fa" testId="ce146397-3612-bb8d-7a38-aa5137b3866d" testName="BirkNext.Web.Tests.Pages.TaskExplorerSampleProjectTests.TaskExplorer_ClearsProjectHeaderOnProjectDeselection" computerName="BUF-5CG4423FYV" duration="00:00:00.0021176" startTime="2026-08-17T12:32:10.7052466+02:00" endTime="2026-08-17T12:32:10.7052467+02:00" testType="13cdc9d9-ddb5-4fa4-a97d-d965ccfc6d4b" outcome="Passed" testListId="8c84fa94-04c1-424b-9868-57a2d4851a1d" relativeResultsDirectory="81f83c7a-eed1-4a37-b9dd-ad42ebba90fa" />
    <UnitTestResult executionId="cccdc555-f244-43e6-8deb-190c85082c48" testId="ecbd8a29-c620-a079-1aaf-86d7f1f936f3" testName="BirkNext.Web.Tests.Pages.DataModelExplorerSampleProjectTests.DataModelExplorer_HandlesEmptySelectedProject" computerName="BUF-5CG4423FYV" duration="00:00:00.0037420" startTime="2026-08-17T12:32:10.6759482+02:00" endTime="2026-08-17T12:32:10.6759485+02:00" testType="13cdc9d9-ddb5-4fa4-a97d-d965ccfc6d4b" outcome="Passed" testListId="8c84fa94-04c1-424b-9868-57a2d4851a1d" relativeResultsDirectory="cccdc555-f244-43e6-8deb-190c85082c48" />
    <UnitTestResult executionId="2c3d796f-642c-4046-8431-19fa514c7853" testId="d724eea0-90bf-50a9-fcd3-dfa7e6ad7789" testName="BirkNext.Web.Tests.Pages.DataModelExplorerSampleProjectTests.DataModelExplorer_DoesNotUseWorkspaceAsAutomaticSource" computerName="BUF-5CG4423FYV" duration="00:00:00.0014845" startTime="2026-08-17T12:32:10.6775028+02:00" endTime="2026-08-17T12:32:10.6775030+02:00" testType="13cdc9d9-ddb5-4fa4-a97d-d965ccfc6d4b" outcome="Passed" testListId="8c84fa94-04c1-424b-9868-57a2d4851a1d" relativeResultsDirectory="2c3d796f-642c-4046-8431-19fa514c7853" />
    <UnitTestResult executionId="f770ae73-e2c0-41c1-952b-bc4adb327c6b" testId="ffc29bf8-f3dd-b510-ce83-47285427af94" testName="BirkNext.Web.Tests.Services.ConstitutionSampleProjectResolverTests.WorkspaceCache_DoesNotOverrideSelectedProject_PolicyEnforcement" computerName="BUF-5CG4423FYV" duration="00:00:00.0017587" startTime="2026-08-17T12:32:10.5075575+02:00" endTime="2026-08-17T12:32:10.5075576+02:00" testType="13cdc9d9-ddb5-4fa4-a97d-d965ccfc6d4b" outcome="Passed" testListId="8c84fa94-04c1-424b-9868-57a2d4851a1d" relativeResultsDirectory="f770ae73-e2c0-41c1-952b-bc4adb327c6b" />
    <UnitTestResult executionId="97c99d2e-50dd-4bb5-96a6-737cdcc55c31" testId="58bc011a-9089-4334-d3ca-2478e3f66da2" testName="BirkNext.Web.Tests.Pages.TaskExplorerSampleProjectTests.TaskExplorer_LoadsFromSelectedSampleProject" computerName="BUF-5CG4423FYV" duration="00:00:00.0476231" startTime="2026-08-17T12:32:10.7030695+02:00" endTime="2026-08-17T12:32:10.7030697+02:00" testType="13cdc9d9-ddb5-4fa4-a97d-d965ccfc6d4b" outcome="Passed" testListId="8c84fa94-04c1-424b-9868-57a2d4851a1d" relativeResultsDirectory="97c99d2e-50dd-4bb5-96a6-737cdcc55c31" />
    <UnitTestResult executionId="2e26eea6-7174-4d0f-b913-23076019002a" testId="53bf0c73-4540-8f6e-25e2-c9c31a025c5c" testName="BirkNext.Web.Tests.Pages.SampleProjectsNavigationTests.ProjectSwitchingReplacesAllWorkspaceArtifacts" computerName="BUF-5CG4423FYV" duration="00:00:00.0065936" startTime="2026-08-17T12:32:10.7596474+02:00" endTime="2026-08-17T12:32:10.7596475+02:00" testType="13cdc9d9-ddb5-4fa4-a97d-d965ccfc6d4b" outcome="Passed" testListId="8c84fa94-04c1-424b-9868-57a2d4851a1d" relativeResultsDirectory="2e26eea6-7174-4d0f-b913-23076019002a" />
    <UnitTestResult executionId="8197e353-2247-41f3-8e15-ffd4f19a1606" testId="1e841182-3e62-1b91-1d2b-78ba3be65986" testName="BirkNext.Web.Tests.Pages.TaskExplorerSampleProjectTests.TaskExplorer_SwitchesProjects" computerName="BUF-5CG4423FYV" duration="00:00:00.0020743" startTime="2026-08-17T12:32:10.7137610+02:00" endTime="2026-08-17T12:32:10.7137611+02:00" testType="13cdc9d9-ddb5-4fa4-a97d-d965ccfc6d4b" outcome="Passed" testListId="8c84fa94-04c1-424b-9868-57a2d4851a1d" relativeResultsDirectory="8197e353-2247-41f3-8e15-ffd4f19a1606" />
  </Results>
  <TestDefinitions>
    <UnitTest name="BirkNext.Web.Tests.Pages.SampleProjectsNavigationTests.ManualLoadSupportedArtifactsStillLoadsWorkspace" storage="c:\users\ajaan\source\sdd-repos\birknext\aiassisted\frontend\birknext.web.tests\bin\debug\net8.0\birknext.web.tests.dll" id="3f7c9673-fb34-3ebc-3549-71605be8ddc3">
      <Execution id="98bd9dc5-41da-4410-85a1-2ea5bb32c824" />
      <TestMethod codeBase="C:\Users\ajaan\source\sdd-repos\BirkNext\AIAssisted\frontend\BirkNext.Web.Tests\bin\Debug\net8.0\BirkNext.Web.Tests.dll" adapterTypeName="executor://xunit/VsTestRunner2/netcoreapp" className="BirkNext.Web.Tests.Pages.SampleProjectsNavigationTests" name="ManualLoadSupportedArtifactsStillLoadsWorkspace" />
    </UnitTest>
    <UnitTest name="BirkNext.Web.Tests.Pages.SampleProjectsNavigationTests.ReviewerLinksLoadSelectedProjectBeforeNavigating(reviewerName: &quot;Task Explorer&quot;, expectedRoute: &quot;/task-explorer&quot;, expectedKind: Tasks, expectedText: &quot;PERSON tasks.md&quot;)" storage="c:\users\ajaan\source\sdd-repos\birknext\aiassisted\frontend\birknext.web.tests\bin\debug\net8.0\birknext.web.tests.dll" id="8f00e84b-4dad-f948-eac0-34b2255a3a21">
      <Execution id="0e25e374-984d-4081-87d4-7cafc3e626b6" />
      <TestMethod codeBase="C:\Users\ajaan\source\sdd-repos\BirkNext\AIAssisted\frontend\BirkNext.Web.Tests\bin\Debug\net8.0\BirkNext.Web.Tests.dll" adapterTypeName="executor://xunit/VsTestRunner2/netcoreapp" className="BirkNext.Web.Tests.Pages.SampleProjectsNavigationTests" name="ReviewerLinksLoadSelectedProjectBeforeNavigating" />
    </UnitTest>
    <UnitTest name="BirkNext.Web.Tests.Services.ConstitutionSampleProjectResolverTests.ResolveAsync_Constitution_ReturnsSelectedProjectFile" storage="c:\users\ajaan\source\sdd-repos\birknext\aiassisted\frontend\birknext.web.tests\bin\debug\net8.0\birknext.web.tests.dll" id="e7db4ed3-cc9d-cc70-87ed-17664c9c575e">
      <Execution id="b933f22b-2c7d-446b-933b-3e6ce834908b" />
      <TestMethod codeBase="C:\Users\ajaan\source\sdd-repos\BirkNext\AIAssisted\frontend\BirkNext.Web.Tests\bin\Debug\net8.0\BirkNext.Web.Tests.dll" adapterTypeName="executor://xunit/VsTestRunner2/netcoreapp" className="BirkNext.Web.Tests.Services.ConstitutionSampleProjectResolverTests" name="ResolveAsync_Constitution_ReturnsSelectedProjectFile" />
    </UnitTest>
    <UnitTest name="BirkNext.Web.Tests.Services.ConstitutionSampleProjectResolverTests.WorkspaceCache_DoesNotOverrideSelectedProject_PolicyEnforcement" storage="c:\users\ajaan\source\sdd-repos\birknext\aiassisted\frontend\birknext.web.tests\bin\debug\net8.0\birknext.web.tests.dll" id="ffc29bf8-f3dd-b510-ce83-47285427af94">
      <Execution id="f770ae73-e2c0-41c1-952b-bc4adb327c6b" />
      <TestMethod codeBase="C:\Users\ajaan\source\sdd-repos\BirkNext\AIAssisted\frontend\BirkNext.Web.Tests\bin\Debug\net8.0\BirkNext.Web.Tests.dll" adapterTypeName="executor://xunit/VsTestRunner2/netcoreapp" className="BirkNext.Web.Tests.Services.ConstitutionSampleProjectResolverTests" name="WorkspaceCache_DoesNotOverrideSelectedProject_PolicyEnforcement" />
    </UnitTest>
    <UnitTest name="BirkNext.Web.Tests.Pages.ExplorerPageSourceOfTruthTests.ConstitutionExplorer_StaysEmptyWhenWorkspaceAndStandaloneScratchAreEmpty" storage="c:\users\ajaan\source\sdd-repos\birknext\aiassisted\frontend\birknext.web.tests\bin\debug\net8.0\birknext.web.tests.dll" id="0b7ce24a-8b43-b28f-8855-601482aeeafe">
      <Execution id="fd3ff647-8e6e-4521-8115-430d6d5530c7" />
      <TestMethod codeBase="C:\Users\ajaan\source\sdd-repos\BirkNext\AIAssisted\frontend\BirkNext.Web.Tests\bin\Debug\net8.0\BirkNext.Web.Tests.dll" adapterTypeName="executor://xunit/VsTestRunner2/netcoreapp" className="BirkNext.Web.Tests.Pages.ExplorerPageSourceOfTruthTests" name="ConstitutionExplorer_StaysEmptyWhenWorkspaceAndStandaloneScratchAreEmpty" />
    </UnitTest>
    <UnitTest name="BirkNext.Web.Tests.Pages.TaskExplorerSampleProjectTests.TaskExplorer_DoesNotUseWorkspaceAsAutomaticSource" storage="c:\users\ajaan\source\sdd-repos\birknext\aiassisted\frontend\birknext.web.tests\bin\debug\net8.0\birknext.web.tests.dll" id="f431a49d-ede1-daa5-a835-253630a6b4a6">
      <Execution id="cac86a4b-d922-4695-ada8-570c7b323559" />
      <TestMethod codeBase="C:\Users\ajaan\source\sdd-repos\BirkNext\AIAssisted\frontend\BirkNext.Web.Tests\bin\Debug\net8.0\BirkNext.Web.Tests.dll" adapterTypeName="executor://xunit/VsTestRunner2/netcoreapp" className="BirkNext.Web.Tests.Pages.TaskExplorerSampleProjectTests" name="TaskExplorer_DoesNotUseWorkspaceAsAutomaticSource" />
    </UnitTest>
    <UnitTest name="BirkNext.Web.Tests.Services.ConstitutionSampleProjectResolverTests.ResolveAsync_InvalidProject_ReturnsError" storage="c:\users\ajaan\source\sdd-repos\birknext\aiassisted\frontend\birknext.web.tests\bin\debug\net8.0\birknext.web.tests.dll" id="47a95918-18ba-a459-fdc1-db35919eab54">
      <Execution id="52551e00-8a34-4f80-b52d-58412c692be9" />
      <TestMethod codeBase="C:\Users\ajaan\source\sdd-repos\BirkNext\AIAssisted\frontend\BirkNext.Web.Tests\bin\Debug\net8.0\BirkNext.Web.Tests.dll" adapterTypeName="executor://xunit/VsTestRunner2/netcoreapp" className="BirkNext.Web.Tests.Services.ConstitutionSampleProjectResolverTests" name="ResolveAsync_InvalidProject_ReturnsError" />
    </UnitTest>
    <UnitTest name="BirkNext.Web.Tests.Services.ConstitutionSampleProjectResolverTests.ResolveAsync_SwitchProjects_ClearsOldContent" storage="c:\users\ajaan\source\sdd-repos\birknext\aiassisted\frontend\birknext.web.tests\bin\debug\net8.0\birknext.web.tests.dll" id="6664db61-527e-d74c-bb53-bded492adedd">
      <Execution id="2c3bb4d1-47dc-4c8f-a449-d61697deb370" />
      <TestMethod codeBase="C:\Users\ajaan\source\sdd-repos\BirkNext\AIAssisted\frontend\BirkNext.Web.Tests\bin\Debug\net8.0\BirkNext.Web.Tests.dll" adapterTypeName="executor://xunit/VsTestRunner2/netcoreapp" className="BirkNext.Web.Tests.Services.ConstitutionSampleProjectResolverTests" name="ResolveAsync_SwitchProjects_ClearsOldContent" />
    </UnitTest>
    <UnitTest name="BirkNext.Web.Tests.Pages.DataModelExplorerSampleProjectTests.DataModelExplorer_HandlesEmptySelectedProject" storage="c:\users\ajaan\source\sdd-repos\birknext\aiassisted\frontend\birknext.web.tests\bin\debug\net8.0\birknext.web.tests.dll" id="ecbd8a29-c620-a079-1aaf-86d7f1f936f3">
      <Execution id="cccdc555-f244-43e6-8deb-190c85082c48" />
      <TestMethod codeBase="C:\Users\ajaan\source\sdd-repos\BirkNext\AIAssisted\frontend\BirkNext.Web.Tests\bin\Debug\net8.0\BirkNext.Web.Tests.dll" adapterTypeName="executor://xunit/VsTestRunner2/netcoreapp" className="BirkNext.Web.Tests.Pages.DataModelExplorerSampleProjectTests" name="DataModelExplorer_HandlesEmptySelectedProject" />
    </UnitTest>
    <UnitTest name="BirkNext.Web.Tests.Pages.PlanExplorerSampleProjectTests.PlanExplorer_ShowsMissingStateWhenPlanNotFound" storage="c:\users\ajaan\source\sdd-repos\birknext\aiassisted\frontend\birknext.web.tests\bin\debug\net8.0\birknext.web.tests.dll" id="c68c50ce-25fd-8602-4f14-05b23856e6d4">
      <Execution id="a2003fb9-677e-4c6b-b5dd-39dc51ebeb35" />
      <TestMethod codeBase="C:\Users\ajaan\source\sdd-repos\BirkNext\AIAssisted\frontend\BirkNext.Web.Tests\bin\Debug\net8.0\BirkNext.Web.Tests.dll" adapterTypeName="executor://xunit/VsTestRunner2/netcoreapp" className="BirkNext.Web.Tests.Pages.PlanExplorerSampleProjectTests" name="PlanExplorer_ShowsMissingStateWhenPlanNotFound" />
    </UnitTest>
    <UnitTest name="BirkNext.Web.Tests.Pages.DataModelExplorerSampleProjectTests.DataModelExplorer_SwitchesProjects" storage="c:\users\ajaan\source\sdd-repos\birknext\aiassisted\frontend\birknext.web.tests\bin\debug\net8.0\birknext.web.tests.dll" id="24c241a0-e179-101a-b5c8-31bc312ac61d">
      <Execution id="de57f318-1686-4d9b-96bc-883394c3915f" />
      <TestMethod codeBase="C:\Users\ajaan\source\sdd-repos\BirkNext\AIAssisted\frontend\BirkNext.Web.Tests\bin\Debug\net8.0\BirkNext.Web.Tests.dll" adapterTypeName="executor://xunit/VsTestRunner2/netcoreapp" className="BirkNext.Web.Tests.Pages.DataModelExplorerSampleProjectTests" name="DataModelExplorer_SwitchesProjects" />
    </UnitTest>
    <UnitTest name="BirkNext.Web.Tests.Pages.ExplorerPageSourceOfTruthTests.PlanExplorer_DoesNotRequireProjectDocumentApiFallback" storage="c:\users\ajaan\source\sdd-repos\birknext\aiassisted\frontend\birknext.web.tests\bin\debug\net8.0\birknext.web.tests.dll" id="de7b7f6f-ee56-7c22-3c30-ae59500068f4">
      <Execution id="53a83251-51f4-4251-8c5a-e9041223ccca" />
      <TestMethod codeBase="C:\Users\ajaan\source\sdd-repos\BirkNext\AIAssisted\frontend\BirkNext.Web.Tests\bin\Debug\net8.0\BirkNext.Web.Tests.dll" adapterTypeName="executor://xunit/VsTestRunner2/netcoreapp" className="BirkNext.Web.Tests.Pages.ExplorerPageSourceOfTruthTests" name="PlanExplorer_DoesNotRequireProjectDocumentApiFallback" />
    </UnitTest>
    <UnitTest name="BirkNext.Web.Tests.Pages.SampleProjectsNavigationTests.ReviewerLinksLoadSelectedProjectBeforeNavigating(reviewerName: &quot;Plan Explorer&quot;, expectedRoute: &quot;/plan-explorer&quot;, expectedKind: Plan, expectedText: &quot;PERSON plan.md&quot;)" storage="c:\users\ajaan\source\sdd-repos\birknext\aiassisted\frontend\birknext.web.tests\bin\debug\net8.0\birknext.web.tests.dll" id="aa5841b6-9f68-7b8a-4f0d-ff5c4c9ae13a">
      <Execution id="8855d34f-028f-4d4a-8d0b-6d49b0ab44eb" />
      <TestMethod codeBase="C:\Users\ajaan\source\sdd-repos\BirkNext\AIAssisted\frontend\BirkNext.Web.Tests\bin\Debug\net8.0\BirkNext.Web.Tests.dll" adapterTypeName="executor://xunit/VsTestRunner2/netcoreapp" className="BirkNext.Web.Tests.Pages.SampleProjectsNavigationTests" name="ReviewerLinksLoadSelectedProjectBeforeNavigating" />
    </UnitTest>
    <UnitTest name="BirkNext.Web.Tests.Pages.PlanExplorerSampleProjectTests.PlanExplorer_ClearsProjectHeaderOnProjectDeselection" storage="c:\users\ajaan\source\sdd-repos\birknext\aiassisted\frontend\birknext.web.tests\bin\debug\net8.0\birknext.web.tests.dll" id="0a4d6b64-3ec5-0804-bb1d-ad3cf97d6653">
      <Execution id="5af80cd5-7f58-42ff-9813-fdcd413f359f" />
      <TestMethod codeBase="C:\Users\ajaan\source\sdd-repos\BirkNext\AIAssisted\frontend\BirkNext.Web.Tests\bin\Debug\net8.0\BirkNext.Web.Tests.dll" adapterTypeName="executor://xunit/VsTestRunner2/netcoreapp" className="BirkNext.Web.Tests.Pages.PlanExplorerSampleProjectTests" name="PlanExplorer_ClearsProjectHeaderOnProjectDeselection" />
    </UnitTest>
    <UnitTest name="BirkNext.Web.Tests.Pages.SpecificationExplorerSampleProjectTests.SpecificationExplorer_LoadsFromSelectedSampleProject" storage="c:\users\ajaan\source\sdd-repos\birknext\aiassisted\frontend\birknext.web.tests\bin\debug\net8.0\birknext.web.tests.dll" id="da3f82c4-3f5a-3ce6-c628-3622499f8417">
      <Execution id="252e6f05-7162-4a8f-bbff-0563eee0c694" />
      <TestMethod codeBase="C:\Users\ajaan\source\sdd-repos\BirkNext\AIAssisted\frontend\BirkNext.Web.Tests\bin\Debug\net8.0\BirkNext.Web.Tests.dll" adapterTypeName="executor://xunit/VsTestRunner2/netcoreapp" className="BirkNext.Web.Tests.Pages.SpecificationExplorerSampleProjectTests" name="SpecificationExplorer_LoadsFromSelectedSampleProject" />
    </UnitTest>
    <UnitTest name="BirkNext.Web.Tests.Pages.SampleProjectsNavigationTests.ReviewerLinksLoadSelectedProjectBeforeNavigating(reviewerName: &quot;Constitution Explorer&quot;, expectedRoute: &quot;/constitution-explorer&quot;, expectedKind: Constitution, expectedText: &quot;PERSON constitution.md&quot;)" storage="c:\users\ajaan\source\sdd-repos\birknext\aiassisted\frontend\birknext.web.tests\bin\debug\net8.0\birknext.web.tests.dll" id="67831d69-4acb-1b28-4813-e4bcfe01c753">
      <Execution id="74e92786-06e2-43bf-930a-dd489e54740e" />
      <TestMethod codeBase="C:\Users\ajaan\source\sdd-repos\BirkNext\AIAssisted\frontend\BirkNext.Web.Tests\bin\Debug\net8.0\BirkNext.Web.Tests.dll" adapterTypeName="executor://xunit/VsTestRunner2/netcoreapp" className="BirkNext.Web.Tests.Pages.SampleProjectsNavigationTests" name="ReviewerLinksLoadSelectedProjectBeforeNavigating" />
    </UnitTest>
    <UnitTest name="BirkNext.Web.Tests.Pages.DataModelExplorerSampleProjectTests.DataModelExplorer_LoadsFromSelectedSampleProject" storage="c:\users\ajaan\source\sdd-repos\birknext\aiassisted\frontend\birknext.web.tests\bin\debug\net8.0\birknext.web.tests.dll" id="a5dd1463-501f-4b2b-6e11-7b1056736328">
      <Execution id="0402f788-3aa4-45a2-aded-70a8075a3280" />
      <TestMethod codeBase="C:\Users\ajaan\source\sdd-repos\BirkNext\AIAssisted\frontend\BirkNext.Web.Tests\bin\Debug\net8.0\BirkNext.Web.Tests.dll" adapterTypeName="executor://xunit/VsTestRunner2/netcoreapp" className="BirkNext.Web.Tests.Pages.DataModelExplorerSampleProjectTests" name="DataModelExplorer_LoadsFromSelectedSampleProject" />
    </UnitTest>
    <UnitTest name="BirkNext.Web.Tests.Pages.SpecificationExplorerSampleProjectTests.SpecificationExplorer_ReloadsSameProjectWithoutDuplication" storage="c:\users\ajaan\source\sdd-repos\birknext\aiassisted\frontend\birknext.web.tests\bin\debug\net8.0\birknext.web.tests.dll" id="285468a1-255d-a8c0-9516-b54e7d8a61af">
      <Execution id="f8a09a6d-36c3-4fa0-9898-46ff38edf569" />
      <TestMethod codeBase="C:\Users\ajaan\source\sdd-repos\BirkNext\AIAssisted\frontend\BirkNext.Web.Tests\bin\Debug\net8.0\BirkNext.Web.Tests.dll" adapterTypeName="executor://xunit/VsTestRunner2/netcoreapp" className="BirkNext.Web.Tests.Pages.SpecificationExplorerSampleProjectTests" name="SpecificationExplorer_ReloadsSameProjectWithoutDuplication" />
    </UnitTest>
    <UnitTest name="BirkNext.Web.Tests.Pages.DataModelExplorerSampleProjectTests.DataModelExplorer_ShowsMissingStateWhenDataModelNotFound" storage="c:\users\ajaan\source\sdd-repos\birknext\aiassisted\frontend\birknext.web.tests\bin\debug\net8.0\birknext.web.tests.dll" id="52cf2472-99ae-5b57-c080-cfa737263999">
      <Execution id="43cefa14-4bc3-4b16-9ea3-631832ddaee6" />
      <TestMethod codeBase="C:\Users\ajaan\source\sdd-repos\BirkNext\AIAssisted\frontend\BirkNext.Web.Tests\bin\Debug\net8.0\BirkNext.Web.Tests.dll" adapterTypeName="executor://xunit/VsTestRunner2/netcoreapp" className="BirkNext.Web.Tests.Pages.DataModelExplorerSampleProjectTests" name="DataModelExplorer_ShowsMissingStateWhenDataModelNotFound" />
    </UnitTest>
    <UnitTest name="BirkNext.Web.Tests.Pages.SpecificationExplorerSampleProjectTests.SpecificationExplorer_DoesNotUseWorkspaceAsAutomaticSource" storage="c:\users\ajaan\source\sdd-repos\birknext\aiassisted\frontend\birknext.web.tests\bin\debug\net8.0\birknext.web.tests.dll" id="98f5c6b4-9483-7f80-0586-8f1d8565e4cd">
      <Execution id="3f487be3-a221-4e23-acb5-56e0e79158ce" />
      <TestMethod codeBase="C:\Users\ajaan\source\sdd-repos\BirkNext\AIAssisted\frontend\BirkNext.Web.Tests\bin\Debug\net8.0\BirkNext.Web.Tests.dll" adapterTypeName="executor://xunit/VsTestRunner2/netcoreapp" className="BirkNext.Web.Tests.Pages.SpecificationExplorerSampleProjectTests" name="SpecificationExplorer_DoesNotUseWorkspaceAsAutomaticSource" />
    </UnitTest>
    <UnitTest name="BirkNext.Web.Tests.Pages.TaskExplorerSampleProjectTests.TaskExplorer_DifferentTaskIDsDoNotLeakBetweenProjects" storage="c:\users\ajaan\source\sdd-repos\birknext\aiassisted\frontend\birknext.web.tests\bin\debug\net8.0\birknext.web.tests.dll" id="d423bedd-f4cc-c836-de95-67a83cd9df10">
      <Execution id="da93a1b1-13ba-4839-8b17-9b7dd7525273" />
      <TestMethod codeBase="C:\Users\ajaan\source\sdd-repos\BirkNext\AIAssisted\frontend\BirkNext.Web.Tests\bin\Debug\net8.0\BirkNext.Web.Tests.dll" adapterTypeName="executor://xunit/VsTestRunner2/netcoreapp" className="BirkNext.Web.Tests.Pages.TaskExplorerSampleProjectTests" name="TaskExplorer_DifferentTaskIDsDoNotLeakBetweenProjects" />
    </UnitTest>
    <UnitTest name="BirkNext.Web.Tests.Pages.PlanExplorerSampleProjectTests.PlanExplorer_SwitchesProjects" storage="c:\users\ajaan\source\sdd-repos\birknext\aiassisted\frontend\birknext.web.tests\bin\debug\net8.0\birknext.web.tests.dll" id="6d79443a-1b89-96ae-8f2f-89168be6dd6c">
      <Execution id="b20e54e4-d2ee-4893-b60b-a13f6bed08ea" />
      <TestMethod codeBase="C:\Users\ajaan\source\sdd-repos\BirkNext\AIAssisted\frontend\BirkNext.Web.Tests\bin\Debug\net8.0\BirkNext.Web.Tests.dll" adapterTypeName="executor://xunit/VsTestRunner2/netcoreapp" className="BirkNext.Web.Tests.Pages.PlanExplorerSampleProjectTests" name="PlanExplorer_SwitchesProjects" />
    </UnitTest>
    <UnitTest name="BirkNext.Web.Tests.Pages.DataModelExplorerSampleProjectTests.DataModelExplorer_DifferentDataModelsDoNotLeakBetweenProjects" storage="c:\users\ajaan\source\sdd-repos\birknext\aiassisted\frontend\birknext.web.tests\bin\debug\net8.0\birknext.web.tests.dll" id="31ffab3f-3d8b-a8d7-0147-c12629662658">
      <Execution id="ac7a93d7-eed2-4bf1-9a79-4b25d9452f5e" />
      <TestMethod codeBase="C:\Users\ajaan\source\sdd-repos\BirkNext\AIAssisted\frontend\BirkNext.Web.Tests\bin\Debug\net8.0\BirkNext.Web.Tests.dll" adapterTypeName="executor://xunit/VsTestRunner2/netcoreapp" className="BirkNext.Web.Tests.Pages.DataModelExplorerSampleProjectTests" name="DataModelExplorer_DifferentDataModelsDoNotLeakBetweenProjects" />
    </UnitTest>
    <UnitTest name="BirkNext.Web.Tests.Pages.ExplorerPageSourceOfTruthTests.DataModelExplorer_DoesNotRequireProjectDocumentApiFallback" storage="c:\users\ajaan\source\sdd-repos\birknext\aiassisted\frontend\birknext.web.tests\bin\debug\net8.0\birknext.web.tests.dll" id="fddf3bb8-b4cf-bba8-7c93-5d1fad41ba51">
      <Execution id="a324a599-07b4-403c-8028-22f7e2592876" />
      <TestMethod codeBase="C:\Users\ajaan\source\sdd-repos\BirkNext\AIAssisted\frontend\BirkNext.Web.Tests\bin\Debug\net8.0\BirkNext.Web.Tests.dll" adapterTypeName="executor://xunit/VsTestRunner2/netcoreapp" className="BirkNext.Web.Tests.Pages.ExplorerPageSourceOfTruthTests" name="DataModelExplorer_DoesNotRequireProjectDocumentApiFallback" />
    </UnitTest>
    <UnitTest name="BirkNext.Web.Tests.Pages.SpecificationExplorerSampleProjectTests.SpecificationExplorer_ShowsMissingStateWhenSpecNotFound" storage="c:\users\ajaan\source\sdd-repos\birknext\aiassisted\frontend\birknext.web.tests\bin\debug\net8.0\birknext.web.tests.dll" id="0ae1576b-e762-21a4-2222-3fdc03eb3b42">
      <Execution id="2f0d28ea-29a8-479b-a707-d71e1bca12d7" />
      <TestMethod codeBase="C:\Users\ajaan\source\sdd-repos\BirkNext\AIAssisted\frontend\BirkNext.Web.Tests\bin\Debug\net8.0\BirkNext.Web.Tests.dll" adapterTypeName="executor://xunit/VsTestRunner2/netcoreapp" className="BirkNext.Web.Tests.Pages.SpecificationExplorerSampleProjectTests" name="SpecificationExplorer_ShowsMissingStateWhenSpecNotFound" />
    </UnitTest>
    <UnitTest name="BirkNext.Web.Tests.Pages.ExplorerPageSourceOfTruthTests.TaskExplorer_DoesNotRequireProjectDocumentApiFallback" storage="c:\users\ajaan\source\sdd-repos\birknext\aiassisted\frontend\birknext.web.tests\bin\debug\net8.0\birknext.web.tests.dll" id="d8249221-1eb5-2d07-b8ed-c5a903842fc4">
      <Execution id="0818a565-a31c-420c-a0b0-120be600e321" />
      <TestMethod codeBase="C:\Users\ajaan\source\sdd-repos\BirkNext\AIAssisted\frontend\BirkNext.Web.Tests\bin\Debug\net8.0\BirkNext.Web.Tests.dll" adapterTypeName="executor://xunit/VsTestRunner2/netcoreapp" className="BirkNext.Web.Tests.Pages.ExplorerPageSourceOfTruthTests" name="TaskExplorer_DoesNotRequireProjectDocumentApiFallback" />
    </UnitTest>
    <UnitTest name="BirkNext.Web.Tests.Pages.PlanExplorerSampleProjectTests.PlanExplorer_DoesNotUseWorkspaceAsAutomaticSource" storage="c:\users\ajaan\source\sdd-repos\birknext\aiassisted\frontend\birknext.web.tests\bin\debug\net8.0\birknext.web.tests.dll" id="8c7a33d3-0135-dbcf-86fc-2bae288cf064">
      <Execution id="bf4dc8f9-6462-4515-b979-76096c681c16" />
      <TestMethod codeBase="C:\Users\ajaan\source\sdd-repos\BirkNext\AIAssisted\frontend\BirkNext.Web.Tests\bin\Debug\net8.0\BirkNext.Web.Tests.dll" adapterTypeName="executor://xunit/VsTestRunner2/netcoreapp" className="BirkNext.Web.Tests.Pages.PlanExplorerSampleProjectTests" name="PlanExplorer_DoesNotUseWorkspaceAsAutomaticSource" />
    </UnitTest>
    <UnitTest name="BirkNext.Web.Tests.Pages.PlanExplorerSampleProjectTests.PlanExplorer_HandlesEmptySelectedProject" storage="c:\users\ajaan\source\sdd-repos\birknext\aiassisted\frontend\birknext.web.tests\bin\debug\net8.0\birknext.web.tests.dll" id="d9d2d2c2-8f06-f6f8-3199-a330e46f746f">
      <Execution id="519a52b0-3c62-4938-bc78-27f358c6a70e" />
      <TestMethod codeBase="C:\Users\ajaan\source\sdd-repos\BirkNext\AIAssisted\frontend\BirkNext.Web.Tests\bin\Debug\net8.0\BirkNext.Web.Tests.dll" adapterTypeName="executor://xunit/VsTestRunner2/netcoreapp" className="BirkNext.Web.Tests.Pages.PlanExplorerSampleProjectTests" name="PlanExplorer_HandlesEmptySelectedProject" />
    </UnitTest>
    <UnitTest name="BirkNext.Web.Tests.Pages.SampleProjectsNavigationTests.ReviewerLinksLoadSelectedProjectBeforeNavigating(reviewerName: &quot;Specification Review&quot;, expectedRoute: &quot;/extract&quot;, expectedKind: Specification, expectedText: &quot;PERSON spec.md&quot;)" storage="c:\users\ajaan\source\sdd-repos\birknext\aiassisted\frontend\birknext.web.tests\bin\debug\net8.0\birknext.web.tests.dll" id="b6c2c4fe-31df-1c6f-ec94-0ab141847c62">
      <Execution id="4334d24e-b738-4939-bced-77d99f989e20" />
      <TestMethod codeBase="C:\Users\ajaan\source\sdd-repos\BirkNext\AIAssisted\frontend\BirkNext.Web.Tests\bin\Debug\net8.0\BirkNext.Web.Tests.dll" adapterTypeName="executor://xunit/VsTestRunner2/netcoreapp" className="BirkNext.Web.Tests.Pages.SampleProjectsNavigationTests" name="ReviewerLinksLoadSelectedProjectBeforeNavigating" />
    </UnitTest>
    <UnitTest name="BirkNext.Web.Tests.Pages.PlanExplorerSampleProjectTests.PlanExplorer_ReloadsSameProjectWithoutDuplication" storage="c:\users\ajaan\source\sdd-repos\birknext\aiassisted\frontend\birknext.web.tests\bin\debug\net8.0\birknext.web.tests.dll" id="a7269637-39b5-7aab-6f72-76469ab2d538">
      <Execution id="ac078876-7048-4bda-838d-bb43fc16ff6b" />
      <TestMethod codeBase="C:\Users\ajaan\source\sdd-repos\BirkNext\AIAssisted\frontend\BirkNext.Web.Tests\bin\Debug\net8.0\BirkNext.Web.Tests.dll" adapterTypeName="executor://xunit/VsTestRunner2/netcoreapp" className="BirkNext.Web.Tests.Pages.PlanExplorerSampleProjectTests" name="PlanExplorer_ReloadsSameProjectWithoutDuplication" />
    </UnitTest>
    <UnitTest name="BirkNext.Web.Tests.Pages.DataModelExplorerSampleProjectTests.DataModelExplorer_ClearsProjectHeaderOnProjectDeselection" storage="c:\users\ajaan\source\sdd-repos\birknext\aiassisted\frontend\birknext.web.tests\bin\debug\net8.0\birknext.web.tests.dll" id="d3ae7e0e-185a-47a8-b3bf-d341692dfc80">
      <Execution id="007579f4-0ff5-47b6-afd2-f9d8dab2699c" />
      <TestMethod codeBase="C:\Users\ajaan\source\sdd-repos\BirkNext\AIAssisted\frontend\BirkNext.Web.Tests\bin\Debug\net8.0\BirkNext.Web.Tests.dll" adapterTypeName="executor://xunit/VsTestRunner2/netcoreapp" className="BirkNext.Web.Tests.Pages.DataModelExplorerSampleProjectTests" name="DataModelExplorer_ClearsProjectHeaderOnProjectDeselection" />
    </UnitTest>
    <UnitTest name="BirkNext.Web.Tests.Pages.SpecificationExplorerSampleProjectTests.SpecificationExplorer_HandlesEmptySelectedProject" storage="c:\users\ajaan\source\sdd-repos\birknext\aiassisted\frontend\birknext.web.tests\bin\debug\net8.0\birknext.web.tests.dll" id="86a2de7f-f961-bf03-d8df-0e0feaaab9f1">
      <Execution id="fa60b7be-bb69-4355-b069-da379517ae3d" />
      <TestMethod codeBase="C:\Users\ajaan\source\sdd-repos\BirkNext\AIAssisted\frontend\BirkNext.Web.Tests\bin\Debug\net8.0\BirkNext.Web.Tests.dll" adapterTypeName="executor://xunit/VsTestRunner2/netcoreapp" className="BirkNext.Web.Tests.Pages.SpecificationExplorerSampleProjectTests" name="SpecificationExplorer_HandlesEmptySelectedProject" />
    </UnitTest>
    <UnitTest name="BirkNext.Web.Tests.Pages.TaskExplorerSampleProjectTests.TaskExplorer_ShowsMissingStateWhenTasksNotFound" storage="c:\users\ajaan\source\sdd-repos\birknext\aiassisted\frontend\birknext.web.tests\bin\debug\net8.0\birknext.web.tests.dll" id="c35ab415-83bc-20b2-a92c-df1979a35f02">
      <Execution id="589aa8d4-bd10-47b8-a683-3cc4f6e2eaa2" />
      <TestMethod codeBase="C:\Users\ajaan\source\sdd-repos\BirkNext\AIAssisted\frontend\BirkNext.Web.Tests\bin\Debug\net8.0\BirkNext.Web.Tests.dll" adapterTypeName="executor://xunit/VsTestRunner2/netcoreapp" className="BirkNext.Web.Tests.Pages.TaskExplorerSampleProjectTests" name="TaskExplorer_ShowsMissingStateWhenTasksNotFound" />
    </UnitTest>
    <UnitTest name="BirkNext.Web.Tests.Services.ConstitutionSampleProjectResolverTests.GetAvailableProjectsAsync_ReturnsOnlySampleDataProjects" storage="c:\users\ajaan\source\sdd-repos\birknext\aiassisted\frontend\birknext.web.tests\bin\debug\net8.0\birknext.web.tests.dll" id="4dc64b36-df70-577e-a208-c27c7d897ca0">
      <Execution id="d366ef38-1efa-471b-a872-a0382d8b3c75" />
      <TestMethod codeBase="C:\Users\ajaan\source\sdd-repos\BirkNext\AIAssisted\frontend\BirkNext.Web.Tests\bin\Debug\net8.0\BirkNext.Web.Tests.dll" adapterTypeName="executor://xunit/VsTestRunner2/netcoreapp" className="BirkNext.Web.Tests.Services.ConstitutionSampleProjectResolverTests" name="GetAvailableProjectsAsync_ReturnsOnlySampleDataProjects" />
    </UnitTest>
    <UnitTest name="BirkNext.Web.Tests.Pages.PlanExplorerSampleProjectTests.PlanExplorer_LoadsFromSelectedSampleProject" storage="c:\users\ajaan\source\sdd-repos\birknext\aiassisted\frontend\birknext.web.tests\bin\debug\net8.0\birknext.web.tests.dll" id="361d28a4-5784-5d97-d94e-cae21b8f6c51">
      <Execution id="684a6612-cf93-451f-9062-5baec9d3598b" />
      <TestMethod codeBase="C:\Users\ajaan\source\sdd-repos\BirkNext\AIAssisted\frontend\BirkNext.Web.Tests\bin\Debug\net8.0\BirkNext.Web.Tests.dll" adapterTypeName="executor://xunit/VsTestRunner2/netcoreapp" className="BirkNext.Web.Tests.Pages.PlanExplorerSampleProjectTests" name="PlanExplorer_LoadsFromSelectedSampleProject" />
    </UnitTest>
    <UnitTest name="BirkNext.Web.Tests.Pages.SampleProjectsNavigationTests.ReviewerClickFetchesEachSupportedFileOnlyOnce" storage="c:\users\ajaan\source\sdd-repos\birknext\aiassisted\frontend\birknext.web.tests\bin\debug\net8.0\birknext.web.tests.dll" id="210a0a54-cc52-8377-c39c-b079d2a02e0c">
      <Execution id="48e30d94-e8d0-4588-9995-7062b07fdf75" />
      <TestMethod codeBase="C:\Users\ajaan\source\sdd-repos\BirkNext\AIAssisted\frontend\BirkNext.Web.Tests\bin\Debug\net8.0\BirkNext.Web.Tests.dll" adapterTypeName="executor://xunit/VsTestRunner2/netcoreapp" className="BirkNext.Web.Tests.Pages.SampleProjectsNavigationTests" name="ReviewerClickFetchesEachSupportedFileOnlyOnce" />
    </UnitTest>
    <UnitTest name="BirkNext.Web.Tests.Pages.TaskExplorerSampleProjectTests.TaskExplorer_ClearsProjectHeaderOnProjectDeselection" storage="c:\users\ajaan\source\sdd-repos\birknext\aiassisted\frontend\birknext.web.tests\bin\debug\net8.0\birknext.web.tests.dll" id="ce146397-3612-bb8d-7a38-aa5137b3866d">
      <Execution id="81f83c7a-eed1-4a37-b9dd-ad42ebba90fa" />
      <TestMethod codeBase="C:\Users\ajaan\source\sdd-repos\BirkNext\AIAssisted\frontend\BirkNext.Web.Tests\bin\Debug\net8.0\BirkNext.Web.Tests.dll" adapterTypeName="executor://xunit/VsTestRunner2/netcoreapp" className="BirkNext.Web.Tests.Pages.TaskExplorerSampleProjectTests" name="TaskExplorer_ClearsProjectHeaderOnProjectDeselection" />
    </UnitTest>
    <UnitTest name="BirkNext.Web.Tests.Pages.ExplorerPageSourceOfTruthTests.ExplorerPages_UseStandaloneScratchWhenWorkspaceIsEmpty(storageKey: &quot;dme-standalone-datamodel&quot;, kind: DataModel, text: &quot;# Standalone Data Model&quot;)" storage="c:\users\ajaan\source\sdd-repos\birknext\aiassisted\frontend\birknext.web.tests\bin\debug\net8.0\birknext.web.tests.dll" id="3fe1ae01-e415-f82b-ed7d-ff059eaf1f48">
      <Execution id="bd7796b4-405d-4ce6-ad53-613bd8a88564" />
      <TestMethod codeBase="C:\Users\ajaan\source\sdd-repos\BirkNext\AIAssisted\frontend\BirkNext.Web.Tests\bin\Debug\net8.0\BirkNext.Web.Tests.dll" adapterTypeName="executor://xunit/VsTestRunner2/netcoreapp" className="BirkNext.Web.Tests.Pages.ExplorerPageSourceOfTruthTests" name="ExplorerPages_UseStandaloneScratchWhenWorkspaceIsEmpty" />
    </UnitTest>
    <UnitTest name="BirkNext.Web.Tests.Pages.TaskExplorerSampleProjectTests.TaskExplorer_ReloadsSameProjectWithoutDuplication" storage="c:\users\ajaan\source\sdd-repos\birknext\aiassisted\frontend\birknext.web.tests\bin\debug\net8.0\birknext.web.tests.dll" id="af29c175-8d65-4ec5-1060-8fd2ce3c4950">
      <Execution id="e7e1a4d1-5936-432e-be90-fa4592d3e014" />
      <TestMethod codeBase="C:\Users\ajaan\source\sdd-repos\BirkNext\AIAssisted\frontend\BirkNext.Web.Tests\bin\Debug\net8.0\BirkNext.Web.Tests.dll" adapterTypeName="executor://xunit/VsTestRunner2/netcoreapp" className="BirkNext.Web.Tests.Pages.TaskExplorerSampleProjectTests" name="TaskExplorer_ReloadsSameProjectWithoutDuplication" />
    </UnitTest>
    <UnitTest name="BirkNext.Web.Tests.Pages.ExplorerPageSourceOfTruthTests.ExplorerPages_UseStandaloneScratchWhenWorkspaceIsEmpty(storageKey: &quot;pe-standalone-plan&quot;, kind: Plan, text: &quot;# Standalone Plan&quot;)" storage="c:\users\ajaan\source\sdd-repos\birknext\aiassisted\frontend\birknext.web.tests\bin\debug\net8.0\birknext.web.tests.dll" id="15cd6928-1add-eb11-822d-3e560fe58255">
      <Execution id="e951ddb1-c0af-41d9-8ca7-db274e38a82b" />
      <TestMethod codeBase="C:\Users\ajaan\source\sdd-repos\BirkNext\AIAssisted\frontend\BirkNext.Web.Tests\bin\Debug\net8.0\BirkNext.Web.Tests.dll" adapterTypeName="executor://xunit/VsTestRunner2/netcoreapp" className="BirkNext.Web.Tests.Pages.ExplorerPageSourceOfTruthTests" name="ExplorerPages_UseStandaloneScratchWhenWorkspaceIsEmpty" />
    </UnitTest>
    <UnitTest name="BirkNext.Web.Tests.Pages.TaskExplorerSampleProjectTests.TaskExplorer_HandlesEmptySelectedProject" storage="c:\users\ajaan\source\sdd-repos\birknext\aiassisted\frontend\birknext.web.tests\bin\debug\net8.0\birknext.web.tests.dll" id="ac1ac52e-e7eb-adad-58b4-c99b214e77b8">
      <Execution id="dc2c3fc1-e391-4d32-be2e-69c2cd1bbf4c" />
      <TestMethod codeBase="C:\Users\ajaan\source\sdd-repos\BirkNext\AIAssisted\frontend\BirkNext.Web.Tests\bin\Debug\net8.0\BirkNext.Web.Tests.dll" adapterTypeName="executor://xunit/VsTestRunner2/netcoreapp" className="BirkNext.Web.Tests.Pages.TaskExplorerSampleProjectTests" name="TaskExplorer_HandlesEmptySelectedProject" />
    </UnitTest>
    <UnitTest name="BirkNext.Web.Tests.Pages.SampleProjectsNavigationTests.ReviewerLinksLoadSelectedProjectBeforeNavigating(reviewerName: &quot;Data Model Explorer&quot;, expectedRoute: &quot;/data-model-explorer&quot;, expectedKind: DataModel, expectedText: &quot;PERSON data-model.md&quot;)" storage="c:\users\ajaan\source\sdd-repos\birknext\aiassisted\frontend\birknext.web.tests\bin\debug\net8.0\birknext.web.tests.dll" id="6de0d571-848a-ecb0-ab60-525436eee8c3">
      <Execution id="3cd8728d-fbb1-4b5e-aee6-9abbbe74ee74" />
      <TestMethod codeBase="C:\Users\ajaan\source\sdd-repos\BirkNext\AIAssisted\frontend\BirkNext.Web.Tests\bin\Debug\net8.0\BirkNext.Web.Tests.dll" adapterTypeName="executor://xunit/VsTestRunner2/netcoreapp" className="BirkNext.Web.Tests.Pages.SampleProjectsNavigationTests" name="ReviewerLinksLoadSelectedProjectBeforeNavigating" />
    </UnitTest>
    <UnitTest name="BirkNext.Web.Tests.Pages.TaskExplorerSampleProjectTests.TaskExplorer_LoadsFromSelectedSampleProject" storage="c:\users\ajaan\source\sdd-repos\birknext\aiassisted\frontend\birknext.web.tests\bin\debug\net8.0\birknext.web.tests.dll" id="58bc011a-9089-4334-d3ca-2478e3f66da2">
      <Execution id="97c99d2e-50dd-4bb5-96a6-737cdcc55c31" />
      <TestMethod codeBase="C:\Users\ajaan\source\sdd-repos\BirkNext\AIAssisted\frontend\BirkNext.Web.Tests\bin\Debug\net8.0\BirkNext.Web.Tests.dll" adapterTypeName="executor://xunit/VsTestRunner2/netcoreapp" className="BirkNext.Web.Tests.Pages.TaskExplorerSampleProjectTests" name="TaskExplorer_LoadsFromSelectedSampleProject" />
    </UnitTest>
    <UnitTest name="BirkNext.Web.Tests.Services.ConstitutionSampleProjectResolverTests.SetSelectedProject_UpdatesContext" storage="c:\users\ajaan\source\sdd-repos\birknext\aiassisted\frontend\birknext.web.tests\bin\debug\net8.0\birknext.web.tests.dll" id="c90edb55-07b9-1fca-bb4a-871e9064928e">
      <Execution id="bb024b1f-b466-4e55-95ff-3a44fc92fd67" />
      <TestMethod codeBase="C:\Users\ajaan\source\sdd-repos\BirkNext\AIAssisted\frontend\BirkNext.Web.Tests\bin\Debug\net8.0\BirkNext.Web.Tests.dll" adapterTypeName="executor://xunit/VsTestRunner2/netcoreapp" className="BirkNext.Web.Tests.Services.ConstitutionSampleProjectResolverTests" name="SetSelectedProject_UpdatesContext" />
    </UnitTest>
    <UnitTest name="BirkNext.Web.Tests.Pages.ExplorerPageSourceOfTruthTests.ConstitutionExplorer_UsesSampleProjectBeforeWorkspaceAndStandaloneStorage" storage="c:\users\ajaan\source\sdd-repos\birknext\aiassisted\frontend\birknext.web.tests\bin\debug\net8.0\birknext.web.tests.dll" id="c0330d5a-9aa3-5902-d854-34ef809951c9">
      <Execution id="123c4d44-5788-4740-acb7-6566f7d96bcb" />
      <TestMethod codeBase="C:\Users\ajaan\source\sdd-repos\BirkNext\AIAssisted\frontend\BirkNext.Web.Tests\bin\Debug\net8.0\BirkNext.Web.Tests.dll" adapterTypeName="executor://xunit/VsTestRunner2/netcoreapp" className="BirkNext.Web.Tests.Pages.ExplorerPageSourceOfTruthTests" name="ConstitutionExplorer_UsesSampleProjectBeforeWorkspaceAndStandaloneStorage" />
    </UnitTest>
    <UnitTest name="BirkNext.Web.Tests.Services.ConstitutionSampleProjectResolverTests.ResolveAsync_MissingDocument_ReturnsNotFoundNotFallback" storage="c:\users\ajaan\source\sdd-repos\birknext\aiassisted\frontend\birknext.web.tests\bin\debug\net8.0\birknext.web.tests.dll" id="f145a492-2976-4d4a-b5ce-57eb5e1ef727">
      <Execution id="237d3af2-3f23-474b-9ac1-2e775e8dbe0e" />
      <TestMethod codeBase="C:\Users\ajaan\source\sdd-repos\BirkNext\AIAssisted\frontend\BirkNext.Web.Tests\bin\Debug\net8.0\BirkNext.Web.Tests.dll" adapterTypeName="executor://xunit/VsTestRunner2/netcoreapp" className="BirkNext.Web.Tests.Services.ConstitutionSampleProjectResolverTests" name="ResolveAsync_MissingDocument_ReturnsNotFoundNotFallback" />
    </UnitTest>
    <UnitTest name="BirkNext.Web.Tests.Pages.DataModelExplorerSampleProjectTests.DataModelExplorer_DoesNotUseWorkspaceAsAutomaticSource" storage="c:\users\ajaan\source\sdd-repos\birknext\aiassisted\frontend\birknext.web.tests\bin\debug\net8.0\birknext.web.tests.dll" id="d724eea0-90bf-50a9-fcd3-dfa7e6ad7789">
      <Execution id="2c3d796f-642c-4046-8431-19fa514c7853" />
      <TestMethod codeBase="C:\Users\ajaan\source\sdd-repos\BirkNext\AIAssisted\frontend\BirkNext.Web.Tests\bin\Debug\net8.0\BirkNext.Web.Tests.dll" adapterTypeName="executor://xunit/VsTestRunner2/netcoreapp" className="BirkNext.Web.Tests.Pages.DataModelExplorerSampleProjectTests" name="DataModelExplorer_DoesNotUseWorkspaceAsAutomaticSource" />
    </UnitTest>
    <UnitTest name="BirkNext.Web.Tests.Pages.TaskExplorerSampleProjectTests.TaskExplorer_SwitchesProjects" storage="c:\users\ajaan\source\sdd-repos\birknext\aiassisted\frontend\birknext.web.tests\bin\debug\net8.0\birknext.web.tests.dll" id="1e841182-3e62-1b91-1d2b-78ba3be65986">
      <Execution id="8197e353-2247-41f3-8e15-ffd4f19a1606" />
      <TestMethod codeBase="C:\Users\ajaan\source\sdd-repos\BirkNext\AIAssisted\frontend\BirkNext.Web.Tests\bin\Debug\net8.0\BirkNext.Web.Tests.dll" adapterTypeName="executor://xunit/VsTestRunner2/netcoreapp" className="BirkNext.Web.Tests.Pages.TaskExplorerSampleProjectTests" name="TaskExplorer_SwitchesProjects" />
    </UnitTest>
    <UnitTest name="BirkNext.Web.Tests.Pages.ExplorerPageSourceOfTruthTests.ExplorerPages_UseStandaloneScratchWhenWorkspaceIsEmpty(storageKey: &quot;te-standalone-tasks&quot;, kind: Tasks, text: &quot;# Standalone Tasks&quot;)" storage="c:\users\ajaan\source\sdd-repos\birknext\aiassisted\frontend\birknext.web.tests\bin\debug\net8.0\birknext.web.tests.dll" id="e9d08b8c-5fee-a912-b302-12d5a96562cc">
      <Execution id="7891dc53-fa87-4265-a223-5de5c65a03dc" />
      <TestMethod codeBase="C:\Users\ajaan\source\sdd-repos\BirkNext\AIAssisted\frontend\BirkNext.Web.Tests\bin\Debug\net8.0\BirkNext.Web.Tests.dll" adapterTypeName="executor://xunit/VsTestRunner2/netcoreapp" className="BirkNext.Web.Tests.Pages.ExplorerPageSourceOfTruthTests" name="ExplorerPages_UseStandaloneScratchWhenWorkspaceIsEmpty" />
    </UnitTest>
    <UnitTest name="BirkNext.Web.Tests.Pages.SpecificationExplorerSampleProjectTests.SpecificationExplorer_ClearsProjectHeaderOnProjectDeselection" storage="c:\users\ajaan\source\sdd-repos\birknext\aiassisted\frontend\birknext.web.tests\bin\debug\net8.0\birknext.web.tests.dll" id="6b4ca3d7-8a60-225a-1fd5-cda22794b3bc">
      <Execution id="3cc17ebf-95f5-43ad-a1e5-32bd8677d330" />
      <TestMethod codeBase="C:\Users\ajaan\source\sdd-repos\BirkNext\AIAssisted\frontend\BirkNext.Web.Tests\bin\Debug\net8.0\BirkNext.Web.Tests.dll" adapterTypeName="executor://xunit/VsTestRunner2/netcoreapp" className="BirkNext.Web.Tests.Pages.SpecificationExplorerSampleProjectTests" name="SpecificationExplorer_ClearsProjectHeaderOnProjectDeselection" />
    </UnitTest>
    <UnitTest name="BirkNext.Web.Tests.Pages.SampleProjectsNavigationTests.ProjectSwitchingReplacesAllWorkspaceArtifacts" storage="c:\users\ajaan\source\sdd-repos\birknext\aiassisted\frontend\birknext.web.tests\bin\debug\net8.0\birknext.web.tests.dll" id="53bf0c73-4540-8f6e-25e2-c9c31a025c5c">
      <Execution id="2e26eea6-7174-4d0f-b913-23076019002a" />
      <TestMethod codeBase="C:\Users\ajaan\source\sdd-repos\BirkNext\AIAssisted\frontend\BirkNext.Web.Tests\bin\Debug\net8.0\BirkNext.Web.Tests.dll" adapterTypeName="executor://xunit/VsTestRunner2/netcoreapp" className="BirkNext.Web.Tests.Pages.SampleProjectsNavigationTests" name="ProjectSwitchingReplacesAllWorkspaceArtifacts" />
    </UnitTest>
    <UnitTest name="BirkNext.Web.Tests.Pages.ExplorerPageSourceOfTruthTests.ConstitutionExplorer_UsesStandaloneScratchWhenWorkspaceIsEmpty" storage="c:\users\ajaan\source\sdd-repos\birknext\aiassisted\frontend\birknext.web.tests\bin\debug\net8.0\birknext.web.tests.dll" id="44dedde2-76e5-5ca4-7218-eb44e8b008dd">
      <Execution id="e2c4f74a-e572-465b-836a-11040bf18545" />
      <TestMethod codeBase="C:\Users\ajaan\source\sdd-repos\BirkNext\AIAssisted\frontend\BirkNext.Web.Tests\bin\Debug\net8.0\BirkNext.Web.Tests.dll" adapterTypeName="executor://xunit/VsTestRunner2/netcoreapp" className="BirkNext.Web.Tests.Pages.ExplorerPageSourceOfTruthTests" name="ConstitutionExplorer_UsesStandaloneScratchWhenWorkspaceIsEmpty" />
    </UnitTest>
    <UnitTest name="BirkNext.Web.Tests.Pages.SampleProjectsNavigationTests.FailedReviewerLoadDoesNotNavigateAndClearsStaleWorkspace" storage="c:\users\ajaan\source\sdd-repos\birknext\aiassisted\frontend\birknext.web.tests\bin\debug\net8.0\birknext.web.tests.dll" id="5c3c67e4-75c1-0363-ba13-68db69f9ef5f">
      <Execution id="6e232f66-deeb-4596-9354-138f1575aac5" />
      <TestMethod codeBase="C:\Users\ajaan\source\sdd-repos\BirkNext\AIAssisted\frontend\BirkNext.Web.Tests\bin\Debug\net8.0\BirkNext.Web.Tests.dll" adapterTypeName="executor://xunit/VsTestRunner2/netcoreapp" className="BirkNext.Web.Tests.Pages.SampleProjectsNavigationTests" name="FailedReviewerLoadDoesNotNavigateAndClearsStaleWorkspace" />
    </UnitTest>
    <UnitTest name="BirkNext.Web.Tests.Pages.SpecificationExplorerSampleProjectTests.SpecificationExplorer_SwitchesProjects" storage="c:\users\ajaan\source\sdd-repos\birknext\aiassisted\frontend\birknext.web.tests\bin\debug\net8.0\birknext.web.tests.dll" id="d95a531c-3e7d-063e-7bf7-6be34dc86b11">
      <Execution id="f282eca7-4a29-4406-934a-283599a93238" />
      <TestMethod codeBase="C:\Users\ajaan\source\sdd-repos\BirkNext\AIAssisted\frontend\BirkNext.Web.Tests\bin\Debug\net8.0\BirkNext.Web.Tests.dll" adapterTypeName="executor://xunit/VsTestRunner2/netcoreapp" className="BirkNext.Web.Tests.Pages.SpecificationExplorerSampleProjectTests" name="SpecificationExplorer_SwitchesProjects" />
    </UnitTest>
    <UnitTest name="BirkNext.Web.Tests.Pages.DataModelExplorerSampleProjectTests.DataModelExplorer_ReloadsSameProjectWithoutDuplication" storage="c:\users\ajaan\source\sdd-repos\birknext\aiassisted\frontend\birknext.web.tests\bin\debug\net8.0\birknext.web.tests.dll" id="9dc270a1-be65-185d-ec4a-acf87eab7425">
      <Execution id="6745247c-54e6-4e51-844f-fd7662d7d63a" />
      <TestMethod codeBase="C:\Users\ajaan\source\sdd-repos\BirkNext\AIAssisted\frontend\BirkNext.Web.Tests\bin\Debug\net8.0\BirkNext.Web.Tests.dll" adapterTypeName="executor://xunit/VsTestRunner2/netcoreapp" className="BirkNext.Web.Tests.Pages.DataModelExplorerSampleProjectTests" name="DataModelExplorer_ReloadsSameProjectWithoutDuplication" />
    </UnitTest>
  </TestDefinitions>
  <TestEntries>
    <TestEntry testId="0a4d6b64-3ec5-0804-bb1d-ad3cf97d6653" executionId="5af80cd5-7f58-42ff-9813-fdcd413f359f" testListId="8c84fa94-04c1-424b-9868-57a2d4851a1d" />
    <TestEntry testId="8f00e84b-4dad-f948-eac0-34b2255a3a21" executionId="0e25e374-984d-4081-87d4-7cafc3e626b6" testListId="8c84fa94-04c1-424b-9868-57a2d4851a1d" />
    <TestEntry testId="c0330d5a-9aa3-5902-d854-34ef809951c9" executionId="123c4d44-5788-4740-acb7-6566f7d96bcb" testListId="8c84fa94-04c1-424b-9868-57a2d4851a1d" />
    <TestEntry testId="5c3c67e4-75c1-0363-ba13-68db69f9ef5f" executionId="6e232f66-deeb-4596-9354-138f1575aac5" testListId="8c84fa94-04c1-424b-9868-57a2d4851a1d" />
    <TestEntry testId="31ffab3f-3d8b-a8d7-0147-c12629662658" executionId="ac7a93d7-eed2-4bf1-9a79-4b25d9452f5e" testListId="8c84fa94-04c1-424b-9868-57a2d4851a1d" />
    <TestEntry testId="f431a49d-ede1-daa5-a835-253630a6b4a6" executionId="cac86a4b-d922-4695-ada8-570c7b323559" testListId="8c84fa94-04c1-424b-9868-57a2d4851a1d" />
    <TestEntry testId="9dc270a1-be65-185d-ec4a-acf87eab7425" executionId="6745247c-54e6-4e51-844f-fd7662d7d63a" testListId="8c84fa94-04c1-424b-9868-57a2d4851a1d" />
    <TestEntry testId="4dc64b36-df70-577e-a208-c27c7d897ca0" executionId="d366ef38-1efa-471b-a872-a0382d8b3c75" testListId="8c84fa94-04c1-424b-9868-57a2d4851a1d" />
    <TestEntry testId="aa5841b6-9f68-7b8a-4f0d-ff5c4c9ae13a" executionId="8855d34f-028f-4d4a-8d0b-6d49b0ab44eb" testListId="8c84fa94-04c1-424b-9868-57a2d4851a1d" />
    <TestEntry testId="210a0a54-cc52-8377-c39c-b079d2a02e0c" executionId="48e30d94-e8d0-4588-9995-7062b07fdf75" testListId="8c84fa94-04c1-424b-9868-57a2d4851a1d" />
    <TestEntry testId="da3f82c4-3f5a-3ce6-c628-3622499f8417" executionId="252e6f05-7162-4a8f-bbff-0563eee0c694" testListId="8c84fa94-04c1-424b-9868-57a2d4851a1d" />
    <TestEntry testId="af29c175-8d65-4ec5-1060-8fd2ce3c4950" executionId="e7e1a4d1-5936-432e-be90-fa4592d3e014" testListId="8c84fa94-04c1-424b-9868-57a2d4851a1d" />
    <TestEntry testId="6b4ca3d7-8a60-225a-1fd5-cda22794b3bc" executionId="3cc17ebf-95f5-43ad-a1e5-32bd8677d330" testListId="8c84fa94-04c1-424b-9868-57a2d4851a1d" />
    <TestEntry testId="86a2de7f-f961-bf03-d8df-0e0feaaab9f1" executionId="fa60b7be-bb69-4355-b069-da379517ae3d" testListId="8c84fa94-04c1-424b-9868-57a2d4851a1d" />
    <TestEntry testId="44dedde2-76e5-5ca4-7218-eb44e8b008dd" executionId="e2c4f74a-e572-465b-836a-11040bf18545" testListId="8c84fa94-04c1-424b-9868-57a2d4851a1d" />
    <TestEntry testId="de7b7f6f-ee56-7c22-3c30-ae59500068f4" executionId="53a83251-51f4-4251-8c5a-e9041223ccca" testListId="8c84fa94-04c1-424b-9868-57a2d4851a1d" />
    <TestEntry testId="c90edb55-07b9-1fca-bb4a-871e9064928e" executionId="bb024b1f-b466-4e55-95ff-3a44fc92fd67" testListId="8c84fa94-04c1-424b-9868-57a2d4851a1d" />
    <TestEntry testId="d3ae7e0e-185a-47a8-b3bf-d341692dfc80" executionId="007579f4-0ff5-47b6-afd2-f9d8dab2699c" testListId="8c84fa94-04c1-424b-9868-57a2d4851a1d" />
    <TestEntry testId="d9d2d2c2-8f06-f6f8-3199-a330e46f746f" executionId="519a52b0-3c62-4938-bc78-27f358c6a70e" testListId="8c84fa94-04c1-424b-9868-57a2d4851a1d" />
    <TestEntry testId="3fe1ae01-e415-f82b-ed7d-ff059eaf1f48" executionId="bd7796b4-405d-4ce6-ad53-613bd8a88564" testListId="8c84fa94-04c1-424b-9868-57a2d4851a1d" />
    <TestEntry testId="d8249221-1eb5-2d07-b8ed-c5a903842fc4" executionId="0818a565-a31c-420c-a0b0-120be600e321" testListId="8c84fa94-04c1-424b-9868-57a2d4851a1d" />
    <TestEntry testId="c35ab415-83bc-20b2-a92c-df1979a35f02" executionId="589aa8d4-bd10-47b8-a683-3cc4f6e2eaa2" testListId="8c84fa94-04c1-424b-9868-57a2d4851a1d" />
    <TestEntry testId="ac1ac52e-e7eb-adad-58b4-c99b214e77b8" executionId="dc2c3fc1-e391-4d32-be2e-69c2cd1bbf4c" testListId="8c84fa94-04c1-424b-9868-57a2d4851a1d" />
    <TestEntry testId="6664db61-527e-d74c-bb53-bded492adedd" executionId="2c3bb4d1-47dc-4c8f-a449-d61697deb370" testListId="8c84fa94-04c1-424b-9868-57a2d4851a1d" />
    <TestEntry testId="b6c2c4fe-31df-1c6f-ec94-0ab141847c62" executionId="4334d24e-b738-4939-bced-77d99f989e20" testListId="8c84fa94-04c1-424b-9868-57a2d4851a1d" />
    <TestEntry testId="e7db4ed3-cc9d-cc70-87ed-17664c9c575e" executionId="b933f22b-2c7d-446b-933b-3e6ce834908b" testListId="8c84fa94-04c1-424b-9868-57a2d4851a1d" />
    <TestEntry testId="6de0d571-848a-ecb0-ab60-525436eee8c3" executionId="3cd8728d-fbb1-4b5e-aee6-9abbbe74ee74" testListId="8c84fa94-04c1-424b-9868-57a2d4851a1d" />
    <TestEntry testId="24c241a0-e179-101a-b5c8-31bc312ac61d" executionId="de57f318-1686-4d9b-96bc-883394c3915f" testListId="8c84fa94-04c1-424b-9868-57a2d4851a1d" />
    <TestEntry testId="8c7a33d3-0135-dbcf-86fc-2bae288cf064" executionId="bf4dc8f9-6462-4515-b979-76096c681c16" testListId="8c84fa94-04c1-424b-9868-57a2d4851a1d" />
    <TestEntry testId="0b7ce24a-8b43-b28f-8855-601482aeeafe" executionId="fd3ff647-8e6e-4521-8115-430d6d5530c7" testListId="8c84fa94-04c1-424b-9868-57a2d4851a1d" />
    <TestEntry testId="285468a1-255d-a8c0-9516-b54e7d8a61af" executionId="f8a09a6d-36c3-4fa0-9898-46ff38edf569" testListId="8c84fa94-04c1-424b-9868-57a2d4851a1d" />
    <TestEntry testId="a5dd1463-501f-4b2b-6e11-7b1056736328" executionId="0402f788-3aa4-45a2-aded-70a8075a3280" testListId="8c84fa94-04c1-424b-9868-57a2d4851a1d" />
    <TestEntry testId="15cd6928-1add-eb11-822d-3e560fe58255" executionId="e951ddb1-c0af-41d9-8ca7-db274e38a82b" testListId="8c84fa94-04c1-424b-9868-57a2d4851a1d" />
    <TestEntry testId="3f7c9673-fb34-3ebc-3549-71605be8ddc3" executionId="98bd9dc5-41da-4410-85a1-2ea5bb32c824" testListId="8c84fa94-04c1-424b-9868-57a2d4851a1d" />
    <TestEntry testId="f145a492-2976-4d4a-b5ce-57eb5e1ef727" executionId="237d3af2-3f23-474b-9ac1-2e775e8dbe0e" testListId="8c84fa94-04c1-424b-9868-57a2d4851a1d" />
    <TestEntry testId="67831d69-4acb-1b28-4813-e4bcfe01c753" executionId="74e92786-06e2-43bf-930a-dd489e54740e" testListId="8c84fa94-04c1-424b-9868-57a2d4851a1d" />
    <TestEntry testId="6d79443a-1b89-96ae-8f2f-89168be6dd6c" executionId="b20e54e4-d2ee-4893-b60b-a13f6bed08ea" testListId="8c84fa94-04c1-424b-9868-57a2d4851a1d" />
    <TestEntry testId="98f5c6b4-9483-7f80-0586-8f1d8565e4cd" executionId="3f487be3-a221-4e23-acb5-56e0e79158ce" testListId="8c84fa94-04c1-424b-9868-57a2d4851a1d" />
    <TestEntry testId="52cf2472-99ae-5b57-c080-cfa737263999" executionId="43cefa14-4bc3-4b16-9ea3-631832ddaee6" testListId="8c84fa94-04c1-424b-9868-57a2d4851a1d" />
    <TestEntry testId="0ae1576b-e762-21a4-2222-3fdc03eb3b42" executionId="2f0d28ea-29a8-479b-a707-d71e1bca12d7" testListId="8c84fa94-04c1-424b-9868-57a2d4851a1d" />
    <TestEntry testId="c68c50ce-25fd-8602-4f14-05b23856e6d4" executionId="a2003fb9-677e-4c6b-b5dd-39dc51ebeb35" testListId="8c84fa94-04c1-424b-9868-57a2d4851a1d" />
    <TestEntry testId="a7269637-39b5-7aab-6f72-76469ab2d538" executionId="ac078876-7048-4bda-838d-bb43fc16ff6b" testListId="8c84fa94-04c1-424b-9868-57a2d4851a1d" />
    <TestEntry testId="361d28a4-5784-5d97-d94e-cae21b8f6c51" executionId="684a6612-cf93-451f-9062-5baec9d3598b" testListId="8c84fa94-04c1-424b-9868-57a2d4851a1d" />
    <TestEntry testId="e9d08b8c-5fee-a912-b302-12d5a96562cc" executionId="7891dc53-fa87-4265-a223-5de5c65a03dc" testListId="8c84fa94-04c1-424b-9868-57a2d4851a1d" />
    <TestEntry testId="d95a531c-3e7d-063e-7bf7-6be34dc86b11" executionId="f282eca7-4a29-4406-934a-283599a93238" testListId="8c84fa94-04c1-424b-9868-57a2d4851a1d" />
    <TestEntry testId="47a95918-18ba-a459-fdc1-db35919eab54" executionId="52551e00-8a34-4f80-b52d-58412c692be9" testListId="8c84fa94-04c1-424b-9868-57a2d4851a1d" />
    <TestEntry testId="fddf3bb8-b4cf-bba8-7c93-5d1fad41ba51" executionId="a324a599-07b4-403c-8028-22f7e2592876" testListId="8c84fa94-04c1-424b-9868-57a2d4851a1d" />
    <TestEntry testId="d423bedd-f4cc-c836-de95-67a83cd9df10" executionId="da93a1b1-13ba-4839-8b17-9b7dd7525273" testListId="8c84fa94-04c1-424b-9868-57a2d4851a1d" />
    <TestEntry testId="ce146397-3612-bb8d-7a38-aa5137b3866d" executionId="81f83c7a-eed1-4a37-b9dd-ad42ebba90fa" testListId="8c84fa94-04c1-424b-9868-57a2d4851a1d" />
    <TestEntry testId="ecbd8a29-c620-a079-1aaf-86d7f1f936f3" executionId="cccdc555-f244-43e6-8deb-190c85082c48" testListId="8c84fa94-04c1-424b-9868-57a2d4851a1d" />
    <TestEntry testId="d724eea0-90bf-50a9-fcd3-dfa7e6ad7789" executionId="2c3d796f-642c-4046-8431-19fa514c7853" testListId="8c84fa94-04c1-424b-9868-57a2d4851a1d" />
    <TestEntry testId="ffc29bf8-f3dd-b510-ce83-47285427af94" executionId="f770ae73-e2c0-41c1-952b-bc4adb327c6b" testListId="8c84fa94-04c1-424b-9868-57a2d4851a1d" />
    <TestEntry testId="58bc011a-9089-4334-d3ca-2478e3f66da2" executionId="97c99d2e-50dd-4bb5-96a6-737cdcc55c31" testListId="8c84fa94-04c1-424b-9868-57a2d4851a1d" />
    <TestEntry testId="53bf0c73-4540-8f6e-25e2-c9c31a025c5c" executionId="2e26eea6-7174-4d0f-b913-23076019002a" testListId="8c84fa94-04c1-424b-9868-57a2d4851a1d" />
    <TestEntry testId="1e841182-3e62-1b91-1d2b-78ba3be65986" executionId="8197e353-2247-41f3-8e15-ffd4f19a1606" testListId="8c84fa94-04c1-424b-9868-57a2d4851a1d" />
  </TestEntries>
  <TestLists>
    <TestList name="Results Not in a List" id="8c84fa94-04c1-424b-9868-57a2d4851a1d" />
    <TestList name="All Loaded Results" id="19431567-8539-422a-85d7-44ee4e166bda" />
  </TestLists>
  <ResultSummary outcome="Completed">
    <Counters total="55" executed="55" passed="55" failed="0" error="0" timeout="0" aborted="0" inconclusive="0" passedButRunAborted="0" notRunnable="0" notExecuted="0" disconnected="0" warning="0" completed="0" inProgress="0" pending="0" />
    <Output>
      <StdOut>[xUnit.net 00:00:00.00] xUnit.net VSTest Adapter v2.5.3.1+6b60a9e56a (64-bit .NET 8.0.16)&#xD;
[xUnit.net 00:00:00.07]   Discovering: BirkNext.Web.Tests&#xD;
[xUnit.net 00:00:00.18]   Discovered:  BirkNext.Web.Tests&#xD;
[xUnit.net 00:00:00.18]   Starting:    BirkNext.Web.Tests&#xD;
     Warning:&#xD;
     The component "Fluent Assertions" is governed by the rules defined in the Xceed License Agreement and&#xD;
     the Xceed Fluent Assertions Community License. You may use Fluent Assertions free of charge for&#xD;
     non-commercial use only. An active subscription is required to use Fluent Assertions for commercial use.&#xD;
     Please contact Xceed Sales mailto:sales@xceed.com to acquire a subscription at a very low cost.&#xD;
     A paid commercial license supports the development and continued increasing support of&#xD;
     Fluent Assertions users under both commercial and community licenses. Help us&#xD;
     keep Fluent Assertions at the forefront of unit testing.&#xD;
     For more information, visit https://xceed.com/products/unit-testing/fluent-assertions/&#xD;
[xUnit.net 00:00:00.59]   Finished:    BirkNext.Web.Tests&#xD;
</StdOut>
    </Output>
  </ResultSummary>
</TestRun>