<?xml version="1.0" encoding="utf-8"?>
<TestRun id="669a87de-fb42-4868-b03c-2d52cae168c3" name="ajaan@BUF-5CG4423FYV 2026-08-17 13:13:29" runUser="COMMON\ajaan" xmlns="http://microsoft.com/schemas/VisualStudio/TeamTest/2010">
  <Times creation="2026-08-17T13:13:29.6738057+02:00" queuing="2026-08-17T13:13:29.6738061+02:00" start="2026-08-17T13:13:28.9619103+02:00" finish="2026-08-17T13:13:29.9858364+02:00" />
  <TestSettings name="default" id="0387730f-0b1b-48b1-af39-8053a1bb7ffa">
    <Deployment runDeploymentRoot="ajaan_BUF-5CG4423FYV_2026-08-17_13_13_29" />
  </TestSettings>
  <Results>
    <UnitTestResult executionId="50618a5e-5af6-4a8f-a275-610c13c9e817" testId="d9d2d2c2-8f06-f6f8-3199-a330e46f746f" testName="BirkNext.Web.Tests.Pages.PlanExplorerSampleProjectTests.PlanExplorer_HandlesEmptySelectedProject" computerName="BUF-5CG4423FYV" duration="00:00:00.0011962" startTime="2026-08-17T13:13:29.8044280+02:00" endTime="2026-08-17T13:13:29.8044280+02:00" testType="13cdc9d9-ddb5-4fa4-a97d-d965ccfc6d4b" outcome="Passed" testListId="8c84fa94-04c1-424b-9868-57a2d4851a1d" relativeResultsDirectory="50618a5e-5af6-4a8f-a275-610c13c9e817" />
    <UnitTestResult executionId="78aff933-238f-4cc6-b69d-85b041f1c886" testId="0a4d6b64-3ec5-0804-bb1d-ad3cf97d6653" testName="BirkNext.Web.Tests.Pages.PlanExplorerSampleProjectTests.PlanExplorer_ClearsProjectHeaderOnProjectDeselection" computerName="BUF-5CG4423FYV" duration="00:00:00.0021900" startTime="2026-08-17T13:13:29.8009851+02:00" endTime="2026-08-17T13:13:29.8009852+02:00" testType="13cdc9d9-ddb5-4fa4-a97d-d965ccfc6d4b" outcome="Passed" testListId="8c84fa94-04c1-424b-9868-57a2d4851a1d" relativeResultsDirectory="78aff933-238f-4cc6-b69d-85b041f1c886" />
    <UnitTestResult executionId="81646e31-a61b-407c-baca-b0e4cd6d2b64" testId="53bf0c73-4540-8f6e-25e2-c9c31a025c5c" testName="BirkNext.Web.Tests.Pages.SampleProjectsNavigationTests.ProjectSwitchingReplacesAllWorkspaceArtifacts" computerName="BUF-5CG4423FYV" duration="00:00:00.0079183" startTime="2026-08-17T13:13:29.9252191+02:00" endTime="2026-08-17T13:13:29.9252192+02:00" testType="13cdc9d9-ddb5-4fa4-a97d-d965ccfc6d4b" outcome="Passed" testListId="8c84fa94-04c1-424b-9868-57a2d4851a1d" relativeResultsDirectory="81646e31-a61b-407c-baca-b0e4cd6d2b64" />
    <UnitTestResult executionId="df2082bc-85ee-445a-ac76-6915a10ba685" testId="ecbd8a29-c620-a079-1aaf-86d7f1f936f3" testName="BirkNext.Web.Tests.Pages.DataModelExplorerSampleProjectTests.DataModelExplorer_HandlesEmptySelectedProject" computerName="BUF-5CG4423FYV" duration="00:00:00.0011653" startTime="2026-08-17T13:13:29.8265320+02:00" endTime="2026-08-17T13:13:29.8265322+02:00" testType="13cdc9d9-ddb5-4fa4-a97d-d965ccfc6d4b" outcome="Passed" testListId="8c84fa94-04c1-424b-9868-57a2d4851a1d" relativeResultsDirectory="df2082bc-85ee-445a-ac76-6915a10ba685" />
    <UnitTestResult executionId="f7c9c5b7-dfdc-496a-9731-19635c9047a9" testId="0ae1576b-e762-21a4-2222-3fdc03eb3b42" testName="BirkNext.Web.Tests.Pages.SpecificationExplorerSampleProjectTests.SpecificationExplorer_ShowsMissingStateWhenSpecNotFound" computerName="BUF-5CG4423FYV" duration="00:00:00.0012119" startTime="2026-08-17T13:13:29.8367989+02:00" endTime="2026-08-17T13:13:29.8367990+02:00" testType="13cdc9d9-ddb5-4fa4-a97d-d965ccfc6d4b" outcome="Passed" testListId="8c84fa94-04c1-424b-9868-57a2d4851a1d" relativeResultsDirectory="f7c9c5b7-dfdc-496a-9731-19635c9047a9" />
    <UnitTestResult executionId="d949aef8-6aae-4668-b8cd-5c79cad36f11" testId="aa5841b6-9f68-7b8a-4f0d-ff5c4c9ae13a" testName="BirkNext.Web.Tests.Pages.SampleProjectsNavigationTests.ReviewerLinksLoadSelectedProjectBeforeNavigating(reviewerName: &quot;Plan Explorer&quot;, expectedRoute: &quot;/plan-explorer&quot;, expectedKind: Plan, expectedText: &quot;PERSON plan.md&quot;)" computerName="BUF-5CG4423FYV" duration="00:00:00.0049427" startTime="2026-08-17T13:13:29.8792533+02:00" endTime="2026-08-17T13:13:29.8792534+02:00" testType="13cdc9d9-ddb5-4fa4-a97d-d965ccfc6d4b" outcome="Passed" testListId="8c84fa94-04c1-424b-9868-57a2d4851a1d" relativeResultsDirectory="d949aef8-6aae-4668-b8cd-5c79cad36f11" />
    <UnitTestResult executionId="c469e826-72fc-45ee-9e1a-4cdb3df7027c" testId="a7269637-39b5-7aab-6f72-76469ab2d538" testName="BirkNext.Web.Tests.Pages.PlanExplorerSampleProjectTests.PlanExplorer_ReloadsSameProjectWithoutDuplication" computerName="BUF-5CG4423FYV" duration="00:00:00.0051690" startTime="2026-08-17T13:13:29.7967960+02:00" endTime="2026-08-17T13:13:29.7967962+02:00" testType="13cdc9d9-ddb5-4fa4-a97d-d965ccfc6d4b" outcome="Passed" testListId="8c84fa94-04c1-424b-9868-57a2d4851a1d" relativeResultsDirectory="c469e826-72fc-45ee-9e1a-4cdb3df7027c" />
    <UnitTestResult executionId="ddce069f-ca18-4c54-b760-101240b0db71" testId="da3f82c4-3f5a-3ce6-c628-3622499f8417" testName="BirkNext.Web.Tests.Pages.SpecificationExplorerSampleProjectTests.SpecificationExplorer_LoadsFromSelectedSampleProject" computerName="BUF-5CG4423FYV" duration="00:00:00.0262498" startTime="2026-08-17T13:13:29.8354432+02:00" endTime="2026-08-17T13:13:29.8354435+02:00" testType="13cdc9d9-ddb5-4fa4-a97d-d965ccfc6d4b" outcome="Passed" testListId="8c84fa94-04c1-424b-9868-57a2d4851a1d" relativeResultsDirectory="ddce069f-ca18-4c54-b760-101240b0db71" />
    <UnitTestResult executionId="02672078-1100-4893-b1be-0bfbd6df1aa5" testId="6d79443a-1b89-96ae-8f2f-89168be6dd6c" testName="BirkNext.Web.Tests.Pages.PlanExplorerSampleProjectTests.PlanExplorer_SwitchesProjects" computerName="BUF-5CG4423FYV" duration="00:00:00.0016764" startTime="2026-08-17T13:13:29.8061656+02:00" endTime="2026-08-17T13:13:29.8061658+02:00" testType="13cdc9d9-ddb5-4fa4-a97d-d965ccfc6d4b" outcome="Passed" testListId="8c84fa94-04c1-424b-9868-57a2d4851a1d" relativeResultsDirectory="02672078-1100-4893-b1be-0bfbd6df1aa5" />
    <UnitTestResult executionId="4544bed5-1a70-4400-96e6-8163760dd94e" testId="de7b7f6f-ee56-7c22-3c30-ae59500068f4" testName="BirkNext.Web.Tests.Pages.ExplorerPageSourceOfTruthTests.PlanExplorer_DoesNotRequireProjectDocumentApiFallback" computerName="BUF-5CG4423FYV" duration="00:00:00.2506564" startTime="2026-08-17T13:13:29.7915539+02:00" endTime="2026-08-17T13:13:29.7915541+02:00" testType="13cdc9d9-ddb5-4fa4-a97d-d965ccfc6d4b" outcome="Passed" testListId="8c84fa94-04c1-424b-9868-57a2d4851a1d" relativeResultsDirectory="4544bed5-1a70-4400-96e6-8163760dd94e" />
    <UnitTestResult executionId="1b69aa08-f6df-4cad-9520-797a2e999d08" testId="e9d08b8c-5fee-a912-b302-12d5a96562cc" testName="BirkNext.Web.Tests.Pages.ExplorerPageSourceOfTruthTests.ExplorerPages_UseStandaloneScratchWhenWorkspaceIsEmpty(storageKey: &quot;te-standalone-tasks&quot;, kind: Tasks, text: &quot;# Standalone Tasks&quot;)" computerName="BUF-5CG4423FYV" duration="00:00:00.0236917" startTime="2026-08-17T13:13:29.8223810+02:00" endTime="2026-08-17T13:13:29.8223811+02:00" testType="13cdc9d9-ddb5-4fa4-a97d-d965ccfc6d4b" outcome="Passed" testListId="8c84fa94-04c1-424b-9868-57a2d4851a1d" relativeResultsDirectory="1b69aa08-f6df-4cad-9520-797a2e999d08" />
    <UnitTestResult executionId="c011418c-76d8-40d3-abb7-63067e2a3f8d" testId="58bc011a-9089-4334-d3ca-2478e3f66da2" testName="BirkNext.Web.Tests.Pages.TaskExplorerSampleProjectTests.TaskExplorer_LoadsFromSelectedSampleProject" computerName="BUF-5CG4423FYV" duration="00:00:00.0359090" startTime="2026-08-17T13:13:29.8593475+02:00" endTime="2026-08-17T13:13:29.8593478+02:00" testType="13cdc9d9-ddb5-4fa4-a97d-d965ccfc6d4b" outcome="Passed" testListId="8c84fa94-04c1-424b-9868-57a2d4851a1d" relativeResultsDirectory="c011418c-76d8-40d3-abb7-63067e2a3f8d" />
    <UnitTestResult executionId="4cf30c17-e331-4ab4-85c3-836020c7b6a7" testId="285468a1-255d-a8c0-9516-b54e7d8a61af" testName="BirkNext.Web.Tests.Pages.SpecificationExplorerSampleProjectTests.SpecificationExplorer_ReloadsSameProjectWithoutDuplication" computerName="BUF-5CG4423FYV" duration="00:00:00.0024385" startTime="2026-08-17T13:13:29.8430312+02:00" endTime="2026-08-17T13:13:29.8430313+02:00" testType="13cdc9d9-ddb5-4fa4-a97d-d965ccfc6d4b" outcome="Passed" testListId="8c84fa94-04c1-424b-9868-57a2d4851a1d" relativeResultsDirectory="4cf30c17-e331-4ab4-85c3-836020c7b6a7" />
    <UnitTestResult executionId="d6928c25-4384-47d5-97ac-9e908e73e4bc" testId="361d28a4-5784-5d97-d94e-cae21b8f6c51" testName="BirkNext.Web.Tests.Pages.PlanExplorerSampleProjectTests.PlanExplorer_LoadsFromSelectedSampleProject" computerName="BUF-5CG4423FYV" duration="00:00:00.2506688" startTime="2026-08-17T13:13:29.7915780+02:00" endTime="2026-08-17T13:13:29.7915780+02:00" testType="13cdc9d9-ddb5-4fa4-a97d-d965ccfc6d4b" outcome="Passed" testListId="8c84fa94-04c1-424b-9868-57a2d4851a1d" relativeResultsDirectory="d6928c25-4384-47d5-97ac-9e908e73e4bc" />
    <UnitTestResult executionId="68f11267-70e5-4be2-adc5-df025314bddf" testId="6664db61-527e-d74c-bb53-bded492adedd" testName="BirkNext.Web.Tests.Services.ConstitutionSampleProjectResolverTests.ResolveAsync_SwitchProjects_ClearsOldContent" computerName="BUF-5CG4423FYV" duration="00:00:00.0010794" startTime="2026-08-17T13:13:29.6529010+02:00" endTime="2026-08-17T13:13:29.6529010+02:00" testType="13cdc9d9-ddb5-4fa4-a97d-d965ccfc6d4b" outcome="Passed" testListId="8c84fa94-04c1-424b-9868-57a2d4851a1d" relativeResultsDirectory="68f11267-70e5-4be2-adc5-df025314bddf" />
    <UnitTestResult executionId="d6ee8243-6b8f-4750-9a4e-4576fc80551d" testId="ce146397-3612-bb8d-7a38-aa5137b3866d" testName="BirkNext.Web.Tests.Pages.TaskExplorerSampleProjectTests.TaskExplorer_ClearsProjectHeaderOnProjectDeselection" computerName="BUF-5CG4423FYV" duration="00:00:00.0023990" startTime="2026-08-17T13:13:29.8617762+02:00" endTime="2026-08-17T13:13:29.8617763+02:00" testType="13cdc9d9-ddb5-4fa4-a97d-d965ccfc6d4b" outcome="Passed" testListId="8c84fa94-04c1-424b-9868-57a2d4851a1d" relativeResultsDirectory="d6ee8243-6b8f-4750-9a4e-4576fc80551d" />
    <UnitTestResult executionId="404fb939-97c5-4847-ac5e-d59161b66149" testId="d8249221-1eb5-2d07-b8ed-c5a903842fc4" testName="BirkNext.Web.Tests.Pages.ExplorerPageSourceOfTruthTests.TaskExplorer_DoesNotRequireProjectDocumentApiFallback" computerName="BUF-5CG4423FYV" duration="00:00:00.0013538" startTime="2026-08-17T13:13:29.8513927+02:00" endTime="2026-08-17T13:13:29.8513929+02:00" testType="13cdc9d9-ddb5-4fa4-a97d-d965ccfc6d4b" outcome="Passed" testListId="8c84fa94-04c1-424b-9868-57a2d4851a1d" relativeResultsDirectory="404fb939-97c5-4847-ac5e-d59161b66149" />
    <UnitTestResult executionId="db51a5d4-4dba-4289-9ddc-c9ed3f7bf818" testId="f145a492-2976-4d4a-b5ce-57eb5e1ef727" testName="BirkNext.Web.Tests.Services.ConstitutionSampleProjectResolverTests.ResolveAsync_MissingDocument_ReturnsNotFoundNotFallback" computerName="BUF-5CG4423FYV" duration="00:00:00.0006106" startTime="2026-08-17T13:13:29.6528858+02:00" endTime="2026-08-17T13:13:29.6528858+02:00" testType="13cdc9d9-ddb5-4fa4-a97d-d965ccfc6d4b" outcome="Passed" testListId="8c84fa94-04c1-424b-9868-57a2d4851a1d" relativeResultsDirectory="db51a5d4-4dba-4289-9ddc-c9ed3f7bf818" />
    <UnitTestResult executionId="54411697-e805-445a-b6dd-453f8f90ec70" testId="8c7a33d3-0135-dbcf-86fc-2bae288cf064" testName="BirkNext.Web.Tests.Pages.PlanExplorerSampleProjectTests.PlanExplorer_DoesNotUseWorkspaceAsAutomaticSource" computerName="BUF-5CG4423FYV" duration="00:00:00.0021270" startTime="2026-08-17T13:13:29.8031720+02:00" endTime="2026-08-17T13:13:29.8031721+02:00" testType="13cdc9d9-ddb5-4fa4-a97d-d965ccfc6d4b" outcome="Passed" testListId="8c84fa94-04c1-424b-9868-57a2d4851a1d" relativeResultsDirectory="54411697-e805-445a-b6dd-453f8f90ec70" />
    <UnitTestResult executionId="6a40be0d-f4cb-48a3-b496-fa9d901fc3eb" testId="210a0a54-cc52-8377-c39c-b079d2a02e0c" testName="BirkNext.Web.Tests.Pages.SampleProjectsNavigationTests.ReviewerClickFetchesEachSupportedFileOnlyOnce" computerName="BUF-5CG4423FYV" duration="00:00:00.3277084" startTime="2026-08-17T13:13:29.8684829+02:00" endTime="2026-08-17T13:13:29.8684830+02:00" testType="13cdc9d9-ddb5-4fa4-a97d-d965ccfc6d4b" outcome="Passed" testListId="8c84fa94-04c1-424b-9868-57a2d4851a1d" relativeResultsDirectory="6a40be0d-f4cb-48a3-b496-fa9d901fc3eb" />
    <UnitTestResult executionId="c93ad840-149c-4e56-974c-95944d8a382d" testId="c68c50ce-25fd-8602-4f14-05b23856e6d4" testName="BirkNext.Web.Tests.Pages.PlanExplorerSampleProjectTests.PlanExplorer_ShowsMissingStateWhenPlanNotFound" computerName="BUF-5CG4423FYV" duration="00:00:00.0018930" startTime="2026-08-17T13:13:29.8001690+02:00" endTime="2026-08-17T13:13:29.8001692+02:00" testType="13cdc9d9-ddb5-4fa4-a97d-d965ccfc6d4b" outcome="Passed" testListId="8c84fa94-04c1-424b-9868-57a2d4851a1d" relativeResultsDirectory="c93ad840-149c-4e56-974c-95944d8a382d" />
    <UnitTestResult executionId="db09badb-9aeb-408b-8fb7-0ae566931712" testId="d423bedd-f4cc-c836-de95-67a83cd9df10" testName="BirkNext.Web.Tests.Pages.TaskExplorerSampleProjectTests.TaskExplorer_DifferentTaskIDsDoNotLeakBetweenProjects" computerName="BUF-5CG4423FYV" duration="00:00:00.0027131" startTime="2026-08-17T13:13:29.8683967+02:00" endTime="2026-08-17T13:13:29.8683970+02:00" testType="13cdc9d9-ddb5-4fa4-a97d-d965ccfc6d4b" outcome="Passed" testListId="8c84fa94-04c1-424b-9868-57a2d4851a1d" relativeResultsDirectory="db09badb-9aeb-408b-8fb7-0ae566931712" />
    <UnitTestResult executionId="6d83714e-799a-4842-91f3-155a6b81b04d" testId="98f5c6b4-9483-7f80-0586-8f1d8565e4cd" testName="BirkNext.Web.Tests.Pages.SpecificationExplorerSampleProjectTests.SpecificationExplorer_DoesNotUseWorkspaceAsAutomaticSource" computerName="BUF-5CG4423FYV" duration="00:00:00.0014608" startTime="2026-08-17T13:13:29.8382320+02:00" endTime="2026-08-17T13:13:29.8382321+02:00" testType="13cdc9d9-ddb5-4fa4-a97d-d965ccfc6d4b" outcome="Passed" testListId="8c84fa94-04c1-424b-9868-57a2d4851a1d" relativeResultsDirectory="6d83714e-799a-4842-91f3-155a6b81b04d" />
    <UnitTestResult executionId="cfda2374-ad16-4056-85e0-9307056136c0" testId="1e841182-3e62-1b91-1d2b-78ba3be65986" testName="BirkNext.Web.Tests.Pages.TaskExplorerSampleProjectTests.TaskExplorer_SwitchesProjects" computerName="BUF-5CG4423FYV" duration="00:00:00.0024639" startTime="2026-08-17T13:13:29.8709520+02:00" endTime="2026-08-17T13:13:29.8709521+02:00" testType="13cdc9d9-ddb5-4fa4-a97d-d965ccfc6d4b" outcome="Passed" testListId="8c84fa94-04c1-424b-9868-57a2d4851a1d" relativeResultsDirectory="cfda2374-ad16-4056-85e0-9307056136c0" />
    <UnitTestResult executionId="53fbba76-ebc9-47b9-af4c-b41af7ba35e6" testId="6de0d571-848a-ecb0-ab60-525436eee8c3" testName="BirkNext.Web.Tests.Pages.SampleProjectsNavigationTests.ReviewerLinksLoadSelectedProjectBeforeNavigating(reviewerName: &quot;Data Model Explorer&quot;, expectedRoute: &quot;/data-model-explorer&quot;, expectedKind: DataModel, expectedText: &quot;PERSON data-model.md&quot;)" computerName="BUF-5CG4423FYV" duration="00:00:00.0268520" startTime="2026-08-17T13:13:29.9171942+02:00" endTime="2026-08-17T13:13:29.9171946+02:00" testType="13cdc9d9-ddb5-4fa4-a97d-d965ccfc6d4b" outcome="Passed" testListId="8c84fa94-04c1-424b-9868-57a2d4851a1d" relativeResultsDirectory="53fbba76-ebc9-47b9-af4c-b41af7ba35e6" />
    <UnitTestResult executionId="f409177d-085c-46d6-a993-0dbcfb455773" testId="c35ab415-83bc-20b2-a92c-df1979a35f02" testName="BirkNext.Web.Tests.Pages.TaskExplorerSampleProjectTests.TaskExplorer_ShowsMissingStateWhenTasksNotFound" computerName="BUF-5CG4423FYV" duration="00:00:00.0009440" startTime="2026-08-17T13:13:29.8233526+02:00" endTime="2026-08-17T13:13:29.8233527+02:00" testType="13cdc9d9-ddb5-4fa4-a97d-d965ccfc6d4b" outcome="Passed" testListId="8c84fa94-04c1-424b-9868-57a2d4851a1d" relativeResultsDirectory="f409177d-085c-46d6-a993-0dbcfb455773" />
    <UnitTestResult executionId="b2d3e795-8f0c-49ce-a4fd-c91d248bbe09" testId="4dc64b36-df70-577e-a208-c27c7d897ca0" testName="BirkNext.Web.Tests.Services.ConstitutionSampleProjectResolverTests.GetAvailableProjectsAsync_ReturnsOnlySampleDataProjects" computerName="BUF-5CG4423FYV" duration="00:00:00.0031991" startTime="2026-08-17T13:13:29.6527210+02:00" endTime="2026-08-17T13:13:29.6527211+02:00" testType="13cdc9d9-ddb5-4fa4-a97d-d965ccfc6d4b" outcome="Passed" testListId="8c84fa94-04c1-424b-9868-57a2d4851a1d" relativeResultsDirectory="b2d3e795-8f0c-49ce-a4fd-c91d248bbe09" />
    <UnitTestResult executionId="e7985acf-64bf-4aa8-a9c5-11f1b735a161" testId="c90edb55-07b9-1fca-bb4a-871e9064928e" testName="BirkNext.Web.Tests.Services.ConstitutionSampleProjectResolverTests.SetSelectedProject_UpdatesContext" computerName="BUF-5CG4423FYV" duration="00:00:00.0111600" startTime="2026-08-17T13:13:29.6345221+02:00" endTime="2026-08-17T13:13:29.6345226+02:00" testType="13cdc9d9-ddb5-4fa4-a97d-d965ccfc6d4b" outcome="Passed" testListId="8c84fa94-04c1-424b-9868-57a2d4851a1d" relativeResultsDirectory="e7985acf-64bf-4aa8-a9c5-11f1b735a161" />
    <UnitTestResult executionId="b1f6ee4f-605a-4a28-9bd8-199383a5381c" testId="ffc29bf8-f3dd-b510-ce83-47285427af94" testName="BirkNext.Web.Tests.Services.ConstitutionSampleProjectResolverTests.WorkspaceCache_DoesNotOverrideSelectedProject_PolicyEnforcement" computerName="BUF-5CG4423FYV" duration="00:00:00.0016255" startTime="2026-08-17T13:13:29.6528655+02:00" endTime="2026-08-17T13:13:29.6528655+02:00" testType="13cdc9d9-ddb5-4fa4-a97d-d965ccfc6d4b" outcome="Passed" testListId="8c84fa94-04c1-424b-9868-57a2d4851a1d" relativeResultsDirectory="b1f6ee4f-605a-4a28-9bd8-199383a5381c" />
    <UnitTestResult executionId="931b29cd-c0b4-4ece-bf8c-adee0d2891fc" testId="d724eea0-90bf-50a9-fcd3-dfa7e6ad7789" testName="BirkNext.Web.Tests.Pages.DataModelExplorerSampleProjectTests.DataModelExplorer_DoesNotUseWorkspaceAsAutomaticSource" computerName="BUF-5CG4423FYV" duration="00:00:00.0012267" startTime="2026-08-17T13:13:29.8277327+02:00" endTime="2026-08-17T13:13:29.8277328+02:00" testType="13cdc9d9-ddb5-4fa4-a97d-d965ccfc6d4b" outcome="Passed" testListId="8c84fa94-04c1-424b-9868-57a2d4851a1d" relativeResultsDirectory="931b29cd-c0b4-4ece-bf8c-adee0d2891fc" />
    <UnitTestResult executionId="5794485e-88d5-43e7-a775-a3addceeac4b" testId="47a95918-18ba-a459-fdc1-db35919eab54" testName="BirkNext.Web.Tests.Services.ConstitutionSampleProjectResolverTests.ResolveAsync_InvalidProject_ReturnsError" computerName="BUF-5CG4423FYV" duration="00:00:00.0017768" startTime="2026-08-17T13:13:29.6242959+02:00" endTime="2026-08-17T13:13:29.6242961+02:00" testType="13cdc9d9-ddb5-4fa4-a97d-d965ccfc6d4b" outcome="Passed" testListId="8c84fa94-04c1-424b-9868-57a2d4851a1d" relativeResultsDirectory="5794485e-88d5-43e7-a775-a3addceeac4b" />
    <UnitTestResult executionId="9308e76c-18aa-4531-b203-816046ff41cd" testId="c0330d5a-9aa3-5902-d854-34ef809951c9" testName="BirkNext.Web.Tests.Pages.ExplorerPageSourceOfTruthTests.ConstitutionExplorer_UsesSampleProjectBeforeWorkspaceAndStandaloneStorage" computerName="BUF-5CG4423FYV" duration="00:00:00.0257569" startTime="2026-08-17T13:13:29.8499110+02:00" endTime="2026-08-17T13:13:29.8499112+02:00" testType="13cdc9d9-ddb5-4fa4-a97d-d965ccfc6d4b" outcome="Passed" testListId="8c84fa94-04c1-424b-9868-57a2d4851a1d" relativeResultsDirectory="9308e76c-18aa-4531-b203-816046ff41cd" />
    <UnitTestResult executionId="2583b656-1936-42e8-89ca-99a4518a4d59" testId="86a2de7f-f961-bf03-d8df-0e0feaaab9f1" testName="BirkNext.Web.Tests.Pages.SpecificationExplorerSampleProjectTests.SpecificationExplorer_HandlesEmptySelectedProject" computerName="BUF-5CG4423FYV" duration="00:00:00.0018933" startTime="2026-08-17T13:13:29.8091027+02:00" endTime="2026-08-17T13:13:29.8091028+02:00" testType="13cdc9d9-ddb5-4fa4-a97d-d965ccfc6d4b" outcome="Passed" testListId="8c84fa94-04c1-424b-9868-57a2d4851a1d" relativeResultsDirectory="2583b656-1936-42e8-89ca-99a4518a4d59" />
    <UnitTestResult executionId="fd6864c4-0de6-40ef-9871-0a08816282ca" testId="8f00e84b-4dad-f948-eac0-34b2255a3a21" testName="BirkNext.Web.Tests.Pages.SampleProjectsNavigationTests.ReviewerLinksLoadSelectedProjectBeforeNavigating(reviewerName: &quot;Task Explorer&quot;, expectedRoute: &quot;/task-explorer&quot;, expectedKind: Tasks, expectedText: &quot;PERSON tasks.md&quot;)" computerName="BUF-5CG4423FYV" duration="00:00:00.0055660" startTime="2026-08-17T13:13:29.8741101+02:00" endTime="2026-08-17T13:13:29.8741103+02:00" testType="13cdc9d9-ddb5-4fa4-a97d-d965ccfc6d4b" outcome="Passed" testListId="8c84fa94-04c1-424b-9868-57a2d4851a1d" relativeResultsDirectory="fd6864c4-0de6-40ef-9871-0a08816282ca" />
    <UnitTestResult executionId="e7fd081f-fc5e-467e-a1a2-1a8f849f8236" testId="fddf3bb8-b4cf-bba8-7c93-5d1fad41ba51" testName="BirkNext.Web.Tests.Pages.ExplorerPageSourceOfTruthTests.DataModelExplorer_DoesNotRequireProjectDocumentApiFallback" computerName="BUF-5CG4423FYV" duration="00:00:00.0013471" startTime="2026-08-17T13:13:29.8526075+02:00" endTime="2026-08-17T13:13:29.8526076+02:00" testType="13cdc9d9-ddb5-4fa4-a97d-d965ccfc6d4b" outcome="Passed" testListId="8c84fa94-04c1-424b-9868-57a2d4851a1d" relativeResultsDirectory="e7fd081f-fc5e-467e-a1a2-1a8f849f8236" />
    <UnitTestResult executionId="d9fb8358-12f6-4181-87ee-bfb58fdec8ae" testId="44dedde2-76e5-5ca4-7218-eb44e8b008dd" testName="BirkNext.Web.Tests.Pages.ExplorerPageSourceOfTruthTests.ConstitutionExplorer_UsesStandaloneScratchWhenWorkspaceIsEmpty" computerName="BUF-5CG4423FYV" duration="00:00:00.0023414" startTime="2026-08-17T13:13:29.8550331+02:00" endTime="2026-08-17T13:13:29.8550332+02:00" testType="13cdc9d9-ddb5-4fa4-a97d-d965ccfc6d4b" outcome="Passed" testListId="8c84fa94-04c1-424b-9868-57a2d4851a1d" relativeResultsDirectory="d9fb8358-12f6-4181-87ee-bfb58fdec8ae" />
    <UnitTestResult executionId="ff4c800f-834f-4a91-abe4-2ec335745238" testId="b6c2c4fe-31df-1c6f-ec94-0ab141847c62" testName="BirkNext.Web.Tests.Pages.SampleProjectsNavigationTests.ReviewerLinksLoadSelectedProjectBeforeNavigating(reviewerName: &quot;Specification Review&quot;, expectedRoute: &quot;/extract&quot;, expectedKind: Specification, expectedText: &quot;PERSON spec.md&quot;)" computerName="BUF-5CG4423FYV" duration="00:00:00.0058089" startTime="2026-08-17T13:13:29.8850229+02:00" endTime="2026-08-17T13:13:29.8850230+02:00" testType="13cdc9d9-ddb5-4fa4-a97d-d965ccfc6d4b" outcome="Passed" testListId="8c84fa94-04c1-424b-9868-57a2d4851a1d" relativeResultsDirectory="ff4c800f-834f-4a91-abe4-2ec335745238" />
    <UnitTestResult executionId="db424366-323d-4e79-8dd2-469e4d814227" testId="31ffab3f-3d8b-a8d7-0147-c12629662658" testName="BirkNext.Web.Tests.Pages.DataModelExplorerSampleProjectTests.DataModelExplorer_DifferentDataModelsDoNotLeakBetweenProjects" computerName="BUF-5CG4423FYV" duration="00:00:00.2644812" startTime="2026-08-17T13:13:29.8052701+02:00" endTime="2026-08-17T13:13:29.8052702+02:00" testType="13cdc9d9-ddb5-4fa4-a97d-d965ccfc6d4b" outcome="Passed" testListId="8c84fa94-04c1-424b-9868-57a2d4851a1d" relativeResultsDirectory="db424366-323d-4e79-8dd2-469e4d814227" />
    <UnitTestResult executionId="2ce55f50-29ce-4da6-8de3-9f4fad5336a2" testId="ac1ac52e-e7eb-adad-58b4-c99b214e77b8" testName="BirkNext.Web.Tests.Pages.TaskExplorerSampleProjectTests.TaskExplorer_HandlesEmptySelectedProject" computerName="BUF-5CG4423FYV" duration="00:00:00.0013701" startTime="2026-08-17T13:13:29.8656104+02:00" endTime="2026-08-17T13:13:29.8656106+02:00" testType="13cdc9d9-ddb5-4fa4-a97d-d965ccfc6d4b" outcome="Passed" testListId="8c84fa94-04c1-424b-9868-57a2d4851a1d" relativeResultsDirectory="2ce55f50-29ce-4da6-8de3-9f4fad5336a2" />
    <UnitTestResult executionId="83cfa08e-3f6c-43c3-be29-0a99b334cf61" testId="d95a531c-3e7d-063e-7bf7-6be34dc86b11" testName="BirkNext.Web.Tests.Pages.SpecificationExplorerSampleProjectTests.SpecificationExplorer_SwitchesProjects" computerName="BUF-5CG4423FYV" duration="00:00:00.0022143" startTime="2026-08-17T13:13:29.8405919+02:00" endTime="2026-08-17T13:13:29.8405921+02:00" testType="13cdc9d9-ddb5-4fa4-a97d-d965ccfc6d4b" outcome="Passed" testListId="8c84fa94-04c1-424b-9868-57a2d4851a1d" relativeResultsDirectory="83cfa08e-3f6c-43c3-be29-0a99b334cf61" />
    <UnitTestResult executionId="5145c254-26d8-4790-ac5f-cb45833c0387" testId="f431a49d-ede1-daa5-a835-253630a6b4a6" testName="BirkNext.Web.Tests.Pages.TaskExplorerSampleProjectTests.TaskExplorer_DoesNotUseWorkspaceAsAutomaticSource" computerName="BUF-5CG4423FYV" duration="00:00:00.2816167" startTime="2026-08-17T13:13:29.8223602+02:00" endTime="2026-08-17T13:13:29.8223604+02:00" testType="13cdc9d9-ddb5-4fa4-a97d-d965ccfc6d4b" outcome="Passed" testListId="8c84fa94-04c1-424b-9868-57a2d4851a1d" relativeResultsDirectory="5145c254-26d8-4790-ac5f-cb45833c0387" />
    <UnitTestResult executionId="a1d212a9-f78e-4dd4-851e-1323a28882a2" testId="52cf2472-99ae-5b57-c080-cfa737263999" testName="BirkNext.Web.Tests.Pages.DataModelExplorerSampleProjectTests.DataModelExplorer_ShowsMissingStateWhenDataModelNotFound" computerName="BUF-5CG4423FYV" duration="00:00:00.0009651" startTime="2026-08-17T13:13:29.8287254+02:00" endTime="2026-08-17T13:13:29.8287255+02:00" testType="13cdc9d9-ddb5-4fa4-a97d-d965ccfc6d4b" outcome="Passed" testListId="8c84fa94-04c1-424b-9868-57a2d4851a1d" relativeResultsDirectory="a1d212a9-f78e-4dd4-851e-1323a28882a2" />
    <UnitTestResult executionId="5b8d69a3-62cc-452c-8831-ea102e76a407" testId="a5dd1463-501f-4b2b-6e11-7b1056736328" testName="BirkNext.Web.Tests.Pages.DataModelExplorerSampleProjectTests.DataModelExplorer_LoadsFromSelectedSampleProject" computerName="BUF-5CG4423FYV" duration="00:00:00.0020155" startTime="2026-08-17T13:13:29.8073424+02:00" endTime="2026-08-17T13:13:29.8073426+02:00" testType="13cdc9d9-ddb5-4fa4-a97d-d965ccfc6d4b" outcome="Passed" testListId="8c84fa94-04c1-424b-9868-57a2d4851a1d" relativeResultsDirectory="5b8d69a3-62cc-452c-8831-ea102e76a407" />
    <UnitTestResult executionId="a55ff9d5-f9c8-4a07-b1d7-a38d92af31ba" testId="e7db4ed3-cc9d-cc70-87ed-17664c9c575e" testName="BirkNext.Web.Tests.Services.ConstitutionSampleProjectResolverTests.ResolveAsync_Constitution_ReturnsSelectedProjectFile" computerName="BUF-5CG4423FYV" duration="00:00:00.0773347" startTime="2026-08-17T13:13:29.6217951+02:00" endTime="2026-08-17T13:13:29.6218096+02:00" testType="13cdc9d9-ddb5-4fa4-a97d-d965ccfc6d4b" outcome="Passed" testListId="8c84fa94-04c1-424b-9868-57a2d4851a1d" relativeResultsDirectory="a55ff9d5-f9c8-4a07-b1d7-a38d92af31ba" />
    <UnitTestResult executionId="1455a489-cbff-4016-9521-caa287342961" testId="67831d69-4acb-1b28-4813-e4bcfe01c753" testName="BirkNext.Web.Tests.Pages.SampleProjectsNavigationTests.ReviewerLinksLoadSelectedProjectBeforeNavigating(reviewerName: &quot;Constitution Explorer&quot;, expectedRoute: &quot;/constitution-explorer&quot;, expectedKind: Constitution, expectedText: &quot;PERSON constitution.md&quot;)" computerName="BUF-5CG4423FYV" duration="00:00:00.0051595" startTime="2026-08-17T13:13:29.8903440+02:00" endTime="2026-08-17T13:13:29.8903441+02:00" testType="13cdc9d9-ddb5-4fa4-a97d-d965ccfc6d4b" outcome="Passed" testListId="8c84fa94-04c1-424b-9868-57a2d4851a1d" relativeResultsDirectory="1455a489-cbff-4016-9521-caa287342961" />
    <UnitTestResult executionId="f227eaad-6c97-4d79-ace5-db815e5ccb87" testId="6b4ca3d7-8a60-225a-1fd5-cda22794b3bc" testName="BirkNext.Web.Tests.Pages.SpecificationExplorerSampleProjectTests.SpecificationExplorer_ClearsProjectHeaderOnProjectDeselection" computerName="BUF-5CG4423FYV" duration="00:00:00.2664068" startTime="2026-08-17T13:13:29.8071589+02:00" endTime="2026-08-17T13:13:29.8071590+02:00" testType="13cdc9d9-ddb5-4fa4-a97d-d965ccfc6d4b" outcome="Passed" testListId="8c84fa94-04c1-424b-9868-57a2d4851a1d" relativeResultsDirectory="f227eaad-6c97-4d79-ace5-db815e5ccb87" />
    <UnitTestResult executionId="5d223865-b4af-491d-b9c3-505e87cbdc74" testId="3fe1ae01-e415-f82b-ed7d-ff059eaf1f48" testName="BirkNext.Web.Tests.Pages.ExplorerPageSourceOfTruthTests.ExplorerPages_UseStandaloneScratchWhenWorkspaceIsEmpty(storageKey: &quot;dme-standalone-datamodel&quot;, kind: DataModel, text: &quot;# Standalone Data Model&quot;)" computerName="BUF-5CG4423FYV" duration="00:00:00.0015678" startTime="2026-08-17T13:13:29.8239668+02:00" endTime="2026-08-17T13:13:29.8239669+02:00" testType="13cdc9d9-ddb5-4fa4-a97d-d965ccfc6d4b" outcome="Passed" testListId="8c84fa94-04c1-424b-9868-57a2d4851a1d" relativeResultsDirectory="5d223865-b4af-491d-b9c3-505e87cbdc74" />
    <UnitTestResult executionId="073e6e90-c512-4381-b33d-9910d3ffecf5" testId="d3ae7e0e-185a-47a8-b3bf-d341692dfc80" testName="BirkNext.Web.Tests.Pages.DataModelExplorerSampleProjectTests.DataModelExplorer_ClearsProjectHeaderOnProjectDeselection" computerName="BUF-5CG4423FYV" duration="00:00:00.0142912" startTime="2026-08-17T13:13:29.8233339+02:00" endTime="2026-08-17T13:13:29.8233339+02:00" testType="13cdc9d9-ddb5-4fa4-a97d-d965ccfc6d4b" outcome="Passed" testListId="8c84fa94-04c1-424b-9868-57a2d4851a1d" relativeResultsDirectory="073e6e90-c512-4381-b33d-9910d3ffecf5" />
    <UnitTestResult executionId="a30023ee-0af5-4eaa-abd1-d1af20cbc836" testId="15cd6928-1add-eb11-822d-3e560fe58255" testName="BirkNext.Web.Tests.Pages.ExplorerPageSourceOfTruthTests.ExplorerPages_UseStandaloneScratchWhenWorkspaceIsEmpty(storageKey: &quot;pe-standalone-plan&quot;, kind: Plan, text: &quot;# Standalone Plan&quot;)" computerName="BUF-5CG4423FYV" duration="00:00:00.0070140" startTime="2026-08-17T13:13:29.7985751+02:00" endTime="2026-08-17T13:13:29.7985753+02:00" testType="13cdc9d9-ddb5-4fa4-a97d-d965ccfc6d4b" outcome="Passed" testListId="8c84fa94-04c1-424b-9868-57a2d4851a1d" relativeResultsDirectory="a30023ee-0af5-4eaa-abd1-d1af20cbc836" />
    <UnitTestResult executionId="8e5bb15d-1a7b-4b63-9f59-23232c1fa27a" testId="3f7c9673-fb34-3ebc-3549-71605be8ddc3" testName="BirkNext.Web.Tests.Pages.SampleProjectsNavigationTests.ManualLoadSupportedArtifactsStillLoadsWorkspace" computerName="BUF-5CG4423FYV" duration="00:00:00.0059543" startTime="2026-08-17T13:13:29.9409288+02:00" endTime="2026-08-17T13:13:29.9409289+02:00" testType="13cdc9d9-ddb5-4fa4-a97d-d965ccfc6d4b" outcome="Passed" testListId="8c84fa94-04c1-424b-9868-57a2d4851a1d" relativeResultsDirectory="8e5bb15d-1a7b-4b63-9f59-23232c1fa27a" />
    <UnitTestResult executionId="19176f1f-d99c-4c7b-b67a-094a62883377" testId="af29c175-8d65-4ec5-1060-8fd2ce3c4950" testName="BirkNext.Web.Tests.Pages.TaskExplorerSampleProjectTests.TaskExplorer_ReloadsSameProjectWithoutDuplication" computerName="BUF-5CG4423FYV" duration="00:00:00.0023490" startTime="2026-08-17T13:13:29.8642623+02:00" endTime="2026-08-17T13:13:29.8642625+02:00" testType="13cdc9d9-ddb5-4fa4-a97d-d965ccfc6d4b" outcome="Passed" testListId="8c84fa94-04c1-424b-9868-57a2d4851a1d" relativeResultsDirectory="19176f1f-d99c-4c7b-b67a-094a62883377" />
    <UnitTestResult executionId="1307b9e1-41be-4c1a-aae3-e328c4689318" testId="0b7ce24a-8b43-b28f-8855-601482aeeafe" testName="BirkNext.Web.Tests.Pages.ExplorerPageSourceOfTruthTests.ConstitutionExplorer_StaysEmptyWhenWorkspaceAndStandaloneScratchAreEmpty" computerName="BUF-5CG4423FYV" duration="00:00:00.0010742" startTime="2026-08-17T13:13:29.8561196+02:00" endTime="2026-08-17T13:13:29.8561197+02:00" testType="13cdc9d9-ddb5-4fa4-a97d-d965ccfc6d4b" outcome="Passed" testListId="8c84fa94-04c1-424b-9868-57a2d4851a1d" relativeResultsDirectory="1307b9e1-41be-4c1a-aae3-e328c4689318" />
    <UnitTestResult executionId="b5318ece-ec0b-4f47-9705-8265614642eb" testId="24c241a0-e179-101a-b5c8-31bc312ac61d" testName="BirkNext.Web.Tests.Pages.DataModelExplorerSampleProjectTests.DataModelExplorer_SwitchesProjects" computerName="BUF-5CG4423FYV" duration="00:00:00.0018271" startTime="2026-08-17T13:13:29.8252304+02:00" endTime="2026-08-17T13:13:29.8252305+02:00" testType="13cdc9d9-ddb5-4fa4-a97d-d965ccfc6d4b" outcome="Passed" testListId="8c84fa94-04c1-424b-9868-57a2d4851a1d" relativeResultsDirectory="b5318ece-ec0b-4f47-9705-8265614642eb" />
    <UnitTestResult executionId="23a308bf-7ce2-48ea-9610-071c5e8991c8" testId="9dc270a1-be65-185d-ec4a-acf87eab7425" testName="BirkNext.Web.Tests.Pages.DataModelExplorerSampleProjectTests.DataModelExplorer_ReloadsSameProjectWithoutDuplication" computerName="BUF-5CG4423FYV" duration="00:00:00.0015912" startTime="2026-08-17T13:13:29.8089788+02:00" endTime="2026-08-17T13:13:29.8089789+02:00" testType="13cdc9d9-ddb5-4fa4-a97d-d965ccfc6d4b" outcome="Passed" testListId="8c84fa94-04c1-424b-9868-57a2d4851a1d" relativeResultsDirectory="23a308bf-7ce2-48ea-9610-071c5e8991c8" />
    <UnitTestResult executionId="18cfd0cf-f112-4348-b837-c77e6ed3e20f" testId="5c3c67e4-75c1-0363-ba13-68db69f9ef5f" testName="BirkNext.Web.Tests.Pages.SampleProjectsNavigationTests.FailedReviewerLoadDoesNotNavigateAndClearsStaleWorkspace" computerName="BUF-5CG4423FYV" duration="00:00:00.0096095" startTime="2026-08-17T13:13:29.9348971+02:00" endTime="2026-08-17T13:13:29.9348973+02:00" testType="13cdc9d9-ddb5-4fa4-a97d-d965ccfc6d4b" outcome="Passed" testListId="8c84fa94-04c1-424b-9868-57a2d4851a1d" relativeResultsDirectory="18cfd0cf-f112-4348-b837-c77e6ed3e20f" />
  </Results>
  <TestDefinitions>
    <UnitTest name="BirkNext.Web.Tests.Pages.SampleProjectsNavigationTests.ManualLoadSupportedArtifactsStillLoadsWorkspace" storage="c:\users\ajaan\source\sdd-repos\birknext\aiassisted\frontend\birknext.web.tests\bin\debug\net8.0\birknext.web.tests.dll" id="3f7c9673-fb34-3ebc-3549-71605be8ddc3">
      <Execution id="8e5bb15d-1a7b-4b63-9f59-23232c1fa27a" />
      <TestMethod codeBase="C:\Users\ajaan\source\sdd-repos\BirkNext\AIAssisted\frontend\BirkNext.Web.Tests\bin\Debug\net8.0\BirkNext.Web.Tests.dll" adapterTypeName="executor://xunit/VsTestRunner2/netcoreapp" className="BirkNext.Web.Tests.Pages.SampleProjectsNavigationTests" name="ManualLoadSupportedArtifactsStillLoadsWorkspace" />
    </UnitTest>
    <UnitTest name="BirkNext.Web.Tests.Pages.SampleProjectsNavigationTests.ReviewerLinksLoadSelectedProjectBeforeNavigating(reviewerName: &quot;Task Explorer&quot;, expectedRoute: &quot;/task-explorer&quot;, expectedKind: Tasks, expectedText: &quot;PERSON tasks.md&quot;)" storage="c:\users\ajaan\source\sdd-repos\birknext\aiassisted\frontend\birknext.web.tests\bin\debug\net8.0\birknext.web.tests.dll" id="8f00e84b-4dad-f948-eac0-34b2255a3a21">
      <Execution id="fd6864c4-0de6-40ef-9871-0a08816282ca" />
      <TestMethod codeBase="C:\Users\ajaan\source\sdd-repos\BirkNext\AIAssisted\frontend\BirkNext.Web.Tests\bin\Debug\net8.0\BirkNext.Web.Tests.dll" adapterTypeName="executor://xunit/VsTestRunner2/netcoreapp" className="BirkNext.Web.Tests.Pages.SampleProjectsNavigationTests" name="ReviewerLinksLoadSelectedProjectBeforeNavigating" />
    </UnitTest>
    <UnitTest name="BirkNext.Web.Tests.Services.ConstitutionSampleProjectResolverTests.ResolveAsync_Constitution_ReturnsSelectedProjectFile" storage="c:\users\ajaan\source\sdd-repos\birknext\aiassisted\frontend\birknext.web.tests\bin\debug\net8.0\birknext.web.tests.dll" id="e7db4ed3-cc9d-cc70-87ed-17664c9c575e">
      <Execution id="a55ff9d5-f9c8-4a07-b1d7-a38d92af31ba" />
      <TestMethod codeBase="C:\Users\ajaan\source\sdd-repos\BirkNext\AIAssisted\frontend\BirkNext.Web.Tests\bin\Debug\net8.0\BirkNext.Web.Tests.dll" adapterTypeName="executor://xunit/VsTestRunner2/netcoreapp" className="BirkNext.Web.Tests.Services.ConstitutionSampleProjectResolverTests" name="ResolveAsync_Constitution_ReturnsSelectedProjectFile" />
    </UnitTest>
    <UnitTest name="BirkNext.Web.Tests.Services.ConstitutionSampleProjectResolverTests.WorkspaceCache_DoesNotOverrideSelectedProject_PolicyEnforcement" storage="c:\users\ajaan\source\sdd-repos\birknext\aiassisted\frontend\birknext.web.tests\bin\debug\net8.0\birknext.web.tests.dll" id="ffc29bf8-f3dd-b510-ce83-47285427af94">
      <Execution id="b1f6ee4f-605a-4a28-9bd8-199383a5381c" />
      <TestMethod codeBase="C:\Users\ajaan\source\sdd-repos\BirkNext\AIAssisted\frontend\BirkNext.Web.Tests\bin\Debug\net8.0\BirkNext.Web.Tests.dll" adapterTypeName="executor://xunit/VsTestRunner2/netcoreapp" className="BirkNext.Web.Tests.Services.ConstitutionSampleProjectResolverTests" name="WorkspaceCache_DoesNotOverrideSelectedProject_PolicyEnforcement" />
    </UnitTest>
    <UnitTest name="BirkNext.Web.Tests.Pages.ExplorerPageSourceOfTruthTests.ConstitutionExplorer_StaysEmptyWhenWorkspaceAndStandaloneScratchAreEmpty" storage="c:\users\ajaan\source\sdd-repos\birknext\aiassisted\frontend\birknext.web.tests\bin\debug\net8.0\birknext.web.tests.dll" id="0b7ce24a-8b43-b28f-8855-601482aeeafe">
      <Execution id="1307b9e1-41be-4c1a-aae3-e328c4689318" />
      <TestMethod codeBase="C:\Users\ajaan\source\sdd-repos\BirkNext\AIAssisted\frontend\BirkNext.Web.Tests\bin\Debug\net8.0\BirkNext.Web.Tests.dll" adapterTypeName="executor://xunit/VsTestRunner2/netcoreapp" className="BirkNext.Web.Tests.Pages.ExplorerPageSourceOfTruthTests" name="ConstitutionExplorer_StaysEmptyWhenWorkspaceAndStandaloneScratchAreEmpty" />
    </UnitTest>
    <UnitTest name="BirkNext.Web.Tests.Pages.TaskExplorerSampleProjectTests.TaskExplorer_DoesNotUseWorkspaceAsAutomaticSource" storage="c:\users\ajaan\source\sdd-repos\birknext\aiassisted\frontend\birknext.web.tests\bin\debug\net8.0\birknext.web.tests.dll" id="f431a49d-ede1-daa5-a835-253630a6b4a6">
      <Execution id="5145c254-26d8-4790-ac5f-cb45833c0387" />
      <TestMethod codeBase="C:\Users\ajaan\source\sdd-repos\BirkNext\AIAssisted\frontend\BirkNext.Web.Tests\bin\Debug\net8.0\BirkNext.Web.Tests.dll" adapterTypeName="executor://xunit/VsTestRunner2/netcoreapp" className="BirkNext.Web.Tests.Pages.TaskExplorerSampleProjectTests" name="TaskExplorer_DoesNotUseWorkspaceAsAutomaticSource" />
    </UnitTest>
    <UnitTest name="BirkNext.Web.Tests.Services.ConstitutionSampleProjectResolverTests.ResolveAsync_InvalidProject_ReturnsError" storage="c:\users\ajaan\source\sdd-repos\birknext\aiassisted\frontend\birknext.web.tests\bin\debug\net8.0\birknext.web.tests.dll" id="47a95918-18ba-a459-fdc1-db35919eab54">
      <Execution id="5794485e-88d5-43e7-a775-a3addceeac4b" />
      <TestMethod codeBase="C:\Users\ajaan\source\sdd-repos\BirkNext\AIAssisted\frontend\BirkNext.Web.Tests\bin\Debug\net8.0\BirkNext.Web.Tests.dll" adapterTypeName="executor://xunit/VsTestRunner2/netcoreapp" className="BirkNext.Web.Tests.Services.ConstitutionSampleProjectResolverTests" name="ResolveAsync_InvalidProject_ReturnsError" />
    </UnitTest>
    <UnitTest name="BirkNext.Web.Tests.Services.ConstitutionSampleProjectResolverTests.ResolveAsync_SwitchProjects_ClearsOldContent" storage="c:\users\ajaan\source\sdd-repos\birknext\aiassisted\frontend\birknext.web.tests\bin\debug\net8.0\birknext.web.tests.dll" id="6664db61-527e-d74c-bb53-bded492adedd">
      <Execution id="68f11267-70e5-4be2-adc5-df025314bddf" />
      <TestMethod codeBase="C:\Users\ajaan\source\sdd-repos\BirkNext\AIAssisted\frontend\BirkNext.Web.Tests\bin\Debug\net8.0\BirkNext.Web.Tests.dll" adapterTypeName="executor://xunit/VsTestRunner2/netcoreapp" className="BirkNext.Web.Tests.Services.ConstitutionSampleProjectResolverTests" name="ResolveAsync_SwitchProjects_ClearsOldContent" />
    </UnitTest>
    <UnitTest name="BirkNext.Web.Tests.Pages.DataModelExplorerSampleProjectTests.DataModelExplorer_HandlesEmptySelectedProject" storage="c:\users\ajaan\source\sdd-repos\birknext\aiassisted\frontend\birknext.web.tests\bin\debug\net8.0\birknext.web.tests.dll" id="ecbd8a29-c620-a079-1aaf-86d7f1f936f3">
      <Execution id="df2082bc-85ee-445a-ac76-6915a10ba685" />
      <TestMethod codeBase="C:\Users\ajaan\source\sdd-repos\BirkNext\AIAssisted\frontend\BirkNext.Web.Tests\bin\Debug\net8.0\BirkNext.Web.Tests.dll" adapterTypeName="executor://xunit/VsTestRunner2/netcoreapp" className="BirkNext.Web.Tests.Pages.DataModelExplorerSampleProjectTests" name="DataModelExplorer_HandlesEmptySelectedProject" />
    </UnitTest>
    <UnitTest name="BirkNext.Web.Tests.Pages.PlanExplorerSampleProjectTests.PlanExplorer_ShowsMissingStateWhenPlanNotFound" storage="c:\users\ajaan\source\sdd-repos\birknext\aiassisted\frontend\birknext.web.tests\bin\debug\net8.0\birknext.web.tests.dll" id="c68c50ce-25fd-8602-4f14-05b23856e6d4">
      <Execution id="c93ad840-149c-4e56-974c-95944d8a382d" />
      <TestMethod codeBase="C:\Users\ajaan\source\sdd-repos\BirkNext\AIAssisted\frontend\BirkNext.Web.Tests\bin\Debug\net8.0\BirkNext.Web.Tests.dll" adapterTypeName="executor://xunit/VsTestRunner2/netcoreapp" className="BirkNext.Web.Tests.Pages.PlanExplorerSampleProjectTests" name="PlanExplorer_ShowsMissingStateWhenPlanNotFound" />
    </UnitTest>
    <UnitTest name="BirkNext.Web.Tests.Pages.DataModelExplorerSampleProjectTests.DataModelExplorer_SwitchesProjects" storage="c:\users\ajaan\source\sdd-repos\birknext\aiassisted\frontend\birknext.web.tests\bin\debug\net8.0\birknext.web.tests.dll" id="24c241a0-e179-101a-b5c8-31bc312ac61d">
      <Execution id="b5318ece-ec0b-4f47-9705-8265614642eb" />
      <TestMethod codeBase="C:\Users\ajaan\source\sdd-repos\BirkNext\AIAssisted\frontend\BirkNext.Web.Tests\bin\Debug\net8.0\BirkNext.Web.Tests.dll" adapterTypeName="executor://xunit/VsTestRunner2/netcoreapp" className="BirkNext.Web.Tests.Pages.DataModelExplorerSampleProjectTests" name="DataModelExplorer_SwitchesProjects" />
    </UnitTest>
    <UnitTest name="BirkNext.Web.Tests.Pages.ExplorerPageSourceOfTruthTests.PlanExplorer_DoesNotRequireProjectDocumentApiFallback" storage="c:\users\ajaan\source\sdd-repos\birknext\aiassisted\frontend\birknext.web.tests\bin\debug\net8.0\birknext.web.tests.dll" id="de7b7f6f-ee56-7c22-3c30-ae59500068f4">
      <Execution id="4544bed5-1a70-4400-96e6-8163760dd94e" />
      <TestMethod codeBase="C:\Users\ajaan\source\sdd-repos\BirkNext\AIAssisted\frontend\BirkNext.Web.Tests\bin\Debug\net8.0\BirkNext.Web.Tests.dll" adapterTypeName="executor://xunit/VsTestRunner2/netcoreapp" className="BirkNext.Web.Tests.Pages.ExplorerPageSourceOfTruthTests" name="PlanExplorer_DoesNotRequireProjectDocumentApiFallback" />
    </UnitTest>
    <UnitTest name="BirkNext.Web.Tests.Pages.SampleProjectsNavigationTests.ReviewerLinksLoadSelectedProjectBeforeNavigating(reviewerName: &quot;Plan Explorer&quot;, expectedRoute: &quot;/plan-explorer&quot;, expectedKind: Plan, expectedText: &quot;PERSON plan.md&quot;)" storage="c:\users\ajaan\source\sdd-repos\birknext\aiassisted\frontend\birknext.web.tests\bin\debug\net8.0\birknext.web.tests.dll" id="aa5841b6-9f68-7b8a-4f0d-ff5c4c9ae13a">
      <Execution id="d949aef8-6aae-4668-b8cd-5c79cad36f11" />
      <TestMethod codeBase="C:\Users\ajaan\source\sdd-repos\BirkNext\AIAssisted\frontend\BirkNext.Web.Tests\bin\Debug\net8.0\BirkNext.Web.Tests.dll" adapterTypeName="executor://xunit/VsTestRunner2/netcoreapp" className="BirkNext.Web.Tests.Pages.SampleProjectsNavigationTests" name="ReviewerLinksLoadSelectedProjectBeforeNavigating" />
    </UnitTest>
    <UnitTest name="BirkNext.Web.Tests.Pages.PlanExplorerSampleProjectTests.PlanExplorer_ClearsProjectHeaderOnProjectDeselection" storage="c:\users\ajaan\source\sdd-repos\birknext\aiassisted\frontend\birknext.web.tests\bin\debug\net8.0\birknext.web.tests.dll" id="0a4d6b64-3ec5-0804-bb1d-ad3cf97d6653">
      <Execution id="78aff933-238f-4cc6-b69d-85b041f1c886" />
      <TestMethod codeBase="C:\Users\ajaan\source\sdd-repos\BirkNext\AIAssisted\frontend\BirkNext.Web.Tests\bin\Debug\net8.0\BirkNext.Web.Tests.dll" adapterTypeName="executor://xunit/VsTestRunner2/netcoreapp" className="BirkNext.Web.Tests.Pages.PlanExplorerSampleProjectTests" name="PlanExplorer_ClearsProjectHeaderOnProjectDeselection" />
    </UnitTest>
    <UnitTest name="BirkNext.Web.Tests.Pages.SpecificationExplorerSampleProjectTests.SpecificationExplorer_LoadsFromSelectedSampleProject" storage="c:\users\ajaan\source\sdd-repos\birknext\aiassisted\frontend\birknext.web.tests\bin\debug\net8.0\birknext.web.tests.dll" id="da3f82c4-3f5a-3ce6-c628-3622499f8417">
      <Execution id="ddce069f-ca18-4c54-b760-101240b0db71" />
      <TestMethod codeBase="C:\Users\ajaan\source\sdd-repos\BirkNext\AIAssisted\frontend\BirkNext.Web.Tests\bin\Debug\net8.0\BirkNext.Web.Tests.dll" adapterTypeName="executor://xunit/VsTestRunner2/netcoreapp" className="BirkNext.Web.Tests.Pages.SpecificationExplorerSampleProjectTests" name="SpecificationExplorer_LoadsFromSelectedSampleProject" />
    </UnitTest>
    <UnitTest name="BirkNext.Web.Tests.Pages.SampleProjectsNavigationTests.ReviewerLinksLoadSelectedProjectBeforeNavigating(reviewerName: &quot;Constitution Explorer&quot;, expectedRoute: &quot;/constitution-explorer&quot;, expectedKind: Constitution, expectedText: &quot;PERSON constitution.md&quot;)" storage="c:\users\ajaan\source\sdd-repos\birknext\aiassisted\frontend\birknext.web.tests\bin\debug\net8.0\birknext.web.tests.dll" id="67831d69-4acb-1b28-4813-e4bcfe01c753">
      <Execution id="1455a489-cbff-4016-9521-caa287342961" />
      <TestMethod codeBase="C:\Users\ajaan\source\sdd-repos\BirkNext\AIAssisted\frontend\BirkNext.Web.Tests\bin\Debug\net8.0\BirkNext.Web.Tests.dll" adapterTypeName="executor://xunit/VsTestRunner2/netcoreapp" className="BirkNext.Web.Tests.Pages.SampleProjectsNavigationTests" name="ReviewerLinksLoadSelectedProjectBeforeNavigating" />
    </UnitTest>
    <UnitTest name="BirkNext.Web.Tests.Pages.DataModelExplorerSampleProjectTests.DataModelExplorer_LoadsFromSelectedSampleProject" storage="c:\users\ajaan\source\sdd-repos\birknext\aiassisted\frontend\birknext.web.tests\bin\debug\net8.0\birknext.web.tests.dll" id="a5dd1463-501f-4b2b-6e11-7b1056736328">
      <Execution id="5b8d69a3-62cc-452c-8831-ea102e76a407" />
      <TestMethod codeBase="C:\Users\ajaan\source\sdd-repos\BirkNext\AIAssisted\frontend\BirkNext.Web.Tests\bin\Debug\net8.0\BirkNext.Web.Tests.dll" adapterTypeName="executor://xunit/VsTestRunner2/netcoreapp" className="BirkNext.Web.Tests.Pages.DataModelExplorerSampleProjectTests" name="DataModelExplorer_LoadsFromSelectedSampleProject" />
    </UnitTest>
    <UnitTest name="BirkNext.Web.Tests.Pages.SpecificationExplorerSampleProjectTests.SpecificationExplorer_ReloadsSameProjectWithoutDuplication" storage="c:\users\ajaan\source\sdd-repos\birknext\aiassisted\frontend\birknext.web.tests\bin\debug\net8.0\birknext.web.tests.dll" id="285468a1-255d-a8c0-9516-b54e7d8a61af">
      <Execution id="4cf30c17-e331-4ab4-85c3-836020c7b6a7" />
      <TestMethod codeBase="C:\Users\ajaan\source\sdd-repos\BirkNext\AIAssisted\frontend\BirkNext.Web.Tests\bin\Debug\net8.0\BirkNext.Web.Tests.dll" adapterTypeName="executor://xunit/VsTestRunner2/netcoreapp" className="BirkNext.Web.Tests.Pages.SpecificationExplorerSampleProjectTests" name="SpecificationExplorer_ReloadsSameProjectWithoutDuplication" />
    </UnitTest>
    <UnitTest name="BirkNext.Web.Tests.Pages.DataModelExplorerSampleProjectTests.DataModelExplorer_ShowsMissingStateWhenDataModelNotFound" storage="c:\users\ajaan\source\sdd-repos\birknext\aiassisted\frontend\birknext.web.tests\bin\debug\net8.0\birknext.web.tests.dll" id="52cf2472-99ae-5b57-c080-cfa737263999">
      <Execution id="a1d212a9-f78e-4dd4-851e-1323a28882a2" />
      <TestMethod codeBase="C:\Users\ajaan\source\sdd-repos\BirkNext\AIAssisted\frontend\BirkNext.Web.Tests\bin\Debug\net8.0\BirkNext.Web.Tests.dll" adapterTypeName="executor://xunit/VsTestRunner2/netcoreapp" className="BirkNext.Web.Tests.Pages.DataModelExplorerSampleProjectTests" name="DataModelExplorer_ShowsMissingStateWhenDataModelNotFound" />
    </UnitTest>
    <UnitTest name="BirkNext.Web.Tests.Pages.SpecificationExplorerSampleProjectTests.SpecificationExplorer_DoesNotUseWorkspaceAsAutomaticSource" storage="c:\users\ajaan\source\sdd-repos\birknext\aiassisted\frontend\birknext.web.tests\bin\debug\net8.0\birknext.web.tests.dll" id="98f5c6b4-9483-7f80-0586-8f1d8565e4cd">
      <Execution id="6d83714e-799a-4842-91f3-155a6b81b04d" />
      <TestMethod codeBase="C:\Users\ajaan\source\sdd-repos\BirkNext\AIAssisted\frontend\BirkNext.Web.Tests\bin\Debug\net8.0\BirkNext.Web.Tests.dll" adapterTypeName="executor://xunit/VsTestRunner2/netcoreapp" className="BirkNext.Web.Tests.Pages.SpecificationExplorerSampleProjectTests" name="SpecificationExplorer_DoesNotUseWorkspaceAsAutomaticSource" />
    </UnitTest>
    <UnitTest name="BirkNext.Web.Tests.Pages.TaskExplorerSampleProjectTests.TaskExplorer_DifferentTaskIDsDoNotLeakBetweenProjects" storage="c:\users\ajaan\source\sdd-repos\birknext\aiassisted\frontend\birknext.web.tests\bin\debug\net8.0\birknext.web.tests.dll" id="d423bedd-f4cc-c836-de95-67a83cd9df10">
      <Execution id="db09badb-9aeb-408b-8fb7-0ae566931712" />
      <TestMethod codeBase="C:\Users\ajaan\source\sdd-repos\BirkNext\AIAssisted\frontend\BirkNext.Web.Tests\bin\Debug\net8.0\BirkNext.Web.Tests.dll" adapterTypeName="executor://xunit/VsTestRunner2/netcoreapp" className="BirkNext.Web.Tests.Pages.TaskExplorerSampleProjectTests" name="TaskExplorer_DifferentTaskIDsDoNotLeakBetweenProjects" />
    </UnitTest>
    <UnitTest name="BirkNext.Web.Tests.Pages.PlanExplorerSampleProjectTests.PlanExplorer_SwitchesProjects" storage="c:\users\ajaan\source\sdd-repos\birknext\aiassisted\frontend\birknext.web.tests\bin\debug\net8.0\birknext.web.tests.dll" id="6d79443a-1b89-96ae-8f2f-89168be6dd6c">
      <Execution id="02672078-1100-4893-b1be-0bfbd6df1aa5" />
      <TestMethod codeBase="C:\Users\ajaan\source\sdd-repos\BirkNext\AIAssisted\frontend\BirkNext.Web.Tests\bin\Debug\net8.0\BirkNext.Web.Tests.dll" adapterTypeName="executor://xunit/VsTestRunner2/netcoreapp" className="BirkNext.Web.Tests.Pages.PlanExplorerSampleProjectTests" name="PlanExplorer_SwitchesProjects" />
    </UnitTest>
    <UnitTest name="BirkNext.Web.Tests.Pages.DataModelExplorerSampleProjectTests.DataModelExplorer_DifferentDataModelsDoNotLeakBetweenProjects" storage="c:\users\ajaan\source\sdd-repos\birknext\aiassisted\frontend\birknext.web.tests\bin\debug\net8.0\birknext.web.tests.dll" id="31ffab3f-3d8b-a8d7-0147-c12629662658">
      <Execution id="db424366-323d-4e79-8dd2-469e4d814227" />
      <TestMethod codeBase="C:\Users\ajaan\source\sdd-repos\BirkNext\AIAssisted\frontend\BirkNext.Web.Tests\bin\Debug\net8.0\BirkNext.Web.Tests.dll" adapterTypeName="executor://xunit/VsTestRunner2/netcoreapp" className="BirkNext.Web.Tests.Pages.DataModelExplorerSampleProjectTests" name="DataModelExplorer_DifferentDataModelsDoNotLeakBetweenProjects" />
    </UnitTest>
    <UnitTest name="BirkNext.Web.Tests.Pages.ExplorerPageSourceOfTruthTests.DataModelExplorer_DoesNotRequireProjectDocumentApiFallback" storage="c:\users\ajaan\source\sdd-repos\birknext\aiassisted\frontend\birknext.web.tests\bin\debug\net8.0\birknext.web.tests.dll" id="fddf3bb8-b4cf-bba8-7c93-5d1fad41ba51">
      <Execution id="e7fd081f-fc5e-467e-a1a2-1a8f849f8236" />
      <TestMethod codeBase="C:\Users\ajaan\source\sdd-repos\BirkNext\AIAssisted\frontend\BirkNext.Web.Tests\bin\Debug\net8.0\BirkNext.Web.Tests.dll" adapterTypeName="executor://xunit/VsTestRunner2/netcoreapp" className="BirkNext.Web.Tests.Pages.ExplorerPageSourceOfTruthTests" name="DataModelExplorer_DoesNotRequireProjectDocumentApiFallback" />
    </UnitTest>
    <UnitTest name="BirkNext.Web.Tests.Pages.SpecificationExplorerSampleProjectTests.SpecificationExplorer_ShowsMissingStateWhenSpecNotFound" storage="c:\users\ajaan\source\sdd-repos\birknext\aiassisted\frontend\birknext.web.tests\bin\debug\net8.0\birknext.web.tests.dll" id="0ae1576b-e762-21a4-2222-3fdc03eb3b42">
      <Execution id="f7c9c5b7-dfdc-496a-9731-19635c9047a9" />
      <TestMethod codeBase="C:\Users\ajaan\source\sdd-repos\BirkNext\AIAssisted\frontend\BirkNext.Web.Tests\bin\Debug\net8.0\BirkNext.Web.Tests.dll" adapterTypeName="executor://xunit/VsTestRunner2/netcoreapp" className="BirkNext.Web.Tests.Pages.SpecificationExplorerSampleProjectTests" name="SpecificationExplorer_ShowsMissingStateWhenSpecNotFound" />
    </UnitTest>
    <UnitTest name="BirkNext.Web.Tests.Pages.ExplorerPageSourceOfTruthTests.TaskExplorer_DoesNotRequireProjectDocumentApiFallback" storage="c:\users\ajaan\source\sdd-repos\birknext\aiassisted\frontend\birknext.web.tests\bin\debug\net8.0\birknext.web.tests.dll" id="d8249221-1eb5-2d07-b8ed-c5a903842fc4">
      <Execution id="404fb939-97c5-4847-ac5e-d59161b66149" />
      <TestMethod codeBase="C:\Users\ajaan\source\sdd-repos\BirkNext\AIAssisted\frontend\BirkNext.Web.Tests\bin\Debug\net8.0\BirkNext.Web.Tests.dll" adapterTypeName="executor://xunit/VsTestRunner2/netcoreapp" className="BirkNext.Web.Tests.Pages.ExplorerPageSourceOfTruthTests" name="TaskExplorer_DoesNotRequireProjectDocumentApiFallback" />
    </UnitTest>
    <UnitTest name="BirkNext.Web.Tests.Pages.PlanExplorerSampleProjectTests.PlanExplorer_DoesNotUseWorkspaceAsAutomaticSource" storage="c:\users\ajaan\source\sdd-repos\birknext\aiassisted\frontend\birknext.web.tests\bin\debug\net8.0\birknext.web.tests.dll" id="8c7a33d3-0135-dbcf-86fc-2bae288cf064">
      <Execution id="54411697-e805-445a-b6dd-453f8f90ec70" />
      <TestMethod codeBase="C:\Users\ajaan\source\sdd-repos\BirkNext\AIAssisted\frontend\BirkNext.Web.Tests\bin\Debug\net8.0\BirkNext.Web.Tests.dll" adapterTypeName="executor://xunit/VsTestRunner2/netcoreapp" className="BirkNext.Web.Tests.Pages.PlanExplorerSampleProjectTests" name="PlanExplorer_DoesNotUseWorkspaceAsAutomaticSource" />
    </UnitTest>
    <UnitTest name="BirkNext.Web.Tests.Pages.PlanExplorerSampleProjectTests.PlanExplorer_HandlesEmptySelectedProject" storage="c:\users\ajaan\source\sdd-repos\birknext\aiassisted\frontend\birknext.web.tests\bin\debug\net8.0\birknext.web.tests.dll" id="d9d2d2c2-8f06-f6f8-3199-a330e46f746f">
      <Execution id="50618a5e-5af6-4a8f-a275-610c13c9e817" />
      <TestMethod codeBase="C:\Users\ajaan\source\sdd-repos\BirkNext\AIAssisted\frontend\BirkNext.Web.Tests\bin\Debug\net8.0\BirkNext.Web.Tests.dll" adapterTypeName="executor://xunit/VsTestRunner2/netcoreapp" className="BirkNext.Web.Tests.Pages.PlanExplorerSampleProjectTests" name="PlanExplorer_HandlesEmptySelectedProject" />
    </UnitTest>
    <UnitTest name="BirkNext.Web.Tests.Pages.SampleProjectsNavigationTests.ReviewerLinksLoadSelectedProjectBeforeNavigating(reviewerName: &quot;Specification Review&quot;, expectedRoute: &quot;/extract&quot;, expectedKind: Specification, expectedText: &quot;PERSON spec.md&quot;)" storage="c:\users\ajaan\source\sdd-repos\birknext\aiassisted\frontend\birknext.web.tests\bin\debug\net8.0\birknext.web.tests.dll" id="b6c2c4fe-31df-1c6f-ec94-0ab141847c62">
      <Execution id="ff4c800f-834f-4a91-abe4-2ec335745238" />
      <TestMethod codeBase="C:\Users\ajaan\source\sdd-repos\BirkNext\AIAssisted\frontend\BirkNext.Web.Tests\bin\Debug\net8.0\BirkNext.Web.Tests.dll" adapterTypeName="executor://xunit/VsTestRunner2/netcoreapp" className="BirkNext.Web.Tests.Pages.SampleProjectsNavigationTests" name="ReviewerLinksLoadSelectedProjectBeforeNavigating" />
    </UnitTest>
    <UnitTest name="BirkNext.Web.Tests.Pages.PlanExplorerSampleProjectTests.PlanExplorer_ReloadsSameProjectWithoutDuplication" storage="c:\users\ajaan\source\sdd-repos\birknext\aiassisted\frontend\birknext.web.tests\bin\debug\net8.0\birknext.web.tests.dll" id="a7269637-39b5-7aab-6f72-76469ab2d538">
      <Execution id="c469e826-72fc-45ee-9e1a-4cdb3df7027c" />
      <TestMethod codeBase="C:\Users\ajaan\source\sdd-repos\BirkNext\AIAssisted\frontend\BirkNext.Web.Tests\bin\Debug\net8.0\BirkNext.Web.Tests.dll" adapterTypeName="executor://xunit/VsTestRunner2/netcoreapp" className="BirkNext.Web.Tests.Pages.PlanExplorerSampleProjectTests" name="PlanExplorer_ReloadsSameProjectWithoutDuplication" />
    </UnitTest>
    <UnitTest name="BirkNext.Web.Tests.Pages.DataModelExplorerSampleProjectTests.DataModelExplorer_ClearsProjectHeaderOnProjectDeselection" storage="c:\users\ajaan\source\sdd-repos\birknext\aiassisted\frontend\birknext.web.tests\bin\debug\net8.0\birknext.web.tests.dll" id="d3ae7e0e-185a-47a8-b3bf-d341692dfc80">
      <Execution id="073e6e90-c512-4381-b33d-9910d3ffecf5" />
      <TestMethod codeBase="C:\Users\ajaan\source\sdd-repos\BirkNext\AIAssisted\frontend\BirkNext.Web.Tests\bin\Debug\net8.0\BirkNext.Web.Tests.dll" adapterTypeName="executor://xunit/VsTestRunner2/netcoreapp" className="BirkNext.Web.Tests.Pages.DataModelExplorerSampleProjectTests" name="DataModelExplorer_ClearsProjectHeaderOnProjectDeselection" />
    </UnitTest>
    <UnitTest name="BirkNext.Web.Tests.Pages.SpecificationExplorerSampleProjectTests.SpecificationExplorer_HandlesEmptySelectedProject" storage="c:\users\ajaan\source\sdd-repos\birknext\aiassisted\frontend\birknext.web.tests\bin\debug\net8.0\birknext.web.tests.dll" id="86a2de7f-f961-bf03-d8df-0e0feaaab9f1">
      <Execution id="2583b656-1936-42e8-89ca-99a4518a4d59" />
      <TestMethod codeBase="C:\Users\ajaan\source\sdd-repos\BirkNext\AIAssisted\frontend\BirkNext.Web.Tests\bin\Debug\net8.0\BirkNext.Web.Tests.dll" adapterTypeName="executor://xunit/VsTestRunner2/netcoreapp" className="BirkNext.Web.Tests.Pages.SpecificationExplorerSampleProjectTests" name="SpecificationExplorer_HandlesEmptySelectedProject" />
    </UnitTest>
    <UnitTest name="BirkNext.Web.Tests.Pages.TaskExplorerSampleProjectTests.TaskExplorer_ShowsMissingStateWhenTasksNotFound" storage="c:\users\ajaan\source\sdd-repos\birknext\aiassisted\frontend\birknext.web.tests\bin\debug\net8.0\birknext.web.tests.dll" id="c35ab415-83bc-20b2-a92c-df1979a35f02">
      <Execution id="f409177d-085c-46d6-a993-0dbcfb455773" />
      <TestMethod codeBase="C:\Users\ajaan\source\sdd-repos\BirkNext\AIAssisted\frontend\BirkNext.Web.Tests\bin\Debug\net8.0\BirkNext.Web.Tests.dll" adapterTypeName="executor://xunit/VsTestRunner2/netcoreapp" className="BirkNext.Web.Tests.Pages.TaskExplorerSampleProjectTests" name="TaskExplorer_ShowsMissingStateWhenTasksNotFound" />
    </UnitTest>
    <UnitTest name="BirkNext.Web.Tests.Services.ConstitutionSampleProjectResolverTests.GetAvailableProjectsAsync_ReturnsOnlySampleDataProjects" storage="c:\users\ajaan\source\sdd-repos\birknext\aiassisted\frontend\birknext.web.tests\bin\debug\net8.0\birknext.web.tests.dll" id="4dc64b36-df70-577e-a208-c27c7d897ca0">
      <Execution id="b2d3e795-8f0c-49ce-a4fd-c91d248bbe09" />
      <TestMethod codeBase="C:\Users\ajaan\source\sdd-repos\BirkNext\AIAssisted\frontend\BirkNext.Web.Tests\bin\Debug\net8.0\BirkNext.Web.Tests.dll" adapterTypeName="executor://xunit/VsTestRunner2/netcoreapp" className="BirkNext.Web.Tests.Services.ConstitutionSampleProjectResolverTests" name="GetAvailableProjectsAsync_ReturnsOnlySampleDataProjects" />
    </UnitTest>
    <UnitTest name="BirkNext.Web.Tests.Pages.PlanExplorerSampleProjectTests.PlanExplorer_LoadsFromSelectedSampleProject" storage="c:\users\ajaan\source\sdd-repos\birknext\aiassisted\frontend\birknext.web.tests\bin\debug\net8.0\birknext.web.tests.dll" id="361d28a4-5784-5d97-d94e-cae21b8f6c51">
      <Execution id="d6928c25-4384-47d5-97ac-9e908e73e4bc" />
      <TestMethod codeBase="C:\Users\ajaan\source\sdd-repos\BirkNext\AIAssisted\frontend\BirkNext.Web.Tests\bin\Debug\net8.0\BirkNext.Web.Tests.dll" adapterTypeName="executor://xunit/VsTestRunner2/netcoreapp" className="BirkNext.Web.Tests.Pages.PlanExplorerSampleProjectTests" name="PlanExplorer_LoadsFromSelectedSampleProject" />
    </UnitTest>
    <UnitTest name="BirkNext.Web.Tests.Pages.SampleProjectsNavigationTests.ReviewerClickFetchesEachSupportedFileOnlyOnce" storage="c:\users\ajaan\source\sdd-repos\birknext\aiassisted\frontend\birknext.web.tests\bin\debug\net8.0\birknext.web.tests.dll" id="210a0a54-cc52-8377-c39c-b079d2a02e0c">
      <Execution id="6a40be0d-f4cb-48a3-b496-fa9d901fc3eb" />
      <TestMethod codeBase="C:\Users\ajaan\source\sdd-repos\BirkNext\AIAssisted\frontend\BirkNext.Web.Tests\bin\Debug\net8.0\BirkNext.Web.Tests.dll" adapterTypeName="executor://xunit/VsTestRunner2/netcoreapp" className="BirkNext.Web.Tests.Pages.SampleProjectsNavigationTests" name="ReviewerClickFetchesEachSupportedFileOnlyOnce" />
    </UnitTest>
    <UnitTest name="BirkNext.Web.Tests.Pages.TaskExplorerSampleProjectTests.TaskExplorer_ClearsProjectHeaderOnProjectDeselection" storage="c:\users\ajaan\source\sdd-repos\birknext\aiassisted\frontend\birknext.web.tests\bin\debug\net8.0\birknext.web.tests.dll" id="ce146397-3612-bb8d-7a38-aa5137b3866d">
      <Execution id="d6ee8243-6b8f-4750-9a4e-4576fc80551d" />
      <TestMethod codeBase="C:\Users\ajaan\source\sdd-repos\BirkNext\AIAssisted\frontend\BirkNext.Web.Tests\bin\Debug\net8.0\BirkNext.Web.Tests.dll" adapterTypeName="executor://xunit/VsTestRunner2/netcoreapp" className="BirkNext.Web.Tests.Pages.TaskExplorerSampleProjectTests" name="TaskExplorer_ClearsProjectHeaderOnProjectDeselection" />
    </UnitTest>
    <UnitTest name="BirkNext.Web.Tests.Pages.ExplorerPageSourceOfTruthTests.ExplorerPages_UseStandaloneScratchWhenWorkspaceIsEmpty(storageKey: &quot;dme-standalone-datamodel&quot;, kind: DataModel, text: &quot;# Standalone Data Model&quot;)" storage="c:\users\ajaan\source\sdd-repos\birknext\aiassisted\frontend\birknext.web.tests\bin\debug\net8.0\birknext.web.tests.dll" id="3fe1ae01-e415-f82b-ed7d-ff059eaf1f48">
      <Execution id="5d223865-b4af-491d-b9c3-505e87cbdc74" />
      <TestMethod codeBase="C:\Users\ajaan\source\sdd-repos\BirkNext\AIAssisted\frontend\BirkNext.Web.Tests\bin\Debug\net8.0\BirkNext.Web.Tests.dll" adapterTypeName="executor://xunit/VsTestRunner2/netcoreapp" className="BirkNext.Web.Tests.Pages.ExplorerPageSourceOfTruthTests" name="ExplorerPages_UseStandaloneScratchWhenWorkspaceIsEmpty" />
    </UnitTest>
    <UnitTest name="BirkNext.Web.Tests.Pages.TaskExplorerSampleProjectTests.TaskExplorer_ReloadsSameProjectWithoutDuplication" storage="c:\users\ajaan\source\sdd-repos\birknext\aiassisted\frontend\birknext.web.tests\bin\debug\net8.0\birknext.web.tests.dll" id="af29c175-8d65-4ec5-1060-8fd2ce3c4950">
      <Execution id="19176f1f-d99c-4c7b-b67a-094a62883377" />
      <TestMethod codeBase="C:\Users\ajaan\source\sdd-repos\BirkNext\AIAssisted\frontend\BirkNext.Web.Tests\bin\Debug\net8.0\BirkNext.Web.Tests.dll" adapterTypeName="executor://xunit/VsTestRunner2/netcoreapp" className="BirkNext.Web.Tests.Pages.TaskExplorerSampleProjectTests" name="TaskExplorer_ReloadsSameProjectWithoutDuplication" />
    </UnitTest>
    <UnitTest name="BirkNext.Web.Tests.Pages.ExplorerPageSourceOfTruthTests.ExplorerPages_UseStandaloneScratchWhenWorkspaceIsEmpty(storageKey: &quot;pe-standalone-plan&quot;, kind: Plan, text: &quot;# Standalone Plan&quot;)" storage="c:\users\ajaan\source\sdd-repos\birknext\aiassisted\frontend\birknext.web.tests\bin\debug\net8.0\birknext.web.tests.dll" id="15cd6928-1add-eb11-822d-3e560fe58255">
      <Execution id="a30023ee-0af5-4eaa-abd1-d1af20cbc836" />
      <TestMethod codeBase="C:\Users\ajaan\source\sdd-repos\BirkNext\AIAssisted\frontend\BirkNext.Web.Tests\bin\Debug\net8.0\BirkNext.Web.Tests.dll" adapterTypeName="executor://xunit/VsTestRunner2/netcoreapp" className="BirkNext.Web.Tests.Pages.ExplorerPageSourceOfTruthTests" name="ExplorerPages_UseStandaloneScratchWhenWorkspaceIsEmpty" />
    </UnitTest>
    <UnitTest name="BirkNext.Web.Tests.Pages.TaskExplorerSampleProjectTests.TaskExplorer_HandlesEmptySelectedProject" storage="c:\users\ajaan\source\sdd-repos\birknext\aiassisted\frontend\birknext.web.tests\bin\debug\net8.0\birknext.web.tests.dll" id="ac1ac52e-e7eb-adad-58b4-c99b214e77b8">
      <Execution id="2ce55f50-29ce-4da6-8de3-9f4fad5336a2" />
      <TestMethod codeBase="C:\Users\ajaan\source\sdd-repos\BirkNext\AIAssisted\frontend\BirkNext.Web.Tests\bin\Debug\net8.0\BirkNext.Web.Tests.dll" adapterTypeName="executor://xunit/VsTestRunner2/netcoreapp" className="BirkNext.Web.Tests.Pages.TaskExplorerSampleProjectTests" name="TaskExplorer_HandlesEmptySelectedProject" />
    </UnitTest>
    <UnitTest name="BirkNext.Web.Tests.Pages.SampleProjectsNavigationTests.ReviewerLinksLoadSelectedProjectBeforeNavigating(reviewerName: &quot;Data Model Explorer&quot;, expectedRoute: &quot;/data-model-explorer&quot;, expectedKind: DataModel, expectedText: &quot;PERSON data-model.md&quot;)" storage="c:\users\ajaan\source\sdd-repos\birknext\aiassisted\frontend\birknext.web.tests\bin\debug\net8.0\birknext.web.tests.dll" id="6de0d571-848a-ecb0-ab60-525436eee8c3">
      <Execution id="53fbba76-ebc9-47b9-af4c-b41af7ba35e6" />
      <TestMethod codeBase="C:\Users\ajaan\source\sdd-repos\BirkNext\AIAssisted\frontend\BirkNext.Web.Tests\bin\Debug\net8.0\BirkNext.Web.Tests.dll" adapterTypeName="executor://xunit/VsTestRunner2/netcoreapp" className="BirkNext.Web.Tests.Pages.SampleProjectsNavigationTests" name="ReviewerLinksLoadSelectedProjectBeforeNavigating" />
    </UnitTest>
    <UnitTest name="BirkNext.Web.Tests.Pages.TaskExplorerSampleProjectTests.TaskExplorer_LoadsFromSelectedSampleProject" storage="c:\users\ajaan\source\sdd-repos\birknext\aiassisted\frontend\birknext.web.tests\bin\debug\net8.0\birknext.web.tests.dll" id="58bc011a-9089-4334-d3ca-2478e3f66da2">
      <Execution id="c011418c-76d8-40d3-abb7-63067e2a3f8d" />
      <TestMethod codeBase="C:\Users\ajaan\source\sdd-repos\BirkNext\AIAssisted\frontend\BirkNext.Web.Tests\bin\Debug\net8.0\BirkNext.Web.Tests.dll" adapterTypeName="executor://xunit/VsTestRunner2/netcoreapp" className="BirkNext.Web.Tests.Pages.TaskExplorerSampleProjectTests" name="TaskExplorer_LoadsFromSelectedSampleProject" />
    </UnitTest>
    <UnitTest name="BirkNext.Web.Tests.Services.ConstitutionSampleProjectResolverTests.SetSelectedProject_UpdatesContext" storage="c:\users\ajaan\source\sdd-repos\birknext\aiassisted\frontend\birknext.web.tests\bin\debug\net8.0\birknext.web.tests.dll" id="c90edb55-07b9-1fca-bb4a-871e9064928e">
      <Execution id="e7985acf-64bf-4aa8-a9c5-11f1b735a161" />
      <TestMethod codeBase="C:\Users\ajaan\source\sdd-repos\BirkNext\AIAssisted\frontend\BirkNext.Web.Tests\bin\Debug\net8.0\BirkNext.Web.Tests.dll" adapterTypeName="executor://xunit/VsTestRunner2/netcoreapp" className="BirkNext.Web.Tests.Services.ConstitutionSampleProjectResolverTests" name="SetSelectedProject_UpdatesContext" />
    </UnitTest>
    <UnitTest name="BirkNext.Web.Tests.Pages.ExplorerPageSourceOfTruthTests.ConstitutionExplorer_UsesSampleProjectBeforeWorkspaceAndStandaloneStorage" storage="c:\users\ajaan\source\sdd-repos\birknext\aiassisted\frontend\birknext.web.tests\bin\debug\net8.0\birknext.web.tests.dll" id="c0330d5a-9aa3-5902-d854-34ef809951c9">
      <Execution id="9308e76c-18aa-4531-b203-816046ff41cd" />
      <TestMethod codeBase="C:\Users\ajaan\source\sdd-repos\BirkNext\AIAssisted\frontend\BirkNext.Web.Tests\bin\Debug\net8.0\BirkNext.Web.Tests.dll" adapterTypeName="executor://xunit/VsTestRunner2/netcoreapp" className="BirkNext.Web.Tests.Pages.ExplorerPageSourceOfTruthTests" name="ConstitutionExplorer_UsesSampleProjectBeforeWorkspaceAndStandaloneStorage" />
    </UnitTest>
    <UnitTest name="BirkNext.Web.Tests.Services.ConstitutionSampleProjectResolverTests.ResolveAsync_MissingDocument_ReturnsNotFoundNotFallback" storage="c:\users\ajaan\source\sdd-repos\birknext\aiassisted\frontend\birknext.web.tests\bin\debug\net8.0\birknext.web.tests.dll" id="f145a492-2976-4d4a-b5ce-57eb5e1ef727">
      <Execution id="db51a5d4-4dba-4289-9ddc-c9ed3f7bf818" />
      <TestMethod codeBase="C:\Users\ajaan\source\sdd-repos\BirkNext\AIAssisted\frontend\BirkNext.Web.Tests\bin\Debug\net8.0\BirkNext.Web.Tests.dll" adapterTypeName="executor://xunit/VsTestRunner2/netcoreapp" className="BirkNext.Web.Tests.Services.ConstitutionSampleProjectResolverTests" name="ResolveAsync_MissingDocument_ReturnsNotFoundNotFallback" />
    </UnitTest>
    <UnitTest name="BirkNext.Web.Tests.Pages.DataModelExplorerSampleProjectTests.DataModelExplorer_DoesNotUseWorkspaceAsAutomaticSource" storage="c:\users\ajaan\source\sdd-repos\birknext\aiassisted\frontend\birknext.web.tests\bin\debug\net8.0\birknext.web.tests.dll" id="d724eea0-90bf-50a9-fcd3-dfa7e6ad7789">
      <Execution id="931b29cd-c0b4-4ece-bf8c-adee0d2891fc" />
      <TestMethod codeBase="C:\Users\ajaan\source\sdd-repos\BirkNext\AIAssisted\frontend\BirkNext.Web.Tests\bin\Debug\net8.0\BirkNext.Web.Tests.dll" adapterTypeName="executor://xunit/VsTestRunner2/netcoreapp" className="BirkNext.Web.Tests.Pages.DataModelExplorerSampleProjectTests" name="DataModelExplorer_DoesNotUseWorkspaceAsAutomaticSource" />
    </UnitTest>
    <UnitTest name="BirkNext.Web.Tests.Pages.TaskExplorerSampleProjectTests.TaskExplorer_SwitchesProjects" storage="c:\users\ajaan\source\sdd-repos\birknext\aiassisted\frontend\birknext.web.tests\bin\debug\net8.0\birknext.web.tests.dll" id="1e841182-3e62-1b91-1d2b-78ba3be65986">
      <Execution id="cfda2374-ad16-4056-85e0-9307056136c0" />
      <TestMethod codeBase="C:\Users\ajaan\source\sdd-repos\BirkNext\AIAssisted\frontend\BirkNext.Web.Tests\bin\Debug\net8.0\BirkNext.Web.Tests.dll" adapterTypeName="executor://xunit/VsTestRunner2/netcoreapp" className="BirkNext.Web.Tests.Pages.TaskExplorerSampleProjectTests" name="TaskExplorer_SwitchesProjects" />
    </UnitTest>
    <UnitTest name="BirkNext.Web.Tests.Pages.ExplorerPageSourceOfTruthTests.ExplorerPages_UseStandaloneScratchWhenWorkspaceIsEmpty(storageKey: &quot;te-standalone-tasks&quot;, kind: Tasks, text: &quot;# Standalone Tasks&quot;)" storage="c:\users\ajaan\source\sdd-repos\birknext\aiassisted\frontend\birknext.web.tests\bin\debug\net8.0\birknext.web.tests.dll" id="e9d08b8c-5fee-a912-b302-12d5a96562cc">
      <Execution id="1b69aa08-f6df-4cad-9520-797a2e999d08" />
      <TestMethod codeBase="C:\Users\ajaan\source\sdd-repos\BirkNext\AIAssisted\frontend\BirkNext.Web.Tests\bin\Debug\net8.0\BirkNext.Web.Tests.dll" adapterTypeName="executor://xunit/VsTestRunner2/netcoreapp" className="BirkNext.Web.Tests.Pages.ExplorerPageSourceOfTruthTests" name="ExplorerPages_UseStandaloneScratchWhenWorkspaceIsEmpty" />
    </UnitTest>
    <UnitTest name="BirkNext.Web.Tests.Pages.SpecificationExplorerSampleProjectTests.SpecificationExplorer_ClearsProjectHeaderOnProjectDeselection" storage="c:\users\ajaan\source\sdd-repos\birknext\aiassisted\frontend\birknext.web.tests\bin\debug\net8.0\birknext.web.tests.dll" id="6b4ca3d7-8a60-225a-1fd5-cda22794b3bc">
      <Execution id="f227eaad-6c97-4d79-ace5-db815e5ccb87" />
      <TestMethod codeBase="C:\Users\ajaan\source\sdd-repos\BirkNext\AIAssisted\frontend\BirkNext.Web.Tests\bin\Debug\net8.0\BirkNext.Web.Tests.dll" adapterTypeName="executor://xunit/VsTestRunner2/netcoreapp" className="BirkNext.Web.Tests.Pages.SpecificationExplorerSampleProjectTests" name="SpecificationExplorer_ClearsProjectHeaderOnProjectDeselection" />
    </UnitTest>
    <UnitTest name="BirkNext.Web.Tests.Pages.SampleProjectsNavigationTests.ProjectSwitchingReplacesAllWorkspaceArtifacts" storage="c:\users\ajaan\source\sdd-repos\birknext\aiassisted\frontend\birknext.web.tests\bin\debug\net8.0\birknext.web.tests.dll" id="53bf0c73-4540-8f6e-25e2-c9c31a025c5c">
      <Execution id="81646e31-a61b-407c-baca-b0e4cd6d2b64" />
      <TestMethod codeBase="C:\Users\ajaan\source\sdd-repos\BirkNext\AIAssisted\frontend\BirkNext.Web.Tests\bin\Debug\net8.0\BirkNext.Web.Tests.dll" adapterTypeName="executor://xunit/VsTestRunner2/netcoreapp" className="BirkNext.Web.Tests.Pages.SampleProjectsNavigationTests" name="ProjectSwitchingReplacesAllWorkspaceArtifacts" />
    </UnitTest>
    <UnitTest name="BirkNext.Web.Tests.Pages.ExplorerPageSourceOfTruthTests.ConstitutionExplorer_UsesStandaloneScratchWhenWorkspaceIsEmpty" storage="c:\users\ajaan\source\sdd-repos\birknext\aiassisted\frontend\birknext.web.tests\bin\debug\net8.0\birknext.web.tests.dll" id="44dedde2-76e5-5ca4-7218-eb44e8b008dd">
      <Execution id="d9fb8358-12f6-4181-87ee-bfb58fdec8ae" />
      <TestMethod codeBase="C:\Users\ajaan\source\sdd-repos\BirkNext\AIAssisted\frontend\BirkNext.Web.Tests\bin\Debug\net8.0\BirkNext.Web.Tests.dll" adapterTypeName="executor://xunit/VsTestRunner2/netcoreapp" className="BirkNext.Web.Tests.Pages.ExplorerPageSourceOfTruthTests" name="ConstitutionExplorer_UsesStandaloneScratchWhenWorkspaceIsEmpty" />
    </UnitTest>
    <UnitTest name="BirkNext.Web.Tests.Pages.SampleProjectsNavigationTests.FailedReviewerLoadDoesNotNavigateAndClearsStaleWorkspace" storage="c:\users\ajaan\source\sdd-repos\birknext\aiassisted\frontend\birknext.web.tests\bin\debug\net8.0\birknext.web.tests.dll" id="5c3c67e4-75c1-0363-ba13-68db69f9ef5f">
      <Execution id="18cfd0cf-f112-4348-b837-c77e6ed3e20f" />
      <TestMethod codeBase="C:\Users\ajaan\source\sdd-repos\BirkNext\AIAssisted\frontend\BirkNext.Web.Tests\bin\Debug\net8.0\BirkNext.Web.Tests.dll" adapterTypeName="executor://xunit/VsTestRunner2/netcoreapp" className="BirkNext.Web.Tests.Pages.SampleProjectsNavigationTests" name="FailedReviewerLoadDoesNotNavigateAndClearsStaleWorkspace" />
    </UnitTest>
    <UnitTest name="BirkNext.Web.Tests.Pages.SpecificationExplorerSampleProjectTests.SpecificationExplorer_SwitchesProjects" storage="c:\users\ajaan\source\sdd-repos\birknext\aiassisted\frontend\birknext.web.tests\bin\debug\net8.0\birknext.web.tests.dll" id="d95a531c-3e7d-063e-7bf7-6be34dc86b11">
      <Execution id="83cfa08e-3f6c-43c3-be29-0a99b334cf61" />
      <TestMethod codeBase="C:\Users\ajaan\source\sdd-repos\BirkNext\AIAssisted\frontend\BirkNext.Web.Tests\bin\Debug\net8.0\BirkNext.Web.Tests.dll" adapterTypeName="executor://xunit/VsTestRunner2/netcoreapp" className="BirkNext.Web.Tests.Pages.SpecificationExplorerSampleProjectTests" name="SpecificationExplorer_SwitchesProjects" />
    </UnitTest>
    <UnitTest name="BirkNext.Web.Tests.Pages.DataModelExplorerSampleProjectTests.DataModelExplorer_ReloadsSameProjectWithoutDuplication" storage="c:\users\ajaan\source\sdd-repos\birknext\aiassisted\frontend\birknext.web.tests\bin\debug\net8.0\birknext.web.tests.dll" id="9dc270a1-be65-185d-ec4a-acf87eab7425">
      <Execution id="23a308bf-7ce2-48ea-9610-071c5e8991c8" />
      <TestMethod codeBase="C:\Users\ajaan\source\sdd-repos\BirkNext\AIAssisted\frontend\BirkNext.Web.Tests\bin\Debug\net8.0\BirkNext.Web.Tests.dll" adapterTypeName="executor://xunit/VsTestRunner2/netcoreapp" className="BirkNext.Web.Tests.Pages.DataModelExplorerSampleProjectTests" name="DataModelExplorer_ReloadsSameProjectWithoutDuplication" />
    </UnitTest>
  </TestDefinitions>
  <TestEntries>
    <TestEntry testId="d9d2d2c2-8f06-f6f8-3199-a330e46f746f" executionId="50618a5e-5af6-4a8f-a275-610c13c9e817" testListId="8c84fa94-04c1-424b-9868-57a2d4851a1d" />
    <TestEntry testId="0a4d6b64-3ec5-0804-bb1d-ad3cf97d6653" executionId="78aff933-238f-4cc6-b69d-85b041f1c886" testListId="8c84fa94-04c1-424b-9868-57a2d4851a1d" />
    <TestEntry testId="53bf0c73-4540-8f6e-25e2-c9c31a025c5c" executionId="81646e31-a61b-407c-baca-b0e4cd6d2b64" testListId="8c84fa94-04c1-424b-9868-57a2d4851a1d" />
    <TestEntry testId="ecbd8a29-c620-a079-1aaf-86d7f1f936f3" executionId="df2082bc-85ee-445a-ac76-6915a10ba685" testListId="8c84fa94-04c1-424b-9868-57a2d4851a1d" />
    <TestEntry testId="0ae1576b-e762-21a4-2222-3fdc03eb3b42" executionId="f7c9c5b7-dfdc-496a-9731-19635c9047a9" testListId="8c84fa94-04c1-424b-9868-57a2d4851a1d" />
    <TestEntry testId="aa5841b6-9f68-7b8a-4f0d-ff5c4c9ae13a" executionId="d949aef8-6aae-4668-b8cd-5c79cad36f11" testListId="8c84fa94-04c1-424b-9868-57a2d4851a1d" />
    <TestEntry testId="a7269637-39b5-7aab-6f72-76469ab2d538" executionId="c469e826-72fc-45ee-9e1a-4cdb3df7027c" testListId="8c84fa94-04c1-424b-9868-57a2d4851a1d" />
    <TestEntry testId="da3f82c4-3f5a-3ce6-c628-3622499f8417" executionId="ddce069f-ca18-4c54-b760-101240b0db71" testListId="8c84fa94-04c1-424b-9868-57a2d4851a1d" />
    <TestEntry testId="6d79443a-1b89-96ae-8f2f-89168be6dd6c" executionId="02672078-1100-4893-b1be-0bfbd6df1aa5" testListId="8c84fa94-04c1-424b-9868-57a2d4851a1d" />
    <TestEntry testId="de7b7f6f-ee56-7c22-3c30-ae59500068f4" executionId="4544bed5-1a70-4400-96e6-8163760dd94e" testListId="8c84fa94-04c1-424b-9868-57a2d4851a1d" />
    <TestEntry testId="e9d08b8c-5fee-a912-b302-12d5a96562cc" executionId="1b69aa08-f6df-4cad-9520-797a2e999d08" testListId="8c84fa94-04c1-424b-9868-57a2d4851a1d" />
    <TestEntry testId="58bc011a-9089-4334-d3ca-2478e3f66da2" executionId="c011418c-76d8-40d3-abb7-63067e2a3f8d" testListId="8c84fa94-04c1-424b-9868-57a2d4851a1d" />
    <TestEntry testId="285468a1-255d-a8c0-9516-b54e7d8a61af" executionId="4cf30c17-e331-4ab4-85c3-836020c7b6a7" testListId="8c84fa94-04c1-424b-9868-57a2d4851a1d" />
    <TestEntry testId="361d28a4-5784-5d97-d94e-cae21b8f6c51" executionId="d6928c25-4384-47d5-97ac-9e908e73e4bc" testListId="8c84fa94-04c1-424b-9868-57a2d4851a1d" />
    <TestEntry testId="6664db61-527e-d74c-bb53-bded492adedd" executionId="68f11267-70e5-4be2-adc5-df025314bddf" testListId="8c84fa94-04c1-424b-9868-57a2d4851a1d" />
    <TestEntry testId="ce146397-3612-bb8d-7a38-aa5137b3866d" executionId="d6ee8243-6b8f-4750-9a4e-4576fc80551d" testListId="8c84fa94-04c1-424b-9868-57a2d4851a1d" />
    <TestEntry testId="d8249221-1eb5-2d07-b8ed-c5a903842fc4" executionId="404fb939-97c5-4847-ac5e-d59161b66149" testListId="8c84fa94-04c1-424b-9868-57a2d4851a1d" />
    <TestEntry testId="f145a492-2976-4d4a-b5ce-57eb5e1ef727" executionId="db51a5d4-4dba-4289-9ddc-c9ed3f7bf818" testListId="8c84fa94-04c1-424b-9868-57a2d4851a1d" />
    <TestEntry testId="8c7a33d3-0135-dbcf-86fc-2bae288cf064" executionId="54411697-e805-445a-b6dd-453f8f90ec70" testListId="8c84fa94-04c1-424b-9868-57a2d4851a1d" />
    <TestEntry testId="210a0a54-cc52-8377-c39c-b079d2a02e0c" executionId="6a40be0d-f4cb-48a3-b496-fa9d901fc3eb" testListId="8c84fa94-04c1-424b-9868-57a2d4851a1d" />
    <TestEntry testId="c68c50ce-25fd-8602-4f14-05b23856e6d4" executionId="c93ad840-149c-4e56-974c-95944d8a382d" testListId="8c84fa94-04c1-424b-9868-57a2d4851a1d" />
    <TestEntry testId="d423bedd-f4cc-c836-de95-67a83cd9df10" executionId="db09badb-9aeb-408b-8fb7-0ae566931712" testListId="8c84fa94-04c1-424b-9868-57a2d4851a1d" />
    <TestEntry testId="98f5c6b4-9483-7f80-0586-8f1d8565e4cd" executionId="6d83714e-799a-4842-91f3-155a6b81b04d" testListId="8c84fa94-04c1-424b-9868-57a2d4851a1d" />
    <TestEntry testId="1e841182-3e62-1b91-1d2b-78ba3be65986" executionId="cfda2374-ad16-4056-85e0-9307056136c0" testListId="8c84fa94-04c1-424b-9868-57a2d4851a1d" />
    <TestEntry testId="6de0d571-848a-ecb0-ab60-525436eee8c3" executionId="53fbba76-ebc9-47b9-af4c-b41af7ba35e6" testListId="8c84fa94-04c1-424b-9868-57a2d4851a1d" />
    <TestEntry testId="c35ab415-83bc-20b2-a92c-df1979a35f02" executionId="f409177d-085c-46d6-a993-0dbcfb455773" testListId="8c84fa94-04c1-424b-9868-57a2d4851a1d" />
    <TestEntry testId="4dc64b36-df70-577e-a208-c27c7d897ca0" executionId="b2d3e795-8f0c-49ce-a4fd-c91d248bbe09" testListId="8c84fa94-04c1-424b-9868-57a2d4851a1d" />
    <TestEntry testId="c90edb55-07b9-1fca-bb4a-871e9064928e" executionId="e7985acf-64bf-4aa8-a9c5-11f1b735a161" testListId="8c84fa94-04c1-424b-9868-57a2d4851a1d" />
    <TestEntry testId="ffc29bf8-f3dd-b510-ce83-47285427af94" executionId="b1f6ee4f-605a-4a28-9bd8-199383a5381c" testListId="8c84fa94-04c1-424b-9868-57a2d4851a1d" />
    <TestEntry testId="d724eea0-90bf-50a9-fcd3-dfa7e6ad7789" executionId="931b29cd-c0b4-4ece-bf8c-adee0d2891fc" testListId="8c84fa94-04c1-424b-9868-57a2d4851a1d" />
    <TestEntry testId="47a95918-18ba-a459-fdc1-db35919eab54" executionId="5794485e-88d5-43e7-a775-a3addceeac4b" testListId="8c84fa94-04c1-424b-9868-57a2d4851a1d" />
    <TestEntry testId="c0330d5a-9aa3-5902-d854-34ef809951c9" executionId="9308e76c-18aa-4531-b203-816046ff41cd" testListId="8c84fa94-04c1-424b-9868-57a2d4851a1d" />
    <TestEntry testId="86a2de7f-f961-bf03-d8df-0e0feaaab9f1" executionId="2583b656-1936-42e8-89ca-99a4518a4d59" testListId="8c84fa94-04c1-424b-9868-57a2d4851a1d" />
    <TestEntry testId="8f00e84b-4dad-f948-eac0-34b2255a3a21" executionId="fd6864c4-0de6-40ef-9871-0a08816282ca" testListId="8c84fa94-04c1-424b-9868-57a2d4851a1d" />
    <TestEntry testId="fddf3bb8-b4cf-bba8-7c93-5d1fad41ba51" executionId="e7fd081f-fc5e-467e-a1a2-1a8f849f8236" testListId="8c84fa94-04c1-424b-9868-57a2d4851a1d" />
    <TestEntry testId="44dedde2-76e5-5ca4-7218-eb44e8b008dd" executionId="d9fb8358-12f6-4181-87ee-bfb58fdec8ae" testListId="8c84fa94-04c1-424b-9868-57a2d4851a1d" />
    <TestEntry testId="b6c2c4fe-31df-1c6f-ec94-0ab141847c62" executionId="ff4c800f-834f-4a91-abe4-2ec335745238" testListId="8c84fa94-04c1-424b-9868-57a2d4851a1d" />
    <TestEntry testId="31ffab3f-3d8b-a8d7-0147-c12629662658" executionId="db424366-323d-4e79-8dd2-469e4d814227" testListId="8c84fa94-04c1-424b-9868-57a2d4851a1d" />
    <TestEntry testId="ac1ac52e-e7eb-adad-58b4-c99b214e77b8" executionId="2ce55f50-29ce-4da6-8de3-9f4fad5336a2" testListId="8c84fa94-04c1-424b-9868-57a2d4851a1d" />
    <TestEntry testId="d95a531c-3e7d-063e-7bf7-6be34dc86b11" executionId="83cfa08e-3f6c-43c3-be29-0a99b334cf61" testListId="8c84fa94-04c1-424b-9868-57a2d4851a1d" />
    <TestEntry testId="f431a49d-ede1-daa5-a835-253630a6b4a6" executionId="5145c254-26d8-4790-ac5f-cb45833c0387" testListId="8c84fa94-04c1-424b-9868-57a2d4851a1d" />
    <TestEntry testId="52cf2472-99ae-5b57-c080-cfa737263999" executionId="a1d212a9-f78e-4dd4-851e-1323a28882a2" testListId="8c84fa94-04c1-424b-9868-57a2d4851a1d" />
    <TestEntry testId="a5dd1463-501f-4b2b-6e11-7b1056736328" executionId="5b8d69a3-62cc-452c-8831-ea102e76a407" testListId="8c84fa94-04c1-424b-9868-57a2d4851a1d" />
    <TestEntry testId="e7db4ed3-cc9d-cc70-87ed-17664c9c575e" executionId="a55ff9d5-f9c8-4a07-b1d7-a38d92af31ba" testListId="8c84fa94-04c1-424b-9868-57a2d4851a1d" />
    <TestEntry testId="67831d69-4acb-1b28-4813-e4bcfe01c753" executionId="1455a489-cbff-4016-9521-caa287342961" testListId="8c84fa94-04c1-424b-9868-57a2d4851a1d" />
    <TestEntry testId="6b4ca3d7-8a60-225a-1fd5-cda22794b3bc" executionId="f227eaad-6c97-4d79-ace5-db815e5ccb87" testListId="8c84fa94-04c1-424b-9868-57a2d4851a1d" />
    <TestEntry testId="3fe1ae01-e415-f82b-ed7d-ff059eaf1f48" executionId="5d223865-b4af-491d-b9c3-505e87cbdc74" testListId="8c84fa94-04c1-424b-9868-57a2d4851a1d" />
    <TestEntry testId="d3ae7e0e-185a-47a8-b3bf-d341692dfc80" executionId="073e6e90-c512-4381-b33d-9910d3ffecf5" testListId="8c84fa94-04c1-424b-9868-57a2d4851a1d" />
    <TestEntry testId="15cd6928-1add-eb11-822d-3e560fe58255" executionId="a30023ee-0af5-4eaa-abd1-d1af20cbc836" testListId="8c84fa94-04c1-424b-9868-57a2d4851a1d" />
    <TestEntry testId="3f7c9673-fb34-3ebc-3549-71605be8ddc3" executionId="8e5bb15d-1a7b-4b63-9f59-23232c1fa27a" testListId="8c84fa94-04c1-424b-9868-57a2d4851a1d" />
    <TestEntry testId="af29c175-8d65-4ec5-1060-8fd2ce3c4950" executionId="19176f1f-d99c-4c7b-b67a-094a62883377" testListId="8c84fa94-04c1-424b-9868-57a2d4851a1d" />
    <TestEntry testId="0b7ce24a-8b43-b28f-8855-601482aeeafe" executionId="1307b9e1-41be-4c1a-aae3-e328c4689318" testListId="8c84fa94-04c1-424b-9868-57a2d4851a1d" />
    <TestEntry testId="24c241a0-e179-101a-b5c8-31bc312ac61d" executionId="b5318ece-ec0b-4f47-9705-8265614642eb" testListId="8c84fa94-04c1-424b-9868-57a2d4851a1d" />
    <TestEntry testId="9dc270a1-be65-185d-ec4a-acf87eab7425" executionId="23a308bf-7ce2-48ea-9610-071c5e8991c8" testListId="8c84fa94-04c1-424b-9868-57a2d4851a1d" />
    <TestEntry testId="5c3c67e4-75c1-0363-ba13-68db69f9ef5f" executionId="18cfd0cf-f112-4348-b837-c77e6ed3e20f" testListId="8c84fa94-04c1-424b-9868-57a2d4851a1d" />
  </TestEntries>
  <TestLists>
    <TestList name="Results Not in a List" id="8c84fa94-04c1-424b-9868-57a2d4851a1d" />
    <TestList name="All Loaded Results" id="19431567-8539-422a-85d7-44ee4e166bda" />
  </TestLists>
  <ResultSummary outcome="Completed">
    <Counters total="55" executed="55" passed="55" failed="0" error="0" timeout="0" aborted="0" inconclusive="0" passedButRunAborted="0" notRunnable="0" notExecuted="0" disconnected="0" warning="0" completed="0" inProgress="0" pending="0" />
    <Output>
      <StdOut>[xUnit.net 00:00:00.00] xUnit.net VSTest Adapter v2.5.3.1+6b60a9e56a (64-bit .NET 8.0.16)&#xD;
[xUnit.net 00:00:00.08]   Discovering: BirkNext.Web.Tests&#xD;
[xUnit.net 00:00:00.20]   Discovered:  BirkNext.Web.Tests&#xD;
[xUnit.net 00:00:00.20]   Starting:    BirkNext.Web.Tests&#xD;
     Warning:&#xD;
     The component "Fluent Assertions" is governed by the rules defined in the Xceed License Agreement and&#xD;
     the Xceed Fluent Assertions Community License. You may use Fluent Assertions free of charge for&#xD;
     non-commercial use only. An active subscription is required to use Fluent Assertions for commercial use.&#xD;
     Please contact Xceed Sales mailto:sales@xceed.com to acquire a subscription at a very low cost.&#xD;
     A paid commercial license supports the development and continued increasing support of&#xD;
     Fluent Assertions users under both commercial and community licenses. Help us&#xD;
     keep Fluent Assertions at the forefront of unit testing.&#xD;
     For more information, visit https://xceed.com/products/unit-testing/fluent-assertions/&#xD;
[xUnit.net 00:00:00.64]   Finished:    BirkNext.Web.Tests&#xD;
</StdOut>
    </Output>
  </ResultSummary>
</TestRun>