<?xml version="1.0" encoding="utf-8"?>
<TestRun id="88d5215e-65ff-4c8e-ab15-239fc307a415" name="ajaan@BUF-5CG4423FYV 2026-08-17 12:32:21" runUser="COMMON\ajaan" xmlns="http://microsoft.com/schemas/VisualStudio/TeamTest/2010">
  <Times creation="2026-08-17T12:32:21.1629466+02:00" queuing="2026-08-17T12:32:21.1629472+02:00" start="2026-08-17T12:32:17.1902052+02:00" finish="2026-08-17T12:32:23.1872178+02:00" />
  <TestSettings name="default" id="b078189c-71bb-4dd1-a2d1-28b186ee0309">
    <Deployment runDeploymentRoot="ajaan_BUF-5CG4423FYV_2026-08-17_12_32_21" />
  </TestSettings>
  <Results>
    <UnitTestResult executionId="1b9c7f73-7ad6-470a-8f18-869dfa34ce5d" testId="f84a1ef5-c4f1-70fd-64f6-5bc53fb98bc7" testName="BirkNext.Api.Tests.Services.QualityReview.QualityReviewReadinessTests.PageModel_IsBlocked_When_NoPacks_Available" computerName="BUF-5CG4423FYV" duration="00:00:00.0004937" startTime="2026-08-17T12:32:21.1318820+02:00" endTime="2026-08-17T12:32:21.1318821+02:00" testType="13cdc9d9-ddb5-4fa4-a97d-d965ccfc6d4b" outcome="Passed" testListId="8c84fa94-04c1-424b-9868-57a2d4851a1d" relativeResultsDirectory="1b9c7f73-7ad6-470a-8f18-869dfa34ce5d" />
    <UnitTestResult executionId="cde31803-99ff-4498-9ffd-c369799a47fc" testId="55b68866-6d44-1274-fb83-4b716a591c99" testName="BirkNext.Api.Tests.Services.QualityReview.IntegrationQualityReviewPageBuilderTests.PageModel_StatusIsAvailableWhenIntegrationConfigured" computerName="BUF-5CG4423FYV" duration="00:00:00.0002967" startTime="2026-08-17T12:32:21.1331940+02:00" endTime="2026-08-17T12:32:21.1331941+02:00" testType="13cdc9d9-ddb5-4fa4-a97d-d965ccfc6d4b" outcome="Passed" testListId="8c84fa94-04c1-424b-9868-57a2d4851a1d" relativeResultsDirectory="cde31803-99ff-4498-9ffd-c369799a47fc" />
    <UnitTestResult executionId="fa8120d2-26ec-41e1-b35c-977488e1d912" testId="085d8ca7-3b55-cb03-f5f8-dea9c1410fa7" testName="BirkNext.Api.Tests.Services.QualityReview.QualityReviewPageContractTests.QualityReviewCheck_HasRequiredProperties" computerName="BUF-5CG4423FYV" duration="00:00:00.0002388" startTime="2026-08-17T12:32:21.1344995+02:00" endTime="2026-08-17T12:32:21.1344996+02:00" testType="13cdc9d9-ddb5-4fa4-a97d-d965ccfc6d4b" outcome="Passed" testListId="8c84fa94-04c1-424b-9868-57a2d4851a1d" relativeResultsDirectory="fa8120d2-26ec-41e1-b35c-977488e1d912" />
    <UnitTestResult executionId="e37e4cf9-8f65-4f06-9652-2f043ef886fa" testId="763feb6f-eca0-33ff-f9df-0d1f597c09ea" testName="BirkNext.Api.Tests.Services.QualityReview.FrontendQualityReviewPageBuilderTests.PageModel_MissingAuthIsWarningNotBlocked" computerName="BUF-5CG4423FYV" duration="00:00:00.0006924" startTime="2026-08-17T12:32:21.1296853+02:00" endTime="2026-08-17T12:32:21.1296854+02:00" testType="13cdc9d9-ddb5-4fa4-a97d-d965ccfc6d4b" outcome="Passed" testListId="8c84fa94-04c1-424b-9868-57a2d4851a1d" relativeResultsDirectory="e37e4cf9-8f65-4f06-9652-2f043ef886fa" />
    <UnitTestResult executionId="e458c438-968e-4c13-ba29-83c55d99e7a9" testId="b8fa9093-2de3-0c82-c8d7-ae8d6c84af11" testName="BirkNext.Api.Tests.Services.QualityReview.QualityReviewPageContractTests.QualityReviewCheck_StatusCanBeAnyValidValue" computerName="BUF-5CG4423FYV" duration="00:00:00.0004656" startTime="2026-08-17T12:32:21.1333661+02:00" endTime="2026-08-17T12:32:21.1333662+02:00" testType="13cdc9d9-ddb5-4fa4-a97d-d965ccfc6d4b" outcome="Passed" testListId="8c84fa94-04c1-424b-9868-57a2d4851a1d" relativeResultsDirectory="e458c438-968e-4c13-ba29-83c55d99e7a9" />
    <UnitTestResult executionId="8a05f61a-91fb-4ce6-b841-1953883c236e" testId="abdd1f9f-dbf4-9ea0-2969-41d8206bf339" testName="BirkNext.Api.Tests.Services.QualityReview.QualityReviewPageBuilderTests.PageModel_AvailableWhenSomePacksHavePrerequisites" computerName="BUF-5CG4423FYV" duration="00:00:00.0003976" startTime="2026-08-17T12:32:23.0103585+02:00" endTime="2026-08-17T12:32:23.0103589+02:00" testType="13cdc9d9-ddb5-4fa4-a97d-d965ccfc6d4b" outcome="Passed" testListId="8c84fa94-04c1-424b-9868-57a2d4851a1d" relativeResultsDirectory="8a05f61a-91fb-4ce6-b841-1953883c236e" />
    <UnitTestResult executionId="c4e98400-d355-4dcb-9319-475f189758b1" testId="3bb7397e-6652-386f-d441-6b2ee82e9dcd" testName="BirkNext.Api.Tests.Services.QualityReview.ApiQualityReviewPageBuilderTests.PageModel_BlockedIsNotFail" computerName="BUF-5CG4423FYV" duration="00:00:00.0012118" startTime="2026-08-17T12:32:21.1314410+02:00" endTime="2026-08-17T12:32:21.1314411+02:00" testType="13cdc9d9-ddb5-4fa4-a97d-d965ccfc6d4b" outcome="Passed" testListId="8c84fa94-04c1-424b-9868-57a2d4851a1d" relativeResultsDirectory="c4e98400-d355-4dcb-9319-475f189758b1" />
    <UnitTestResult executionId="112072e5-8ddc-4606-85f0-47273e172cb1" testId="91ff7a1f-0e10-5482-9cc7-b767657efd98" testName="BirkNext.Api.Tests.Services.QualityReview.QualityReviewPageModelServiceTests.BuildApiQualityReviewModelAsync_DelegatesTo_ApiBuilder" computerName="BUF-5CG4423FYV" duration="00:00:00.0034002" startTime="2026-08-17T12:32:21.6976650+02:00" endTime="2026-08-17T12:32:21.6976655+02:00" testType="13cdc9d9-ddb5-4fa4-a97d-d965ccfc6d4b" outcome="Passed" testListId="8c84fa94-04c1-424b-9868-57a2d4851a1d" relativeResultsDirectory="112072e5-8ddc-4606-85f0-47273e172cb1" />
    <UnitTestResult executionId="13105a8b-0fe7-49e5-bd35-689ec7f208f3" testId="8389594b-4d6a-7f90-55b0-2b28b8dc08e1" testName="BirkNext.Api.Tests.Services.QualityReview.FrontendQualityReviewPageBuilderTests.PageModel_StatusIsBlockedWhenTargetUrlMissing" computerName="BUF-5CG4423FYV" duration="00:00:00.0005735" startTime="2026-08-17T12:32:21.1275688+02:00" endTime="2026-08-17T12:32:21.1275690+02:00" testType="13cdc9d9-ddb5-4fa4-a97d-d965ccfc6d4b" outcome="Passed" testListId="8c84fa94-04c1-424b-9868-57a2d4851a1d" relativeResultsDirectory="13105a8b-0fe7-49e5-bd35-689ec7f208f3" />
    <UnitTestResult executionId="f287999c-c0fb-4f42-8ca2-0bd1b5fd90cd" testId="082d5770-ed59-18d1-db4f-97444f6e27e1" testName="BirkNext.Api.Tests.Integration.QualityReviewPageModelIntegrationTests.ArtifactUpload_Updates_PageModel_Correctly" computerName="BUF-5CG4423FYV" duration="00:00:02.2519407" startTime="2026-08-17T12:32:22.9890091+02:00" endTime="2026-08-17T12:32:22.9890092+02:00" testType="13cdc9d9-ddb5-4fa4-a97d-d965ccfc6d4b" outcome="Passed" testListId="8c84fa94-04c1-424b-9868-57a2d4851a1d" relativeResultsDirectory="f287999c-c0fb-4f42-8ca2-0bd1b5fd90cd" />
    <UnitTestResult executionId="53e8999a-63fc-4f58-b1b3-40418064944b" testId="9c854cc5-170c-b829-c7bd-b96599f6e4a2" testName="BirkNext.Api.Tests.Services.QualityReview.QualityReviewPageBuilderTests.PageModel_CanListAllChecksToBeRun" computerName="BUF-5CG4423FYV" duration="00:00:00.3682075" startTime="2026-08-17T12:32:21.1273650+02:00" endTime="2026-08-17T12:32:21.1273652+02:00" testType="13cdc9d9-ddb5-4fa4-a97d-d965ccfc6d4b" outcome="Passed" testListId="8c84fa94-04c1-424b-9868-57a2d4851a1d" relativeResultsDirectory="53e8999a-63fc-4f58-b1b3-40418064944b" />
    <UnitTestResult executionId="19109b1b-6b93-45e6-844e-a75d508752ad" testId="b112c845-f0d6-fc18-ead5-4ea3e4995184" testName="BirkNext.Api.Tests.Services.QualityReview.QualityReviewReadinessTests.PageModel_Lists_MissingInputs_Explicitly" computerName="BUF-5CG4423FYV" duration="00:00:00.0021410" startTime="2026-08-17T12:32:21.1295520+02:00" endTime="2026-08-17T12:32:21.1295521+02:00" testType="13cdc9d9-ddb5-4fa4-a97d-d965ccfc6d4b" outcome="Passed" testListId="8c84fa94-04c1-424b-9868-57a2d4851a1d" relativeResultsDirectory="19109b1b-6b93-45e6-844e-a75d508752ad" />
    <UnitTestResult executionId="79cbd35f-1b88-4520-b7ab-ad6f2d100050" testId="dfa67358-8211-299d-990e-bd597ccd5a0a" testName="BirkNext.Api.Tests.Services.QualityReview.QualityReviewReadinessTests.PackCategory_Groups_Related_Packs" computerName="BUF-5CG4423FYV" duration="00:00:00.0026580" startTime="2026-08-17T12:32:21.1333136+02:00" endTime="2026-08-17T12:32:21.1333137+02:00" testType="13cdc9d9-ddb5-4fa4-a97d-d965ccfc6d4b" outcome="Passed" testListId="8c84fa94-04c1-424b-9868-57a2d4851a1d" relativeResultsDirectory="79cbd35f-1b88-4520-b7ab-ad6f2d100050" />
    <UnitTestResult executionId="f0050d8a-43cf-48c8-9746-4de36c360f78" testId="1ceeeb64-caed-66d8-7047-b173faf7b9dd" testName="BirkNext.Api.Tests.Services.QualityReview.IntegrationQualityReviewPageBuilderTests.PageModel_ListsEnabledIntegrations" computerName="BUF-5CG4423FYV" duration="00:00:00.0005375" startTime="2026-08-17T12:32:21.1330955+02:00" endTime="2026-08-17T12:32:21.1330956+02:00" testType="13cdc9d9-ddb5-4fa4-a97d-d965ccfc6d4b" outcome="Passed" testListId="8c84fa94-04c1-424b-9868-57a2d4851a1d" relativeResultsDirectory="f0050d8a-43cf-48c8-9746-4de36c360f78" />
    <UnitTestResult executionId="6dc07326-70c6-47bb-9355-fd22b66488b5" testId="2fca2fa7-9674-a6b7-54e4-bf78b4f55d76" testName="BirkNext.Api.Tests.Integration.QualityReviewPageModelIntegrationTests.PageModel_Reflects_Available_Packs_Based_On_Artifacts" computerName="BUF-5CG4423FYV" duration="00:00:00.0045039" startTime="2026-08-17T12:32:23.0476394+02:00" endTime="2026-08-17T12:32:23.0476397+02:00" testType="13cdc9d9-ddb5-4fa4-a97d-d965ccfc6d4b" outcome="Passed" testListId="8c84fa94-04c1-424b-9868-57a2d4851a1d" relativeResultsDirectory="6dc07326-70c6-47bb-9355-fd22b66488b5" />
    <UnitTestResult executionId="78aa5d85-8b60-4fff-8342-3235eb9a9541" testId="0fd0915d-37f3-64e3-5a13-c4aebbfac901" testName="BirkNext.Api.Tests.Services.QualityReview.QualityReviewPageModelServiceTests.BuildQualityReviewModelAsync_DelegatesTo_QualityReviewBuilder" computerName="BUF-5CG4423FYV" duration="00:00:00.9469695" startTime="2026-08-17T12:32:21.6837820+02:00" endTime="2026-08-17T12:32:21.6837825+02:00" testType="13cdc9d9-ddb5-4fa4-a97d-d965ccfc6d4b" outcome="Passed" testListId="8c84fa94-04c1-424b-9868-57a2d4851a1d" relativeResultsDirectory="78aa5d85-8b60-4fff-8342-3235eb9a9541" />
    <UnitTestResult executionId="9e8a9928-8463-4d19-b8e1-d0957b7363a2" testId="e50ced30-8ba2-3277-c559-3b3c28b874e1" testName="BirkNext.Api.Tests.Controllers.QualityReviewPageModelControllerTests.Route_UsesFrontendQualityPageModelPath" computerName="BUF-5CG4423FYV" duration="00:00:00.5761644" startTime="2026-08-17T12:32:21.3130473+02:00" endTime="2026-08-17T12:32:21.3130481+02:00" testType="13cdc9d9-ddb5-4fa4-a97d-d965ccfc6d4b" outcome="Passed" testListId="8c84fa94-04c1-424b-9868-57a2d4851a1d" relativeResultsDirectory="9e8a9928-8463-4d19-b8e1-d0957b7363a2" />
    <UnitTestResult executionId="9edcf0f8-dd63-45c0-a003-8ca63b91b8e6" testId="39e9c65a-ba45-abef-10a5-5a409bbfc6e9" testName="BirkNext.Api.Tests.Integration.QualityReviewPageModelIntegrationTests.Run_Button_Enabled_Only_When_Packs_Available" computerName="BUF-5CG4423FYV" duration="00:00:00.0541686" startTime="2026-08-17T12:32:23.0435876+02:00" endTime="2026-08-17T12:32:23.0435880+02:00" testType="13cdc9d9-ddb5-4fa4-a97d-d965ccfc6d4b" outcome="Passed" testListId="8c84fa94-04c1-424b-9868-57a2d4851a1d" relativeResultsDirectory="9edcf0f8-dd63-45c0-a003-8ca63b91b8e6" />
    <UnitTestResult executionId="62c717c8-90c1-468f-9d24-84dd3738b901" testId="d71982c6-31de-0d20-5de8-426712575145" testName="BirkNext.Api.Tests.Services.QualityReview.QualityReviewPageBuilderTests.PageModel_ExposesMissingPrerequisites" computerName="BUF-5CG4423FYV" duration="00:00:00.0004523" startTime="2026-08-17T12:32:23.0097332+02:00" endTime="2026-08-17T12:32:23.0097337+02:00" testType="13cdc9d9-ddb5-4fa4-a97d-d965ccfc6d4b" outcome="Passed" testListId="8c84fa94-04c1-424b-9868-57a2d4851a1d" relativeResultsDirectory="62c717c8-90c1-468f-9d24-84dd3738b901" />
    <UnitTestResult executionId="3f27507f-3e87-4070-b3ad-2d1753870b0c" testId="58a6fe08-d5cf-b226-edc7-d066cdc77874" testName="BirkNext.Api.Tests.Integration.QualityReviewPageModelIntegrationTests.Page_Model_Includes_All_Pack_Categories" computerName="BUF-5CG4423FYV" duration="00:00:00.0030209" startTime="2026-08-17T12:32:23.0931927+02:00" endTime="2026-08-17T12:32:23.0931931+02:00" testType="13cdc9d9-ddb5-4fa4-a97d-d965ccfc6d4b" outcome="Passed" testListId="8c84fa94-04c1-424b-9868-57a2d4851a1d" relativeResultsDirectory="3f27507f-3e87-4070-b3ad-2d1753870b0c" />
    <UnitTestResult executionId="e451bbec-9de1-429d-a03a-ad9050d952f9" testId="0c575b10-bfdf-6920-1d0c-e7886f964101" testName="BirkNext.Api.Tests.Services.QualityReview.QualityReviewPageContractTests.QualityReviewPageModel_AllPropertiesAreInitializable" computerName="BUF-5CG4423FYV" duration="00:00:00.0011679" startTime="2026-08-17T12:32:21.1344286+02:00" endTime="2026-08-17T12:32:21.1344287+02:00" testType="13cdc9d9-ddb5-4fa4-a97d-d965ccfc6d4b" outcome="Passed" testListId="8c84fa94-04c1-424b-9868-57a2d4851a1d" relativeResultsDirectory="e451bbec-9de1-429d-a03a-ad9050d952f9" />
    <UnitTestResult executionId="dd07a3b4-e4d1-4c7c-a50f-51666e41b5a2" testId="0813aa4c-ccb3-ce9c-b485-af646d9fc048" testName="BirkNext.Api.Tests.Services.QualityReview.QualityReviewPageModelServiceTests.Service_HandlesBuilderExceptions_Gracefully" computerName="BUF-5CG4423FYV" duration="00:00:00.0056088" startTime="2026-08-17T12:32:21.6895121+02:00" endTime="2026-08-17T12:32:21.6895125+02:00" testType="13cdc9d9-ddb5-4fa4-a97d-d965ccfc6d4b" outcome="Passed" testListId="8c84fa94-04c1-424b-9868-57a2d4851a1d" relativeResultsDirectory="dd07a3b4-e4d1-4c7c-a50f-51666e41b5a2" />
    <UnitTestResult executionId="9111e40a-cd84-43de-9d0e-fcecca808ec1" testId="54b575f9-7425-4df4-66f4-fd522e08a1fd" testName="BirkNext.Api.Tests.Services.QualityReview.QualityReviewPageModelServiceTests.BuildFrontendQualityReviewModelAsync_DelegatesTo_FrontendBuilder" computerName="BUF-5CG4423FYV" duration="00:00:00.0037836" startTime="2026-08-17T12:32:21.6936957+02:00" endTime="2026-08-17T12:32:21.6936961+02:00" testType="13cdc9d9-ddb5-4fa4-a97d-d965ccfc6d4b" outcome="Passed" testListId="8c84fa94-04c1-424b-9868-57a2d4851a1d" relativeResultsDirectory="9111e40a-cd84-43de-9d0e-fcecca808ec1" />
    <UnitTestResult executionId="8a4b7152-9575-4778-a8c9-45ff4e0bed7f" testId="38dcc36c-db15-6d43-0828-35141f84f328" testName="BirkNext.Api.Tests.Services.QualityReview.QualityReviewArtifactPrerequisiteTests.QAReadinessPack_Becomes_Available_With_Specification_Or_Tasks" computerName="BUF-5CG4423FYV" duration="00:00:00.0528054" startTime="2026-08-17T12:32:23.0417201+02:00" endTime="2026-08-17T12:32:23.0417205+02:00" testType="13cdc9d9-ddb5-4fa4-a97d-d965ccfc6d4b" outcome="Passed" testListId="8c84fa94-04c1-424b-9868-57a2d4851a1d" relativeResultsDirectory="8a4b7152-9575-4778-a8c9-45ff4e0bed7f" />
    <UnitTestResult executionId="b7f89022-9a8a-40a4-8ceb-ae3d48b65485" testId="2caa9bfd-cc97-01be-dfd6-0a7bdf6bad75" testName="BirkNext.Api.Tests.Services.QualityReview.IntegrationQualityReviewPageBuilderTests.PageModel_ShowsExactMissingRequirement" computerName="BUF-5CG4423FYV" duration="00:00:00.3773988" startTime="2026-08-17T12:32:21.1316586+02:00" endTime="2026-08-17T12:32:21.1316587+02:00" testType="13cdc9d9-ddb5-4fa4-a97d-d965ccfc6d4b" outcome="Passed" testListId="8c84fa94-04c1-424b-9868-57a2d4851a1d" relativeResultsDirectory="b7f89022-9a8a-40a4-8ceb-ae3d48b65485" />
    <UnitTestResult executionId="646b10ab-cb0d-43a5-b5b1-940b9bf594f8" testId="963c36d8-47f9-2970-ae8a-3fc340c40a4a" testName="BirkNext.Api.Tests.Services.QualityReview.QualityReviewPageContractTests.QualityReviewPack_StatusCanBeAnyValidValue" computerName="BUF-5CG4423FYV" duration="00:00:00.0003016" startTime="2026-08-17T12:32:21.1330483+02:00" endTime="2026-08-17T12:32:21.1330484+02:00" testType="13cdc9d9-ddb5-4fa4-a97d-d965ccfc6d4b" outcome="Passed" testListId="8c84fa94-04c1-424b-9868-57a2d4851a1d" relativeResultsDirectory="646b10ab-cb0d-43a5-b5b1-940b9bf594f8" />
    <UnitTestResult executionId="31a62b2f-12d3-44b5-819d-d13e6f0be638" testId="e1390f6e-d45d-71fd-0b51-b298007e5dd1" testName="BirkNext.Api.Tests.Integration.QualityReviewPageModelIntegrationTests.Readiness_Message_Explains_Missing_Requirements" computerName="BUF-5CG4423FYV" duration="00:00:00.0203089" startTime="2026-08-17T12:32:23.0858334+02:00" endTime="2026-08-17T12:32:23.0858338+02:00" testType="13cdc9d9-ddb5-4fa4-a97d-d965ccfc6d4b" outcome="Passed" testListId="8c84fa94-04c1-424b-9868-57a2d4851a1d" relativeResultsDirectory="31a62b2f-12d3-44b5-819d-d13e6f0be638" />
    <UnitTestResult executionId="debb9fe2-206a-48dc-93a2-83dba2cbbcc4" testId="4f505be3-54d6-5f3b-eb08-ef982d533b2b" testName="BirkNext.Api.Tests.Integration.QualityReviewPageModelIntegrationTests.Removing_Artifact_Blocks_Dependent_Packs" computerName="BUF-5CG4423FYV" duration="00:00:00.0177251" startTime="2026-08-17T12:32:23.0654440+02:00" endTime="2026-08-17T12:32:23.0654444+02:00" testType="13cdc9d9-ddb5-4fa4-a97d-d965ccfc6d4b" outcome="Passed" testListId="8c84fa94-04c1-424b-9868-57a2d4851a1d" relativeResultsDirectory="debb9fe2-206a-48dc-93a2-83dba2cbbcc4" />
    <UnitTestResult executionId="62abffde-ba76-4fef-a1ae-faa96a4edf1c" testId="4930c000-8b93-f4d8-28d5-5077beb9cb32" testName="BirkNext.Api.Tests.Services.QualityReview.IntegrationQualityReviewPageBuilderTests.PageModel_StatusIsBlockedWhenNoIntegrationsConfigured" computerName="BUF-5CG4423FYV" duration="00:00:00.0006241" startTime="2026-08-17T12:32:21.1328933+02:00" endTime="2026-08-17T12:32:21.1328935+02:00" testType="13cdc9d9-ddb5-4fa4-a97d-d965ccfc6d4b" outcome="Passed" testListId="8c84fa94-04c1-424b-9868-57a2d4851a1d" relativeResultsDirectory="62abffde-ba76-4fef-a1ae-faa96a4edf1c" />
    <UnitTestResult executionId="1bc5a6b3-d8e8-4e63-a866-1b2801b46331" testId="d352c273-65a5-5029-217b-aaab312724d7" testName="BirkNext.Api.Tests.Services.QualityReview.QualityReviewReadinessTests.PageModel_StatusEnum_NeverUses_Strings" computerName="BUF-5CG4423FYV" duration="00:00:00.0015204" startTime="2026-08-17T12:32:21.1277231+02:00" endTime="2026-08-17T12:32:21.1277232+02:00" testType="13cdc9d9-ddb5-4fa4-a97d-d965ccfc6d4b" outcome="Passed" testListId="8c84fa94-04c1-424b-9868-57a2d4851a1d" relativeResultsDirectory="1bc5a6b3-d8e8-4e63-a866-1b2801b46331" />
    <UnitTestResult executionId="db2c7d1e-e299-4c82-a4af-83b072597ffe" testId="566d9379-a764-664d-8571-20164e1a8347" testName="BirkNext.Api.Tests.Services.QualityReview.QualityReviewReadinessTests.PageModel_IsAvailable_When_AtLeast_OnePack_Available" computerName="BUF-5CG4423FYV" duration="00:00:00.3638424" startTime="2026-08-17T12:32:21.1053966+02:00" endTime="2026-08-17T12:32:21.1054407+02:00" testType="13cdc9d9-ddb5-4fa4-a97d-d965ccfc6d4b" outcome="Passed" testListId="8c84fa94-04c1-424b-9868-57a2d4851a1d" relativeResultsDirectory="db2c7d1e-e299-4c82-a4af-83b072597ffe" />
    <UnitTestResult executionId="f2d7e4d8-2166-4fe4-9f10-3cea58165c9c" testId="e4c9da58-8444-7f5a-f727-87beec645553" testName="BirkNext.Api.Tests.Services.QualityReview.QualityReviewArtifactPrerequisiteTests.DeliveryReadinessPack_Becomes_Available_With_Plan_Or_Tasks" computerName="BUF-5CG4423FYV" duration="00:00:00.0023377" startTime="2026-08-17T12:32:23.0529947+02:00" endTime="2026-08-17T12:32:23.0529952+02:00" testType="13cdc9d9-ddb5-4fa4-a97d-d965ccfc6d4b" outcome="Passed" testListId="8c84fa94-04c1-424b-9868-57a2d4851a1d" relativeResultsDirectory="f2d7e4d8-2166-4fe4-9f10-3cea58165c9c" />
    <UnitTestResult executionId="9a8006f1-c6a5-47e8-b5fa-b092399aa1dd" testId="476597d9-0f3a-685b-816c-50bd998bff1f" testName="BirkNext.Api.Tests.Services.QualityReview.QualityReviewArtifactPrerequisiteTests.DataModelQualityPack_Becomes_Available_When_DataModel_Loaded" computerName="BUF-5CG4423FYV" duration="00:00:00.0023798" startTime="2026-08-17T12:32:23.0504780+02:00" endTime="2026-08-17T12:32:23.0504783+02:00" testType="13cdc9d9-ddb5-4fa4-a97d-d965ccfc6d4b" outcome="Passed" testListId="8c84fa94-04c1-424b-9868-57a2d4851a1d" relativeResultsDirectory="9a8006f1-c6a5-47e8-b5fa-b092399aa1dd" />
    <UnitTestResult executionId="25f3b0d6-1169-4020-9904-98861706b6da" testId="b5230191-289e-9788-1fbc-6bff3b505e99" testName="BirkNext.Api.Tests.Integration.QualityReviewPageModelIntegrationTests.Page_Model_Lists_Exact_Missing_Prerequisites" computerName="BUF-5CG4423FYV" duration="00:00:00.0029083" startTime="2026-08-17T12:32:23.0899769+02:00" endTime="2026-08-17T12:32:23.0899773+02:00" testType="13cdc9d9-ddb5-4fa4-a97d-d965ccfc6d4b" outcome="Passed" testListId="8c84fa94-04c1-424b-9868-57a2d4851a1d" relativeResultsDirectory="25f3b0d6-1169-4020-9904-98861706b6da" />
    <UnitTestResult executionId="ef17e2b0-40e8-4fd1-ab91-fbce393051f0" testId="cec6c4cd-318a-4f86-0d93-ddde2e1a3d3f" testName="BirkNext.Api.Tests.Services.QualityReview.QualityReviewPageBuilderTests.BuildPageModelAsync_UsesMostRecentlyUpdatedWorkspace" computerName="BUF-5CG4423FYV" duration="00:00:01.9036735" startTime="2026-08-17T12:32:23.0087451+02:00" endTime="2026-08-17T12:32:23.0087458+02:00" testType="13cdc9d9-ddb5-4fa4-a97d-d965ccfc6d4b" outcome="Passed" testListId="8c84fa94-04c1-424b-9868-57a2d4851a1d" relativeResultsDirectory="ef17e2b0-40e8-4fd1-ab91-fbce393051f0" />
    <UnitTestResult executionId="05382910-9f32-416a-b9e2-51355e4cbad2" testId="34f3b40f-a6a5-9dea-1f67-f2922db21eee" testName="BirkNext.Api.Tests.Services.QualityReview.QualityReviewPageContractTests.QualityReviewPageModel_HasRequiredProperties" computerName="BUF-5CG4423FYV" duration="00:00:00.0004016" startTime="2026-08-17T12:32:21.1332445+02:00" endTime="2026-08-17T12:32:21.1332445+02:00" testType="13cdc9d9-ddb5-4fa4-a97d-d965ccfc6d4b" outcome="Passed" testListId="8c84fa94-04c1-424b-9868-57a2d4851a1d" relativeResultsDirectory="05382910-9f32-416a-b9e2-51355e4cbad2" />
    <UnitTestResult executionId="ae6b914d-fe97-4526-a2f0-b8eb2ec3d4b4" testId="b1dad3a6-f4f6-b9bb-1745-5d42a8a3e271" testName="BirkNext.Api.Tests.Services.QualityReview.QualityReviewPageModelServiceTests.BuildIntegrationQualityReviewModelAsync_DelegatesTo_IntegrationBuilder" computerName="BUF-5CG4423FYV" duration="00:00:00.0035922" startTime="2026-08-17T12:32:21.7008447+02:00" endTime="2026-08-17T12:32:21.7008451+02:00" testType="13cdc9d9-ddb5-4fa4-a97d-d965ccfc6d4b" outcome="Passed" testListId="8c84fa94-04c1-424b-9868-57a2d4851a1d" relativeResultsDirectory="ae6b914d-fe97-4526-a2f0-b8eb2ec3d4b4" />
    <UnitTestResult executionId="590e65b9-06e3-4154-88ca-c5cdf26298a5" testId="b453b1c1-f428-f7fb-c65d-fae9ac8ab747" testName="BirkNext.Api.Tests.Services.QualityReview.QualityReviewArtifactPrerequisiteTests.AllPacks_Are_Blocked_When_No_Artifacts_Loaded" computerName="BUF-5CG4423FYV" duration="00:00:00.0026744" startTime="2026-08-17T12:32:23.0445006+02:00" endTime="2026-08-17T12:32:23.0445011+02:00" testType="13cdc9d9-ddb5-4fa4-a97d-d965ccfc6d4b" outcome="Passed" testListId="8c84fa94-04c1-424b-9868-57a2d4851a1d" relativeResultsDirectory="590e65b9-06e3-4154-88ca-c5cdf26298a5" />
    <UnitTestResult executionId="5e68dbdd-bdbe-4d59-87c9-bd763803a619" testId="0087fba3-eda8-a5b2-21d2-b5f561441e16" testName="BirkNext.Api.Tests.Services.QualityReview.QualityReviewArtifactPrerequisiteTests.QAAuditorPack_Becomes_Available_When_Specification_Loaded" computerName="BUF-5CG4423FYV" duration="00:00:00.0024748" startTime="2026-08-17T12:32:23.0555515+02:00" endTime="2026-08-17T12:32:23.0555518+02:00" testType="13cdc9d9-ddb5-4fa4-a97d-d965ccfc6d4b" outcome="Passed" testListId="8c84fa94-04c1-424b-9868-57a2d4851a1d" relativeResultsDirectory="5e68dbdd-bdbe-4d59-87c9-bd763803a619" />
    <UnitTestResult executionId="8094fa9f-10c1-4100-8ed2-abd3fe712ee2" testId="61532cbb-461a-fa7f-55ea-8470b273ebee" testName="BirkNext.Api.Tests.Services.QualityReview.QualityReviewArtifactPrerequisiteTests.ConstitutionCompliancePack_Becomes_Available_When_Constitution_Loaded" computerName="BUF-5CG4423FYV" duration="00:00:02.2520704" startTime="2026-08-17T12:32:22.9889553+02:00" endTime="2026-08-17T12:32:22.9889558+02:00" testType="13cdc9d9-ddb5-4fa4-a97d-d965ccfc6d4b" outcome="Passed" testListId="8c84fa94-04c1-424b-9868-57a2d4851a1d" relativeResultsDirectory="8094fa9f-10c1-4100-8ed2-abd3fe712ee2" />
    <UnitTestResult executionId="6a634e4c-eea6-455b-b71e-f27cdcbe14a0" testId="601546d9-ff0a-2377-5516-1d768a1af974" testName="BirkNext.Api.Tests.Services.QualityReview.ApiQualityReviewPageBuilderTests.PageModel_ShowsExactMissingEndpoints" computerName="BUF-5CG4423FYV" duration="00:00:00.0018882" startTime="2026-08-17T12:32:21.1295853+02:00" endTime="2026-08-17T12:32:21.1295854+02:00" testType="13cdc9d9-ddb5-4fa4-a97d-d965ccfc6d4b" outcome="Passed" testListId="8c84fa94-04c1-424b-9868-57a2d4851a1d" relativeResultsDirectory="6a634e4c-eea6-455b-b71e-f27cdcbe14a0" />
    <UnitTestResult executionId="583719ab-9f8a-4e3e-8dd5-768d73628e41" testId="541e96f0-c89f-bcc9-c708-1e6bef296eb7" testName="BirkNext.Api.Tests.Services.QualityReview.QualityReviewReadinessTests.ReadinessMessage_Explains_What_Is_Needed" computerName="BUF-5CG4423FYV" duration="00:00:00.0010052" startTime="2026-08-17T12:32:21.1318073+02:00" endTime="2026-08-17T12:32:21.1318073+02:00" testType="13cdc9d9-ddb5-4fa4-a97d-d965ccfc6d4b" outcome="Passed" testListId="8c84fa94-04c1-424b-9868-57a2d4851a1d" relativeResultsDirectory="583719ab-9f8a-4e3e-8dd5-768d73628e41" />
    <UnitTestResult executionId="84f64e87-07a3-4793-b7d3-471c4c1c154c" testId="2e43978e-5da2-241b-b8fc-d088f4d509bd" testName="BirkNext.Api.Tests.Services.QualityReview.QualityReviewPageContractTests.QualityReviewPageModel_CanBeCreatedWithValidData" computerName="BUF-5CG4423FYV" duration="00:00:00.0005774" startTime="2026-08-17T12:32:21.1334325+02:00" endTime="2026-08-17T12:32:21.1334326+02:00" testType="13cdc9d9-ddb5-4fa4-a97d-d965ccfc6d4b" outcome="Passed" testListId="8c84fa94-04c1-424b-9868-57a2d4851a1d" relativeResultsDirectory="84f64e87-07a3-4793-b7d3-471c4c1c154c" />
    <UnitTestResult executionId="273c6d57-e793-45cc-ab79-847e17bb498e" testId="23940414-d49d-6214-b34d-e404bf4975f6" testName="BirkNext.Api.Tests.Services.QualityReview.QualityReviewPageBuilderTests.PageModel_StatusReflectsBlockedPrerequisites" computerName="BUF-5CG4423FYV" duration="00:00:00.0003049" startTime="2026-08-17T12:32:23.0092260+02:00" endTime="2026-08-17T12:32:23.0092263+02:00" testType="13cdc9d9-ddb5-4fa4-a97d-d965ccfc6d4b" outcome="Passed" testListId="8c84fa94-04c1-424b-9868-57a2d4851a1d" relativeResultsDirectory="273c6d57-e793-45cc-ab79-847e17bb498e" />
    <UnitTestResult executionId="cc765bf4-8dbc-4492-bee8-8cccc2f8c8d9" testId="7ba18821-5906-9bde-13b5-00e96c290d17" testName="BirkNext.Api.Tests.Services.QualityReview.QualityReviewArtifactPrerequisiteTests.Multiple_Artifacts_Are_Detected_Correctly" computerName="BUF-5CG4423FYV" duration="00:00:00.0034060" startTime="2026-08-17T12:32:23.0480077+02:00" endTime="2026-08-17T12:32:23.0480081+02:00" testType="13cdc9d9-ddb5-4fa4-a97d-d965ccfc6d4b" outcome="Passed" testListId="8c84fa94-04c1-424b-9868-57a2d4851a1d" relativeResultsDirectory="cc765bf4-8dbc-4492-bee8-8cccc2f8c8d9" />
    <UnitTestResult executionId="b0362613-3d5e-486b-ac55-8050913c23be" testId="3ef192db-d07d-44c5-bf73-57dd98d026f6" testName="BirkNext.Api.Tests.Services.QualityReview.FrontendQualityReviewPageBuilderTests.PageModel_StatusIsAvailableWhenTargetUrlExists" computerName="BUF-5CG4423FYV" duration="00:00:00.3614661" startTime="2026-08-17T12:32:21.1105358+02:00" endTime="2026-08-17T12:32:21.1105360+02:00" testType="13cdc9d9-ddb5-4fa4-a97d-d965ccfc6d4b" outcome="Passed" testListId="8c84fa94-04c1-424b-9868-57a2d4851a1d" relativeResultsDirectory="b0362613-3d5e-486b-ac55-8050913c23be" />
    <UnitTestResult executionId="a19786a0-7f54-4e4e-b736-2765de9e7477" testId="47c48f58-ab31-270a-922f-0d1cd5061a4e" testName="BirkNext.Api.Tests.Services.QualityReview.ApiQualityReviewPageBuilderTests.PageModel_StatusIsBlockedWhenNoEndpointsConfigured" computerName="BUF-5CG4423FYV" duration="00:00:00.3641890" startTime="2026-08-17T12:32:21.1113391+02:00" endTime="2026-08-17T12:32:21.1113393+02:00" testType="13cdc9d9-ddb5-4fa4-a97d-d965ccfc6d4b" outcome="Passed" testListId="8c84fa94-04c1-424b-9868-57a2d4851a1d" relativeResultsDirectory="a19786a0-7f54-4e4e-b736-2765de9e7477" />
    <UnitTestResult executionId="5cadb27a-7c80-46fa-9ecb-99aca280d4b9" testId="becdd1b1-5eb7-7ca9-bdb8-e0025f7e6579" testName="BirkNext.Api.Tests.Services.QualityReview.ApiQualityReviewPageBuilderTests.PageModel_StatusIsAvailableWhenAtLeastOneEndpointExists" computerName="BUF-5CG4423FYV" duration="00:00:00.0010489" startTime="2026-08-17T12:32:21.1297299+02:00" endTime="2026-08-17T12:32:21.1297300+02:00" testType="13cdc9d9-ddb5-4fa4-a97d-d965ccfc6d4b" outcome="Passed" testListId="8c84fa94-04c1-424b-9868-57a2d4851a1d" relativeResultsDirectory="5cadb27a-7c80-46fa-9ecb-99aca280d4b9" />
    <UnitTestResult executionId="cf2e7ad8-5842-4819-955d-b2176033fafb" testId="7cd12258-5dd0-b5c3-52c2-53cb97b146be" testName="BirkNext.Api.Tests.Services.QualityReview.FrontendQualityReviewPageBuilderTests.PageModel_TargetEnvironmentDeterminesReadiness" computerName="BUF-5CG4423FYV" duration="00:00:00.0013657" startTime="2026-08-17T12:32:21.1294845+02:00" endTime="2026-08-17T12:32:21.1294845+02:00" testType="13cdc9d9-ddb5-4fa4-a97d-d965ccfc6d4b" outcome="Passed" testListId="8c84fa94-04c1-424b-9868-57a2d4851a1d" relativeResultsDirectory="cf2e7ad8-5842-4819-955d-b2176033fafb" />
    <UnitTestResult executionId="2ea1ca55-53fe-44f9-9cb8-bfb577d7bd4c" testId="e2cdcc6d-6fa9-b082-ec09-b633e0f04fc0" testName="BirkNext.Api.Tests.Services.QualityReview.QualityReviewReadinessTests.Blocked_Status_Is_Not_Fail" computerName="BUF-5CG4423FYV" duration="00:00:00.0022959" startTime="2026-08-17T12:32:21.1313727+02:00" endTime="2026-08-17T12:32:21.1313729+02:00" testType="13cdc9d9-ddb5-4fa4-a97d-d965ccfc6d4b" outcome="Passed" testListId="8c84fa94-04c1-424b-9868-57a2d4851a1d" relativeResultsDirectory="2ea1ca55-53fe-44f9-9cb8-bfb577d7bd4c" />
    <UnitTestResult executionId="06086030-1ea8-4f29-b1d3-9eee824cd8c1" testId="ffd5fb9d-0baf-ac4f-a0c4-87ec63dc0269" testName="BirkNext.Api.Tests.Services.QualityReview.QualityReviewReadinessTests.AllPacks_With_Available_Status_Can_Run" computerName="BUF-5CG4423FYV" duration="00:00:00.0028781" startTime="2026-08-17T12:32:21.1315820+02:00" endTime="2026-08-17T12:32:21.1315821+02:00" testType="13cdc9d9-ddb5-4fa4-a97d-d965ccfc6d4b" outcome="Passed" testListId="8c84fa94-04c1-424b-9868-57a2d4851a1d" relativeResultsDirectory="06086030-1ea8-4f29-b1d3-9eee824cd8c1" />
    <UnitTestResult executionId="69f59c53-918c-4b1a-8afa-6b6874bb3c3d" testId="23079d45-9ec3-8b99-cc6b-45564035ea8f" testName="BirkNext.Api.Tests.Services.QualityReview.FrontendQualityReviewPageBuilderTests.PageModel_ShowsAnalyzedAreas" computerName="BUF-5CG4423FYV" duration="00:00:00.0015377" startTime="2026-08-17T12:32:21.1294059+02:00" endTime="2026-08-17T12:32:21.1294060+02:00" testType="13cdc9d9-ddb5-4fa4-a97d-d965ccfc6d4b" outcome="Passed" testListId="8c84fa94-04c1-424b-9868-57a2d4851a1d" relativeResultsDirectory="69f59c53-918c-4b1a-8afa-6b6874bb3c3d" />
    <UnitTestResult executionId="8bcc90ed-883b-4df0-b923-3572882d4956" testId="df9553be-20aa-7031-428b-628b5792dcde" testName="BirkNext.Api.Tests.Services.QualityReview.QualityReviewPageContractTests.QualityReviewPack_MissingInputsIsList" computerName="BUF-5CG4423FYV" duration="00:00:00.3690957" startTime="2026-08-17T12:32:21.1276558+02:00" endTime="2026-08-17T12:32:21.1276559+02:00" testType="13cdc9d9-ddb5-4fa4-a97d-d965ccfc6d4b" outcome="Passed" testListId="8c84fa94-04c1-424b-9868-57a2d4851a1d" relativeResultsDirectory="8bcc90ed-883b-4df0-b923-3572882d4956" />
    <UnitTestResult executionId="84b9e461-41d4-48e7-84ab-7349cc4f3bac" testId="177558f1-f247-10f2-9d5a-9ee3fe65b300" testName="BirkNext.Api.Tests.Services.QualityReview.IntegrationQualityReviewPageBuilderTests.PageModel_BlockedIsNotFail" computerName="BUF-5CG4423FYV" duration="00:00:00.0003714" startTime="2026-08-17T12:32:21.1317341+02:00" endTime="2026-08-17T12:32:21.1317342+02:00" testType="13cdc9d9-ddb5-4fa4-a97d-d965ccfc6d4b" outcome="Passed" testListId="8c84fa94-04c1-424b-9868-57a2d4851a1d" relativeResultsDirectory="84b9e461-41d4-48e7-84ab-7349cc4f3bac" />
    <UnitTestResult executionId="f9e6eb2b-c615-45e5-aa3f-a018dce606b2" testId="b4ce173e-eb40-4606-4070-178a30fff243" testName="BirkNext.Api.Tests.Services.QualityReview.QualityReviewPageContractTests.QualityReviewStatus_HasAllRequiredValues" computerName="BUF-5CG4423FYV" duration="00:00:00.0101573" startTime="2026-08-17T12:32:21.1329723+02:00" endTime="2026-08-17T12:32:21.1329723+02:00" testType="13cdc9d9-ddb5-4fa4-a97d-d965ccfc6d4b" outcome="Passed" testListId="8c84fa94-04c1-424b-9868-57a2d4851a1d" relativeResultsDirectory="f9e6eb2b-c615-45e5-aa3f-a018dce606b2" />
    <UnitTestResult executionId="37f72732-1090-4fc4-a28a-e19ff9821a24" testId="0c4d9720-5e03-81d9-3066-0f5445c08468" testName="BirkNext.Api.Tests.Services.QualityReview.QualityReviewPageContractTests.QualityReviewPack_HasRequiredProperties" computerName="BUF-5CG4423FYV" duration="00:00:00.0002795" startTime="2026-08-17T12:32:21.1343531+02:00" endTime="2026-08-17T12:32:21.1343533+02:00" testType="13cdc9d9-ddb5-4fa4-a97d-d965ccfc6d4b" outcome="Passed" testListId="8c84fa94-04c1-424b-9868-57a2d4851a1d" relativeResultsDirectory="37f72732-1090-4fc4-a28a-e19ff9821a24" />
    <UnitTestResult executionId="8fe57663-1876-4e10-89f7-9c6fdf6dbeb9" testId="17397956-4d2c-ead2-af43-6d5540c622e0" testName="BirkNext.Api.Tests.Services.QualityReview.ApiQualityReviewPageBuilderTests.PageModel_IncludesConnectivityChecks" computerName="BUF-5CG4423FYV" duration="00:00:00.0019760" startTime="2026-08-17T12:32:21.1278017+02:00" endTime="2026-08-17T12:32:21.1278018+02:00" testType="13cdc9d9-ddb5-4fa4-a97d-d965ccfc6d4b" outcome="Passed" testListId="8c84fa94-04c1-424b-9868-57a2d4851a1d" relativeResultsDirectory="8fe57663-1876-4e10-89f7-9c6fdf6dbeb9" />
    <UnitTestResult executionId="eddc234d-bc5f-4a7d-b5eb-957d0abb034d" testId="5ce745fb-5b24-73f9-3ccb-3ad15686d283" testName="BirkNext.Api.Tests.Services.QualityReview.QualityReviewPageContractTests.QualityReviewPageModel_SummaryIsAlwaysPresent" computerName="BUF-5CG4423FYV" duration="00:00:00.0005448" startTime="2026-08-17T12:32:21.1293303+02:00" endTime="2026-08-17T12:32:21.1293305+02:00" testType="13cdc9d9-ddb5-4fa4-a97d-d965ccfc6d4b" outcome="Passed" testListId="8c84fa94-04c1-424b-9868-57a2d4851a1d" relativeResultsDirectory="eddc234d-bc5f-4a7d-b5eb-957d0abb034d" />
    <UnitTestResult executionId="b9e5b7d2-ca4b-4d38-b05b-850088338344" testId="7dd7566a-9dac-5f81-777a-9e4a1876ab27" testName="BirkNext.Api.Tests.Services.QualityReview.QualityReviewPageBuilderTests.PageModel_RequiredInputsDefinePack" computerName="BUF-5CG4423FYV" duration="00:00:00.0004966" startTime="2026-08-17T12:32:23.0109502+02:00" endTime="2026-08-17T12:32:23.0109504+02:00" testType="13cdc9d9-ddb5-4fa4-a97d-d965ccfc6d4b" outcome="Passed" testListId="8c84fa94-04c1-424b-9868-57a2d4851a1d" relativeResultsDirectory="b9e5b7d2-ca4b-4d38-b05b-850088338344" />
    <UnitTestResult executionId="41d82b77-a9ee-46a3-ae51-2f20a57c44bb" testId="041ec2e8-e600-1b90-a83c-b9e4c269dd49" testName="BirkNext.Api.Tests.Services.QualityReview.IntegrationQualityReviewPageBuilderTests.PageModel_UsesActiveTargetEnvironment" computerName="BUF-5CG4423FYV" duration="00:00:00.0011629" startTime="2026-08-17T12:32:21.1319845+02:00" endTime="2026-08-17T12:32:21.1319846+02:00" testType="13cdc9d9-ddb5-4fa4-a97d-d965ccfc6d4b" outcome="Passed" testListId="8c84fa94-04c1-424b-9868-57a2d4851a1d" relativeResultsDirectory="41d82b77-a9ee-46a3-ae51-2f20a57c44bb" />
  </Results>
  <TestDefinitions>
    <UnitTest name="BirkNext.Api.Tests.Services.QualityReview.QualityReviewReadinessTests.ReadinessMessage_Explains_What_Is_Needed" storage="c:\users\ajaan\source\sdd-repos\birknext\aiassisted\backend\birknext.api.tests\bin\debug\net8.0\birknext.api.tests.dll" id="541e96f0-c89f-bcc9-c708-1e6bef296eb7">
      <Execution id="583719ab-9f8a-4e3e-8dd5-768d73628e41" />
      <TestMethod codeBase="C:\Users\ajaan\source\sdd-repos\BirkNext\AIAssisted\backend\BirkNext.Api.Tests\bin\Debug\net8.0\BirkNext.Api.Tests.dll" adapterTypeName="executor://xunit/VsTestRunner2/netcoreapp" className="BirkNext.Api.Tests.Services.QualityReview.QualityReviewReadinessTests" name="ReadinessMessage_Explains_What_Is_Needed" />
    </UnitTest>
    <UnitTest name="BirkNext.Api.Tests.Services.QualityReview.QualityReviewReadinessTests.PageModel_IsAvailable_When_AtLeast_OnePack_Available" storage="c:\users\ajaan\source\sdd-repos\birknext\aiassisted\backend\birknext.api.tests\bin\debug\net8.0\birknext.api.tests.dll" id="566d9379-a764-664d-8571-20164e1a8347">
      <Execution id="db2c7d1e-e299-4c82-a4af-83b072597ffe" />
      <TestMethod codeBase="C:\Users\ajaan\source\sdd-repos\BirkNext\AIAssisted\backend\BirkNext.Api.Tests\bin\Debug\net8.0\BirkNext.Api.Tests.dll" adapterTypeName="executor://xunit/VsTestRunner2/netcoreapp" className="BirkNext.Api.Tests.Services.QualityReview.QualityReviewReadinessTests" name="PageModel_IsAvailable_When_AtLeast_OnePack_Available" />
    </UnitTest>
    <UnitTest name="BirkNext.Api.Tests.Services.QualityReview.QualityReviewPageBuilderTests.BuildPageModelAsync_UsesMostRecentlyUpdatedWorkspace" storage="c:\users\ajaan\source\sdd-repos\birknext\aiassisted\backend\birknext.api.tests\bin\debug\net8.0\birknext.api.tests.dll" id="cec6c4cd-318a-4f86-0d93-ddde2e1a3d3f">
      <Execution id="ef17e2b0-40e8-4fd1-ab91-fbce393051f0" />
      <TestMethod codeBase="C:\Users\ajaan\source\sdd-repos\BirkNext\AIAssisted\backend\BirkNext.Api.Tests\bin\Debug\net8.0\BirkNext.Api.Tests.dll" adapterTypeName="executor://xunit/VsTestRunner2/netcoreapp" className="BirkNext.Api.Tests.Services.QualityReview.QualityReviewPageBuilderTests" name="BuildPageModelAsync_UsesMostRecentlyUpdatedWorkspace" />
    </UnitTest>
    <UnitTest name="BirkNext.Api.Tests.Services.QualityReview.QualityReviewPageBuilderTests.PageModel_CanListAllChecksToBeRun" storage="c:\users\ajaan\source\sdd-repos\birknext\aiassisted\backend\birknext.api.tests\bin\debug\net8.0\birknext.api.tests.dll" id="9c854cc5-170c-b829-c7bd-b96599f6e4a2">
      <Execution id="53e8999a-63fc-4f58-b1b3-40418064944b" />
      <TestMethod codeBase="C:\Users\ajaan\source\sdd-repos\BirkNext\AIAssisted\backend\BirkNext.Api.Tests\bin\Debug\net8.0\BirkNext.Api.Tests.dll" adapterTypeName="executor://xunit/VsTestRunner2/netcoreapp" className="BirkNext.Api.Tests.Services.QualityReview.QualityReviewPageBuilderTests" name="PageModel_CanListAllChecksToBeRun" />
    </UnitTest>
    <UnitTest name="BirkNext.Api.Tests.Services.QualityReview.ApiQualityReviewPageBuilderTests.PageModel_IncludesConnectivityChecks" storage="c:\users\ajaan\source\sdd-repos\birknext\aiassisted\backend\birknext.api.tests\bin\debug\net8.0\birknext.api.tests.dll" id="17397956-4d2c-ead2-af43-6d5540c622e0">
      <Execution id="8fe57663-1876-4e10-89f7-9c6fdf6dbeb9" />
      <TestMethod codeBase="C:\Users\ajaan\source\sdd-repos\BirkNext\AIAssisted\backend\BirkNext.Api.Tests\bin\Debug\net8.0\BirkNext.Api.Tests.dll" adapterTypeName="executor://xunit/VsTestRunner2/netcoreapp" className="BirkNext.Api.Tests.Services.QualityReview.ApiQualityReviewPageBuilderTests" name="PageModel_IncludesConnectivityChecks" />
    </UnitTest>
    <UnitTest name="BirkNext.Api.Tests.Integration.QualityReviewPageModelIntegrationTests.Page_Model_Includes_All_Pack_Categories" storage="c:\users\ajaan\source\sdd-repos\birknext\aiassisted\backend\birknext.api.tests\bin\debug\net8.0\birknext.api.tests.dll" id="58a6fe08-d5cf-b226-edc7-d066cdc77874">
      <Execution id="3f27507f-3e87-4070-b3ad-2d1753870b0c" />
      <TestMethod codeBase="C:\Users\ajaan\source\sdd-repos\BirkNext\AIAssisted\backend\BirkNext.Api.Tests\bin\Debug\net8.0\BirkNext.Api.Tests.dll" adapterTypeName="executor://xunit/VsTestRunner2/netcoreapp" className="BirkNext.Api.Tests.Integration.QualityReviewPageModelIntegrationTests" name="Page_Model_Includes_All_Pack_Categories" />
    </UnitTest>
    <UnitTest name="BirkNext.Api.Tests.Services.QualityReview.QualityReviewPageContractTests.QualityReviewPageModel_HasRequiredProperties" storage="c:\users\ajaan\source\sdd-repos\birknext\aiassisted\backend\birknext.api.tests\bin\debug\net8.0\birknext.api.tests.dll" id="34f3b40f-a6a5-9dea-1f67-f2922db21eee">
      <Execution id="05382910-9f32-416a-b9e2-51355e4cbad2" />
      <TestMethod codeBase="C:\Users\ajaan\source\sdd-repos\BirkNext\AIAssisted\backend\BirkNext.Api.Tests\bin\Debug\net8.0\BirkNext.Api.Tests.dll" adapterTypeName="executor://xunit/VsTestRunner2/netcoreapp" className="BirkNext.Api.Tests.Services.QualityReview.QualityReviewPageContractTests" name="QualityReviewPageModel_HasRequiredProperties" />
    </UnitTest>
    <UnitTest name="BirkNext.Api.Tests.Integration.QualityReviewPageModelIntegrationTests.PageModel_Reflects_Available_Packs_Based_On_Artifacts" storage="c:\users\ajaan\source\sdd-repos\birknext\aiassisted\backend\birknext.api.tests\bin\debug\net8.0\birknext.api.tests.dll" id="2fca2fa7-9674-a6b7-54e4-bf78b4f55d76">
      <Execution id="6dc07326-70c6-47bb-9355-fd22b66488b5" />
      <TestMethod codeBase="C:\Users\ajaan\source\sdd-repos\BirkNext\AIAssisted\backend\BirkNext.Api.Tests\bin\Debug\net8.0\BirkNext.Api.Tests.dll" adapterTypeName="executor://xunit/VsTestRunner2/netcoreapp" className="BirkNext.Api.Tests.Integration.QualityReviewPageModelIntegrationTests" name="PageModel_Reflects_Available_Packs_Based_On_Artifacts" />
    </UnitTest>
    <UnitTest name="BirkNext.Api.Tests.Services.QualityReview.QualityReviewArtifactPrerequisiteTests.QAReadinessPack_Becomes_Available_With_Specification_Or_Tasks" storage="c:\users\ajaan\source\sdd-repos\birknext\aiassisted\backend\birknext.api.tests\bin\debug\net8.0\birknext.api.tests.dll" id="38dcc36c-db15-6d43-0828-35141f84f328">
      <Execution id="8a4b7152-9575-4778-a8c9-45ff4e0bed7f" />
      <TestMethod codeBase="C:\Users\ajaan\source\sdd-repos\BirkNext\AIAssisted\backend\BirkNext.Api.Tests\bin\Debug\net8.0\BirkNext.Api.Tests.dll" adapterTypeName="executor://xunit/VsTestRunner2/netcoreapp" className="BirkNext.Api.Tests.Services.QualityReview.QualityReviewArtifactPrerequisiteTests" name="QAReadinessPack_Becomes_Available_With_Specification_Or_Tasks" />
    </UnitTest>
    <UnitTest name="BirkNext.Api.Tests.Services.QualityReview.QualityReviewPageModelServiceTests.BuildQualityReviewModelAsync_DelegatesTo_QualityReviewBuilder" storage="c:\users\ajaan\source\sdd-repos\birknext\aiassisted\backend\birknext.api.tests\bin\debug\net8.0\birknext.api.tests.dll" id="0fd0915d-37f3-64e3-5a13-c4aebbfac901">
      <Execution id="78aa5d85-8b60-4fff-8342-3235eb9a9541" />
      <TestMethod codeBase="C:\Users\ajaan\source\sdd-repos\BirkNext\AIAssisted\backend\BirkNext.Api.Tests\bin\Debug\net8.0\BirkNext.Api.Tests.dll" adapterTypeName="executor://xunit/VsTestRunner2/netcoreapp" className="BirkNext.Api.Tests.Services.QualityReview.QualityReviewPageModelServiceTests" name="BuildQualityReviewModelAsync_DelegatesTo_QualityReviewBuilder" />
    </UnitTest>
    <UnitTest name="BirkNext.Api.Tests.Services.QualityReview.FrontendQualityReviewPageBuilderTests.PageModel_StatusIsBlockedWhenTargetUrlMissing" storage="c:\users\ajaan\source\sdd-repos\birknext\aiassisted\backend\birknext.api.tests\bin\debug\net8.0\birknext.api.tests.dll" id="8389594b-4d6a-7f90-55b0-2b28b8dc08e1">
      <Execution id="13105a8b-0fe7-49e5-bd35-689ec7f208f3" />
      <TestMethod codeBase="C:\Users\ajaan\source\sdd-repos\BirkNext\AIAssisted\backend\BirkNext.Api.Tests\bin\Debug\net8.0\BirkNext.Api.Tests.dll" adapterTypeName="executor://xunit/VsTestRunner2/netcoreapp" className="BirkNext.Api.Tests.Services.QualityReview.FrontendQualityReviewPageBuilderTests" name="PageModel_StatusIsBlockedWhenTargetUrlMissing" />
    </UnitTest>
    <UnitTest name="BirkNext.Api.Tests.Services.QualityReview.QualityReviewReadinessTests.PageModel_Lists_MissingInputs_Explicitly" storage="c:\users\ajaan\source\sdd-repos\birknext\aiassisted\backend\birknext.api.tests\bin\debug\net8.0\birknext.api.tests.dll" id="b112c845-f0d6-fc18-ead5-4ea3e4995184">
      <Execution id="19109b1b-6b93-45e6-844e-a75d508752ad" />
      <TestMethod codeBase="C:\Users\ajaan\source\sdd-repos\BirkNext\AIAssisted\backend\BirkNext.Api.Tests\bin\Debug\net8.0\BirkNext.Api.Tests.dll" adapterTypeName="executor://xunit/VsTestRunner2/netcoreapp" className="BirkNext.Api.Tests.Services.QualityReview.QualityReviewReadinessTests" name="PageModel_Lists_MissingInputs_Explicitly" />
    </UnitTest>
    <UnitTest name="BirkNext.Api.Tests.Services.QualityReview.QualityReviewPageContractTests.QualityReviewStatus_HasAllRequiredValues" storage="c:\users\ajaan\source\sdd-repos\birknext\aiassisted\backend\birknext.api.tests\bin\debug\net8.0\birknext.api.tests.dll" id="b4ce173e-eb40-4606-4070-178a30fff243">
      <Execution id="f9e6eb2b-c615-45e5-aa3f-a018dce606b2" />
      <TestMethod codeBase="C:\Users\ajaan\source\sdd-repos\BirkNext\AIAssisted\backend\BirkNext.Api.Tests\bin\Debug\net8.0\BirkNext.Api.Tests.dll" adapterTypeName="executor://xunit/VsTestRunner2/netcoreapp" className="BirkNext.Api.Tests.Services.QualityReview.QualityReviewPageContractTests" name="QualityReviewStatus_HasAllRequiredValues" />
    </UnitTest>
    <UnitTest name="BirkNext.Api.Tests.Services.QualityReview.IntegrationQualityReviewPageBuilderTests.PageModel_BlockedIsNotFail" storage="c:\users\ajaan\source\sdd-repos\birknext\aiassisted\backend\birknext.api.tests\bin\debug\net8.0\birknext.api.tests.dll" id="177558f1-f247-10f2-9d5a-9ee3fe65b300">
      <Execution id="84b9e461-41d4-48e7-84ab-7349cc4f3bac" />
      <TestMethod codeBase="C:\Users\ajaan\source\sdd-repos\BirkNext\AIAssisted\backend\BirkNext.Api.Tests\bin\Debug\net8.0\BirkNext.Api.Tests.dll" adapterTypeName="executor://xunit/VsTestRunner2/netcoreapp" className="BirkNext.Api.Tests.Services.QualityReview.IntegrationQualityReviewPageBuilderTests" name="PageModel_BlockedIsNotFail" />
    </UnitTest>
    <UnitTest name="BirkNext.Api.Tests.Services.QualityReview.QualityReviewPageModelServiceTests.Service_HandlesBuilderExceptions_Gracefully" storage="c:\users\ajaan\source\sdd-repos\birknext\aiassisted\backend\birknext.api.tests\bin\debug\net8.0\birknext.api.tests.dll" id="0813aa4c-ccb3-ce9c-b485-af646d9fc048">
      <Execution id="dd07a3b4-e4d1-4c7c-a50f-51666e41b5a2" />
      <TestMethod codeBase="C:\Users\ajaan\source\sdd-repos\BirkNext\AIAssisted\backend\BirkNext.Api.Tests\bin\Debug\net8.0\BirkNext.Api.Tests.dll" adapterTypeName="executor://xunit/VsTestRunner2/netcoreapp" className="BirkNext.Api.Tests.Services.QualityReview.QualityReviewPageModelServiceTests" name="Service_HandlesBuilderExceptions_Gracefully" />
    </UnitTest>
    <UnitTest name="BirkNext.Api.Tests.Services.QualityReview.QualityReviewArtifactPrerequisiteTests.AllPacks_Are_Blocked_When_No_Artifacts_Loaded" storage="c:\users\ajaan\source\sdd-repos\birknext\aiassisted\backend\birknext.api.tests\bin\debug\net8.0\birknext.api.tests.dll" id="b453b1c1-f428-f7fb-c65d-fae9ac8ab747">
      <Execution id="590e65b9-06e3-4154-88ca-c5cdf26298a5" />
      <TestMethod codeBase="C:\Users\ajaan\source\sdd-repos\BirkNext\AIAssisted\backend\BirkNext.Api.Tests\bin\Debug\net8.0\BirkNext.Api.Tests.dll" adapterTypeName="executor://xunit/VsTestRunner2/netcoreapp" className="BirkNext.Api.Tests.Services.QualityReview.QualityReviewArtifactPrerequisiteTests" name="AllPacks_Are_Blocked_When_No_Artifacts_Loaded" />
    </UnitTest>
    <UnitTest name="BirkNext.Api.Tests.Services.QualityReview.QualityReviewArtifactPrerequisiteTests.DeliveryReadinessPack_Becomes_Available_With_Plan_Or_Tasks" storage="c:\users\ajaan\source\sdd-repos\birknext\aiassisted\backend\birknext.api.tests\bin\debug\net8.0\birknext.api.tests.dll" id="e4c9da58-8444-7f5a-f727-87beec645553">
      <Execution id="f2d7e4d8-2166-4fe4-9f10-3cea58165c9c" />
      <TestMethod codeBase="C:\Users\ajaan\source\sdd-repos\BirkNext\AIAssisted\backend\BirkNext.Api.Tests\bin\Debug\net8.0\BirkNext.Api.Tests.dll" adapterTypeName="executor://xunit/VsTestRunner2/netcoreapp" className="BirkNext.Api.Tests.Services.QualityReview.QualityReviewArtifactPrerequisiteTests" name="DeliveryReadinessPack_Becomes_Available_With_Plan_Or_Tasks" />
    </UnitTest>
    <UnitTest name="BirkNext.Api.Tests.Services.QualityReview.IntegrationQualityReviewPageBuilderTests.PageModel_UsesActiveTargetEnvironment" storage="c:\users\ajaan\source\sdd-repos\birknext\aiassisted\backend\birknext.api.tests\bin\debug\net8.0\birknext.api.tests.dll" id="041ec2e8-e600-1b90-a83c-b9e4c269dd49">
      <Execution id="41d82b77-a9ee-46a3-ae51-2f20a57c44bb" />
      <TestMethod codeBase="C:\Users\ajaan\source\sdd-repos\BirkNext\AIAssisted\backend\BirkNext.Api.Tests\bin\Debug\net8.0\BirkNext.Api.Tests.dll" adapterTypeName="executor://xunit/VsTestRunner2/netcoreapp" className="BirkNext.Api.Tests.Services.QualityReview.IntegrationQualityReviewPageBuilderTests" name="PageModel_UsesActiveTargetEnvironment" />
    </UnitTest>
    <UnitTest name="BirkNext.Api.Tests.Services.QualityReview.ApiQualityReviewPageBuilderTests.PageModel_StatusIsBlockedWhenNoEndpointsConfigured" storage="c:\users\ajaan\source\sdd-repos\birknext\aiassisted\backend\birknext.api.tests\bin\debug\net8.0\birknext.api.tests.dll" id="47c48f58-ab31-270a-922f-0d1cd5061a4e">
      <Execution id="a19786a0-7f54-4e4e-b736-2765de9e7477" />
      <TestMethod codeBase="C:\Users\ajaan\source\sdd-repos\BirkNext\AIAssisted\backend\BirkNext.Api.Tests\bin\Debug\net8.0\BirkNext.Api.Tests.dll" adapterTypeName="executor://xunit/VsTestRunner2/netcoreapp" className="BirkNext.Api.Tests.Services.QualityReview.ApiQualityReviewPageBuilderTests" name="PageModel_StatusIsBlockedWhenNoEndpointsConfigured" />
    </UnitTest>
    <UnitTest name="BirkNext.Api.Tests.Services.QualityReview.QualityReviewReadinessTests.PackCategory_Groups_Related_Packs" storage="c:\users\ajaan\source\sdd-repos\birknext\aiassisted\backend\birknext.api.tests\bin\debug\net8.0\birknext.api.tests.dll" id="dfa67358-8211-299d-990e-bd597ccd5a0a">
      <Execution id="79cbd35f-1b88-4520-b7ab-ad6f2d100050" />
      <TestMethod codeBase="C:\Users\ajaan\source\sdd-repos\BirkNext\AIAssisted\backend\BirkNext.Api.Tests\bin\Debug\net8.0\BirkNext.Api.Tests.dll" adapterTypeName="executor://xunit/VsTestRunner2/netcoreapp" className="BirkNext.Api.Tests.Services.QualityReview.QualityReviewReadinessTests" name="PackCategory_Groups_Related_Packs" />
    </UnitTest>
    <UnitTest name="BirkNext.Api.Tests.Services.QualityReview.QualityReviewPageModelServiceTests.BuildIntegrationQualityReviewModelAsync_DelegatesTo_IntegrationBuilder" storage="c:\users\ajaan\source\sdd-repos\birknext\aiassisted\backend\birknext.api.tests\bin\debug\net8.0\birknext.api.tests.dll" id="b1dad3a6-f4f6-b9bb-1745-5d42a8a3e271">
      <Execution id="ae6b914d-fe97-4526-a2f0-b8eb2ec3d4b4" />
      <TestMethod codeBase="C:\Users\ajaan\source\sdd-repos\BirkNext\AIAssisted\backend\BirkNext.Api.Tests\bin\Debug\net8.0\BirkNext.Api.Tests.dll" adapterTypeName="executor://xunit/VsTestRunner2/netcoreapp" className="BirkNext.Api.Tests.Services.QualityReview.QualityReviewPageModelServiceTests" name="BuildIntegrationQualityReviewModelAsync_DelegatesTo_IntegrationBuilder" />
    </UnitTest>
    <UnitTest name="BirkNext.Api.Tests.Services.QualityReview.IntegrationQualityReviewPageBuilderTests.PageModel_ShowsExactMissingRequirement" storage="c:\users\ajaan\source\sdd-repos\birknext\aiassisted\backend\birknext.api.tests\bin\debug\net8.0\birknext.api.tests.dll" id="2caa9bfd-cc97-01be-dfd6-0a7bdf6bad75">
      <Execution id="b7f89022-9a8a-40a4-8ceb-ae3d48b65485" />
      <TestMethod codeBase="C:\Users\ajaan\source\sdd-repos\BirkNext\AIAssisted\backend\BirkNext.Api.Tests\bin\Debug\net8.0\BirkNext.Api.Tests.dll" adapterTypeName="executor://xunit/VsTestRunner2/netcoreapp" className="BirkNext.Api.Tests.Services.QualityReview.IntegrationQualityReviewPageBuilderTests" name="PageModel_ShowsExactMissingRequirement" />
    </UnitTest>
    <UnitTest name="BirkNext.Api.Tests.Services.QualityReview.QualityReviewPageContractTests.QualityReviewPageModel_SummaryIsAlwaysPresent" storage="c:\users\ajaan\source\sdd-repos\birknext\aiassisted\backend\birknext.api.tests\bin\debug\net8.0\birknext.api.tests.dll" id="5ce745fb-5b24-73f9-3ccb-3ad15686d283">
      <Execution id="eddc234d-bc5f-4a7d-b5eb-957d0abb034d" />
      <TestMethod codeBase="C:\Users\ajaan\source\sdd-repos\BirkNext\AIAssisted\backend\BirkNext.Api.Tests\bin\Debug\net8.0\BirkNext.Api.Tests.dll" adapterTypeName="executor://xunit/VsTestRunner2/netcoreapp" className="BirkNext.Api.Tests.Services.QualityReview.QualityReviewPageContractTests" name="QualityReviewPageModel_SummaryIsAlwaysPresent" />
    </UnitTest>
    <UnitTest name="BirkNext.Api.Tests.Integration.QualityReviewPageModelIntegrationTests.Removing_Artifact_Blocks_Dependent_Packs" storage="c:\users\ajaan\source\sdd-repos\birknext\aiassisted\backend\birknext.api.tests\bin\debug\net8.0\birknext.api.tests.dll" id="4f505be3-54d6-5f3b-eb08-ef982d533b2b">
      <Execution id="debb9fe2-206a-48dc-93a2-83dba2cbbcc4" />
      <TestMethod codeBase="C:\Users\ajaan\source\sdd-repos\BirkNext\AIAssisted\backend\BirkNext.Api.Tests\bin\Debug\net8.0\BirkNext.Api.Tests.dll" adapterTypeName="executor://xunit/VsTestRunner2/netcoreapp" className="BirkNext.Api.Tests.Integration.QualityReviewPageModelIntegrationTests" name="Removing_Artifact_Blocks_Dependent_Packs" />
    </UnitTest>
    <UnitTest name="BirkNext.Api.Tests.Controllers.QualityReviewPageModelControllerTests.Route_UsesFrontendQualityPageModelPath" storage="c:\users\ajaan\source\sdd-repos\birknext\aiassisted\backend\birknext.api.tests\bin\debug\net8.0\birknext.api.tests.dll" id="e50ced30-8ba2-3277-c559-3b3c28b874e1">
      <Execution id="9e8a9928-8463-4d19-b8e1-d0957b7363a2" />
      <TestMethod codeBase="C:\Users\ajaan\source\sdd-repos\BirkNext\AIAssisted\backend\BirkNext.Api.Tests\bin\Debug\net8.0\BirkNext.Api.Tests.dll" adapterTypeName="executor://xunit/VsTestRunner2/netcoreapp" className="BirkNext.Api.Tests.Controllers.QualityReviewPageModelControllerTests" name="Route_UsesFrontendQualityPageModelPath" />
    </UnitTest>
    <UnitTest name="BirkNext.Api.Tests.Services.QualityReview.QualityReviewReadinessTests.PageModel_StatusEnum_NeverUses_Strings" storage="c:\users\ajaan\source\sdd-repos\birknext\aiassisted\backend\birknext.api.tests\bin\debug\net8.0\birknext.api.tests.dll" id="d352c273-65a5-5029-217b-aaab312724d7">
      <Execution id="1bc5a6b3-d8e8-4e63-a866-1b2801b46331" />
      <TestMethod codeBase="C:\Users\ajaan\source\sdd-repos\BirkNext\AIAssisted\backend\BirkNext.Api.Tests\bin\Debug\net8.0\BirkNext.Api.Tests.dll" adapterTypeName="executor://xunit/VsTestRunner2/netcoreapp" className="BirkNext.Api.Tests.Services.QualityReview.QualityReviewReadinessTests" name="PageModel_StatusEnum_NeverUses_Strings" />
    </UnitTest>
    <UnitTest name="BirkNext.Api.Tests.Services.QualityReview.QualityReviewPageContractTests.QualityReviewCheck_HasRequiredProperties" storage="c:\users\ajaan\source\sdd-repos\birknext\aiassisted\backend\birknext.api.tests\bin\debug\net8.0\birknext.api.tests.dll" id="085d8ca7-3b55-cb03-f5f8-dea9c1410fa7">
      <Execution id="fa8120d2-26ec-41e1-b35c-977488e1d912" />
      <TestMethod codeBase="C:\Users\ajaan\source\sdd-repos\BirkNext\AIAssisted\backend\BirkNext.Api.Tests\bin\Debug\net8.0\BirkNext.Api.Tests.dll" adapterTypeName="executor://xunit/VsTestRunner2/netcoreapp" className="BirkNext.Api.Tests.Services.QualityReview.QualityReviewPageContractTests" name="QualityReviewCheck_HasRequiredProperties" />
    </UnitTest>
    <UnitTest name="BirkNext.Api.Tests.Integration.QualityReviewPageModelIntegrationTests.Page_Model_Lists_Exact_Missing_Prerequisites" storage="c:\users\ajaan\source\sdd-repos\birknext\aiassisted\backend\birknext.api.tests\bin\debug\net8.0\birknext.api.tests.dll" id="b5230191-289e-9788-1fbc-6bff3b505e99">
      <Execution id="25f3b0d6-1169-4020-9904-98861706b6da" />
      <TestMethod codeBase="C:\Users\ajaan\source\sdd-repos\BirkNext\AIAssisted\backend\BirkNext.Api.Tests\bin\Debug\net8.0\BirkNext.Api.Tests.dll" adapterTypeName="executor://xunit/VsTestRunner2/netcoreapp" className="BirkNext.Api.Tests.Integration.QualityReviewPageModelIntegrationTests" name="Page_Model_Lists_Exact_Missing_Prerequisites" />
    </UnitTest>
    <UnitTest name="BirkNext.Api.Tests.Services.QualityReview.QualityReviewPageBuilderTests.PageModel_ExposesMissingPrerequisites" storage="c:\users\ajaan\source\sdd-repos\birknext\aiassisted\backend\birknext.api.tests\bin\debug\net8.0\birknext.api.tests.dll" id="d71982c6-31de-0d20-5de8-426712575145">
      <Execution id="62c717c8-90c1-468f-9d24-84dd3738b901" />
      <TestMethod codeBase="C:\Users\ajaan\source\sdd-repos\BirkNext\AIAssisted\backend\BirkNext.Api.Tests\bin\Debug\net8.0\BirkNext.Api.Tests.dll" adapterTypeName="executor://xunit/VsTestRunner2/netcoreapp" className="BirkNext.Api.Tests.Services.QualityReview.QualityReviewPageBuilderTests" name="PageModel_ExposesMissingPrerequisites" />
    </UnitTest>
    <UnitTest name="BirkNext.Api.Tests.Services.QualityReview.ApiQualityReviewPageBuilderTests.PageModel_StatusIsAvailableWhenAtLeastOneEndpointExists" storage="c:\users\ajaan\source\sdd-repos\birknext\aiassisted\backend\birknext.api.tests\bin\debug\net8.0\birknext.api.tests.dll" id="becdd1b1-5eb7-7ca9-bdb8-e0025f7e6579">
      <Execution id="5cadb27a-7c80-46fa-9ecb-99aca280d4b9" />
      <TestMethod codeBase="C:\Users\ajaan\source\sdd-repos\BirkNext\AIAssisted\backend\BirkNext.Api.Tests\bin\Debug\net8.0\BirkNext.Api.Tests.dll" adapterTypeName="executor://xunit/VsTestRunner2/netcoreapp" className="BirkNext.Api.Tests.Services.QualityReview.ApiQualityReviewPageBuilderTests" name="PageModel_StatusIsAvailableWhenAtLeastOneEndpointExists" />
    </UnitTest>
    <UnitTest name="BirkNext.Api.Tests.Services.QualityReview.QualityReviewPageModelServiceTests.BuildApiQualityReviewModelAsync_DelegatesTo_ApiBuilder" storage="c:\users\ajaan\source\sdd-repos\birknext\aiassisted\backend\birknext.api.tests\bin\debug\net8.0\birknext.api.tests.dll" id="91ff7a1f-0e10-5482-9cc7-b767657efd98">
      <Execution id="112072e5-8ddc-4606-85f0-47273e172cb1" />
      <TestMethod codeBase="C:\Users\ajaan\source\sdd-repos\BirkNext\AIAssisted\backend\BirkNext.Api.Tests\bin\Debug\net8.0\BirkNext.Api.Tests.dll" adapterTypeName="executor://xunit/VsTestRunner2/netcoreapp" className="BirkNext.Api.Tests.Services.QualityReview.QualityReviewPageModelServiceTests" name="BuildApiQualityReviewModelAsync_DelegatesTo_ApiBuilder" />
    </UnitTest>
    <UnitTest name="BirkNext.Api.Tests.Services.QualityReview.QualityReviewPageContractTests.QualityReviewPack_MissingInputsIsList" storage="c:\users\ajaan\source\sdd-repos\birknext\aiassisted\backend\birknext.api.tests\bin\debug\net8.0\birknext.api.tests.dll" id="df9553be-20aa-7031-428b-628b5792dcde">
      <Execution id="8bcc90ed-883b-4df0-b923-3572882d4956" />
      <TestMethod codeBase="C:\Users\ajaan\source\sdd-repos\BirkNext\AIAssisted\backend\BirkNext.Api.Tests\bin\Debug\net8.0\BirkNext.Api.Tests.dll" adapterTypeName="executor://xunit/VsTestRunner2/netcoreapp" className="BirkNext.Api.Tests.Services.QualityReview.QualityReviewPageContractTests" name="QualityReviewPack_MissingInputsIsList" />
    </UnitTest>
    <UnitTest name="BirkNext.Api.Tests.Services.QualityReview.FrontendQualityReviewPageBuilderTests.PageModel_StatusIsAvailableWhenTargetUrlExists" storage="c:\users\ajaan\source\sdd-repos\birknext\aiassisted\backend\birknext.api.tests\bin\debug\net8.0\birknext.api.tests.dll" id="3ef192db-d07d-44c5-bf73-57dd98d026f6">
      <Execution id="b0362613-3d5e-486b-ac55-8050913c23be" />
      <TestMethod codeBase="C:\Users\ajaan\source\sdd-repos\BirkNext\AIAssisted\backend\BirkNext.Api.Tests\bin\Debug\net8.0\BirkNext.Api.Tests.dll" adapterTypeName="executor://xunit/VsTestRunner2/netcoreapp" className="BirkNext.Api.Tests.Services.QualityReview.FrontendQualityReviewPageBuilderTests" name="PageModel_StatusIsAvailableWhenTargetUrlExists" />
    </UnitTest>
    <UnitTest name="BirkNext.Api.Tests.Services.QualityReview.QualityReviewPageContractTests.QualityReviewPageModel_CanBeCreatedWithValidData" storage="c:\users\ajaan\source\sdd-repos\birknext\aiassisted\backend\birknext.api.tests\bin\debug\net8.0\birknext.api.tests.dll" id="2e43978e-5da2-241b-b8fc-d088f4d509bd">
      <Execution id="84f64e87-07a3-4793-b7d3-471c4c1c154c" />
      <TestMethod codeBase="C:\Users\ajaan\source\sdd-repos\BirkNext\AIAssisted\backend\BirkNext.Api.Tests\bin\Debug\net8.0\BirkNext.Api.Tests.dll" adapterTypeName="executor://xunit/VsTestRunner2/netcoreapp" className="BirkNext.Api.Tests.Services.QualityReview.QualityReviewPageContractTests" name="QualityReviewPageModel_CanBeCreatedWithValidData" />
    </UnitTest>
    <UnitTest name="BirkNext.Api.Tests.Services.QualityReview.QualityReviewPageBuilderTests.PageModel_AvailableWhenSomePacksHavePrerequisites" storage="c:\users\ajaan\source\sdd-repos\birknext\aiassisted\backend\birknext.api.tests\bin\debug\net8.0\birknext.api.tests.dll" id="abdd1f9f-dbf4-9ea0-2969-41d8206bf339">
      <Execution id="8a05f61a-91fb-4ce6-b841-1953883c236e" />
      <TestMethod codeBase="C:\Users\ajaan\source\sdd-repos\BirkNext\AIAssisted\backend\BirkNext.Api.Tests\bin\Debug\net8.0\BirkNext.Api.Tests.dll" adapterTypeName="executor://xunit/VsTestRunner2/netcoreapp" className="BirkNext.Api.Tests.Services.QualityReview.QualityReviewPageBuilderTests" name="PageModel_AvailableWhenSomePacksHavePrerequisites" />
    </UnitTest>
    <UnitTest name="BirkNext.Api.Tests.Services.QualityReview.QualityReviewPageContractTests.QualityReviewPageModel_AllPropertiesAreInitializable" storage="c:\users\ajaan\source\sdd-repos\birknext\aiassisted\backend\birknext.api.tests\bin\debug\net8.0\birknext.api.tests.dll" id="0c575b10-bfdf-6920-1d0c-e7886f964101">
      <Execution id="e451bbec-9de1-429d-a03a-ad9050d952f9" />
      <TestMethod codeBase="C:\Users\ajaan\source\sdd-repos\BirkNext\AIAssisted\backend\BirkNext.Api.Tests\bin\Debug\net8.0\BirkNext.Api.Tests.dll" adapterTypeName="executor://xunit/VsTestRunner2/netcoreapp" className="BirkNext.Api.Tests.Services.QualityReview.QualityReviewPageContractTests" name="QualityReviewPageModel_AllPropertiesAreInitializable" />
    </UnitTest>
    <UnitTest name="BirkNext.Api.Tests.Services.QualityReview.QualityReviewReadinessTests.AllPacks_With_Available_Status_Can_Run" storage="c:\users\ajaan\source\sdd-repos\birknext\aiassisted\backend\birknext.api.tests\bin\debug\net8.0\birknext.api.tests.dll" id="ffd5fb9d-0baf-ac4f-a0c4-87ec63dc0269">
      <Execution id="06086030-1ea8-4f29-b1d3-9eee824cd8c1" />
      <TestMethod codeBase="C:\Users\ajaan\source\sdd-repos\BirkNext\AIAssisted\backend\BirkNext.Api.Tests\bin\Debug\net8.0\BirkNext.Api.Tests.dll" adapterTypeName="executor://xunit/VsTestRunner2/netcoreapp" className="BirkNext.Api.Tests.Services.QualityReview.QualityReviewReadinessTests" name="AllPacks_With_Available_Status_Can_Run" />
    </UnitTest>
    <UnitTest name="BirkNext.Api.Tests.Services.QualityReview.QualityReviewArtifactPrerequisiteTests.DataModelQualityPack_Becomes_Available_When_DataModel_Loaded" storage="c:\users\ajaan\source\sdd-repos\birknext\aiassisted\backend\birknext.api.tests\bin\debug\net8.0\birknext.api.tests.dll" id="476597d9-0f3a-685b-816c-50bd998bff1f">
      <Execution id="9a8006f1-c6a5-47e8-b5fa-b092399aa1dd" />
      <TestMethod codeBase="C:\Users\ajaan\source\sdd-repos\BirkNext\AIAssisted\backend\BirkNext.Api.Tests\bin\Debug\net8.0\BirkNext.Api.Tests.dll" adapterTypeName="executor://xunit/VsTestRunner2/netcoreapp" className="BirkNext.Api.Tests.Services.QualityReview.QualityReviewArtifactPrerequisiteTests" name="DataModelQualityPack_Becomes_Available_When_DataModel_Loaded" />
    </UnitTest>
    <UnitTest name="BirkNext.Api.Tests.Services.QualityReview.ApiQualityReviewPageBuilderTests.PageModel_BlockedIsNotFail" storage="c:\users\ajaan\source\sdd-repos\birknext\aiassisted\backend\birknext.api.tests\bin\debug\net8.0\birknext.api.tests.dll" id="3bb7397e-6652-386f-d441-6b2ee82e9dcd">
      <Execution id="c4e98400-d355-4dcb-9319-475f189758b1" />
      <TestMethod codeBase="C:\Users\ajaan\source\sdd-repos\BirkNext\AIAssisted\backend\BirkNext.Api.Tests\bin\Debug\net8.0\BirkNext.Api.Tests.dll" adapterTypeName="executor://xunit/VsTestRunner2/netcoreapp" className="BirkNext.Api.Tests.Services.QualityReview.ApiQualityReviewPageBuilderTests" name="PageModel_BlockedIsNotFail" />
    </UnitTest>
    <UnitTest name="BirkNext.Api.Tests.Services.QualityReview.QualityReviewReadinessTests.PageModel_IsBlocked_When_NoPacks_Available" storage="c:\users\ajaan\source\sdd-repos\birknext\aiassisted\backend\birknext.api.tests\bin\debug\net8.0\birknext.api.tests.dll" id="f84a1ef5-c4f1-70fd-64f6-5bc53fb98bc7">
      <Execution id="1b9c7f73-7ad6-470a-8f18-869dfa34ce5d" />
      <TestMethod codeBase="C:\Users\ajaan\source\sdd-repos\BirkNext\AIAssisted\backend\BirkNext.Api.Tests\bin\Debug\net8.0\BirkNext.Api.Tests.dll" adapterTypeName="executor://xunit/VsTestRunner2/netcoreapp" className="BirkNext.Api.Tests.Services.QualityReview.QualityReviewReadinessTests" name="PageModel_IsBlocked_When_NoPacks_Available" />
    </UnitTest>
    <UnitTest name="BirkNext.Api.Tests.Services.QualityReview.QualityReviewArtifactPrerequisiteTests.ConstitutionCompliancePack_Becomes_Available_When_Constitution_Loaded" storage="c:\users\ajaan\source\sdd-repos\birknext\aiassisted\backend\birknext.api.tests\bin\debug\net8.0\birknext.api.tests.dll" id="61532cbb-461a-fa7f-55ea-8470b273ebee">
      <Execution id="8094fa9f-10c1-4100-8ed2-abd3fe712ee2" />
      <TestMethod codeBase="C:\Users\ajaan\source\sdd-repos\BirkNext\AIAssisted\backend\BirkNext.Api.Tests\bin\Debug\net8.0\BirkNext.Api.Tests.dll" adapterTypeName="executor://xunit/VsTestRunner2/netcoreapp" className="BirkNext.Api.Tests.Services.QualityReview.QualityReviewArtifactPrerequisiteTests" name="ConstitutionCompliancePack_Becomes_Available_When_Constitution_Loaded" />
    </UnitTest>
    <UnitTest name="BirkNext.Api.Tests.Services.QualityReview.ApiQualityReviewPageBuilderTests.PageModel_ShowsExactMissingEndpoints" storage="c:\users\ajaan\source\sdd-repos\birknext\aiassisted\backend\birknext.api.tests\bin\debug\net8.0\birknext.api.tests.dll" id="601546d9-ff0a-2377-5516-1d768a1af974">
      <Execution id="6a634e4c-eea6-455b-b71e-f27cdcbe14a0" />
      <TestMethod codeBase="C:\Users\ajaan\source\sdd-repos\BirkNext\AIAssisted\backend\BirkNext.Api.Tests\bin\Debug\net8.0\BirkNext.Api.Tests.dll" adapterTypeName="executor://xunit/VsTestRunner2/netcoreapp" className="BirkNext.Api.Tests.Services.QualityReview.ApiQualityReviewPageBuilderTests" name="PageModel_ShowsExactMissingEndpoints" />
    </UnitTest>
    <UnitTest name="BirkNext.Api.Tests.Services.QualityReview.QualityReviewReadinessTests.Blocked_Status_Is_Not_Fail" storage="c:\users\ajaan\source\sdd-repos\birknext\aiassisted\backend\birknext.api.tests\bin\debug\net8.0\birknext.api.tests.dll" id="e2cdcc6d-6fa9-b082-ec09-b633e0f04fc0">
      <Execution id="2ea1ca55-53fe-44f9-9cb8-bfb577d7bd4c" />
      <TestMethod codeBase="C:\Users\ajaan\source\sdd-repos\BirkNext\AIAssisted\backend\BirkNext.Api.Tests\bin\Debug\net8.0\BirkNext.Api.Tests.dll" adapterTypeName="executor://xunit/VsTestRunner2/netcoreapp" className="BirkNext.Api.Tests.Services.QualityReview.QualityReviewReadinessTests" name="Blocked_Status_Is_Not_Fail" />
    </UnitTest>
    <UnitTest name="BirkNext.Api.Tests.Services.QualityReview.QualityReviewPageContractTests.QualityReviewCheck_StatusCanBeAnyValidValue" storage="c:\users\ajaan\source\sdd-repos\birknext\aiassisted\backend\birknext.api.tests\bin\debug\net8.0\birknext.api.tests.dll" id="b8fa9093-2de3-0c82-c8d7-ae8d6c84af11">
      <Execution id="e458c438-968e-4c13-ba29-83c55d99e7a9" />
      <TestMethod codeBase="C:\Users\ajaan\source\sdd-repos\BirkNext\AIAssisted\backend\BirkNext.Api.Tests\bin\Debug\net8.0\BirkNext.Api.Tests.dll" adapterTypeName="executor://xunit/VsTestRunner2/netcoreapp" className="BirkNext.Api.Tests.Services.QualityReview.QualityReviewPageContractTests" name="QualityReviewCheck_StatusCanBeAnyValidValue" />
    </UnitTest>
    <UnitTest name="BirkNext.Api.Tests.Integration.QualityReviewPageModelIntegrationTests.ArtifactUpload_Updates_PageModel_Correctly" storage="c:\users\ajaan\source\sdd-repos\birknext\aiassisted\backend\birknext.api.tests\bin\debug\net8.0\birknext.api.tests.dll" id="082d5770-ed59-18d1-db4f-97444f6e27e1">
      <Execution id="f287999c-c0fb-4f42-8ca2-0bd1b5fd90cd" />
      <TestMethod codeBase="C:\Users\ajaan\source\sdd-repos\BirkNext\AIAssisted\backend\BirkNext.Api.Tests\bin\Debug\net8.0\BirkNext.Api.Tests.dll" adapterTypeName="executor://xunit/VsTestRunner2/netcoreapp" className="BirkNext.Api.Tests.Integration.QualityReviewPageModelIntegrationTests" name="ArtifactUpload_Updates_PageModel_Correctly" />
    </UnitTest>
    <UnitTest name="BirkNext.Api.Tests.Services.QualityReview.QualityReviewPageContractTests.QualityReviewPack_StatusCanBeAnyValidValue" storage="c:\users\ajaan\source\sdd-repos\birknext\aiassisted\backend\birknext.api.tests\bin\debug\net8.0\birknext.api.tests.dll" id="963c36d8-47f9-2970-ae8a-3fc340c40a4a">
      <Execution id="646b10ab-cb0d-43a5-b5b1-940b9bf594f8" />
      <TestMethod codeBase="C:\Users\ajaan\source\sdd-repos\BirkNext\AIAssisted\backend\BirkNext.Api.Tests\bin\Debug\net8.0\BirkNext.Api.Tests.dll" adapterTypeName="executor://xunit/VsTestRunner2/netcoreapp" className="BirkNext.Api.Tests.Services.QualityReview.QualityReviewPageContractTests" name="QualityReviewPack_StatusCanBeAnyValidValue" />
    </UnitTest>
    <UnitTest name="BirkNext.Api.Tests.Services.QualityReview.QualityReviewPageContractTests.QualityReviewPack_HasRequiredProperties" storage="c:\users\ajaan\source\sdd-repos\birknext\aiassisted\backend\birknext.api.tests\bin\debug\net8.0\birknext.api.tests.dll" id="0c4d9720-5e03-81d9-3066-0f5445c08468">
      <Execution id="37f72732-1090-4fc4-a28a-e19ff9821a24" />
      <TestMethod codeBase="C:\Users\ajaan\source\sdd-repos\BirkNext\AIAssisted\backend\BirkNext.Api.Tests\bin\Debug\net8.0\BirkNext.Api.Tests.dll" adapterTypeName="executor://xunit/VsTestRunner2/netcoreapp" className="BirkNext.Api.Tests.Services.QualityReview.QualityReviewPageContractTests" name="QualityReviewPack_HasRequiredProperties" />
    </UnitTest>
    <UnitTest name="BirkNext.Api.Tests.Services.QualityReview.FrontendQualityReviewPageBuilderTests.PageModel_MissingAuthIsWarningNotBlocked" storage="c:\users\ajaan\source\sdd-repos\birknext\aiassisted\backend\birknext.api.tests\bin\debug\net8.0\birknext.api.tests.dll" id="763feb6f-eca0-33ff-f9df-0d1f597c09ea">
      <Execution id="e37e4cf9-8f65-4f06-9652-2f043ef886fa" />
      <TestMethod codeBase="C:\Users\ajaan\source\sdd-repos\BirkNext\AIAssisted\backend\BirkNext.Api.Tests\bin\Debug\net8.0\BirkNext.Api.Tests.dll" adapterTypeName="executor://xunit/VsTestRunner2/netcoreapp" className="BirkNext.Api.Tests.Services.QualityReview.FrontendQualityReviewPageBuilderTests" name="PageModel_MissingAuthIsWarningNotBlocked" />
    </UnitTest>
    <UnitTest name="BirkNext.Api.Tests.Integration.QualityReviewPageModelIntegrationTests.Readiness_Message_Explains_Missing_Requirements" storage="c:\users\ajaan\source\sdd-repos\birknext\aiassisted\backend\birknext.api.tests\bin\debug\net8.0\birknext.api.tests.dll" id="e1390f6e-d45d-71fd-0b51-b298007e5dd1">
      <Execution id="31a62b2f-12d3-44b5-819d-d13e6f0be638" />
      <TestMethod codeBase="C:\Users\ajaan\source\sdd-repos\BirkNext\AIAssisted\backend\BirkNext.Api.Tests\bin\Debug\net8.0\BirkNext.Api.Tests.dll" adapterTypeName="executor://xunit/VsTestRunner2/netcoreapp" className="BirkNext.Api.Tests.Integration.QualityReviewPageModelIntegrationTests" name="Readiness_Message_Explains_Missing_Requirements" />
    </UnitTest>
    <UnitTest name="BirkNext.Api.Tests.Services.QualityReview.FrontendQualityReviewPageBuilderTests.PageModel_TargetEnvironmentDeterminesReadiness" storage="c:\users\ajaan\source\sdd-repos\birknext\aiassisted\backend\birknext.api.tests\bin\debug\net8.0\birknext.api.tests.dll" id="7cd12258-5dd0-b5c3-52c2-53cb97b146be">
      <Execution id="cf2e7ad8-5842-4819-955d-b2176033fafb" />
      <TestMethod codeBase="C:\Users\ajaan\source\sdd-repos\BirkNext\AIAssisted\backend\BirkNext.Api.Tests\bin\Debug\net8.0\BirkNext.Api.Tests.dll" adapterTypeName="executor://xunit/VsTestRunner2/netcoreapp" className="BirkNext.Api.Tests.Services.QualityReview.FrontendQualityReviewPageBuilderTests" name="PageModel_TargetEnvironmentDeterminesReadiness" />
    </UnitTest>
    <UnitTest name="BirkNext.Api.Tests.Services.QualityReview.QualityReviewArtifactPrerequisiteTests.Multiple_Artifacts_Are_Detected_Correctly" storage="c:\users\ajaan\source\sdd-repos\birknext\aiassisted\backend\birknext.api.tests\bin\debug\net8.0\birknext.api.tests.dll" id="7ba18821-5906-9bde-13b5-00e96c290d17">
      <Execution id="cc765bf4-8dbc-4492-bee8-8cccc2f8c8d9" />
      <TestMethod codeBase="C:\Users\ajaan\source\sdd-repos\BirkNext\AIAssisted\backend\BirkNext.Api.Tests\bin\Debug\net8.0\BirkNext.Api.Tests.dll" adapterTypeName="executor://xunit/VsTestRunner2/netcoreapp" className="BirkNext.Api.Tests.Services.QualityReview.QualityReviewArtifactPrerequisiteTests" name="Multiple_Artifacts_Are_Detected_Correctly" />
    </UnitTest>
    <UnitTest name="BirkNext.Api.Tests.Services.QualityReview.IntegrationQualityReviewPageBuilderTests.PageModel_StatusIsAvailableWhenIntegrationConfigured" storage="c:\users\ajaan\source\sdd-repos\birknext\aiassisted\backend\birknext.api.tests\bin\debug\net8.0\birknext.api.tests.dll" id="55b68866-6d44-1274-fb83-4b716a591c99">
      <Execution id="cde31803-99ff-4498-9ffd-c369799a47fc" />
      <TestMethod codeBase="C:\Users\ajaan\source\sdd-repos\BirkNext\AIAssisted\backend\BirkNext.Api.Tests\bin\Debug\net8.0\BirkNext.Api.Tests.dll" adapterTypeName="executor://xunit/VsTestRunner2/netcoreapp" className="BirkNext.Api.Tests.Services.QualityReview.IntegrationQualityReviewPageBuilderTests" name="PageModel_StatusIsAvailableWhenIntegrationConfigured" />
    </UnitTest>
    <UnitTest name="BirkNext.Api.Tests.Services.QualityReview.QualityReviewArtifactPrerequisiteTests.QAAuditorPack_Becomes_Available_When_Specification_Loaded" storage="c:\users\ajaan\source\sdd-repos\birknext\aiassisted\backend\birknext.api.tests\bin\debug\net8.0\birknext.api.tests.dll" id="0087fba3-eda8-a5b2-21d2-b5f561441e16">
      <Execution id="5e68dbdd-bdbe-4d59-87c9-bd763803a619" />
      <TestMethod codeBase="C:\Users\ajaan\source\sdd-repos\BirkNext\AIAssisted\backend\BirkNext.Api.Tests\bin\Debug\net8.0\BirkNext.Api.Tests.dll" adapterTypeName="executor://xunit/VsTestRunner2/netcoreapp" className="BirkNext.Api.Tests.Services.QualityReview.QualityReviewArtifactPrerequisiteTests" name="QAAuditorPack_Becomes_Available_When_Specification_Loaded" />
    </UnitTest>
    <UnitTest name="BirkNext.Api.Tests.Services.QualityReview.QualityReviewPageBuilderTests.PageModel_RequiredInputsDefinePack" storage="c:\users\ajaan\source\sdd-repos\birknext\aiassisted\backend\birknext.api.tests\bin\debug\net8.0\birknext.api.tests.dll" id="7dd7566a-9dac-5f81-777a-9e4a1876ab27">
      <Execution id="b9e5b7d2-ca4b-4d38-b05b-850088338344" />
      <TestMethod codeBase="C:\Users\ajaan\source\sdd-repos\BirkNext\AIAssisted\backend\BirkNext.Api.Tests\bin\Debug\net8.0\BirkNext.Api.Tests.dll" adapterTypeName="executor://xunit/VsTestRunner2/netcoreapp" className="BirkNext.Api.Tests.Services.QualityReview.QualityReviewPageBuilderTests" name="PageModel_RequiredInputsDefinePack" />
    </UnitTest>
    <UnitTest name="BirkNext.Api.Tests.Integration.QualityReviewPageModelIntegrationTests.Run_Button_Enabled_Only_When_Packs_Available" storage="c:\users\ajaan\source\sdd-repos\birknext\aiassisted\backend\birknext.api.tests\bin\debug\net8.0\birknext.api.tests.dll" id="39e9c65a-ba45-abef-10a5-5a409bbfc6e9">
      <Execution id="9edcf0f8-dd63-45c0-a003-8ca63b91b8e6" />
      <TestMethod codeBase="C:\Users\ajaan\source\sdd-repos\BirkNext\AIAssisted\backend\BirkNext.Api.Tests\bin\Debug\net8.0\BirkNext.Api.Tests.dll" adapterTypeName="executor://xunit/VsTestRunner2/netcoreapp" className="BirkNext.Api.Tests.Integration.QualityReviewPageModelIntegrationTests" name="Run_Button_Enabled_Only_When_Packs_Available" />
    </UnitTest>
    <UnitTest name="BirkNext.Api.Tests.Services.QualityReview.IntegrationQualityReviewPageBuilderTests.PageModel_StatusIsBlockedWhenNoIntegrationsConfigured" storage="c:\users\ajaan\source\sdd-repos\birknext\aiassisted\backend\birknext.api.tests\bin\debug\net8.0\birknext.api.tests.dll" id="4930c000-8b93-f4d8-28d5-5077beb9cb32">
      <Execution id="62abffde-ba76-4fef-a1ae-faa96a4edf1c" />
      <TestMethod codeBase="C:\Users\ajaan\source\sdd-repos\BirkNext\AIAssisted\backend\BirkNext.Api.Tests\bin\Debug\net8.0\BirkNext.Api.Tests.dll" adapterTypeName="executor://xunit/VsTestRunner2/netcoreapp" className="BirkNext.Api.Tests.Services.QualityReview.IntegrationQualityReviewPageBuilderTests" name="PageModel_StatusIsBlockedWhenNoIntegrationsConfigured" />
    </UnitTest>
    <UnitTest name="BirkNext.Api.Tests.Services.QualityReview.QualityReviewPageModelServiceTests.BuildFrontendQualityReviewModelAsync_DelegatesTo_FrontendBuilder" storage="c:\users\ajaan\source\sdd-repos\birknext\aiassisted\backend\birknext.api.tests\bin\debug\net8.0\birknext.api.tests.dll" id="54b575f9-7425-4df4-66f4-fd522e08a1fd">
      <Execution id="9111e40a-cd84-43de-9d0e-fcecca808ec1" />
      <TestMethod codeBase="C:\Users\ajaan\source\sdd-repos\BirkNext\AIAssisted\backend\BirkNext.Api.Tests\bin\Debug\net8.0\BirkNext.Api.Tests.dll" adapterTypeName="executor://xunit/VsTestRunner2/netcoreapp" className="BirkNext.Api.Tests.Services.QualityReview.QualityReviewPageModelServiceTests" name="BuildFrontendQualityReviewModelAsync_DelegatesTo_FrontendBuilder" />
    </UnitTest>
    <UnitTest name="BirkNext.Api.Tests.Services.QualityReview.QualityReviewPageBuilderTests.PageModel_StatusReflectsBlockedPrerequisites" storage="c:\users\ajaan\source\sdd-repos\birknext\aiassisted\backend\birknext.api.tests\bin\debug\net8.0\birknext.api.tests.dll" id="23940414-d49d-6214-b34d-e404bf4975f6">
      <Execution id="273c6d57-e793-45cc-ab79-847e17bb498e" />
      <TestMethod codeBase="C:\Users\ajaan\source\sdd-repos\BirkNext\AIAssisted\backend\BirkNext.Api.Tests\bin\Debug\net8.0\BirkNext.Api.Tests.dll" adapterTypeName="executor://xunit/VsTestRunner2/netcoreapp" className="BirkNext.Api.Tests.Services.QualityReview.QualityReviewPageBuilderTests" name="PageModel_StatusReflectsBlockedPrerequisites" />
    </UnitTest>
    <UnitTest name="BirkNext.Api.Tests.Services.QualityReview.FrontendQualityReviewPageBuilderTests.PageModel_ShowsAnalyzedAreas" storage="c:\users\ajaan\source\sdd-repos\birknext\aiassisted\backend\birknext.api.tests\bin\debug\net8.0\birknext.api.tests.dll" id="23079d45-9ec3-8b99-cc6b-45564035ea8f">
      <Execution id="69f59c53-918c-4b1a-8afa-6b6874bb3c3d" />
      <TestMethod codeBase="C:\Users\ajaan\source\sdd-repos\BirkNext\AIAssisted\backend\BirkNext.Api.Tests\bin\Debug\net8.0\BirkNext.Api.Tests.dll" adapterTypeName="executor://xunit/VsTestRunner2/netcoreapp" className="BirkNext.Api.Tests.Services.QualityReview.FrontendQualityReviewPageBuilderTests" name="PageModel_ShowsAnalyzedAreas" />
    </UnitTest>
    <UnitTest name="BirkNext.Api.Tests.Services.QualityReview.IntegrationQualityReviewPageBuilderTests.PageModel_ListsEnabledIntegrations" storage="c:\users\ajaan\source\sdd-repos\birknext\aiassisted\backend\birknext.api.tests\bin\debug\net8.0\birknext.api.tests.dll" id="1ceeeb64-caed-66d8-7047-b173faf7b9dd">
      <Execution id="f0050d8a-43cf-48c8-9746-4de36c360f78" />
      <TestMethod codeBase="C:\Users\ajaan\source\sdd-repos\BirkNext\AIAssisted\backend\BirkNext.Api.Tests\bin\Debug\net8.0\BirkNext.Api.Tests.dll" adapterTypeName="executor://xunit/VsTestRunner2/netcoreapp" className="BirkNext.Api.Tests.Services.QualityReview.IntegrationQualityReviewPageBuilderTests" name="PageModel_ListsEnabledIntegrations" />
    </UnitTest>
  </TestDefinitions>
  <TestEntries>
    <TestEntry testId="f84a1ef5-c4f1-70fd-64f6-5bc53fb98bc7" executionId="1b9c7f73-7ad6-470a-8f18-869dfa34ce5d" testListId="8c84fa94-04c1-424b-9868-57a2d4851a1d" />
    <TestEntry testId="55b68866-6d44-1274-fb83-4b716a591c99" executionId="cde31803-99ff-4498-9ffd-c369799a47fc" testListId="8c84fa94-04c1-424b-9868-57a2d4851a1d" />
    <TestEntry testId="085d8ca7-3b55-cb03-f5f8-dea9c1410fa7" executionId="fa8120d2-26ec-41e1-b35c-977488e1d912" testListId="8c84fa94-04c1-424b-9868-57a2d4851a1d" />
    <TestEntry testId="763feb6f-eca0-33ff-f9df-0d1f597c09ea" executionId="e37e4cf9-8f65-4f06-9652-2f043ef886fa" testListId="8c84fa94-04c1-424b-9868-57a2d4851a1d" />
    <TestEntry testId="b8fa9093-2de3-0c82-c8d7-ae8d6c84af11" executionId="e458c438-968e-4c13-ba29-83c55d99e7a9" testListId="8c84fa94-04c1-424b-9868-57a2d4851a1d" />
    <TestEntry testId="abdd1f9f-dbf4-9ea0-2969-41d8206bf339" executionId="8a05f61a-91fb-4ce6-b841-1953883c236e" testListId="8c84fa94-04c1-424b-9868-57a2d4851a1d" />
    <TestEntry testId="3bb7397e-6652-386f-d441-6b2ee82e9dcd" executionId="c4e98400-d355-4dcb-9319-475f189758b1" testListId="8c84fa94-04c1-424b-9868-57a2d4851a1d" />
    <TestEntry testId="91ff7a1f-0e10-5482-9cc7-b767657efd98" executionId="112072e5-8ddc-4606-85f0-47273e172cb1" testListId="8c84fa94-04c1-424b-9868-57a2d4851a1d" />
    <TestEntry testId="8389594b-4d6a-7f90-55b0-2b28b8dc08e1" executionId="13105a8b-0fe7-49e5-bd35-689ec7f208f3" testListId="8c84fa94-04c1-424b-9868-57a2d4851a1d" />
    <TestEntry testId="082d5770-ed59-18d1-db4f-97444f6e27e1" executionId="f287999c-c0fb-4f42-8ca2-0bd1b5fd90cd" testListId="8c84fa94-04c1-424b-9868-57a2d4851a1d" />
    <TestEntry testId="9c854cc5-170c-b829-c7bd-b96599f6e4a2" executionId="53e8999a-63fc-4f58-b1b3-40418064944b" testListId="8c84fa94-04c1-424b-9868-57a2d4851a1d" />
    <TestEntry testId="b112c845-f0d6-fc18-ead5-4ea3e4995184" executionId="19109b1b-6b93-45e6-844e-a75d508752ad" testListId="8c84fa94-04c1-424b-9868-57a2d4851a1d" />
    <TestEntry testId="dfa67358-8211-299d-990e-bd597ccd5a0a" executionId="79cbd35f-1b88-4520-b7ab-ad6f2d100050" testListId="8c84fa94-04c1-424b-9868-57a2d4851a1d" />
    <TestEntry testId="1ceeeb64-caed-66d8-7047-b173faf7b9dd" executionId="f0050d8a-43cf-48c8-9746-4de36c360f78" testListId="8c84fa94-04c1-424b-9868-57a2d4851a1d" />
    <TestEntry testId="2fca2fa7-9674-a6b7-54e4-bf78b4f55d76" executionId="6dc07326-70c6-47bb-9355-fd22b66488b5" testListId="8c84fa94-04c1-424b-9868-57a2d4851a1d" />
    <TestEntry testId="0fd0915d-37f3-64e3-5a13-c4aebbfac901" executionId="78aa5d85-8b60-4fff-8342-3235eb9a9541" testListId="8c84fa94-04c1-424b-9868-57a2d4851a1d" />
    <TestEntry testId="e50ced30-8ba2-3277-c559-3b3c28b874e1" executionId="9e8a9928-8463-4d19-b8e1-d0957b7363a2" testListId="8c84fa94-04c1-424b-9868-57a2d4851a1d" />
    <TestEntry testId="39e9c65a-ba45-abef-10a5-5a409bbfc6e9" executionId="9edcf0f8-dd63-45c0-a003-8ca63b91b8e6" testListId="8c84fa94-04c1-424b-9868-57a2d4851a1d" />
    <TestEntry testId="d71982c6-31de-0d20-5de8-426712575145" executionId="62c717c8-90c1-468f-9d24-84dd3738b901" testListId="8c84fa94-04c1-424b-9868-57a2d4851a1d" />
    <TestEntry testId="58a6fe08-d5cf-b226-edc7-d066cdc77874" executionId="3f27507f-3e87-4070-b3ad-2d1753870b0c" testListId="8c84fa94-04c1-424b-9868-57a2d4851a1d" />
    <TestEntry testId="0c575b10-bfdf-6920-1d0c-e7886f964101" executionId="e451bbec-9de1-429d-a03a-ad9050d952f9" testListId="8c84fa94-04c1-424b-9868-57a2d4851a1d" />
    <TestEntry testId="0813aa4c-ccb3-ce9c-b485-af646d9fc048" executionId="dd07a3b4-e4d1-4c7c-a50f-51666e41b5a2" testListId="8c84fa94-04c1-424b-9868-57a2d4851a1d" />
    <TestEntry testId="54b575f9-7425-4df4-66f4-fd522e08a1fd" executionId="9111e40a-cd84-43de-9d0e-fcecca808ec1" testListId="8c84fa94-04c1-424b-9868-57a2d4851a1d" />
    <TestEntry testId="38dcc36c-db15-6d43-0828-35141f84f328" executionId="8a4b7152-9575-4778-a8c9-45ff4e0bed7f" testListId="8c84fa94-04c1-424b-9868-57a2d4851a1d" />
    <TestEntry testId="2caa9bfd-cc97-01be-dfd6-0a7bdf6bad75" executionId="b7f89022-9a8a-40a4-8ceb-ae3d48b65485" testListId="8c84fa94-04c1-424b-9868-57a2d4851a1d" />
    <TestEntry testId="963c36d8-47f9-2970-ae8a-3fc340c40a4a" executionId="646b10ab-cb0d-43a5-b5b1-940b9bf594f8" testListId="8c84fa94-04c1-424b-9868-57a2d4851a1d" />
    <TestEntry testId="e1390f6e-d45d-71fd-0b51-b298007e5dd1" executionId="31a62b2f-12d3-44b5-819d-d13e6f0be638" testListId="8c84fa94-04c1-424b-9868-57a2d4851a1d" />
    <TestEntry testId="4f505be3-54d6-5f3b-eb08-ef982d533b2b" executionId="debb9fe2-206a-48dc-93a2-83dba2cbbcc4" testListId="8c84fa94-04c1-424b-9868-57a2d4851a1d" />
    <TestEntry testId="4930c000-8b93-f4d8-28d5-5077beb9cb32" executionId="62abffde-ba76-4fef-a1ae-faa96a4edf1c" testListId="8c84fa94-04c1-424b-9868-57a2d4851a1d" />
    <TestEntry testId="d352c273-65a5-5029-217b-aaab312724d7" executionId="1bc5a6b3-d8e8-4e63-a866-1b2801b46331" testListId="8c84fa94-04c1-424b-9868-57a2d4851a1d" />
    <TestEntry testId="566d9379-a764-664d-8571-20164e1a8347" executionId="db2c7d1e-e299-4c82-a4af-83b072597ffe" testListId="8c84fa94-04c1-424b-9868-57a2d4851a1d" />
    <TestEntry testId="e4c9da58-8444-7f5a-f727-87beec645553" executionId="f2d7e4d8-2166-4fe4-9f10-3cea58165c9c" testListId="8c84fa94-04c1-424b-9868-57a2d4851a1d" />
    <TestEntry testId="476597d9-0f3a-685b-816c-50bd998bff1f" executionId="9a8006f1-c6a5-47e8-b5fa-b092399aa1dd" testListId="8c84fa94-04c1-424b-9868-57a2d4851a1d" />
    <TestEntry testId="b5230191-289e-9788-1fbc-6bff3b505e99" executionId="25f3b0d6-1169-4020-9904-98861706b6da" testListId="8c84fa94-04c1-424b-9868-57a2d4851a1d" />
    <TestEntry testId="cec6c4cd-318a-4f86-0d93-ddde2e1a3d3f" executionId="ef17e2b0-40e8-4fd1-ab91-fbce393051f0" testListId="8c84fa94-04c1-424b-9868-57a2d4851a1d" />
    <TestEntry testId="34f3b40f-a6a5-9dea-1f67-f2922db21eee" executionId="05382910-9f32-416a-b9e2-51355e4cbad2" testListId="8c84fa94-04c1-424b-9868-57a2d4851a1d" />
    <TestEntry testId="b1dad3a6-f4f6-b9bb-1745-5d42a8a3e271" executionId="ae6b914d-fe97-4526-a2f0-b8eb2ec3d4b4" testListId="8c84fa94-04c1-424b-9868-57a2d4851a1d" />
    <TestEntry testId="b453b1c1-f428-f7fb-c65d-fae9ac8ab747" executionId="590e65b9-06e3-4154-88ca-c5cdf26298a5" testListId="8c84fa94-04c1-424b-9868-57a2d4851a1d" />
    <TestEntry testId="0087fba3-eda8-a5b2-21d2-b5f561441e16" executionId="5e68dbdd-bdbe-4d59-87c9-bd763803a619" testListId="8c84fa94-04c1-424b-9868-57a2d4851a1d" />
    <TestEntry testId="61532cbb-461a-fa7f-55ea-8470b273ebee" executionId="8094fa9f-10c1-4100-8ed2-abd3fe712ee2" testListId="8c84fa94-04c1-424b-9868-57a2d4851a1d" />
    <TestEntry testId="601546d9-ff0a-2377-5516-1d768a1af974" executionId="6a634e4c-eea6-455b-b71e-f27cdcbe14a0" testListId="8c84fa94-04c1-424b-9868-57a2d4851a1d" />
    <TestEntry testId="541e96f0-c89f-bcc9-c708-1e6bef296eb7" executionId="583719ab-9f8a-4e3e-8dd5-768d73628e41" testListId="8c84fa94-04c1-424b-9868-57a2d4851a1d" />
    <TestEntry testId="2e43978e-5da2-241b-b8fc-d088f4d509bd" executionId="84f64e87-07a3-4793-b7d3-471c4c1c154c" testListId="8c84fa94-04c1-424b-9868-57a2d4851a1d" />
    <TestEntry testId="23940414-d49d-6214-b34d-e404bf4975f6" executionId="273c6d57-e793-45cc-ab79-847e17bb498e" testListId="8c84fa94-04c1-424b-9868-57a2d4851a1d" />
    <TestEntry testId="7ba18821-5906-9bde-13b5-00e96c290d17" executionId="cc765bf4-8dbc-4492-bee8-8cccc2f8c8d9" testListId="8c84fa94-04c1-424b-9868-57a2d4851a1d" />
    <TestEntry testId="3ef192db-d07d-44c5-bf73-57dd98d026f6" executionId="b0362613-3d5e-486b-ac55-8050913c23be" testListId="8c84fa94-04c1-424b-9868-57a2d4851a1d" />
    <TestEntry testId="47c48f58-ab31-270a-922f-0d1cd5061a4e" executionId="a19786a0-7f54-4e4e-b736-2765de9e7477" testListId="8c84fa94-04c1-424b-9868-57a2d4851a1d" />
    <TestEntry testId="becdd1b1-5eb7-7ca9-bdb8-e0025f7e6579" executionId="5cadb27a-7c80-46fa-9ecb-99aca280d4b9" testListId="8c84fa94-04c1-424b-9868-57a2d4851a1d" />
    <TestEntry testId="7cd12258-5dd0-b5c3-52c2-53cb97b146be" executionId="cf2e7ad8-5842-4819-955d-b2176033fafb" testListId="8c84fa94-04c1-424b-9868-57a2d4851a1d" />
    <TestEntry testId="e2cdcc6d-6fa9-b082-ec09-b633e0f04fc0" executionId="2ea1ca55-53fe-44f9-9cb8-bfb577d7bd4c" testListId="8c84fa94-04c1-424b-9868-57a2d4851a1d" />
    <TestEntry testId="ffd5fb9d-0baf-ac4f-a0c4-87ec63dc0269" executionId="06086030-1ea8-4f29-b1d3-9eee824cd8c1" testListId="8c84fa94-04c1-424b-9868-57a2d4851a1d" />
    <TestEntry testId="23079d45-9ec3-8b99-cc6b-45564035ea8f" executionId="69f59c53-918c-4b1a-8afa-6b6874bb3c3d" testListId="8c84fa94-04c1-424b-9868-57a2d4851a1d" />
    <TestEntry testId="df9553be-20aa-7031-428b-628b5792dcde" executionId="8bcc90ed-883b-4df0-b923-3572882d4956" testListId="8c84fa94-04c1-424b-9868-57a2d4851a1d" />
    <TestEntry testId="177558f1-f247-10f2-9d5a-9ee3fe65b300" executionId="84b9e461-41d4-48e7-84ab-7349cc4f3bac" testListId="8c84fa94-04c1-424b-9868-57a2d4851a1d" />
    <TestEntry testId="b4ce173e-eb40-4606-4070-178a30fff243" executionId="f9e6eb2b-c615-45e5-aa3f-a018dce606b2" testListId="8c84fa94-04c1-424b-9868-57a2d4851a1d" />
    <TestEntry testId="0c4d9720-5e03-81d9-3066-0f5445c08468" executionId="37f72732-1090-4fc4-a28a-e19ff9821a24" testListId="8c84fa94-04c1-424b-9868-57a2d4851a1d" />
    <TestEntry testId="17397956-4d2c-ead2-af43-6d5540c622e0" executionId="8fe57663-1876-4e10-89f7-9c6fdf6dbeb9" testListId="8c84fa94-04c1-424b-9868-57a2d4851a1d" />
    <TestEntry testId="5ce745fb-5b24-73f9-3ccb-3ad15686d283" executionId="eddc234d-bc5f-4a7d-b5eb-957d0abb034d" testListId="8c84fa94-04c1-424b-9868-57a2d4851a1d" />
    <TestEntry testId="7dd7566a-9dac-5f81-777a-9e4a1876ab27" executionId="b9e5b7d2-ca4b-4d38-b05b-850088338344" testListId="8c84fa94-04c1-424b-9868-57a2d4851a1d" />
    <TestEntry testId="041ec2e8-e600-1b90-a83c-b9e4c269dd49" executionId="41d82b77-a9ee-46a3-ae51-2f20a57c44bb" testListId="8c84fa94-04c1-424b-9868-57a2d4851a1d" />
  </TestEntries>
  <TestLists>
    <TestList name="Results Not in a List" id="8c84fa94-04c1-424b-9868-57a2d4851a1d" />
    <TestList name="All Loaded Results" id="19431567-8539-422a-85d7-44ee4e166bda" />
  </TestLists>
  <ResultSummary outcome="Completed">
    <Counters total="60" executed="60" passed="60" failed="0" error="0" timeout="0" aborted="0" inconclusive="0" passedButRunAborted="0" notRunnable="0" notExecuted="0" disconnected="0" warning="0" completed="0" inProgress="0" pending="0" />
    <Output>
      <StdOut>[xUnit.net 00:00:00.00] xUnit.net VSTest Adapter v2.5.3.1+6b60a9e56a (64-bit .NET 8.0.16)&#xD;
[xUnit.net 00:00:01.59]   Discovering: BirkNext.Api.Tests&#xD;
[xUnit.net 00:00:01.86]   Discovered:  BirkNext.Api.Tests&#xD;
[xUnit.net 00:00:01.87]   Starting:    BirkNext.Api.Tests&#xD;
[xUnit.net 00:00:04.32]   Finished:    BirkNext.Api.Tests&#xD;
</StdOut>
    </Output>
  </ResultSummary>
</TestRun>